------Start of DE processing------ = [10/14/18 8:39:21:083 CST]
Exception = java.lang.IllegalStateException
Source = com.ibm.ws.app.manager.internal.statemachine.StartAction
probeid = 145
Stack Dump = java.lang.IllegalStateException: com.ibm.wsspi.adaptable.module.UnableToAdaptException: com.ibm.ws.javaee.ddmodel.DDParser$ParseException: CWWKC2262E: The server is unable to process the 4.0 version and the http://java.sun.com/xml/ns/javaee namespace in the /WEB-INF/web.xml deployment descriptor on line 6.
	at com.ibm.ws.app.manager.war.internal.WARApplicationHandlerImpl.setUpApplicationMonitoring(WARApplicationHandlerImpl.java:51)
	at com.ibm.ws.app.manager.internal.statemachine.StartAction.execute(StartAction.java:136)
	at com.ibm.ws.app.manager.internal.statemachine.ApplicationStateMachineImpl.enterState(ApplicationStateMachineImpl.java:1258)
	at com.ibm.ws.app.manager.internal.statemachine.ApplicationStateMachineImpl.performAction(ApplicationStateMachineImpl.java:1106)
	at com.ibm.ws.app.manager.internal.statemachine.ApplicationStateMachineImpl.run(ApplicationStateMachineImpl.java:881)
	at java.util.concurrent.ThreadPoolExecutor.runWorker(ThreadPoolExecutor.java:1149)
	at java.util.concurrent.ThreadPoolExecutor$Worker.run(ThreadPoolExecutor.java:624)
	at java.lang.Thread.run(Thread.java:748)
Caused by: com.ibm.wsspi.adaptable.module.UnableToAdaptException: com.ibm.ws.javaee.ddmodel.DDParser$ParseException: CWWKC2262E: The server is unable to process the 4.0 version and the http://java.sun.com/xml/ns/javaee namespace in the /WEB-INF/web.xml deployment descriptor on line 6.
	at com.ibm.ws.javaee.ddmodel.web.WebAppEntryAdapter.adapt(WebAppEntryAdapter.java:61)
	at com.ibm.ws.javaee.ddmodel.web.WebAppEntryAdapter.adapt(WebAppEntryAdapter.java:26)
	at com.ibm.ws.adaptable.module.internal.AdapterFactoryServiceImpl.adapt(AdapterFactoryServiceImpl.java:227)
	at com.ibm.ws.adaptable.module.internal.AdaptableEntryImpl.adapt(AdaptableEntryImpl.java:121)
	at com.ibm.ws.javaee.ddmodel.web.WebAppAdapter.adapt(WebAppAdapter.java:38)
	at com.ibm.ws.javaee.ddmodel.web.WebAppAdapter.adapt(WebAppAdapter.java:24)
	at com.ibm.ws.adaptable.module.internal.AdapterFactoryServiceImpl.adapt(AdapterFactoryServiceImpl.java:196)
	at com.ibm.ws.adaptable.module.internal.AdaptableContainerImpl.adapt(AdaptableContainerImpl.java:170)
	at com.ibm.ws.app.manager.module.internal.SimpleDeployedAppInfoBase$ModuleContainerInfoBase.<init>(SimpleDeployedAppInfoBase.java:153)
	at com.ibm.ws.app.manager.module.internal.SimpleDeployedAppInfoBase$WebModuleContainerInfo.<init>(SimpleDeployedAppInfoBase.java:320)
	at com.ibm.ws.app.manager.war.internal.WARDeployedAppInfo.<init>(WARDeployedAppInfo.java:64)
	at com.ibm.ws.app.manager.war.internal.WARDeployedAppInfoFactoryImpl.createDeployedAppInfo(WARDeployedAppInfoFactoryImpl.java:118)
	at com.ibm.ws.app.manager.war.internal.WARDeployedAppInfoFactoryImpl.createDeployedAppInfo(WARDeployedAppInfoFactoryImpl.java:33)
	at com.ibm.ws.app.manager.war.internal.WARApplicationHandlerImpl.setUpApplicationMonitoring(WARApplicationHandlerImpl.java:49)
	... 7 more
Caused by: com.ibm.ws.javaee.ddmodel.DDParser$ParseException: CWWKC2262E: The server is unable to process the 4.0 version and the http://java.sun.com/xml/ns/javaee namespace in the /WEB-INF/web.xml deployment descriptor on line 6.
	at com.ibm.ws.javaee.ddmodel.web.WebAppDDParser.createRootParsable(WebAppDDParser.java:99)
	at com.ibm.ws.javaee.ddmodel.DDParser.parseRootElement(DDParser.java:578)
	at com.ibm.ws.javaee.ddmodel.web.WebAppDDParser.parse(WebAppDDParser.java:32)
	at com.ibm.ws.javaee.ddmodel.web.WebAppEntryAdapter.adapt(WebAppEntryAdapter.java:59)
	... 20 more

Dump of callerThis
Object type = com.ibm.ws.app.manager.internal.statemachine.StartAction
  _tc = class com.ibm.websphere.ras.TraceComponent@1c9855ab
    strings[0] = "TraceComponent[com.ibm.ws.app.manager.internal.statemachine.StartAction,class com.ibm.ws.app.manager.internal.statemachine.StartAction,[applications, app.manager],com.ibm.ws.app.manager.internal.resources.AppManagerMessages,null]"
  _config = class com.ibm.ws.app.manager.internal.ApplicationConfig@795552c6
    tc = class com.ibm.websphere.ras.TraceComponent@66cf66a0
      strings[0] = "TraceComponent[com.ibm.ws.app.manager.internal.ApplicationConfig,class com.ibm.ws.app.manager.internal.ApplicationConfig,[applications, app.manager],com.ibm.ws.app.manager.internal.resources.AppManagerMessages,null]"
    _configPid = "com.ibm.ws.app.manager_45"
    _config = class com.ibm.ws.config.admin.ConfigurationDictionary@5a6ff4ea
      serialVersionUID = 7966152868712543805
      simpleTypes = class java.util.Arrays$ArrayList@5f55c795
      primitiveArrayTypes = class java.util.Arrays$ArrayList@4d6072a4
      simpleArrayTypes = class java.util.Arrays$ArrayList@4aa3ddec
      extendedTypes = class java.util.Arrays$ArrayList@379352c8
      CASE_INSENSITIVE = class com.ibm.ws.config.admin.ConfigurationDictionary$CaseInsensitive@5e34e366
      properties = class java.util.Collections$SynchronizedMap@468b52c0
    _applicationManager = class com.ibm.ws.app.manager.ApplicationManager@6adf88b9
      expandApps = true
      useJandex = false
      startTimeout = 30
      stopTimeout = 30
      serialVersionUID = -5714171545272003139
      $$$tc$$$ = class com.ibm.websphere.ras.TraceComponent@69c9c83e
    _location = "C:/Users/maria/IdeaProjects/HelloWorld/out/artifacts/web_war_exploded"
    _type = "war"
    _name = "web_war_exploded"
    _notificationBroadcasterSupport = class javax.management.NotificationBroadcasterSupport@4380c92a
      listenerList = class java.util.concurrent.CopyOnWriteArrayList@1fb9d65f
      executor = class com.ibm.ws.threading.internal.ExecutorServiceImpl@2ad29f39
      notifInfo = class javax.management.MBeanNotificationInfo[2]
      defaultExecutor = class javax.management.NotificationBroadcasterSupport$1@2755508e
      NO_NOTIFICATION_INFO = class javax.management.MBeanNotificationInfo[0]
      logger = class com.sun.jmx.remote.util.ClassLogger@56de5609
    ONE_TIME_JANDEX_MSGS_DISPLAYED = true
  _aii = class com.ibm.ws.app.manager.internal.ApplicationInstallInfo@6d4f259e
    _config = class com.ibm.ws.app.manager.internal.ApplicationConfig@795552c6
    _handlerInfo = class java.util.concurrent.atomic.AtomicReference@7cf13628
      serialVersionUID = -1848883965231344442
      unsafe = class sun.misc.Unsafe@7b022c03
      valueOffset = 12
      value = null
    _container = class java.util.concurrent.atomic.AtomicReference@68069ffd
      serialVersionUID = -1848883965231344442
      unsafe = class sun.misc.Unsafe@7b022c03
      valueOffset = 12
      value = class com.ibm.ws.adaptable.module.internal.AdaptableContainerImpl@3a523a52
    _resolvedLocation = class java.util.concurrent.atomic.AtomicReference@6f24140d
      serialVersionUID = -1848883965231344442
      unsafe = class sun.misc.Unsafe@7b022c03
      valueOffset = 12
      value = class com.ibm.ws.kernel.service.location.internal.LocalFileResource@22aece2c
    _handler = class com.ibm.ws.app.manager.war.internal.WARApplicationHandlerImpl@24bbbfe3
      futureMonitor = class com.ibm.ws.threading.internal.FutureMonitorImpl@36fdadbc
      deployedAppFactory = class com.ibm.ws.app.manager.war.internal.WARDeployedAppInfoFactoryImpl@6ce022ad
      serialVersionUID = 4622845147410944782
      $$$tc$$$ = class com.ibm.websphere.ras.TraceComponent@638b7f44
    _ami = class java.util.concurrent.atomic.AtomicReference@3cb4a84d
      serialVersionUID = -1848883965231344442
      unsafe = class sun.misc.Unsafe@7b022c03
      valueOffset = 12
      value = null
    _updateHandler = class com.ibm.ws.app.manager.internal.statemachine.ApplicationStateMachineImpl@49818985
      _tc = class com.ibm.websphere.ras.TraceComponent@1e538892
      EMPTY_FUTURE_ARRAY = interface java.util.concurrent.Future[0]
      asmSequenceNumber = class java.util.concurrent.atomic.AtomicLong@33e88e76
      _qscaCounter = class java.util.concurrent.atomic.AtomicInteger@1605e445
      _failedThrowable = null
      _interruptibleLock = class com.ibm.ws.app.manager.internal.statemachine.ApplicationStateMachineImpl$2@5389b636
      _interruptible = false
      _performingQueuedActions = true
      _queuedActions = class java.util.concurrent.ConcurrentLinkedQueue@10a90264
      _callbackState = class java.util.concurrent.atomic.AtomicReference@6745b539
      blockAppStartingFutures = class java.util.Collections$SetFromMap@5e5b4258
      waitingForAppHandlerFuture = class java.util.concurrent.atomic.AtomicReference@407d67a3
      waitingForExplicitStartFuture = class java.util.concurrent.atomic.AtomicReference@181fe7ea
      completionListener = class java.util.concurrent.atomic.AtomicReference@523975ad
      _notifyAppStopped = class java.util.concurrent.ConcurrentLinkedQueue@5674a430
      _notifyAppStarting = class java.util.concurrent.ConcurrentLinkedQueue@7d1f8122
      _notifyAppInstallCalled = class java.util.concurrent.ConcurrentLinkedQueue@1ad809dc
      _notifyAppStarted = class java.util.concurrent.ConcurrentLinkedQueue@3558337
      _notifyAppRemoved = class java.util.concurrent.ConcurrentLinkedQueue@7073f249
      _stateLock = class com.ibm.ws.app.manager.internal.statemachine.ApplicationStateMachineImpl$3@71647bf4
      _internalState = class java.util.concurrent.atomic.AtomicReference@2b280aed
      _currentAction = class java.util.concurrent.atomic.AtomicReference@4cb6884
      _rfa = class java.util.concurrent.atomic.AtomicReference@6bc533ee
      _appInstallInfo = class java.util.concurrent.atomic.AtomicReference@392c4eb9
      _update = class java.util.concurrent.atomic.AtomicBoolean@52b84413
      _appConfig = class java.util.concurrent.atomic.AtomicReference@d688988
      _nextAppConfig = class java.util.concurrent.atomic.AtomicReference@4ff09188
      _appContainer = class java.util.concurrent.atomic.AtomicReference@14725749
      _resolvedLocation = class java.util.concurrent.atomic.AtomicReference@47a1108
      _handler = class java.util.concurrent.atomic.AtomicReference@4d17ecc6
      _asmSeqNo = 0
      _ctx = class org.eclipse.osgi.internal.framework.BundleContextImpl@18f09d16
      _locAdmin = class com.ibm.ws.kernel.service.location.internal.WsLocationAdminImpl@53dd2ab8
      _futureMonitor = class com.ibm.ws.threading.internal.FutureMonitorImpl@36fdadbc
      _artifactFactory = class com.ibm.ws.artifact.internal.ArtifactContainerFactoryService@611c5e80
      _moduleFactory = class com.ibm.ws.adaptable.module.internal.AdaptableModuleFactoryImpl@170936cf
      _executorService = class com.ibm.ws.threading.internal.ExecutorServiceImpl@2ad29f39
      _scheduledExecutorService = class com.ibm.ws.threading.internal.ScheduledExecutorImpl@4a8e9502
      _asmHelper = class com.ibm.ws.app.manager.internal.ApplicationConfigurator$NamedApplication@620583d
      _appMonitor = class com.ibm.ws.app.manager.internal.monitor.ApplicationMonitor@6e9faf
      enterStateCalled = class java.util.concurrent.atomic.AtomicBoolean@54c83cfb
      serialVersionUID = -1399093980790866556
      serialVersionUID = 5501066335104962649
      $$$tc$$$ = class com.ibm.websphere.ras.TraceComponent@1ad6779
    serialVersionUID = 2630639237123415755
    $$$tc$$$ = class com.ibm.websphere.ras.TraceComponent@18a3d754
      strings[0] = "TraceComponent[com.ibm.ws.app.manager.internal.ApplicationInstallInfo,class com.ibm.ws.app.manager.internal.ApplicationInstallInfo,[applications, app.manager],com.ibm.ws.app.manager.internal.resources.AppManagerMessages,null]"
  _callback = class java.util.concurrent.atomic.AtomicReference@6c705377
    serialVersionUID = -1848883965231344442
    unsafe = class sun.misc.Unsafe@7b022c03
      theUnsafe = class sun.misc.Unsafe@7b022c03
      INVALID_FIELD_OFFSET = -1
      ARRAY_BOOLEAN_BASE_OFFSET = 16
      ARRAY_BYTE_BASE_OFFSET = 16
      ARRAY_SHORT_BASE_OFFSET = 16
      ARRAY_CHAR_BASE_OFFSET = 16
      ARRAY_INT_BASE_OFFSET = 16
      ARRAY_LONG_BASE_OFFSET = 16
      ARRAY_FLOAT_BASE_OFFSET = 16
      ARRAY_DOUBLE_BASE_OFFSET = 16
      ARRAY_OBJECT_BASE_OFFSET = 16
      ARRAY_BOOLEAN_INDEX_SCALE = 1
      ARRAY_BYTE_INDEX_SCALE = 1
      ARRAY_SHORT_INDEX_SCALE = 2
      ARRAY_CHAR_INDEX_SCALE = 2
      ARRAY_INT_INDEX_SCALE = 4
      ARRAY_LONG_INDEX_SCALE = 8
      ARRAY_FLOAT_INDEX_SCALE = 4
      ARRAY_DOUBLE_INDEX_SCALE = 8
      ARRAY_OBJECT_INDEX_SCALE = 4
      ADDRESS_SIZE = 8
    valueOffset = 12
    value = class com.ibm.ws.app.manager.internal.statemachine.ApplicationStateMachineImpl$StartActionCallback@1353279
      immediateCallbackResult = class java.util.concurrent.atomic.AtomicReference@9de5178
      this$0 = class com.ibm.ws.app.manager.internal.statemachine.ApplicationStateMachineImpl@49818985
      serialVersionUID = 6735534421474643855
      $$$tc$$$ = class com.ibm.websphere.ras.TraceComponent@fe4f1ae
  _monitor = class com.ibm.ws.threading.internal.FutureMonitorImpl@36fdadbc
    _monitor = class java.util.concurrent.ConcurrentLinkedQueue@33337020
      serialVersionUID = 196745693267521676
      head = class java.util.concurrent.ConcurrentLinkedQueue$Node@aad6051
      tail = class java.util.concurrent.ConcurrentLinkedQueue$Node@aad6051
      UNSAFE = class sun.misc.Unsafe@7b022c03
      headOffset = 12
      tailOffset = 16
      MAX_ARRAY_SIZE = 2147483639
    _executor = class com.ibm.ws.threading.internal.ScheduledExecutorImpl@4a8e9502
      threadGroupName = "Scheduled Executor Thread Group"
      executor = class com.ibm.ws.threading.internal.ExecutorServiceImpl@2ad29f39
      serialVersionUID = -9110693807503469597
      $$$tc$$$ = class com.ibm.websphere.ras.TraceComponent@61b578e6
      continueExistingPeriodicTasksAfterShutdown = false
      executeExistingDelayedTasksAfterShutdown = true
      removeOnCancel = false
      sequencer = class java.util.concurrent.atomic.AtomicLong@2cc8ca10
      ctl = class java.util.concurrent.atomic.AtomicInteger@75b10c8f
      COUNT_BITS = 29
      CAPACITY = 536870911
      RUNNING = -536870912
      SHUTDOWN = 0
      STOP = 536870912
      TIDYING = 1073741824
      TERMINATED = 1610612736
      workQueue = class java.util.concurrent.ScheduledThreadPoolExecutor$DelayedWorkQueue@12d27c85
      mainLock = class java.util.concurrent.locks.ReentrantLock@2c4702b1
      workers = class java.util.HashSet@46b5c563
      termination = class java.util.concurrent.locks.AbstractQueuedSynchronizer$ConditionObject@3b1d7c4e
      largestPoolSize = 1
      completedTaskCount = 0
      threadFactory = class com.ibm.ws.threading.internal.ThreadFactoryImpl@3aaa09fc
      handler = class java.util.concurrent.ThreadPoolExecutor$AbortPolicy@2e6cd692
      keepAliveTime = 0
      allowCoreThreadTimeOut = false
      corePoolSize = 1
      maximumPoolSize = 2147483647
      defaultHandler = class java.util.concurrent.ThreadPoolExecutor$AbortPolicy@2e6cd692
      shutdownPerm = class java.lang.RuntimePermission@469a80e1
      acc = null
      ONLY_ONE = true
      $assertionsDisabled = true
    _threadRunning = class java.util.concurrent.atomic.AtomicBoolean@114551a2
      serialVersionUID = 4654671469794556979
      unsafe = class sun.misc.Unsafe@7b022c03
      valueOffset = 12
      value = 0
    _thread = class com.ibm.ws.threading.internal.FutureMonitorImpl$1@7c5dfc6d
      this$0 = class com.ibm.ws.threading.internal.FutureMonitorImpl@36fdadbc
      serialVersionUID = 2422512430832938099
      $$$tc$$$ = class com.ibm.websphere.ras.TraceComponent@2195da2a
    serialVersionUID = 2765238413969174390
    $$$tc$$$ = class com.ibm.websphere.ras.TraceComponent@5c528f9b
      strings[0] = "TraceComponent[com.ibm.ws.threading.internal.FutureMonitorImpl,class com.ibm.ws.threading.internal.FutureMonitorImpl,[Threading],com.ibm.ws.threading.internal.resources.ThreadingMessages,null]"
  _startTime = class java.util.concurrent.atomic.AtomicLong@77ac2ef3
    serialVersionUID = 1927816293512124184
    unsafe = class sun.misc.Unsafe@7b022c03
    valueOffset = 16
    VM_SUPPORTS_LONG_CAS = true
    value = 1539527960770
    serialVersionUID = -8742448824652078965
  _appMonitor = class com.ibm.ws.app.manager.internal.monitor.ApplicationMonitor@6e9faf
    tc = class com.ibm.websphere.ras.TraceComponent@456dbfb4
      strings[0] = "TraceComponent[com.ibm.ws.app.manager.internal.monitor.ApplicationMonitor,class com.ibm.ws.app.manager.internal.monitor.ApplicationMonitor,[applications, app.manager],com.ibm.ws.app.manager.internal.resources.AppManagerMessages,null]"
    _config = class java.util.concurrent.atomic.AtomicReference@5649ae31
      serialVersionUID = -1848883965231344442
      unsafe = class sun.misc.Unsafe@7b022c03
      valueOffset = 12
      value = class com.ibm.ws.app.manager.internal.monitor.ApplicationMonitorConfig@4220501a
    _executorService = class java.util.concurrent.atomic.AtomicReference@43737fe7
      serialVersionUID = -1848883965231344442
      unsafe = class sun.misc.Unsafe@7b022c03
      valueOffset = 12
      value = class com.ibm.ws.threading.internal.ScheduledExecutorImpl@4a8e9502
    _appListeners = class java.util.concurrent.ConcurrentHashMap@39192caa
      serialVersionUID = 7249069246763182397
      MAXIMUM_CAPACITY = 1073741824
      DEFAULT_CAPACITY = 16
      MAX_ARRAY_SIZE = 2147483639
      DEFAULT_CONCURRENCY_LEVEL = 16
      LOAD_FACTOR = 0.75
      TREEIFY_THRESHOLD = 8
      UNTREEIFY_THRESHOLD = 6
      MIN_TREEIFY_CAPACITY = 64
      MIN_TRANSFER_STRIDE = 16
      RESIZE_STAMP_BITS = 16
      MAX_RESIZERS = 65535
      RESIZE_STAMP_SHIFT = 16
      MOVED = -1
      TREEBIN = -2
      RESERVED = -3
      HASH_BITS = 2147483647
      NCPU = 4
      serialPersistentFields = class java.io.ObjectStreamField[3]
      table = null
      nextTable = null
      baseCount = 0
      sizeCtl = 0
      transferIndex = 0
      cellsBusy = 0
      counterCells = null
      keySet = null
      values = class java.util.concurrent.ConcurrentHashMap$ValuesView@7266821d
      entrySet = null
      U = class sun.misc.Unsafe@7b022c03
      SIZECTL = 20
      TRANSFERINDEX = 32
      BASECOUNT = 24
      CELLSBUSY = 36
      CELLVALUE = 144
      ABASE = 16
      ASHIFT = 2
      keySet = null
      values = null
    serialVersionUID = -6677716415972806660
  _update = false
  _slowMessageAction = class java.util.concurrent.atomic.AtomicReference@71da471d
    serialVersionUID = -1848883965231344442
    unsafe = class sun.misc.Unsafe@7b022c03
    valueOffset = 12
    value = class com.ibm.ws.threading.internal.SchedulingHelper@3da39622
      m_callable = class java.util.concurrent.Executors$RunnableAdapter@2e1cd600
      m_isDone = false
      m_cancelResult = false
      m_schedFuture = class java.util.concurrent.ScheduledThreadPoolExecutor$ScheduledFutureTask@f2f4767
      m_coordinationLatch = class java.util.concurrent.CountDownLatch@53687b27
      m_executor = class com.ibm.ws.threading.internal.ExecutorServiceImpl@2ad29f39
      m_defaultFuture = null
      m_pendingException = null
      m_scheduledExecutorQueue = class java.util.concurrent.ScheduledThreadPoolExecutor$DelayedWorkQueue@12d27c85
      serialVersionUID = 2955063284661034074
      $$$tc$$$ = class com.ibm.websphere.ras.TraceComponent@538f8858
  _listener = class com.ibm.ws.app.manager.internal.statemachine.StartAction$1@2806a14c
    this$0 = class com.ibm.ws.app.manager.internal.statemachine.StartAction@6d01404d
    serialVersionUID = 276196939532533882
    $$$tc$$$ = class com.ibm.websphere.ras.TraceComponent@23ff9700
      strings[0] = "TraceComponent[com.ibm.ws.app.manager.internal.statemachine.StartAction$1,class com.ibm.ws.app.manager.internal.statemachine.StartAction$1,[applications, app.manager],com.ibm.ws.app.manager.internal.resources.AppManagerMessages,null]"
  serialVersionUID = 673965255474898916

Dump of objectArray[0]
Object type = com.ibm.ws.threading.internal.ScheduledExecutorImpl
  threadGroupName = "Scheduled Executor Thread Group"
  executor = class com.ibm.ws.threading.internal.ExecutorServiceImpl@2ad29f39
    threadPool = class java.util.concurrent.ThreadPoolExecutor@333517d6
      ctl = class java.util.concurrent.atomic.AtomicInteger@5bf706f8
      COUNT_BITS = 29
      CAPACITY = 536870911
      RUNNING = -536870912
      SHUTDOWN = 0
      STOP = 536870912
      TIDYING = 1073741824
      TERMINATED = 1610612736
      workQueue = class com.ibm.ws.threading.internal.BoundedBuffer@771b89b9
      mainLock = class java.util.concurrent.locks.ReentrantLock@3a1fcc74
      workers = class java.util.HashSet@7117099
      termination = class java.util.concurrent.locks.AbstractQueuedSynchronizer$ConditionObject@64327645
      largestPoolSize = 20
      completedTaskCount = 0
      threadFactory = class com.ibm.ws.threading.internal.ThreadFactoryImpl@4f4f7d3b
      handler = class com.ibm.ws.threading.internal.ExecutorServiceImpl$ExpandPolicy@bf774ca
      keepAliveTime = 60000000000
      allowCoreThreadTimeOut = false
      corePoolSize = 20
      maximumPoolSize = 20
      defaultHandler = class java.util.concurrent.ThreadPoolExecutor$AbortPolicy@2e6cd692
      shutdownPerm = class java.lang.RuntimePermission@469a80e1
      acc = null
      ONLY_ONE = true
      $assertionsDisabled = true
    threadPoolController = class com.ibm.ws.threading.internal.ThreadPoolController@660137cc
      tc = class com.ibm.websphere.ras.TraceComponent@26804be9
      interval = 1500
      hangInterval = 250
      hangResolutionCountdown = 0
      hangResolutionCycles = 3
      hangBufferPoolSize = 0
      controllerCyclesWithoutHang = 0
      noHangCyclesThreshold = 8
      compareRange = 4
      NUMBER_CPUS = 4
      controllerCycle = 12
      distributionReset = false
      poolIncrement = 4
      poolDecrement = 4
      poolChangeBasis = 4
      poolIncrementBoundLow = 64
      poolIncrementBoundMedium = 256
      poolIncrementMax = 16
      poolIncrementMin = 1
      POOL_INCREMENT_MIN_DEFAULT = 1
      POOL_INCREMENT_MAX_DEFAULT = 16
      minimumDesiredPoolSizeAdjustments = 10
      targetPoolSize = 20
      consecutiveTargetPoolSizeWrong = 0
      MAX_CONSECUTIVE_TARGET_POOLSIZE_WRONG = 3
      highCpu = 90
      dataAgePruneLevel = 5.0
      compareSpanPruneMultiplier = 2
      tputRatioPruneLevel = 5.0
      poolTputRatioHigh = 5.0
      poolTputRatioLow = 3.0
      compareSpanRatioMultiplier = 2
      growScoreFilterLevel = 0.5
      shrinkScoreFilterLevel = 0.5
      resetDistroStdDevEwmaRatio = 0.1
      resetDistroNewTputEwmaRatio = 0.5
      resetDistroConsecutiveOutliers = 5.0
      processCpuUtil = 26.903973509933778
      systemCpuUtil = 90.68926455816663
      cpuUtil = 90.68926455816663
      MAX_INTERVALS_WITHOUT_CHANGE = 5
      EMPTY_QUEUE_SHRINK_MAGIC_PER_INTERVAL = 0.04
      IDLE_INTERVALS_BEFORE_PAUSE = 3
      MAX_OUTLIER_AFTER_CHANGE_BEFORE_RESET = 10
      MAX_THREADS_TO_BREAK_HANG = 1000
      executorService = class com.ibm.ws.threading.internal.ExecutorServiceImpl@2ad29f39
      lastAction = class com.ibm.ws.threading.internal.ThreadPoolController$LastAction@3e935d77
      timer = class java.util.Timer@7d62016e
      activeTask = class com.ibm.ws.threading.internal.IntervalTask@1e7b6d12
      paused = false
      lastTimerPop = 1539527960872
      previousCompleted = 68
      previousThroughput = 6.622516556291391
      consecutiveQueueEmptyCount = 9
      consecutiveNoAdjustment = 2
      consecutiveOutlierAfterAdjustment = 0
      consecutiveIdleCount = 0
      maxThreads = 2147483647
      coreThreads = 8
      threadRange = 2147483639
      threadPool = class java.util.concurrent.ThreadPoolExecutor@333517d6
      threadStats = class java.util.TreeMap@12f1309d
      poolSizeWhenHangDetected = -1
      hangIntervalCounter = 0
      hangMaxThreadsMessageEmitted = false
      serialVersionUID = 1232639342914721961
    poolName = "Default Executor"
    componentConfig = class org.apache.felix.scr.impl.helper.ReadOnlyDictionary@54155fd6
      m_delegate = class java.util.Hashtable@11f99255
      m_serviceReference = null
    interceptorsActive = false
    interceptors = class java.util.concurrent.CopyOnWriteArraySet@1cd1ee57
      serialVersionUID = 5457747651344034263
      al = class java.util.concurrent.CopyOnWriteArrayList@3ad5d3ef
      MAX_ARRAY_SIZE = 2147483639
    threadFactory = null
    serialVersionUID = -5569391535960693817
    $$$tc$$$ = class com.ibm.websphere.ras.TraceComponent@78b421bb
      strings[0] = "TraceComponent[com.ibm.ws.threading.internal.ExecutorServiceImpl,class com.ibm.ws.threading.internal.ExecutorServiceImpl,[Threading],com.ibm.ws.threading.internal.resources.ThreadingMessages,null]"
  serialVersionUID = -9110693807503469597
  $$$tc$$$ = class com.ibm.websphere.ras.TraceComponent@61b578e6
    strings[0] = "TraceComponent[com.ibm.ws.threading.internal.ScheduledExecutorImpl,class com.ibm.ws.threading.internal.ScheduledExecutorImpl,[Threading],com.ibm.ws.threading.internal.resources.ThreadingMessages,null]"
  continueExistingPeriodicTasksAfterShutdown = false
  executeExistingDelayedTasksAfterShutdown = true
  removeOnCancel = false
  sequencer = class java.util.concurrent.atomic.AtomicLong@2cc8ca10
    serialVersionUID = 1927816293512124184
    unsafe = class sun.misc.Unsafe@7b022c03
      theUnsafe = class sun.misc.Unsafe@7b022c03
      INVALID_FIELD_OFFSET = -1
      ARRAY_BOOLEAN_BASE_OFFSET = 16
      ARRAY_BYTE_BASE_OFFSET = 16
      ARRAY_SHORT_BASE_OFFSET = 16
      ARRAY_CHAR_BASE_OFFSET = 16
      ARRAY_INT_BASE_OFFSET = 16
      ARRAY_LONG_BASE_OFFSET = 16
      ARRAY_FLOAT_BASE_OFFSET = 16
      ARRAY_DOUBLE_BASE_OFFSET = 16
      ARRAY_OBJECT_BASE_OFFSET = 16
      ARRAY_BOOLEAN_INDEX_SCALE = 1
      ARRAY_BYTE_INDEX_SCALE = 1
      ARRAY_SHORT_INDEX_SCALE = 2
      ARRAY_CHAR_INDEX_SCALE = 2
      ARRAY_INT_INDEX_SCALE = 4
      ARRAY_LONG_INDEX_SCALE = 8
      ARRAY_FLOAT_INDEX_SCALE = 4
      ARRAY_DOUBLE_INDEX_SCALE = 8
      ARRAY_OBJECT_INDEX_SCALE = 4
      ADDRESS_SIZE = 8
    valueOffset = 16
    VM_SUPPORTS_LONG_CAS = true
    value = 302
    serialVersionUID = -8742448824652078965
  ctl = class java.util.concurrent.atomic.AtomicInteger@75b10c8f
    serialVersionUID = 6214790243416807050
    unsafe = class sun.misc.Unsafe@7b022c03
    valueOffset = 12
    value = -536870911
    serialVersionUID = -8742448824652078965
  COUNT_BITS = 29
  CAPACITY = 536870911
  RUNNING = -536870912
  SHUTDOWN = 0
  STOP = 536870912
  TIDYING = 1073741824
  TERMINATED = 1610612736
  workQueue = class java.util.concurrent.ScheduledThreadPoolExecutor$DelayedWorkQueue@12d27c85
    INITIAL_CAPACITY = 16
    queue = interface java.util.concurrent.RunnableScheduledFuture[16]
      RunnableScheduledFuture[0] = class com.ibm.ws.threading.internal.SchedulingHelper@2625e82
      RunnableScheduledFuture[1] = class com.ibm.ws.threading.internal.SchedulingHelper@b96826d
      RunnableScheduledFuture[2] = class com.ibm.ws.threading.internal.SchedulingHelper@67ab0d1c
      RunnableScheduledFuture[3] = class com.ibm.ws.threading.internal.SchedulingHelper@53a0a5c5
      RunnableScheduledFuture[4] = class com.ibm.ws.threading.internal.SchedulingHelper@3da39622
      RunnableScheduledFuture[5] = class com.ibm.ws.threading.internal.SchedulingHelper@43a6777d
      RunnableScheduledFuture[6] = class com.ibm.ws.threading.internal.SchedulingHelper@7c9c008e
      RunnableScheduledFuture[7] = class com.ibm.ws.threading.internal.SchedulingHelper@436021ec
      RunnableScheduledFuture[8] = class com.ibm.ws.threading.internal.SchedulingHelper@15b82ac8
      RunnableScheduledFuture[9] = class com.ibm.ws.threading.internal.SchedulingHelper@6555aa9d
      RunnableScheduledFuture[10] = class com.ibm.ws.threading.internal.SchedulingHelper@79515ec9
      RunnableScheduledFuture[11] = class com.ibm.ws.threading.internal.SchedulingHelper@3b7c7f4e
      RunnableScheduledFuture[12] = null
      RunnableScheduledFuture[13] = null
      RunnableScheduledFuture[14] = null
      RunnableScheduledFuture[15] = null
    lock = class java.util.concurrent.locks.ReentrantLock@3b32019c
      serialVersionUID = 7373984872572414699
      sync = class java.util.concurrent.locks.ReentrantLock$NonfairSync@22d3431a
    size = 12
    leader = class java.lang.Thread@77105475
      name = "Scheduled Executor-thread-1"
      priority = 5
      threadQ = null
      eetop = 433891328
      single_step = false
      daemon = true
      stillborn = false
      target = class java.util.concurrent.ThreadPoolExecutor$Worker@4faf5f0c
      group = class java.lang.ThreadGroup@314fb423
      contextClassLoader = class org.eclipse.osgi.internal.framework.ContextFinder@6ef2b94f
      inheritedAccessControlContext = class java.security.AccessControlContext@6f46fc83
      threadInitNumber = 20
      threadLocals = class java.lang.ThreadLocal$ThreadLocalMap@270fa2b4
      inheritableThreadLocals = null
      stackSize = 0
      nativeParkEventPointer = 417143472
      tid = 23
      threadSeqNumber = 62
      threadStatus = 673
      parkBlocker = class java.util.concurrent.locks.AbstractQueuedSynchronizer$ConditionObject@787e9719
      blocker = null
      blockerLock = class java.lang.Object@545b078a
      MIN_PRIORITY = 1
      NORM_PRIORITY = 5
      MAX_PRIORITY = 10
      EMPTY_STACK_TRACE = class java.lang.StackTraceElement[0]
      SUBCLASS_IMPLEMENTATION_PERMISSION = class java.lang.RuntimePermission@c058440
      uncaughtExceptionHandler = null
      defaultUncaughtExceptionHandler = null
      threadLocalRandomSeed = 0
      threadLocalRandomProbe = 0
      threadLocalRandomSecondarySeed = 0
    available = class java.util.concurrent.locks.AbstractQueuedSynchronizer$ConditionObject@787e9719
      serialVersionUID = 1173984872572414699
      firstWaiter = class java.util.concurrent.locks.AbstractQueuedSynchronizer$Node@254e094
      lastWaiter = class java.util.concurrent.locks.AbstractQueuedSynchronizer$Node@254e094
      REINTERRUPT = 1
      THROW_IE = -1
      this$0 = class java.util.concurrent.locks.ReentrantLock$NonfairSync@22d3431a
    MAX_ARRAY_SIZE = 2147483639
  mainLock = class java.util.concurrent.locks.ReentrantLock@2c4702b1
    serialVersionUID = 7373984872572414699
    sync = class java.util.concurrent.locks.ReentrantLock$NonfairSync@27cfc8ed
  workers = class java.util.HashSet@46b5c563
    serialVersionUID = -5024744406713321676
    map = class java.util.HashMap@2feb131f
      serialVersionUID = 362498820763181265
      DEFAULT_INITIAL_CAPACITY = 16
      MAXIMUM_CAPACITY = 1073741824
      DEFAULT_LOAD_FACTOR = 0.75
      TREEIFY_THRESHOLD = 8
      UNTREEIFY_THRESHOLD = 6
      MIN_TREEIFY_CAPACITY = 64
      table = class java.util.HashMap$Node[16]
      entrySet = null
      size = 1
      modCount = 1
      threshold = 12
      loadFactor = 0.75
      keySet = null
      values = null
    PRESENT = class java.lang.Object@2972fb40
    MAX_ARRAY_SIZE = 2147483639
  termination = class java.util.concurrent.locks.AbstractQueuedSynchronizer$ConditionObject@3b1d7c4e
    serialVersionUID = 1173984872572414699
    firstWaiter = null
    lastWaiter = null
    REINTERRUPT = 1
    THROW_IE = -1
    this$0 = class java.util.concurrent.locks.ReentrantLock$NonfairSync@27cfc8ed
      serialVersionUID = 7316153563782823691
      serialVersionUID = -5179523762034025860
      serialVersionUID = 7373984972572414691
      head = null
      tail = null
      state = 0
      spinForTimeoutThreshold = 1000
      unsafe = class sun.misc.Unsafe@7b022c03
      stateOffset = 16
      headOffset = 20
      tailOffset = 24
      waitStatusOffset = 12
      nextOffset = 20
      serialVersionUID = 3737899427754241961
      exclusiveOwnerThread = null
  largestPoolSize = 1
  completedTaskCount = 0
  threadFactory = class com.ibm.ws.threading.internal.ThreadFactoryImpl@3aaa09fc
    tc = class com.ibm.websphere.ras.TraceComponent@ddc0d65
      strings[0] = "TraceComponent[com.ibm.ws.threading.internal.ThreadFactoryImpl,class com.ibm.ws.threading.internal.ThreadFactoryImpl,[Threading],com.ibm.ws.threading.internal.resources.ThreadingMessages,null]"
    TRACE_ENABLED_AT_STARTUP = false
    createdThreadCount = class java.util.concurrent.atomic.AtomicInteger@689e817d
      serialVersionUID = 6214790243416807050
      unsafe = class sun.misc.Unsafe@7b022c03
      valueOffset = 12
      value = 1
      serialVersionUID = -8742448824652078965
    executorName = "Scheduled Executor"
    threadGroup = class java.lang.ThreadGroup@314fb423
      parent = class java.lang.ThreadGroup@7858ddb0
      name = "Scheduled Executor Thread Group"
      maxPriority = 10
      destroyed = false
      daemon = false
      vmAllowSuspension = false
      nUnstartedThreads = 0
      nthreads = 1
      threads = class java.lang.Thread[4]
      ngroups = 0
      groups = null
    contextClassLoader = class org.eclipse.osgi.internal.framework.ContextFinder@6ef2b94f
      cycleDetector = class java.lang.ThreadLocal@37e7c8ca
      finderClassLoader = class com.ibm.ws.kernel.internal.classloader.BootstrapChildFirstJarClassloader@2e817b38
      contextFinder = class org.eclipse.osgi.internal.framework.ContextFinder$Finder@9ec26db
      THIS = class java.lang.Class@6ec8211c
      parentContextClassLoader = class sun.misc.Launcher$AppClassLoader@18b4aac2
      parent = class sun.misc.Launcher$AppClassLoader@18b4aac2
      parallelLockMap = null
      package2certs = class java.util.Hashtable@3ae13333
      nocerts = class java.security.cert.Certificate[0]
      classes = class java.util.Vector@2ba47925
      defaultDomain = class java.security.ProtectionDomain@220c4503
      domains = class java.util.HashSet@4a3e6567
      packages = class java.util.HashMap@7975afb8
      scl = class sun.misc.Launcher$AppClassLoader@18b4aac2
      sclSet = true
      loadedLibraryNames = class java.util.Vector@71108ce2
      systemNativeLibraries = class java.util.Vector@3174eb9e
      nativeLibraries = class java.util.Vector@858b58a
      nativeLibraryContext = class java.util.Stack@5c04c356
      usr_paths = class java.lang.String[23]
      sys_paths = class java.lang.String[1]
      assertionLock = class org.eclipse.osgi.internal.framework.ContextFinder@6ef2b94f
      defaultAssertionStatus = false
      packageAssertionStatus = null
      classAssertionStatus = null
    serialVersionUID = -3600085245630848128
  handler = class java.util.concurrent.ThreadPoolExecutor$AbortPolicy@2e6cd692
  keepAliveTime = 0
  allowCoreThreadTimeOut = false
  corePoolSize = 1
  maximumPoolSize = 2147483647
  defaultHandler = class java.util.concurrent.ThreadPoolExecutor$AbortPolicy@2e6cd692
  shutdownPerm = class java.lang.RuntimePermission@469a80e1
    serialVersionUID = 7399184964622342223
    serialVersionUID = 6279438298436773498
    wildcard = false
    path = "modifyThread"
    exitVM = false
    serialVersionUID = -5636570222231596674
    name = "modifyThread"
  acc = null
  ONLY_ONE = true
  $assertionsDisabled = true

