------Start of DE processing------ = [10/28/18 11:35:52:509 CST]
Exception = java.lang.NullPointerException
Source = com.ibm.ws.webcontainer.osgi.DynamicVirtualHost
probeid = startWebApp
Stack Dump = java.lang.NullPointerException
	at com.ibm.ws.security.jaspi.JaspiServletContainerInitializer.onStartup(JaspiServletContainerInitializer.java:53)
	at com.ibm.ws.webcontainer.webapp.WebApp.initializeServletContainerInitializers(WebApp.java:2487)
	at com.ibm.ws.webcontainer.webapp.WebApp.initialize(WebApp.java:994)
	at com.ibm.ws.webcontainer.webapp.WebApp.initialize(WebApp.java:6566)
	at com.ibm.ws.webcontainer.osgi.DynamicVirtualHost.startWebApp(DynamicVirtualHost.java:467)
	at com.ibm.ws.webcontainer.osgi.DynamicVirtualHost.createRunnableHandler(DynamicVirtualHost.java:264)
	at com.ibm.ws.webcontainer.osgi.DynamicVirtualHost.createRunnableHandler(DynamicVirtualHost.java:330)
	at com.ibm.ws.http.internal.VirtualHostImpl.discriminate(VirtualHostImpl.java:250)
	at com.ibm.ws.http.dispatcher.internal.channel.HttpDispatcherLink.ready(HttpDispatcherLink.java:356)
	at com.ibm.ws.http.channel.internal.inbound.HttpInboundLink.handleDiscrimination(HttpInboundLink.java:532)
	at com.ibm.ws.http.channel.internal.inbound.HttpInboundLink.handleNewRequest(HttpInboundLink.java:466)
	at com.ibm.ws.http.channel.internal.inbound.HttpInboundLink.processRequest(HttpInboundLink.java:331)
	at com.ibm.ws.http.channel.internal.inbound.HttpInboundLink.ready(HttpInboundLink.java:302)
	at com.ibm.ws.tcpchannel.internal.NewConnectionInitialReadCallback.sendToDiscriminators(NewConnectionInitialReadCallback.java:165)
	at com.ibm.ws.tcpchannel.internal.NewConnectionInitialReadCallback.complete(NewConnectionInitialReadCallback.java:74)
	at com.ibm.ws.tcpchannel.internal.WorkQueueManager.requestComplete(WorkQueueManager.java:501)
	at com.ibm.ws.tcpchannel.internal.WorkQueueManager.attemptIO(WorkQueueManager.java:571)
	at com.ibm.ws.tcpchannel.internal.WorkQueueManager.workerRun(WorkQueueManager.java:926)
	at com.ibm.ws.tcpchannel.internal.WorkQueueManager$Worker.run(WorkQueueManager.java:1015)
	at java.util.concurrent.ThreadPoolExecutor.runWorker(ThreadPoolExecutor.java:1149)
	at java.util.concurrent.ThreadPoolExecutor$Worker.run(ThreadPoolExecutor.java:624)
	at java.lang.Thread.run(Thread.java:748)

Dump of callerThis
Object type = [Ljava.lang.Object;
  Object[0] = class com.ibm.ws.webcontainer.osgi.DynamicVirtualHost@669c08a8
    tc = class com.ibm.websphere.ras.TraceComponent@1283a960
      strings[0] = "TraceComponent[com.ibm.ws.webcontainer.osgi.DynamicVirtualHost,class com.ibm.ws.webcontainer.osgi.DynamicVirtualHost,[webcontainer],com.ibm.ws.webcontainer.resources.LShimMessages,null]"
    CLASS_NAME = "com.ibm.ws.webcontainer.osgi.DynamicVirtualHost"
    webContainerParent = class com.ibm.ws.webcontainer.osgi.WebContainer@37bf8941
      tc = class com.ibm.websphere.ras.TraceComponent@1c4bee31
      CLASS_NAME = "com.ibm.ws.webcontainer.osgi.WebContainer"
      initialized = true
      eventService = class com.ibm.ws.event.internal.EventEngineImpl@60b2031b
      futureMonitor = class com.ibm.ws.threading.internal.FutureMonitorImpl@79d16953
      classLoadingSRRef = class com.ibm.wsspi.kernel.service.utils.AtomicServiceReference@64f12151
      sessionHelperSRRef = class com.ibm.wsspi.kernel.service.utils.AtomicServiceReference@47fbe04e
      cacheManagerSRRef = class com.ibm.wsspi.kernel.service.utils.AtomicServiceReference@37219971
      injectionEngineSRRef = class com.ibm.wsspi.kernel.service.utils.AtomicServiceReference@4548f537
      managedObjectServiceSRRef = class com.ibm.wsspi.kernel.service.utils.AtomicServiceReference@285ebf66
      backgroundWebAppStartFutures = class com.ibm.ws.webcontainer.util.OneTimeUseArrayList@303fd3b3
      REFERENCE_WEB_MBEAN_RUNTIME = "webMBeanRuntime"
      webMBeanRuntimeServiceRef = class com.ibm.wsspi.kernel.service.utils.AtomicServiceReference@23dc69b2
      servletContainerInitializers = class com.ibm.wsspi.kernel.service.utils.ConcurrentServiceReferenceSet@98d83d3
      es = class com.ibm.ws.threading.internal.ExecutorServiceImpl@7d8d4d0f
      locationServiceRef = class java.util.concurrent.atomic.AtomicReference@9369fdc
      transferContextServiceRef = class com.ibm.wsspi.kernel.service.utils.ConcurrentServiceReferenceSet@4f7626b5
      encodingServiceRef = class java.util.concurrent.atomic.AtomicReference@f275710
      instance = class java.util.concurrent.atomic.AtomicReference@1a195b6d
      vhostManager = class com.ibm.ws.webcontainer.osgi.DynamicVirtualHostManager@18d586ce
      metaDataService = class com.ibm.ws.container.service.metadata.internal.MetaDataServiceImpl@5690c511
      j2eeNameFactory = class com.ibm.ws.container.service.metadata.internal.J2EENameFactoryImpl@5c542779
      context = class org.apache.felix.scr.impl.manager.ComponentContextImpl@25203277
      contextRoots = class java.util.Collections$SynchronizedSet@50d4ab3
      pendingContextRoots = class java.util.HashMap@7cc10fe9
      deployedModuleMap = class java.util.concurrent.ConcurrentHashMap@5ae0a0a2
      connContextPool = class com.ibm.ws.webcontainer40.osgi.srt.factory.SRTConnectionContextPool40Impl@1265922f
      DEFAULT_PORT = "*"
      DEFAULT_VHOST_NAME = "default_host"
      cachedServerInfo = "IBM WebSphere Liberty/18.0.0.3"
      lock = class com.ibm.ws.webcontainer.osgi.WebContainer$1@7e778203
      webAppFactory = class com.ibm.ws.webcontainer40.osgi.webapp.factory.WebAppFactory40Impl@7d520a02
      requestFactory = class com.ibm.ws.webcontainer40.osgi.response.factory.IRequestResponseFactory40Impl@998ec06
      responseFactory = class com.ibm.ws.webcontainer40.osgi.response.factory.IRequestResponseFactory40Impl@998ec06
      asyncContextFactory = class com.ibm.ws.webcontainer40.async.factory.AsyncContextFactory40Impl@4a01e49e
      DEFAULT_MAX_VERSION = 30
      versionRef = class org.eclipse.osgi.internal.serviceregistry.ServiceReferenceImpl@19a7404a
      serverStopping = class com.ibm.ws.staticvalue.StaticValue$FinalSingleton@469d066c
      modulesStarting = 0
      uriMatcherFactory = class com.ibm.wsspi.webcontainer40.util.factory.URIMatcherFactory40Impl@4b8f326
      SPEC_LEVEL_UNLOADED = -1
      SPEC_LEVEL_30 = 30
      SPEC_LEVEL_31 = 31
      SPEC_LEVEL_40 = 40
      DEFAULT_SPEC_LEVEL = 30
      loadedContainerSpecLevel = 40
      ISO = "ISO-8859-1"
      encoding = "UTF-8"
      decode = true
      wcconfig = class com.ibm.ws.webcontainer.osgi.WebContainerConfiguration@62de7f5a
      applicationListeners = class java.util.ArrayList@4cdeab0b
      servletListeners = class java.util.ArrayList@f3c4075
      servletErrorListeners = class java.util.ArrayList@87282b3
      servletInvocationListeners = class java.util.ArrayList@19470848
      filterInvocationListeners = class java.util.ArrayList@20787e98
      filterErrorListeners = class java.util.ArrayList@4d2abd0a
      filterListeners = class java.util.ArrayList@51d1d906
      servletRequestListeners = class java.util.ArrayList@70f59e3c
      servletRequestAttributeListeners = class java.util.ArrayList@131aa204
      servletContextListeners = class java.util.ArrayList@b408f80
      servletContextAttributeListeners = class java.util.ArrayList@54866e07
      sessionListeners = class java.util.ArrayList@85e1ed5
      sessionIdListeners = class java.util.ArrayList@4e928758
      sessionAttributeListeners = class java.util.ArrayList@41213d85
      DEFAULT_HOST = "default_host"
      _initialized = true
      logger = class com.ibm.ws.logging.internal.WsLogger@6c79339d
      CLASS_NAME = "com.ibm.ws.webcontainer.internal.WebContainer"
      nls = class com.ibm.ejs.ras.TraceNLS@3af1ae93
      self = class java.util.concurrent.atomic.AtomicReference@4bbb708
      _cipherToBit = class java.util.HashMap@69d4bf87
      cacheKeyStringBuilder = class com.ibm.ws.util.WSThreadLocal@27628667
      listenersInitialized = true
      webConProperties = class java.util.Properties@1050212e
      sessionRegistry = null
      isStopped = false
      readWriteLockForStopping = class java.util.concurrent.locks.ReentrantReadWriteLock@490ad7db
      urlPrefix = ";jsessionid="
      extensionFactories = class java.util.ArrayList@1898f351
      postInitExtensionFactories = null
      httpResponseListeners = class java.util.ArrayList@56e71fa
      servletContainerInitializers = class java.util.ServiceLoader@368c9e8e
      auditManager = class com.ibm.websphere.security.audit.context.AuditManager@27448020
      threadLocal = class java.lang.ThreadLocal@38ef3f1c
      invocationCacheSize = 500
      decodePlusSign = true
      _cacheMap = class java.util.concurrent.ConcurrentHashMap@4e78785a
      _cacheSize = class java.util.concurrent.atomic.AtomicInteger@1cd2e7f5
      vHostCompatFlag = false
      platformHelper = class com.ibm.ws.webcontainer.PlatformHelper@1f9431cf
      isDefaultTempDir = true
      tempDir = null
      servletCachingInitNeeded = true
      appInstallBegun = true
      cacheServletWrapperFactory = class com.ibm.ws.webcontainer40.servlet.factory.CacheServletWrapperFactory40Impl@5ec2eafe
      commands = class java.util.ArrayList@53f5e3d4
      requestMapper = class com.ibm.ws.webcontainer.util.VirtualHostContextRootMapper@58134b10
      parent = null
      name = "Was.webcontainer"
      isAlive = true
      subElements = class java.util.HashMap@66371394
      attributes = null
      config = null
      serialVersionUID = -8271459000149267764
      $$$tc$$$ = class com.ibm.websphere.ras.TraceComponent@353480db
    dhostConfig = class com.ibm.ws.webcontainer.osgi.DynamicVirtualHostConfiguration@25b00039
      tc = class com.ibm.websphere.ras.TraceComponent@3be8bf84
      name = "default_host"
      activeContexts = class java.util.HashSet@648d183d
      tc = class com.ibm.websphere.ras.TraceComponent@32be19b3
      config = class com.ibm.ws.http.internal.VirtualHostImpl@31f67e9c
      _id = "default_host"
      _attributes = null
      serialVersionUID = 7511545662945734886
      $$$tc$$$ = class com.ibm.websphere.ras.TraceComponent@6ab5e083
    predefinedMatcher = null
    normalizeRequestURI = false
    logger = class com.ibm.ws.logging.internal.WsLogger@6c79339d
      tc = class com.ibm.websphere.ras.TraceComponent@25da52b7
      ivCachedResourceBundleName = "com.ibm.ws.webcontainer.resources.Messages"
      ivCachedResourceBundle = class com.ibm.ws.webcontainer.resources.Messages@6d33807c
      ivComponent = null
      ivOrganization = null
      ivProduct = null
      ivMinimumLocalizationLevelIntValue = 625
      ivTC = class com.ibm.websphere.ras.TraceComponent@7127bd1d
      loggerRegistrationComponent = class java.lang.ThreadLocal@33694709
      emptyHandlers = class java.util.logging.Handler[0]
      offValue = 2147483647
      SYSTEM_LOGGER_RB_NAME = "sun.util.logging.resources.logging"
      SYSTEM_BUNDLE = class java.util.logging.Logger$LoggerBundle@934b8b1
      NO_RESOURCE_BUNDLE = class java.util.logging.Logger$LoggerBundle@78f5e98b
      manager = class com.ibm.ws.kernel.boot.logging.WsLogManager@15da893
      name = "com.ibm.ws.webcontainer"
      handlers = class java.util.concurrent.CopyOnWriteArrayList@88489ca
      loggerBundle = class java.util.logging.Logger$LoggerBundle@5f3008bd
      useParentHandlers = true
      filter = null
      anonymous = false
      catalog = class com.ibm.ws.webcontainer.resources.Messages@6d33807c
      catalogName = "com.ibm.ws.webcontainer.resources.Messages"
      catalogLocale = class java.util.Locale@1e39d64a
      treeLock = class java.lang.Object@127f19b9
      parent = class java.util.logging.Logger@f6b1e97
      kids = class java.util.ArrayList@65337c12
      levelObject = class java.util.logging.Level@7da15a14
      levelValue = 800
      callersClassLoaderRef = class java.lang.ref.WeakReference@495573a7
      isSystemLogger = false
      GLOBAL_LOGGER_NAME = "global"
      global = class java.util.logging.Logger@3e5ebab
      $assertionsDisabled = true
    CLASS_NAME = "com.ibm.ws.webcontainer.VirtualHost"
    vHostConfig = class com.ibm.ws.webcontainer.osgi.DynamicVirtualHostConfiguration@25b00039
    commands = class java.util.ArrayList@27474ad2
      serialVersionUID = 8683452581122892189
      DEFAULT_CAPACITY = 10
      EMPTY_ELEMENTDATA = class java.lang.Object[0]
      DEFAULTCAPACITY_EMPTY_ELEMENTDATA = class java.lang.Object[0]
      elementData = class java.lang.Object[3]
      size = 0
      MAX_ARRAY_SIZE = 2147483639
      modCount = 0
      MAX_ARRAY_SIZE = 2147483639
    requestMapper = class com.ibm.wsspi.webcontainer.util.URIMapper@2d327cb
      matcher = class com.ibm.wsspi.webcontainer40.util.URIMatcher40@54dfaa7e
    parent = class com.ibm.ws.webcontainer.osgi.WebContainer@37bf8941
    name = "default_host"
    isAlive = true
    subElements = class java.util.HashMap@4e62f29f
      serialVersionUID = 362498820763181265
      DEFAULT_INITIAL_CAPACITY = 16
      MAXIMUM_CAPACITY = 1073741824
      DEFAULT_LOAD_FACTOR = 0.75
      TREEIFY_THRESHOLD = 8
      UNTREEIFY_THRESHOLD = 6
      MIN_TREEIFY_CAPACITY = 64
      table = class java.util.HashMap$Node[16]
      entrySet = null
      size = 1
      modCount = 1
      threshold = 12
      loadFactor = 0.75
      keySet = null
      values = null
    attributes = null
    config = null
    serialVersionUID = -8271459000149267764
    $$$tc$$$ = class com.ibm.websphere.ras.TraceComponent@353480db
  Object[1] = class com.ibm.ws.webcontainer40.osgi.webapp.WebApp40@114b80f8
    tc = class com.ibm.websphere.ras.TraceComponent@7a62e0f
      strings[0] = "TraceComponent[com.ibm.ws.webcontainer40.osgi.webapp.WebApp40,class com.ibm.ws.webcontainer40.osgi.webapp.WebApp40,[webcontainer],com.ibm.ws.webcontainer31.resources.Messages,null]"
    servlet40NLS = class com.ibm.ejs.ras.TraceNLS@40704b36
      resolver = class com.ibm.ws.logging.internal.TraceNLSResolver@42da7efe
      finder = null
      ivBundleName = "com.ibm.ws.webcontainer40.resources.Messages"
      caller = class java.lang.Class@26b6c52b
    CLASS_NAME = "com.ibm.ws.webcontainer40.osgi.webapp.WebApp40"
    defaultSessionTimeout = 30
    tc = class com.ibm.websphere.ras.TraceComponent@25fa1a2e
      strings[0] = "TraceComponent[com.ibm.ws.webcontainer31.osgi.webapp.WebApp31,class com.ibm.ws.webcontainer31.osgi.webapp.WebApp31,[webcontainer],com.ibm.ws.webcontainer31.resources.Messages,null]"
    CLASS_NAME = "com.ibm.ws.webcontainer31.osgi.webapp.WebApp31"
    servlet31NLS = class com.ibm.ejs.ras.TraceNLS@4d6b5c2f
      resolver = class com.ibm.ws.logging.internal.TraceNLSResolver@42da7efe
      finder = null
      ivBundleName = "com.ibm.ws.webcontainer31.resources.Messages"
      caller = class java.lang.Class@5edeace1
    validListenerClasses = class java.lang.Class[7]
      Class[0] = class java.lang.Class@35743ef3
      Class[1] = class java.lang.Class@25e5a264
      Class[2] = class java.lang.Class@260d2402
      Class[3] = class java.lang.Class@7a7fdfbd
      Class[4] = class java.lang.Class@6ee8f5a7
      Class[5] = class java.lang.Class@66968c9c
      Class[6] = class java.lang.Class@6167b93f
    wsocServHandler = class com.ibm.ws.wsoc.external.WsocHandlerImpl@5782eabe
      tc = class com.ibm.websphere.ras.TraceComponent@315d48bb
      noMoreAddsCalled = false
      serialVersionUID = -2067291126638824067
    tc = class com.ibm.websphere.ras.TraceComponent@7973bff1
      strings[0] = "TraceComponent[com.ibm.ws.webcontainer.osgi.webapp.WebApp,class com.ibm.ws.webcontainer.osgi.webapp.WebApp,[webcontainer],com.ibm.ws.webcontainer.resources.LShimMessages,null]"
    CLASS_NAME = "com.ibm.ws.webcontainer.osgi.webapp.WebApp"
    metaDataService = class com.ibm.ws.container.service.metadata.internal.MetaDataServiceImpl@5690c511
      applicationMetaDataManager = class com.ibm.ws.container.service.metadata.internal.ApplicationMetaDataManager@76ae1379
      moduleMetaDataManager = class com.ibm.ws.container.service.metadata.internal.ModuleMetaDataManager@6d589f18
      componentMetaDataManager = class com.ibm.ws.container.service.metadata.internal.ComponentMetaDataManager@34777e26
      methodMetaDataManager = class com.ibm.ws.container.service.metadata.internal.MethodMetaDataManager@49808fc0
      appModuleNameToModuleContainer = class java.util.concurrent.ConcurrentHashMap@4f336852
      jeeNameToComponentMetaData = class java.util.concurrent.ConcurrentHashMap@66ba8ef3
      deferredMetaDataFactories = class com.ibm.wsspi.kernel.service.utils.ConcurrentServiceReferenceSet@69b35a4c
      deferredMetaDataInitializers = class com.ibm.wsspi.kernel.service.utils.ConcurrentServiceReferenceMap@24002635
      serialVersionUID = -2494605732980966097
      $$$tc$$$ = class com.ibm.websphere.ras.TraceComponent@5c5f56e3
    namespacePopulated = false
    referenceContext = class com.ibm.ws.injectionengine.osgi.internal.OSGiReferenceContextImpl@446717b0
      scopeData = class com.ibm.ws.injectionengine.osgi.internal.OSGiInjectionScopeData@5c654a
      serialVersionUID = 521511923892134915
      $$$tc$$$ = class com.ibm.websphere.ras.TraceComponent@fdc6500
      CLASS_NAME = "com.ibm.ws.injectionengine.ReferenceContextImpl"
      tc = class com.ibm.websphere.ras.TraceComponent@706dba6e
      ivInjectionEngine = class com.ibm.ws.injectionengine.osgi.internal.OSGiInjectionEngineImpl@1cf92af7
      ivProviders = class java.util.ArrayList@425cac5c
      ivComponentJavaContext = null
      ivComponentNameSpace = null
      ivJavaColonCompEnvMap = class java.util.LinkedHashMap@256b8f87
      ivEjbContext10 = class java.util.Properties@52c3d016
      ivResourceRefConfigList = null
      isAlreadyProcessed = true
      ivProcessFailure = null
      ivInjectionTargetMap = class java.util.concurrent.ConcurrentHashMap@52f8b934
      svInjTarMapCacheSize = 256
      ivDeclaredInjectionTargets = class java.util.HashMap@7561d17b
      ivProcessedInjectionClasses = class java.util.HashSet@c8f7fe7
      ivProcessedInjectionBindings = class java.util.LinkedHashSet@40804d00
      ivAnyProcessDynamic = true
      ivCheckAppConfig = false
    j2eeNameFactory = class com.ibm.ws.container.service.metadata.internal.J2EENameFactoryImpl@5c542779
      serialVersionUID = 3486344295038028821
      $$$tc$$$ = class com.ibm.websphere.ras.TraceComponent@af9c4b4
    moduleLoader = class com.ibm.ws.classloading.internal.AppClassLoader@1f99529e
      tc = class com.ibm.websphere.ras.TraceComponent@24fdba38
      PARENT_FIRST_SEARCH_ORDER = class java.util.Collections$UnmodifiableRandomAccessList@3876269
      CLASS_LOADING_TRACE_PREFIX = "com.ibm.ws.class.load."
      DEFAULT_PACKAGE = "default.package"
      perPackageClassLoadingTraceComponents = class java.util.concurrent.ConcurrentHashMap@5a009c4b
      config = class com.ibm.ws.classloading.internal.ClassLoaderConfigurationImpl@49e5b91e
      privateLibraries = null
      delegateLoaders = class com.ibm.ws.classloading.internal.util.CompositeIterable@5251f32f
      nativeLibraryFiles = class java.util.ArrayList@5ef0ebbf
      transformers = class java.util.ArrayList@6d62a14
      apiAccess = class com.ibm.ws.classloading.internal.GatewayClassLoader@68975f8b
      generator = class com.ibm.ws.classloading.internal.ClassGeneratorManager@2182b4b3
      protectionDomains = class java.util.concurrent.ConcurrentHashMap@45cbd4d4
      parent = class com.ibm.ws.classloading.internal.GatewayClassLoader@68975f8b
      serialVersionUID = 952643806680066297
      tc = class com.ibm.websphere.ras.TraceComponent@5958565
      EMPTY_URL_ARRAY = class java.net.URL[0]
      smartClassPath = class com.ibm.ws.classloading.internal.ContainerClassLoader$SmartClassPathImpl@4742e4d6
      nativeLibraryContainers = class java.util.ArrayList@60c6a5dd
      redefiner = class com.ibm.ws.classloading.internal.util.ClassRedefiner@39321769
      mapCreationQueue = class java.util.concurrent.Executors$FinalizableDelegatedExecutorService@e031cd1
      serialVersionUID = 7249739282446266343
      serialVersionUID = -7411549862368381758
      $$$tc$$$ = class com.ibm.websphere.ras.TraceComponent@7d8af7fb
      serialVersionUID = -4868702105808481416
      $$$tc$$$ = class com.ibm.websphere.ras.TraceComponent@728bee27
      serialVersionUID = 2596921220292114344
      $$$tc$$$ = class com.ibm.websphere.ras.TraceComponent@7d8ef11e
      initialized = true
      pdcache = class java.util.HashMap@ed9a421
      debug = null
      parent = class com.ibm.ws.classloading.internal.GatewayClassLoader@68975f8b
      parallelLockMap = null
      package2certs = class java.util.Hashtable@57cc5635
      nocerts = class java.security.cert.Certificate[0]
      classes = class java.util.Vector@3614d31c
      defaultDomain = class java.security.ProtectionDomain@784392f1
      domains = class java.util.HashSet@3bf8c974
      packages = class java.util.HashMap@e304dc0
      scl = class sun.misc.Launcher$AppClassLoader@18b4aac2
      sclSet = true
      loadedLibraryNames = class java.util.Vector@1e2ce329
      systemNativeLibraries = class java.util.Vector@7a9c2e07
      nativeLibraries = class java.util.Vector@7d2fb49
      nativeLibraryContext = class java.util.Stack@b80f83e
      usr_paths = class java.lang.String[23]
      sys_paths = class java.lang.String[1]
      assertionLock = class com.ibm.ws.classloading.internal.AppClassLoader@1f99529e
      defaultAssertionStatus = false
      packageAssertionStatus = null
      classAssertionStatus = null
    webAppConfig = class com.ibm.ws.webcontainer.osgi.webapp.WebAppConfiguration@2468e2db
      webModuleMetaData = class com.ibm.ws.webcontainer.osgi.metadata.WebModuleMetaDataImpl@49b8f037
      webComponentMetaData = class com.ibm.ws.webcontainer.osgi.metadata.WebComponentMetaDataImpl@7adebae5
      dVirtualHost = class com.ibm.ws.webcontainer.osgi.DynamicVirtualHost@669c08a8
      orderedLibPaths = class java.util.Collections$UnmodifiableRandomAccessList@170e82d5
      bundleHeaders = null
      cdiEnabled = false
      CLASS_NAME = "com.ibm.ws.webcontainer.webapp.WebAppConfiguration"
      logger = class com.ibm.ws.logging.internal.WsLogger@7472a22d
      tc = class com.ibm.websphere.ras.TraceComponent@3f3aad7a
      nls = class com.ibm.ejs.ras.TraceNLS@e85f3c6
      version = 25
      contextRoot = "/web_war_exploded"
      isDefaultContextRootUsed = true
      sessionTimeout = 0
      moduleSessionTimeoutSet = false
      moduleSessionTrackingModeSet = false
      sessionCookieConfig = class com.ibm.ws.session.SessionCookieConfigImpl@329369
      hasProgrammaticCookieConfig = false
      sessionDefaultTrackingModeSet = class java.util.RegularEnumSet@fb40818
      sessionManagerConfig = class com.ibm.ws.session.SessionManagerConfig@418b2319
      displayName = "web_war_exploded"
      description = null
      reloadInterval = 0
      distributable = false
      denyUncoveredHttpMethods = false
      reloadingEnabled = false
      serveServletsByClassnameEnabled = null
      defaultErrorPage = null
      additionalClassPath = null
      fileServingEnabled = null
      directoryBrowsingEnabled = null
      autoRequestEncoding = false
      autoResponseEncoding = false
      autoLoadFilters = false
      requestListeners = null
      requestAttributeListeners = null
      sessionListeners = null
      localeMap = null
      moduleName = "web_war_exploded"
      j2eeModuleName = "web_war_exploded"
      moduleId = null
      isSyncToThreadEnabled = false
      encodeDispatchedRequestURI = false
      isSystemApp = false
      ardEnabled = false
      ardDispatchType = null
      listeners = class java.util.ArrayList@574046d3
      welcomeFileList = class java.util.ArrayList@76fa943e
      servletMappings = class java.util.HashMap@62c7f853
      lastIndexBeforeDeclaredFilters = 1
      filterMappings = class java.util.ArrayList@4d1cc8db
      servletInfo = class java.util.concurrent.ConcurrentHashMap@183f6975
      filterInfo = class java.util.HashMap@3a465528
      mimeMappings = class java.util.HashMap@671e3753
      mimeFilters = null
      isMimeFilteringEnabled = false
      theWebGroup = null
      jspAttributes = class java.util.HashMap@4cef717b
      fileServingAttributes = class java.util.HashMap@2f78dd52
      invokerAttributes = class java.util.HashMap@279f2280
      contextParams = class java.util.HashMap@31ad2d8f
      virtualHost = "default_host"
      exceptionErrorPages = class java.util.HashMap@299937b7
      codeErrorPages = class java.util.HashMap@62bc6ab5
      tagLibList = null
      precompileJsps = false
      webApp = class com.ibm.ws.webcontainer40.osgi.webapp.WebApp40@114b80f8
      virtualHostList = class java.util.Collections$EmptyList@6f0529b8
      appStartupWeight = 0
      moduleStartupWeight = 0
      metaDataComplete = false
      classesToScan = class java.util.ArrayList@31509dfa
      uriFilterMappingInfos = null
      servletFilterMappingInfos = null
      dynamicServletRegistrationMap = null
      applicationName = "web_war_exploded"
      libBinPathList = class java.util.ArrayList@69490f0a
      webXmlDefinedListeners = class java.util.HashSet@3957d0db
      allRefs = class java.util.EnumMap@187569fd
      allRefBindings = class java.util.EnumMap@59136cc9
      envEntryValues = class java.util.HashMap@5efbcba2
      resourceRefConfigList = null
      disallowAllFileServingProp = null
      disallowServeServletsByClassnameProp = null
      disableStaticMappingCache = false
      jspCachedLocations = class java.util.HashMap@28e9265d
      primedSTSHeader = "NoValue"
      enablemultireadofpostdata = false
      requestEncoding = null
      responseEncoding = null
      NULLSERVLETNAME = "com.ibm.ws.webcontainer.NullServletName"
      _id = "WebAppGeneratedId1"
      _attributes = null
      serialVersionUID = 7511545662945734886
      $$$tc$$$ = class com.ibm.websphere.ras.TraceComponent@6ab5e083
    extensionProcessingDisabled = false
    managedObjectService = class com.ibm.ws.cdi.impl.managedobject.CDIManagedObjectService@7b5c826e
      cdiServiceRef = class com.ibm.wsspi.kernel.service.utils.AtomicServiceReference@27228ef3
      defaultMOSRef = class com.ibm.wsspi.kernel.service.utils.AtomicServiceReference@6f9facbc
      cdiRuntime = null
      serialVersionUID = 6431825704414919683
      $$$tc$$$ = class com.ibm.websphere.ras.TraceComponent@6cc5de16
    GenPluginCfgMB = null
    internalServletMetaData = interface com.ibm.wsspi.webcontainer.metadata.WebComponentMetaData[2]
      WebComponentMetaData[0] = null
      WebComponentMetaData[1] = null
    loginProcessor = null
    logoutProcessor = null
    collabHelper = class com.ibm.ws.webcontainer.osgi.collaborator.CollaboratorHelperImpl@6e4473bb
      webAppInvCollabs = class java.util.Collections$UnmodifiableSet@537c2dcc
      securityDomainForApp = null
      logger = class com.ibm.ws.logging.internal.WsLogger@11f5a778
      staticDefaultSecurityCollaborator = class com.ibm.ws.webcontainer.collaborator.WebAppSecurityCollaborator@4f80ad61
      logger = class com.ibm.ws.logging.internal.WsLogger@5e608f45
      CLASS_NAME = "com.ibm.wsspi.webcontainer.collaborator.CollaboratorHelper"
      webApp = class com.ibm.ws.webcontainer40.osgi.webapp.WebApp40@114b80f8
      securityCollaborator = null
      nameSpaceCollaborator = class com.ibm.ws.webcontainer.osgi.collaborator.WebAppNameSpaceCollaboratorImpl@764466bb
      transactionCollaborator = class com.ibm.ws.transaction.services.WebAppTransactionCollaboratorImpl@2b397308
      connectionCollaborator = class com.ibm.ws.webcontainer.collaborator.ConnectionCollaborator@4127b96
      allCollabEnum = class java.util.RegularEnumSet@e3d2215
      servlet_23_or_greater = true
      DEFER_SERVLET_REQUEST_LISTENER_DESTROY_ON_ERROR = false
    envObject = class com.ibm.ws.util.WSThreadLocal@275a7639
      tc = class com.ibm.ejs.ras.TraceComponent@4e6268fb
      count = 7
      index = 3
      SUSPECTED_MISUSAGE_THRESHOLD = 200
      threadLocalHashCode = 693320325
      nextHashCode = class java.util.concurrent.atomic.AtomicInteger@791c1cd2
      HASH_INCREMENT = 1640531527
    orderedLibPaths = class java.util.Collections$UnmodifiableRandomAccessList@170e82d5
      serialVersionUID = -2542308836966382001
      serialVersionUID = -283967356065247728
      list = class java.util.ArrayList@5bb0a69d
      serialVersionUID = 1820017752578914078
      c = class java.util.ArrayList@5bb0a69d
    perm = class com.ibm.websphere.security.WebSphereRuntimePermission@25331cb6
      serialVersionUID = -3306242789188168337
      $$$tc$$$ = class com.ibm.websphere.ras.TraceComponent@232fa6ed
      serialVersionUID = 6279438298436773498
      wildcard = false
      path = "accessServletContext"
      exitVM = false
      serialVersionUID = -5636570222231596674
      name = "accessServletContext"
    WELCOME_FILE_LIST = "com.ibm.ws.webcontainer.config.WelcomeFileList"
    DIR_BROWSING_MAPPING = "__dirBrowsing__1540748144589"
    FILTER_PROXY_MAPPING = "/__filterProxy__1540748144589"
    logger = class com.ibm.ws.logging.internal.WsLogger@7472a22d
      tc = class com.ibm.websphere.ras.TraceComponent@25da52b7
      ivCachedResourceBundleName = "com.ibm.ws.webcontainer.resources.Messages"
      ivCachedResourceBundle = class com.ibm.ws.webcontainer.resources.Messages@6d33807c
      ivComponent = null
      ivOrganization = null
      ivProduct = null
      ivMinimumLocalizationLevelIntValue = 625
      ivTC = class com.ibm.websphere.ras.TraceComponent@4c60cd55
      loggerRegistrationComponent = class java.lang.ThreadLocal@33694709
      emptyHandlers = class java.util.logging.Handler[0]
      offValue = 2147483647
      SYSTEM_LOGGER_RB_NAME = "sun.util.logging.resources.logging"
      SYSTEM_BUNDLE = class java.util.logging.Logger$LoggerBundle@934b8b1
      NO_RESOURCE_BUNDLE = class java.util.logging.Logger$LoggerBundle@78f5e98b
      manager = class com.ibm.ws.kernel.boot.logging.WsLogManager@15da893
      name = "com.ibm.ws.webcontainer.webapp"
      handlers = class java.util.concurrent.CopyOnWriteArrayList@6128624
      loggerBundle = class java.util.logging.Logger$LoggerBundle@2a4f4767
      useParentHandlers = true
      filter = null
      anonymous = false
      catalog = class com.ibm.ws.webcontainer.resources.Messages@6d33807c
      catalogName = "com.ibm.ws.webcontainer.resources.Messages"
      catalogLocale = class java.util.Locale@1e39d64a
      treeLock = class java.lang.Object@127f19b9
      parent = class com.ibm.ws.logging.internal.WsLogger@6c79339d
      kids = null
      levelObject = class java.util.logging.Level@7da15a14
      levelValue = 800
      callersClassLoaderRef = class java.lang.ref.WeakReference@11546c03
      isSystemLogger = false
      GLOBAL_LOGGER_NAME = "global"
      global = class java.util.logging.Logger@3e5ebab
      $assertionsDisabled = true
    CLASS_NAME = "com.ibm.ws.webcontainer.webapp.WebApp"
    loader = class com.ibm.ws.classloading.internal.ThreadContextClassLoader@c56b310
      tc = class com.ibm.websphere.ras.TraceComponent@5f6cd0b6
      bundle = class java.util.concurrent.atomic.AtomicReference@26686dec
      key = "WebModule:web_war_exploded#web_war_exploded"
      refCount = class java.util.concurrent.atomic.AtomicInteger@3c2c58
      appLoader = class com.ibm.ws.classloading.internal.AppClassLoader@1f99529e
      clSvc = class com.ibm.ws.classloading.internal.ClassLoadingServiceImpl@69dd4f
      serialVersionUID = 846416563800781557
      followOnClassLoaders = class java.util.ArrayList@6766dd2d
      serialVersionUID = -5107316606107305512
      $$$tc$$$ = class com.ibm.websphere.ras.TraceComponent@469ae843
      serialVersionUID = -4868702105808481416
      $$$tc$$$ = class com.ibm.websphere.ras.TraceComponent@728bee27
      serialVersionUID = 2596921220292114344
      $$$tc$$$ = class com.ibm.websphere.ras.TraceComponent@7d8ef11e
      initialized = true
      pdcache = class java.util.HashMap@6596375
      debug = null
      parent = class com.ibm.ws.classloading.internal.GatewayClassLoader@6a8009f8
      parallelLockMap = null
      package2certs = class java.util.Hashtable@48144554
      nocerts = class java.security.cert.Certificate[0]
      classes = class java.util.Vector@6c88536d
      defaultDomain = class java.security.ProtectionDomain@3d567464
      domains = class java.util.HashSet@70d9ea70
      packages = class java.util.HashMap@35964ae0
      scl = class sun.misc.Launcher$AppClassLoader@18b4aac2
      sclSet = true
      loadedLibraryNames = class java.util.Vector@1e2ce329
      systemNativeLibraries = class java.util.Vector@7a9c2e07
      nativeLibraries = class java.util.Vector@1a8d3fda
      nativeLibraryContext = class java.util.Stack@b80f83e
      usr_paths = class java.lang.String[23]
      sys_paths = class java.lang.String[1]
      assertionLock = class com.ibm.ws.classloading.internal.ThreadContextClassLoader@c56b310
      defaultAssertionStatus = false
      packageAssertionStatus = null
      classAssertionStatus = null
    facade = class com.ibm.ws.webcontainer40.facade.ServletContextFacade40@6440b120
      context = class com.ibm.ws.webcontainer40.osgi.webapp.WebApp40@114b80f8
    features = class java.util.ArrayList@4e7a8dff
      serialVersionUID = 8683452581122892189
      DEFAULT_CAPACITY = 10
      EMPTY_ELEMENTDATA = class java.lang.Object[0]
      DEFAULTCAPACITY_EMPTY_ELEMENTDATA = class java.lang.Object[0]
      elementData = class java.lang.Object[0]
      size = 0
      MAX_ARRAY_SIZE = 2147483639
      modCount = 0
      MAX_ARRAY_SIZE = 2147483639
    applicationName = "web_war_exploded"
    config = class com.ibm.ws.webcontainer.osgi.webapp.WebAppConfiguration@2468e2db
    securityEnabledForApp = null
    webExtensionProcessor = class com.ibm.ws.webcontainer.osgi.extension.WebExtensionProcessor@29d4cfb8
      webApp = class com.ibm.ws.webcontainer40.osgi.webapp.WebApp40@114b80f8
      extensionContext = class com.ibm.ws.webcontainer40.osgi.webapp.WebApp40@114b80f8
    production = true
    isServlet23 = true
    contextPath = "/web_war_exploded"
    internalServletList = class [Ljava.lang.String;[2]
      String[][0] = class java.lang.String[2]
      String[][1] = class java.lang.String[2]
    BY_NAME_ONLY = "/_1540748144590_/"
    filterManager = null
    documentRoot = null
    SERVLET_API_VERSION = "Servlet 2.5"
    disableServletAuditLogging = -1
    serverInfo = "IBM WebSphere Liberty/18.0.0.3"
    sessionCtx = class com.ibm.ws.webcontainer31.session.impl.HttpSessionContext31Impl@10eac975
      methodClassName = "HttpSessionContextImpl"
      _smc = class com.ibm.ws.session.SessionManagerConfig@418b2319
      sessionStoreService = null
      _sap = class com.ibm.ws.session.SessionApplicationParameters@66fbf6a
      _coreHttpSessionManager = class com.ibm.ws.session.SessionManager@46bf2210
      _coreHttpAppSessionManager = null
      _sam = class com.ibm.ws.webcontainer.session.impl.SessionAffinityManagerImpl@6a44302f
      isSIPApplication = false
      sessionAttributeListener = true
      sessionListener = true
      mHttpSessionAttributeListeners = class java.util.ArrayList@72cf4595
      mHttpSessionListeners = class java.util.ArrayList@9a03049
      mHttpSessionIdListeners = class java.util.ArrayList@36b02ccf
      mHttpSessionAttributeListenersJ2eeNames = class java.util.ArrayList@7d3ea77e
      mHttpSessionListenersJ2eeNames = class java.util.ArrayList@75d5a6a1
      mHttpSessionIdListenersJ2eeNames = class java.util.ArrayList@7d7ff22a
      mLocalHost = null
      _refCount = 1
      currentThreadSacHashtable = null
      methodClassName = "SessionContext"
      ANONYMOUS_USER = "anonymous"
      wasHttpSessionObserver = class com.ibm.ws.session.WasHttpSessionObserver@4a1e6f1e
      wasHttpSessionAttributeObserver = null
      _invalidator = class com.ibm.ws.session.SessionInvalidatorWithThreadPool@42933474
      _storer = class com.ibm.ws.session.EOSSessionStorer@1aab6229
      wasHttpAppSessionObserver = null
      mHttpAppSessionListeners = null
      cmvcInfo = "CMVC Version 1.9 6/24/07 11:12:24"
      _loggedVersion = true
      CREATE_CORE_SESSION_MANAGER = 0
      GET_REQUESTED_SESSION_ID = 1
      GET_IHTTP_SESSION = 2
      SESSION_PRE_INVOKE = 3
      SESSION_POST_INVOKE = 4
      STOP = 5
      STOP_LISTENERS = 6
      IS_VALID = 7
      ENCODE_URL = 8
      SHOULD_ENCODE_URL = 9
      IS_PROTOCOL_SWITCH = 10
      GET_LOCAL_HOST = 11
      ADD_HTTP_SESSION_ATTRIBUTE_LISTENER = 12
      ADD_HTTP_SESSION_LISTENER = 13
      GET_SESSION_AFFINITY_CONTEXT = 14
      CHECK_SECURITY = 15
      INVALIDATE = 16
      CHECK_SESSSIONID_IS_RIGHT_LENGTH = 17
      LOCK_SESSION = 18
      UNLOCK_SESSION = 19
      ADD_HTTP_SESSION_ID_LISTENER = 20
      methodNames = class java.lang.String[21]
    eventSource = class com.ibm.ws.webcontainer.webapp.WebAppEventSource@4623823
      _invocationListeners = class com.ibm.ws.webcontainer.util.EventListeners@11c0a131
      _servletListeners = class com.ibm.ws.webcontainer.util.EventListeners@757a7000
      _errorListeners = class com.ibm.ws.webcontainer.util.EventListeners@2ba3e292
      _applicationListeners = class com.ibm.ws.webcontainer.util.EventListeners@5360927f
      _filterInvocationListeners = class com.ibm.ws.webcontainer.util.EventListeners@473d780b
      _filterListeners = class com.ibm.ws.webcontainer.util.EventListeners@61e1ea9c
      _filterErrorListeners = class com.ibm.ws.webcontainer.util.EventListeners@55e23340
    nls = class com.ibm.ejs.ras.TraceNLS@dc7c9b
      resolver = class com.ibm.ws.logging.internal.TraceNLSResolver@42da7efe
      finder = null
      ivBundleName = "com.ibm.ws.webcontainer.resources.Messages"
      caller = class java.lang.Class@6edfdfbc
    liberty_nls = class com.ibm.ejs.ras.TraceNLS@3efab2f9
      resolver = class com.ibm.ws.logging.internal.TraceNLSResolver@42da7efe
      finder = null
      ivBundleName = "com.ibm.ws.webcontainer.resources.LShimMessages"
      caller = class java.lang.Class@6edfdfbc
    error_nls = class com.ibm.ejs.ras.TraceNLS@789d7532
      resolver = class com.ibm.ws.logging.internal.TraceNLSResolver@42da7efe
      finder = null
      ivBundleName = "com.ibm.ws.webcontainer.resources.ErrorPage"
      caller = class java.lang.Class@6edfdfbc
    sessionListeners = class java.util.ArrayList@6dabe922
      serialVersionUID = 8683452581122892189
      DEFAULT_CAPACITY = 10
      EMPTY_ELEMENTDATA = class java.lang.Object[0]
      DEFAULTCAPACITY_EMPTY_ELEMENTDATA = class java.lang.Object[0]
      elementData = class java.lang.Object[10]
      size = 2
      MAX_ARRAY_SIZE = 2147483639
      modCount = 6
      MAX_ARRAY_SIZE = 2147483639
    sessionIdListeners = class java.util.ArrayList@1973a8d2
      serialVersionUID = 8683452581122892189
      DEFAULT_CAPACITY = 10
      EMPTY_ELEMENTDATA = class java.lang.Object[0]
      DEFAULTCAPACITY_EMPTY_ELEMENTDATA = class java.lang.Object[0]
      elementData = class java.lang.Object[0]
      size = 0
      MAX_ARRAY_SIZE = 2147483639
      modCount = 0
      MAX_ARRAY_SIZE = 2147483639
    sessionAttrListeners = class java.util.ArrayList@72f5ac7f
      serialVersionUID = 8683452581122892189
      DEFAULT_CAPACITY = 10
      EMPTY_ELEMENTDATA = class java.lang.Object[0]
      DEFAULTCAPACITY_EMPTY_ELEMENTDATA = class java.lang.Object[0]
      elementData = class java.lang.Object[10]
      size = 1
      MAX_ARRAY_SIZE = 2147483639
      modCount = 4
      MAX_ARRAY_SIZE = 2147483639
    addedSessionListeners = class java.util.ArrayList@61d273f6
      serialVersionUID = 8683452581122892189
      DEFAULT_CAPACITY = 10
      EMPTY_ELEMENTDATA = class java.lang.Object[0]
      DEFAULTCAPACITY_EMPTY_ELEMENTDATA = class java.lang.Object[0]
      elementData = class java.lang.Object[0]
      size = 0
      MAX_ARRAY_SIZE = 2147483639
      modCount = 0
      MAX_ARRAY_SIZE = 2147483639
    addedSessionAttrListeners = class java.util.ArrayList@53026417
      serialVersionUID = 8683452581122892189
      DEFAULT_CAPACITY = 10
      EMPTY_ELEMENTDATA = class java.lang.Object[0]
      DEFAULTCAPACITY_EMPTY_ELEMENTDATA = class java.lang.Object[0]
      elementData = class java.lang.Object[0]
      size = 0
      MAX_ARRAY_SIZE = 2147483639
      modCount = 0
      MAX_ARRAY_SIZE = 2147483639
    servletContextListeners = class java.util.ArrayList@5733639d
      serialVersionUID = 8683452581122892189
      DEFAULT_CAPACITY = 10
      EMPTY_ELEMENTDATA = class java.lang.Object[0]
      DEFAULTCAPACITY_EMPTY_ELEMENTDATA = class java.lang.Object[0]
      elementData = class java.lang.Object[10]
      size = 3
      MAX_ARRAY_SIZE = 2147483639
      modCount = 10
      MAX_ARRAY_SIZE = 2147483639
    servletContextLAttrListeners = class java.util.ArrayList@87aab50
      serialVersionUID = 8683452581122892189
      DEFAULT_CAPACITY = 10
      EMPTY_ELEMENTDATA = class java.lang.Object[0]
      DEFAULTCAPACITY_EMPTY_ELEMENTDATA = class java.lang.Object[0]
      elementData = class java.lang.Object[10]
      size = 1
      MAX_ARRAY_SIZE = 2147483639
      modCount = 4
      MAX_ARRAY_SIZE = 2147483639
    servletRequestListeners = class java.util.ArrayList@7ac5346a
      serialVersionUID = 8683452581122892189
      DEFAULT_CAPACITY = 10
      EMPTY_ELEMENTDATA = class java.lang.Object[0]
      DEFAULTCAPACITY_EMPTY_ELEMENTDATA = class java.lang.Object[0]
      elementData = class java.lang.Object[10]
      size = 1
      MAX_ARRAY_SIZE = 2147483639
      modCount = 4
      MAX_ARRAY_SIZE = 2147483639
    servletRequestLAttrListeners = class java.util.ArrayList@3aa7c5f9
      serialVersionUID = 8683452581122892189
      DEFAULT_CAPACITY = 10
      EMPTY_ELEMENTDATA = class java.lang.Object[0]
      DEFAULTCAPACITY_EMPTY_ELEMENTDATA = class java.lang.Object[0]
      elementData = class java.lang.Object[10]
      size = 1
      MAX_ARRAY_SIZE = 2147483639
      modCount = 4
      MAX_ARRAY_SIZE = 2147483639
    prependSlashToResource = false
    destroyed = true
    webAppNameSpaceCollab = class com.ibm.ws.webcontainer.osgi.collaborator.WebAppNameSpaceCollaboratorImpl@764466bb
      cmdai = class com.ibm.ws.threadContext.ComponentMetaDataAccessorImpl@6eaa20f3
    txCollab = class com.ibm.ws.transaction.services.WebAppTransactionCollaboratorImpl@2b397308
      tc = class com.ibm.websphere.ras.TraceComponent@d3040de
      ltCurrentRef = class com.ibm.wsspi.kernel.service.utils.AtomicServiceReference@7d4555e9
      tranMgrRef = class com.ibm.wsspi.kernel.service.utils.AtomicServiceReference@1cea93f8
      userTranRef = class com.ibm.wsspi.kernel.service.utils.AtomicServiceReference@6059bfe6
      uowCallbackRef = class com.ibm.wsspi.kernel.service.utils.AtomicServiceReference@701f6704
      serialVersionUID = -8319003162899973281
    sessionActivationListeners = class java.util.ArrayList@780c6461
      serialVersionUID = 8683452581122892189
      DEFAULT_CAPACITY = 10
      EMPTY_ELEMENTDATA = class java.lang.Object[0]
      DEFAULTCAPACITY_EMPTY_ELEMENTDATA = class java.lang.Object[0]
      elementData = class java.lang.Object[0]
      size = 0
      MAX_ARRAY_SIZE = 2147483639
      modCount = 2
      MAX_ARRAY_SIZE = 2147483639
    sessionBindingListeners = class java.util.ArrayList@7c80fe94
      serialVersionUID = 8683452581122892189
      DEFAULT_CAPACITY = 10
      EMPTY_ELEMENTDATA = class java.lang.Object[0]
      DEFAULTCAPACITY_EMPTY_ELEMENTDATA = class java.lang.Object[0]
      elementData = class java.lang.Object[0]
      size = 0
      MAX_ARRAY_SIZE = 2147483639
      modCount = 2
      MAX_ARRAY_SIZE = 2147483639
    scratchdir = null
    jspClassLoaderLimit = 0
    jspClassLoaderExclusionList = null
    jspClassLoadersMap = null
    jspClassLoaderLimitTrackIF = false
    defaultExtProc = null
    directoryBrowsingServlet = null
    cdiContexts = class java.util.concurrent.ConcurrentHashMap@3a37ea4c
      serialVersionUID = 7249069246763182397
      MAXIMUM_CAPACITY = 1073741824
      DEFAULT_CAPACITY = 16
      MAX_ARRAY_SIZE = 2147483639
      DEFAULT_CONCURRENCY_LEVEL = 16
      LOAD_FACTOR = 0.75
      TREEIFY_THRESHOLD = 8
      UNTREEIFY_THRESHOLD = 6
      MIN_TREEIFY_CAPACITY = 64
      MIN_TRANSFER_STRIDE = 16
      RESIZE_STAMP_BITS = 16
      MAX_RESIZERS = 65535
      RESIZE_STAMP_SHIFT = 16
      MOVED = -1
      TREEBIN = -2
      RESERVED = -3
      HASH_BITS = 2147483647
      NCPU = 4
      serialPersistentFields = class java.io.ObjectStreamField[3]
      table = null
      nextTable = null
      baseCount = 0
      sizeCtl = 0
      transferIndex = 0
      cellsBusy = 0
      counterCells = null
      keySet = null
      values = null
      entrySet = null
      U = class sun.misc.Unsafe@481b4933
      SIZECTL = 20
      TRANSFERINDEX = 32
      BASECOUNT = 24
      CELLSBUSY = 36
      CELLVALUE = 144
      ABASE = 16
      ASHIFT = 2
      keySet = null
      values = null
    moduleConfig = class com.ibm.ws.webcontainer.osgi.container.DeployedModule@7bc37016
      tc = class com.ibm.websphere.ras.TraceComponent@645a15f8
      loader = class com.ibm.ws.classloading.internal.ThreadContextClassLoader@c56b310
      webApp = class com.ibm.ws.webcontainer40.osgi.webapp.WebApp40@114b80f8
      webAppConfig = class com.ibm.ws.webcontainer.osgi.webapp.WebAppConfiguration@2468e2db
      contextRootAdded = null
      properContextRoot = "/web_war_exploded"
      mappingContextRoot = "/web_war_exploded/*"
      serialVersionUID = -2104814060051592457
      $$$tc$$$ = class com.ibm.websphere.ras.TraceComponent@14533642
    extensionFactories = class java.util.ArrayList@1898f351
      serialVersionUID = 8683452581122892189
      DEFAULT_CAPACITY = 10
      EMPTY_ELEMENTDATA = class java.lang.Object[0]
      DEFAULTCAPACITY_EMPTY_ELEMENTDATA = class java.lang.Object[0]
      elementData = class java.lang.Object[10]
      size = 4
      MAX_ARRAY_SIZE = 2147483639
      modCount = 8
      MAX_ARRAY_SIZE = 2147483639
    initialized = false
    lock = class com.ibm.ws.webcontainer.webapp.WebApp$1@41ea3907
      this$0 = class com.ibm.ws.webcontainer40.osgi.webapp.WebApp40@114b80f8
    afterServletContextCreated = false
    redirectContextRoot = false
    errorExceptionTypeFirst = false
    initFilterBeforeServletInit = false
    sortedServletConfigs = class java.util.ArrayList@448adefc
      serialVersionUID = 8683452581122892189
      DEFAULT_CAPACITY = 10
      EMPTY_ELEMENTDATA = class java.lang.Object[0]
      DEFAULTCAPACITY_EMPTY_ELEMENTDATA = class java.lang.Object[0]
      elementData = class java.lang.Object[10]
      size = 1
      MAX_ARRAY_SIZE = 2147483639
      modCount = 1
      MAX_ARRAY_SIZE = 2147483639
    effectiveMajorVersion = 2
    effectiveMinorVersion = 5
    canAddServletContextListener = true
    withinContextInitOfProgAddListener = false
    lastProgAddListenerInitialized = null
    webInfLibClassloader = null
    metaInfCache = class com.ibm.ws.webcontainer.webapp.WebApp$2@242955bb
      this$0 = class com.ibm.ws.webcontainer40.osgi.webapp.WebApp40@114b80f8
      serialVersionUID = 3801124242820219131
      head = null
      tail = null
      accessOrder = true
      serialVersionUID = 362498820763181265
      DEFAULT_INITIAL_CAPACITY = 16
      MAXIMUM_CAPACITY = 1073741824
      DEFAULT_LOAD_FACTOR = 0.75
      TREEIFY_THRESHOLD = 8
      UNTREEIFY_THRESHOLD = 6
      MIN_TREEIFY_CAPACITY = 64
      table = null
      entrySet = null
      size = 0
      modCount = 0
      threshold = 32
      loadFactor = 1.0
      keySet = null
      values = null
    useMetaInfCache = true
    SUN_CONFIGURE_LISTENER_CLASSNAME = "com.sun.faces.config.ConfigureListener"
    MYFACES_LIFECYCLE_LISTENER_CLASSNAME = "org.apache.myfaces.webapp.StartupServletContextListener"
    JSF_IMPL_ENABLED_PARAM = "com.ibm.ws.jsf.JSF_IMPL_ENABLED"
    JSF_IMPL_ENABLED_CUSTOM = "Custom"
    JSF_IMPL_ENABLED_NONE = "None"
    staticDocRoot = class com.ibm.ws.webcontainer.util.DocumentRootUtils@7b743814
      logger = class com.ibm.ws.logging.internal.WsLogger@5136bd14
      CLASS_NAME = "com.ibm.ws.webcontainer.util.DocumentRootUtils"
      useContentLength = false
      matchedFile = null
      matchedZipFile = null
      matchedEntry = null
      matchedURL = null
      edrRoot = null
      pfedrRoot = null
      ctxt = class com.ibm.ws.webcontainer40.osgi.webapp.WebApp40@114b80f8
      baseDir = null
      edr = null
      pfedr = null
      metaInfRes = null
      searchpfEDR = false
      searchEDR = false
      searchMetaInfRes = true
      matchFromEDR = false
      matchFromMetaInfRes = false
      matchIsADirectory = false
      appConfig = class com.ibm.ws.webcontainer.osgi.webapp.WebAppConfiguration@2468e2db
      attributeType = "staticFile"
      STATIC_FILE = "staticFile"
      JSP = "jsp"
      PFEDR = "preFragmentExtendedDocumentRoot"
      EDR = "extendedDocumentRoot"
    jspDocRoot = class com.ibm.ws.webcontainer.util.DocumentRootUtils@6b46047c
      logger = class com.ibm.ws.logging.internal.WsLogger@5136bd14
      CLASS_NAME = "com.ibm.ws.webcontainer.util.DocumentRootUtils"
      useContentLength = false
      matchedFile = null
      matchedZipFile = null
      matchedEntry = null
      matchedURL = null
      edrRoot = null
      pfedrRoot = null
      ctxt = class com.ibm.ws.webcontainer40.osgi.webapp.WebApp40@114b80f8
      baseDir = null
      edr = null
      pfedr = null
      metaInfRes = null
      searchpfEDR = false
      searchEDR = false
      searchMetaInfRes = true
      matchFromEDR = false
      matchFromMetaInfRes = false
      matchIsADirectory = false
      appConfig = class com.ibm.ws.webcontainer.osgi.webapp.WebAppConfiguration@2468e2db
      attributeType = "jsp"
      STATIC_FILE = "staticFile"
      JSP = "jsp"
      PFEDR = "preFragmentExtendedDocumentRoot"
      EDR = "extendedDocumentRoot"
    container = class com.ibm.ws.adaptable.module.internal.AdaptableContainerImpl@527363f5
      root = class com.ibm.ws.adaptable.module.internal.AdaptableContainerImpl@527363f5
      rootOverlay = class com.ibm.ws.artifact.overlay.internal.DirectoryBasedOverlayContainerImpl@28169aa7
      factoryHolder = class com.ibm.ws.adaptable.module.internal.AdaptableModuleFactoryImpl@58187d68
      delegate = class com.ibm.ws.artifact.overlay.internal.DirectoryBasedOverlayContainerImpl@28169aa7
      notifier = class com.ibm.ws.adaptable.module.internal.NotifierImpl@748c5665
      serialVersionUID = -5621513278641113667
      $$$tc$$$ = class com.ibm.websphere.ras.TraceComponent@180c607b
    metaInfResourceFinder = class com.ibm.ws.webcontainer.util.MetaInfResourceFinder@79295ad6
      jarResourceContainers = class java.util.ArrayList@786ec250
      container = class com.ibm.ws.adaptable.module.internal.AdaptableContainerImpl@527363f5
    postConstructMethods = class com.ibm.ws.webcontainer.webapp.WebApp$AnnotatedMethods@17434cc5
      annotationClass = class java.lang.Class@30dd2062
      noOpClassNames = class java.util.HashSet@2b35f82c
      annotatedMethodNames = class java.util.concurrent.ConcurrentHashMap@3d9cac51
      EMPTY_METHODS = class java.lang.reflect.Method[0]
    preDestroyMethods = class com.ibm.ws.webcontainer.webapp.WebApp$AnnotatedMethods@4dad62a1
      annotationClass = class java.lang.Class@1672d954
      noOpClassNames = class java.util.HashSet@14724798
      annotatedMethodNames = class java.util.concurrent.ConcurrentHashMap@25ec873
      EMPTY_METHODS = class java.lang.reflect.Method[0]
    OBJ_EMPTY = class java.lang.Object[0]
    CLASS_EMPTY = class java.lang.Class[0]
    DEFAULT_JSP_EXTENSIONS = class java.util.ArrayList@1613ea8c
      serialVersionUID = 8683452581122892189
      DEFAULT_CAPACITY = 10
      EMPTY_ELEMENTDATA = class java.lang.Object[0]
      DEFAULTCAPACITY_EMPTY_ELEMENTDATA = class java.lang.Object[0]
      elementData = class java.lang.Object[10]
      size = 4
      MAX_ARRAY_SIZE = 2147483639
      modCount = 4
      MAX_ARRAY_SIZE = 2147483639
    DEFER_SERVLET_REQUEST_LISTENER_DESTROY_ON_ERROR = false
    DO_ACCEPT_PARTIAL = true
    DO_NOT_ACCEPT_PARTIAL = false
    DO_ACCEPT_EXCLUDED = true
    DO_NOT_ACCEPT_EXCLUDED = false
    commands = class java.util.ArrayList@2877a878
      serialVersionUID = 8683452581122892189
      DEFAULT_CAPACITY = 10
      EMPTY_ELEMENTDATA = class java.lang.Object[0]
      DEFAULTCAPACITY_EMPTY_ELEMENTDATA = class java.lang.Object[0]
      elementData = class java.lang.Object[3]
      size = 0
      MAX_ARRAY_SIZE = 2147483639
      modCount = 0
      MAX_ARRAY_SIZE = 2147483639
    requestMapper = class com.ibm.wsspi.webcontainer.util.URIMapper@ee97fbd
      matcher = class com.ibm.wsspi.webcontainer40.util.URIMatcher40@74ff16b2
    parent = class com.ibm.ws.webcontainer.osgi.webapp.WebGroup@7a7b366
      tc = class com.ibm.websphere.ras.TraceComponent@693d139b
      logger = class com.ibm.ws.logging.internal.WsLogger@7472a22d
      CLASS_NAME = "com.ibm.ws.webcontainer.webapp.WebGroup"
      sessUrlRewritePrefix = ";jsessionid="
      qMark = "?"
      config = class com.ibm.ws.webcontainer.osgi.webapp.WebGroupConfiguration@40ccc7ce
      webApp = class com.ibm.ws.webcontainer40.osgi.webapp.WebApp40@114b80f8
      commands = class java.util.ArrayList@4f094a4
      requestMapper = null
      parent = class com.ibm.ws.webcontainer.osgi.DynamicVirtualHost@669c08a8
      name = "/web_war_exploded/*"
      isAlive = true
      subElements = class java.util.HashMap@33862d3b
      attributes = null
      config = null
      serialVersionUID = -8271459000149267764
      $$$tc$$$ = class com.ibm.websphere.ras.TraceComponent@353480db
    name = "web_war_exploded"
    isAlive = true
    subElements = null
    attributes = class java.util.concurrent.ConcurrentHashMap@48e8bd24
      serialVersionUID = 7249069246763182397
      MAXIMUM_CAPACITY = 1073741824
      DEFAULT_CAPACITY = 16
      MAX_ARRAY_SIZE = 2147483639
      DEFAULT_CONCURRENCY_LEVEL = 16
      LOAD_FACTOR = 0.75
      TREEIFY_THRESHOLD = 8
      UNTREEIFY_THRESHOLD = 6
      MIN_TREEIFY_CAPACITY = 64
      MIN_TRANSFER_STRIDE = 16
      RESIZE_STAMP_BITS = 16
      MAX_RESIZERS = 65535
      RESIZE_STAMP_SHIFT = 16
      MOVED = -1
      TREEBIN = -2
      RESERVED = -3
      HASH_BITS = 2147483647
      NCPU = 4
      serialPersistentFields = class java.io.ObjectStreamField[3]
      table = class java.util.concurrent.ConcurrentHashMap$Node[32]
      nextTable = null
      baseCount = 17
      sizeCtl = 24
      transferIndex = 0
      cellsBusy = 0
      counterCells = null
      keySet = null
      values = null
      entrySet = null
      U = class sun.misc.Unsafe@481b4933
      SIZECTL = 20
      TRANSFERINDEX = 32
      BASECOUNT = 24
      CELLSBUSY = 36
      CELLVALUE = 144
      ABASE = 16
      ASHIFT = 2
      keySet = null
      values = null
    config = null
    serialVersionUID = -8271459000149267764
    $$$tc$$$ = class com.ibm.websphere.ras.TraceComponent@353480db
      strings[0] = "TraceComponent[com.ibm.ws.container.AbstractContainer,class com.ibm.ws.container.AbstractContainer,[],null,null]"

