------Start of DE processing------ = [10/28/18 12:35:57:666 CST]
Exception = com.ibm.websphere.servlet.error.ServletErrorReport
Source = com.ibm.ws.webcontainer.filter.WebAppFilterChain.doFilter
probeid = 82
Stack Dump = com.ibm.websphere.servlet.error.ServletErrorReport: java.lang.NoClassDefFoundError: com/fasterxml/jackson/dataformat/xml/JacksonXmlModule
	at com.ibm.ws.webcontainer.servlet.ServletWrapper.service(ServletWrapper.java:1353)
	at com.ibm.ws.webcontainer.servlet.ServletWrapper.handleRequest(ServletWrapper.java:743)
	at com.ibm.ws.webcontainer.servlet.ServletWrapper.handleRequest(ServletWrapper.java:440)
	at com.ibm.ws.webcontainer.filter.WebAppFilterChain.invokeTarget(WebAppFilterChain.java:182)
	at com.ibm.ws.webcontainer.filter.WebAppFilterChain.doFilter(WebAppFilterChain.java:93)
	at com.ibm.ws.security.jaspi.JaspiServletFilter.doFilter(JaspiServletFilter.java:56)
	at com.ibm.ws.webcontainer.filter.FilterInstanceWrapper.doFilter(FilterInstanceWrapper.java:201)
	at com.ibm.ws.webcontainer.filter.WebAppFilterChain.doFilter(WebAppFilterChain.java:90)
	at com.ibm.ws.webcontainer.filter.WebAppFilterManager.doFilter(WebAppFilterManager.java:996)
	at com.ibm.ws.webcontainer.filter.WebAppFilterManager.invokeFilters(WebAppFilterManager.java:1134)
	at com.ibm.ws.webcontainer.webapp.WebApp.handleRequest(WebApp.java:4954)
	at com.ibm.ws.webcontainer.osgi.DynamicVirtualHost$2.handleRequest(DynamicVirtualHost.java:314)
	at com.ibm.ws.webcontainer.WebContainer.handleRequest(WebContainer.java:996)
	at com.ibm.ws.webcontainer.osgi.DynamicVirtualHost$2.run(DynamicVirtualHost.java:279)
	at com.ibm.ws.http.dispatcher.internal.channel.HttpDispatcherLink$TaskWrapper.run(HttpDispatcherLink.java:1011)
	at com.ibm.ws.http.dispatcher.internal.channel.HttpDispatcherLink.wrapHandlerAndExecute(HttpDispatcherLink.java:414)
	at com.ibm.ws.http.dispatcher.internal.channel.HttpDispatcherLink.ready(HttpDispatcherLink.java:373)
	at com.ibm.ws.http.channel.internal.inbound.HttpInboundLink.handleDiscrimination(HttpInboundLink.java:532)
	at com.ibm.ws.http.channel.internal.inbound.HttpInboundLink.handleNewRequest(HttpInboundLink.java:466)
	at com.ibm.ws.http.channel.internal.inbound.HttpInboundLink.processRequest(HttpInboundLink.java:331)
	at com.ibm.ws.http.channel.internal.inbound.HttpInboundLink.ready(HttpInboundLink.java:302)
	at com.ibm.ws.tcpchannel.internal.NewConnectionInitialReadCallback.sendToDiscriminators(NewConnectionInitialReadCallback.java:165)
	at com.ibm.ws.tcpchannel.internal.NewConnectionInitialReadCallback.complete(NewConnectionInitialReadCallback.java:74)
	at com.ibm.ws.tcpchannel.internal.WorkQueueManager.requestComplete(WorkQueueManager.java:501)
	at com.ibm.ws.tcpchannel.internal.WorkQueueManager.attemptIO(WorkQueueManager.java:571)
	at com.ibm.ws.tcpchannel.internal.WorkQueueManager.workerRun(WorkQueueManager.java:926)
	at com.ibm.ws.tcpchannel.internal.WorkQueueManager$Worker.run(WorkQueueManager.java:1015)
	at java.util.concurrent.ThreadPoolExecutor.runWorker(ThreadPoolExecutor.java:1149)
	at java.util.concurrent.ThreadPoolExecutor$Worker.run(ThreadPoolExecutor.java:624)
	at java.lang.Thread.run(Thread.java:748)
Caused by: java.lang.NoClassDefFoundError: com/fasterxml/jackson/dataformat/xml/JacksonXmlModule
	at Servlet.Serializer.deserializerString(Serializer.java:21)
	at Servlet.Servlet.doPost(Servlet.java:24)
	at javax.servlet.http.HttpServlet.service(HttpServlet.java:706)
	at javax.servlet.http.HttpServlet.service(HttpServlet.java:791)
	at com.ibm.ws.webcontainer.servlet.ServletWrapper.service(ServletWrapper.java:1255)
	... 29 more
Caused by: java.lang.ClassNotFoundException: com.fasterxml.jackson.dataformat.xml.JacksonXmlModule
	at com.ibm.ws.classloading.internal.AppClassLoader.findClassCommonLibraryClassLoaders(AppClassLoader.java:504)
	at com.ibm.ws.classloading.internal.AppClassLoader.findClass(AppClassLoader.java:276)
	at java.lang.ClassLoader.loadClass(ClassLoader.java:424)
	at com.ibm.ws.classloading.internal.AppClassLoader.findOrDelegateLoadClass(AppClassLoader.java:482)
	at com.ibm.ws.classloading.internal.AppClassLoader.loadClass(AppClassLoader.java:443)
	at java.lang.ClassLoader.loadClass(ClassLoader.java:357)
	... 34 more

Dump of callerThis
Object type = com.ibm.ws.webcontainer.filter.WebAppFilterChain
  _filters = class java.util.ArrayList@430f1a47
    serialVersionUID = 8683452581122892189
    DEFAULT_CAPACITY = 10
    EMPTY_ELEMENTDATA = class java.lang.Object[0]
    DEFAULTCAPACITY_EMPTY_ELEMENTDATA = class java.lang.Object[0]
    elementData = class java.lang.Object[5]
      Object[0] = class com.ibm.ws.webcontainer.filter.FilterInstanceWrapper@38af9998
      Object[1] = null
      Object[2] = null
      Object[3] = null
      Object[4] = null
    size = 1
    MAX_ARRAY_SIZE = 2147483639
    modCount = 1
    MAX_ARRAY_SIZE = 2147483639
  _currentFilterIndex = 1
  _numberOfFilters = 1
  requestProcessor = class com.ibm.ws.webcontainer.osgi.servlet.ServletWrapper@7898f990
    serialVersionUID = 1
    _mo = class com.ibm.ws.managedobject.internal.ManagedObjectImpl@2e73cef1
      object = "<sensitive Servlet.Servlet@6e793745>"
      serialVersionUID = 316670419635262281
      $$$tc$$$ = class com.ibm.websphere.ras.TraceComponent@2104f14f
    serialVersionUID = -4479626085298397598
    notifyInvocationListeners = false
    UNINITIALIZED_STATE = -1
    AVAILABLE_STATE = 0
    UNAVAILABLE_STATE = 1
    UNAVAILABLE_PERMANENTLY_STATE = 2
    collabHelper = class com.ibm.ws.webcontainer.osgi.collaborator.CollaboratorHelperImpl@3f73ae3
      webAppInvCollabs = class java.util.Collections$UnmodifiableSet@77a67606
      securityDomainForApp = null
      logger = class com.ibm.ws.logging.internal.WsLogger@537db850
      staticDefaultSecurityCollaborator = class com.ibm.ws.webcontainer.collaborator.WebAppSecurityCollaborator@cd80e18
      logger = class com.ibm.ws.logging.internal.WsLogger@3f953bbf
      CLASS_NAME = "com.ibm.wsspi.webcontainer.collaborator.CollaboratorHelper"
      webApp = class com.ibm.ws.webcontainer40.osgi.webapp.WebApp40@22dca884
      securityCollaborator = class com.ibm.ws.webcontainer.security.WebAppSecurityCollaboratorImpl@194bb25
      nameSpaceCollaborator = class com.ibm.ws.webcontainer.osgi.collaborator.WebAppNameSpaceCollaboratorImpl@6870a7d
      transactionCollaborator = class com.ibm.ws.transaction.services.WebAppTransactionCollaboratorImpl@381b2f3f
      connectionCollaborator = class com.ibm.ws.webcontainer.collaborator.ConnectionCollaborator@6e68d8c7
      allCollabEnum = class java.util.RegularEnumSet@4df0cdc1
      servlet_23_or_greater = true
      DEFER_SERVLET_REQUEST_LISTENER_DESTROY_ON_ERROR = false
    nServicing = class java.util.concurrent.atomic.AtomicInteger@2bd49311
      serialVersionUID = 6214790243416807050
      unsafe = class sun.misc.Unsafe@6e074767
      valueOffset = 12
      value = 0
      serialVersionUID = -8742448824652078965
    lastAccessTime = 1540751736422
    state = 0
    logger = class com.ibm.ws.logging.internal.WsLogger@73bac718
      tc = class com.ibm.websphere.ras.TraceComponent@211dfa7d
      ivCachedResourceBundleName = "com.ibm.ws.webcontainer.resources.Messages"
      ivCachedResourceBundle = class com.ibm.ws.webcontainer.resources.Messages@2cd26a90
      ivComponent = null
      ivOrganization = null
      ivProduct = null
      ivMinimumLocalizationLevelIntValue = 625
      ivTC = class com.ibm.websphere.ras.TraceComponent@73b08503
      loggerRegistrationComponent = class java.lang.ThreadLocal@23e45e06
      emptyHandlers = class java.util.logging.Handler[0]
      offValue = 2147483647
      SYSTEM_LOGGER_RB_NAME = "sun.util.logging.resources.logging"
      SYSTEM_BUNDLE = class java.util.logging.Logger$LoggerBundle@1c9c6699
      NO_RESOURCE_BUNDLE = class java.util.logging.Logger$LoggerBundle@1180ced3
      manager = class com.ibm.ws.kernel.boot.logging.WsLogManager@1095b68b
      name = "com.ibm.ws.webcontainer.servlet"
      handlers = class java.util.concurrent.CopyOnWriteArrayList@40a73775
      loggerBundle = class java.util.logging.Logger$LoggerBundle@abebd64
      useParentHandlers = true
      filter = null
      anonymous = false
      catalog = class com.ibm.ws.webcontainer.resources.Messages@2cd26a90
      catalogName = "com.ibm.ws.webcontainer.resources.Messages"
      catalogLocale = class java.util.Locale@22eb9d36
      treeLock = class java.lang.Object@5a95cf4e
      parent = class com.ibm.ws.logging.internal.WsLogger@653d7396
      kids = null
      levelObject = class java.util.logging.Level@40622c35
      levelValue = 800
      callersClassLoaderRef = class java.lang.ref.WeakReference@285bbf10
      isSystemLogger = false
      GLOBAL_LOGGER_NAME = "global"
      global = class java.util.logging.Logger@442a2705
      $assertionsDisabled = true
    CLASS_NAME = "com.ibm.ws.webcontainer.servlet.ServletWrapper"
    nls = class com.ibm.ejs.ras.TraceNLS@5b2075dd
      resolver = class com.ibm.ws.logging.internal.TraceNLSResolver@3f64ac35
      finder = null
      ivBundleName = "com.ibm.ws.webcontainer.resources.Messages"
      caller = class java.lang.Class@33436e3c
    servletConfig = class com.ibm.ws.webcontainer.servlet.ServletConfig@61ba6c78
      logger = class com.ibm.ws.logging.internal.WsLogger@73bac718
      CLASS_NAME = "com.ibm.ws.webcontainer.servlet.ServletConfig"
      nls = class com.ibm.ejs.ras.TraceNLS@517b749a
      liberty_nls = class com.ibm.ejs.ras.TraceNLS@32c4e3f5
      enabled = true
      servletName = "Prueba"
      className = "Servlet.Servlet"
      mappings = class java.util.ArrayList@2846575b
      startUpWeight = 0
      DEFAULT_STARTUP = -1
      isCachingEnabled = true
      isStatisticsEnabled = true
      isInternal = false
      metaData = class com.ibm.ws.webcontainer.osgi.metadata.WebComponentMetaDataImpl@6e8c5837
      singleThreadModelServlet = false
      isJsp = false
      webAppConfig = class com.ibm.ws.webcontainer.osgi.webapp.WebAppConfiguration@b7213a4
      servletWrapper = class com.ibm.ws.webcontainer.osgi.servlet.ServletWrapper@7898f990
      servletClass = null
      servlet = null
      addedToLoadOnStartup = true
      previousWeight = null
      multipartConfig = null
      multipartConfigBaseLocation = null
      runAsRole = null
      servletSecurityElement = null
      declareRolesAnnotation = null
      logger = class com.ibm.ws.logging.internal.WsLogger@73bac718
      CLASS_NAME = "com.ibm.ws.webcontainer.servlet.TargetConfig"
      initParams = null
      fileName = null
      displayName = null
      name = "Prueba"
      description = null
      smallIcon = null
      largeIcon = null
      context = class com.ibm.ws.webcontainer40.facade.ServletContextFacade40@4d3f92c2
      className = null
      asyncSupported = false
      _id = "ServletGeneratedId1"
      _attributes = null
      serialVersionUID = 7511545662945734886
      $$$tc$$$ = class com.ibm.websphere.ras.TraceComponent@4899f895
    context = class com.ibm.ws.webcontainer40.osgi.webapp.WebApp40@22dca884
    target = class Servlet.Servlet@6e793745
      logicfactory = class Trees.ServerDragons@5871dac5
      METHOD_DELETE = "DELETE"
      METHOD_HEAD = "HEAD"
      METHOD_GET = "GET"
      METHOD_OPTIONS = "OPTIONS"
      METHOD_POST = "POST"
      METHOD_PUT = "PUT"
      METHOD_TRACE = "TRACE"
      HEADER_IFMODSINCE = "If-Modified-Since"
      HEADER_LASTMOD = "Last-Modified"
      LSTRING_FILE = "javax.servlet.http.LocalStrings"
      lStrings = class java.util.PropertyResourceBundle@259dd2c5
      LSTRING_FILE = "javax.servlet.LocalStrings"
      lStrings = class java.util.PropertyResourceBundle@e4d2821
      config = class com.ibm.ws.webcontainer.servlet.ServletConfig@61ba6c78
    cacheWrappers = null
    targetLoader = class com.ibm.ws.classloading.internal.ThreadContextClassLoader@1b4cfb8a
      tc = class com.ibm.websphere.ras.TraceComponent@a62e549
      bundle = class java.util.concurrent.atomic.AtomicReference@6fee103
      key = "WebModule:web_war_exploded#web_war_exploded"
      refCount = class java.util.concurrent.atomic.AtomicInteger@6392efc0
      appLoader = class com.ibm.ws.classloading.internal.AppClassLoader@d229d59
      clSvc = class com.ibm.ws.classloading.internal.ClassLoadingServiceImpl@73bd1ff
      serialVersionUID = 846416563800781557
      followOnClassLoaders = class java.util.ArrayList@294246ba
      serialVersionUID = -5107316606107305512
      $$$tc$$$ = class com.ibm.websphere.ras.TraceComponent@16e0fbc9
      serialVersionUID = -4868702105808481416
      $$$tc$$$ = class com.ibm.websphere.ras.TraceComponent@19e55c5
      serialVersionUID = 2596921220292114344
      $$$tc$$$ = class com.ibm.websphere.ras.TraceComponent@1114d1f
      initialized = true
      pdcache = class java.util.HashMap@7612031c
      debug = null
      parent = class com.ibm.ws.classloading.internal.GatewayClassLoader@6e0f6fe9
      parallelLockMap = null
      package2certs = class java.util.Hashtable@4d5efcf2
      nocerts = class java.security.cert.Certificate[0]
      classes = class java.util.Vector@420e124c
      defaultDomain = class java.security.ProtectionDomain@78b5cd0b
      domains = class java.util.HashSet@1ed92be2
      packages = class java.util.HashMap@245afda7
      scl = class sun.misc.Launcher$AppClassLoader@18b4aac2
      sclSet = true
      loadedLibraryNames = class java.util.Vector@16741712
      systemNativeLibraries = class java.util.Vector@407f4d42
      nativeLibraries = class java.util.Vector@172ef894
      nativeLibraryContext = class java.util.Stack@646a9813
      usr_paths = class java.lang.String[23]
      sys_paths = class java.lang.String[1]
      assertionLock = class com.ibm.ws.classloading.internal.ThreadContextClassLoader@1b4cfb8a
      defaultAssertionStatus = false
      packageAssertionStatus = null
      classAssertionStatus = null
    evtSource = class com.ibm.ws.webcontainer.webapp.WebAppEventSource@4b5eaf95
      _invocationListeners = class com.ibm.ws.webcontainer.util.EventListeners@220681f8
      _servletListeners = class com.ibm.ws.webcontainer.util.EventListeners@3535b49b
      _errorListeners = class com.ibm.ws.webcontainer.util.EventListeners@7e27f91e
      _applicationListeners = class com.ibm.ws.webcontainer.util.EventListeners@4b5e6d7b
      _filterInvocationListeners = class com.ibm.ws.webcontainer.util.EventListeners@5d413ca9
      _filterListeners = class com.ibm.ws.webcontainer.util.EventListeners@45c8daf6
      _filterErrorListeners = class com.ibm.ws.webcontainer.util.EventListeners@4e62458
    event = class com.ibm.websphere.servlet.event.ServletEvent@1308b5be
      serialVersionUID = 3906650803920713522
      _servletName = "Prueba"
      _servletClassName = "Servlet.Servlet"
      $$$tc$$$ = class com.ibm.websphere.ras.TraceComponent@bdc72f0
      serialVersionUID = 3546927969739289392
      _context = class com.ibm.ws.webcontainer40.facade.ServletContextFacade40@4d3f92c2
      _servletNames = class com.ibm.ws.webcontainer.util.EmptyEnumeration@3ece3961
      $$$tc$$$ = class com.ibm.websphere.ras.TraceComponent@541427b6
      serialVersionUID = 5516075349620653480
      source = class com.ibm.ws.webcontainer.osgi.servlet.ServletWrapper@7898f990
    unavailableMessage = null
    unavailableUntil = -1
    isSTM = false
    internalServlet = false
    webAppInvocationCollaborators = null
    platformHelper = class com.ibm.ws.webcontainer.PlatformHelper@2163d20b
    webAppNameSpaceCollab = class com.ibm.ws.webcontainer.osgi.collaborator.WebAppNameSpaceCollaboratorImpl@6870a7d
      cmdai = class com.ibm.ws.threadContext.ComponentMetaDataAccessorImpl@5548c4ba
    txCollab = class com.ibm.ws.transaction.services.WebAppTransactionCollaboratorImpl@381b2f3f
      tc = class com.ibm.websphere.ras.TraceComponent@5aa978d1
      ltCurrentRef = class com.ibm.wsspi.kernel.service.utils.AtomicServiceReference@11ad825e
      tranMgrRef = class com.ibm.wsspi.kernel.service.utils.AtomicServiceReference@647b0c44
      userTranRef = class com.ibm.wsspi.kernel.service.utils.AtomicServiceReference@652b8f64
      uowCallbackRef = class com.ibm.wsspi.kernel.service.utils.AtomicServiceReference@3143d0d9
      serialVersionUID = -8319003162899973281
    connCollab = class com.ibm.ws.webcontainer.collaborator.ConnectionCollaborator@6e68d8c7
    suppressServletExceptionLogging = false
    throwExceptionEnum = class java.util.RegularEnumSet@51a4ac8b
      serialVersionUID = 3411599620347842686
      elements = 256
      elementType = class java.lang.Class@6bb3c184
      universe = class com.ibm.wsspi.webcontainer.collaborator.CollaboratorInvocationEnum[9]
      ZERO_LENGTH_ENUM_ARRAY = class java.lang.Enum[0]
      MAX_ARRAY_SIZE = 2147483639
    discernUnavailableServlet = false
    reInitServletonInitUnavailableException = true
    destroyServletonServiceUnavailableException = false
    servlet23 = true
    PARAMS_HEAD_TRACE = class java.lang.Class[2]
      Class[0] = class java.lang.Class@333c6208
      Class[1] = class java.lang.Class@789b650c
    defaultHeadMethodInUse = false
    defaultTraceMethodInUse = false
    checkedForDefaultMethods = null
    defaultTraceRequestBehavior = false
    defaultHeadRequestBehavior = false
    useOriginalRequestState = false
    warningStatusSet = false
    LSTRING_FILE = "javax.servlet.LocalStrings"
    lStrings = class java.util.PropertyResourceBundle@e4d2821
      lookup = class java.util.HashMap@27b348eb
      INITIAL_CACHE_SIZE = 32
      NONEXISTENT_BUNDLE = class java.util.ResourceBundle$1@7fd55026
      cacheList = class java.util.concurrent.ConcurrentHashMap@5c6ba2a4
      referenceQueue = class java.lang.ref.ReferenceQueue@5e2ecefe
      parent = null
      locale = class java.util.Locale@5e8925b6
      name = "javax.servlet.LocalStrings"
      expired = false
      cacheKey = class java.util.ResourceBundle$CacheKey@68ce010f
      keySet = null
      providers = null
      $assertionsDisabled = true
    config = null
  _filtersDefined = true
  logger = class com.ibm.ws.logging.internal.WsLogger@7e1fc19a
    tc = class com.ibm.websphere.ras.TraceComponent@211dfa7d
      strings[0] = "TraceComponent[com.ibm.ws.logging.internal.WsLogger,class com.ibm.ws.logging.internal.WsLogger,[logging],com.ibm.ws.logging.internal.resources.LoggingMessages,null]"
    ivCachedResourceBundleName = null
    ivCachedResourceBundle = null
    ivComponent = null
    ivOrganization = null
    ivProduct = null
    ivMinimumLocalizationLevelIntValue = 625
    ivTC = class com.ibm.websphere.ras.TraceComponent@723a161e
      strings[0] = "TraceComponent[com.ibm.ws.webcontainer.filter,class com.ibm.wsspi.webcontainer.logging.LoggerFactory$1,[com.ibm.ws.webcontainer.filter],null,null]"
    loggerRegistrationComponent = class java.lang.ThreadLocal@23e45e06
      threadLocalHashCode = -1457684129
      nextHashCode = class java.util.concurrent.atomic.AtomicInteger@4a32b272
      HASH_INCREMENT = 1640531527
    emptyHandlers = class java.util.logging.Handler[0]
    offValue = 2147483647
    SYSTEM_LOGGER_RB_NAME = "sun.util.logging.resources.logging"
    SYSTEM_BUNDLE = class java.util.logging.Logger$LoggerBundle@1c9c6699
      resourceBundleName = "sun.util.logging.resources.logging"
      userBundle = null
    NO_RESOURCE_BUNDLE = class java.util.logging.Logger$LoggerBundle@1180ced3
      resourceBundleName = null
      userBundle = null
    manager = class com.ibm.ws.kernel.boot.logging.WsLogManager@1095b68b
      CLASS_NAME = "com.ibm.ws.kernel.boot.logging.WsLogManager"
      CONFIGURE_BY_SERVER_PROPERTY_NAME = "java.util.logging.configureByServer"
      CONFIGURE_BY_LOGGING_PROPERTIES_FILE = "java.util.logging.configureByLoggingPropertiesFile"
      configureByServer = true
      configureByLoggingProperties = false
      wsLogger = class java.lang.reflect.Constructor@67537657
      resetEnabled = true
      svBinaryLoggingEnable = false
      manager = class com.ibm.ws.kernel.boot.logging.WsLogManager@1095b68b
      props = class java.util.Properties@57776eeb
      defaultLevel = class java.util.logging.Level@40622c35
      listenerMap = class java.util.HashMap@1a58f4d2
      systemContext = class java.util.logging.LogManager$SystemLoggerContext@66c5d800
      userContext = class java.util.logging.LogManager$LoggerContext@585f00c8
      rootLogger = class java.util.logging.LogManager$RootLogger@34b32d1e
      readPrimordialConfiguration = true
      initializedGlobalHandlers = true
      deathImminent = false
      initializedCalled = true
      initializationDone = true
      contextsMap = null
      loggerRefQueue = class java.lang.ref.ReferenceQueue@6990b13e
      MAX_ITERATIONS = 400
      controlPermission = class java.util.logging.LoggingPermission@21dd71d4
      loggingMXBean = null
      LOGGING_MXBEAN_NAME = "java.util.logging:type=Logging"
      $assertionsDisabled = true
    name = "com.ibm.ws.webcontainer.filter"
    handlers = class java.util.concurrent.CopyOnWriteArrayList@77c1e8e5
      serialVersionUID = 8673264195747942595
      lock = class java.util.concurrent.locks.ReentrantLock@1762c661
      array = class java.lang.Object[0]
      UNSAFE = class sun.misc.Unsafe@6e074767
      lockOffset = 12
    loggerBundle = class java.util.logging.Logger$LoggerBundle@896f02a
      resourceBundleName = "com.ibm.ws.webcontainer.resources.Messages"
      userBundle = null
    useParentHandlers = true
    filter = null
    anonymous = false
    catalog = class com.ibm.ws.webcontainer.resources.Messages@1f7751bd
      resources = class [Ljava.lang.Object;[332]
      lookup = class java.util.HashMap@20008e7
      INITIAL_CACHE_SIZE = 32
      NONEXISTENT_BUNDLE = class java.util.ResourceBundle$1@7fd55026
      cacheList = class java.util.concurrent.ConcurrentHashMap@5c6ba2a4
      referenceQueue = class java.lang.ref.ReferenceQueue@5e2ecefe
      parent = null
      locale = class java.util.Locale@5e8925b6
      name = "com.ibm.ws.webcontainer.resources.Messages"
      expired = false
      cacheKey = class java.util.ResourceBundle$CacheKey@b080a21
      keySet = null
      providers = null
      $assertionsDisabled = true
    catalogName = "com.ibm.ws.webcontainer.resources.Messages"
    catalogLocale = class java.util.Locale@22eb9d36
      LOCALECACHE = class java.util.Locale$Cache@5113facf
      ENGLISH = class java.util.Locale@1752a3d3
      FRENCH = class java.util.Locale@3cc101a9
      GERMAN = class java.util.Locale@20d6ea2d
      ITALIAN = class java.util.Locale@6e5db97a
      JAPANESE = class java.util.Locale@6c93d359
      KOREAN = class java.util.Locale@58eb5b2b
      CHINESE = class java.util.Locale@4f7b4599
      SIMPLIFIED_CHINESE = class java.util.Locale@4ceea365
      TRADITIONAL_CHINESE = class java.util.Locale@3e15a8ba
      FRANCE = class java.util.Locale@3ca59e50
      GERMANY = class java.util.Locale@29e753d0
      ITALY = class java.util.Locale@10ab3802
      JAPAN = class java.util.Locale@36812d5
      KOREA = class java.util.Locale@13af4bf6
      CHINA = class java.util.Locale@4ceea365
      PRC = class java.util.Locale@4ceea365
      TAIWAN = class java.util.Locale@3e15a8ba
      UK = class java.util.Locale@45e380
      US = class java.util.Locale@22eb9d36
      CANADA = class java.util.Locale@4967b0a2
      CANADA_FRENCH = class java.util.Locale@a5aede1
      ROOT = class java.util.Locale@5e8925b6
      PRIVATE_USE_EXTENSION = x
      UNICODE_LOCALE_EXTENSION = u
      serialVersionUID = 9149081749638150636
      DISPLAY_LANGUAGE = 0
      DISPLAY_COUNTRY = 1
      DISPLAY_VARIANT = 2
      DISPLAY_SCRIPT = 3
      baseLocale = class sun.util.locale.BaseLocale@63c3e7a7
      localeExtensions = null
      hashCodeValue = 96636889
      defaultLocale = class java.util.Locale@22eb9d36
      defaultDisplayLocale = null
      defaultFormatLocale = class java.util.Locale@22eb9d36
      languageTag = "en-US"
      serialPersistentFields = class java.io.ObjectStreamField[6]
      isoLanguages = null
      isoCountries = null
      $assertionsDisabled = true
    treeLock = class java.lang.Object@5a95cf4e
    parent = class com.ibm.ws.logging.internal.WsLogger@653d7396
      tc = class com.ibm.websphere.ras.TraceComponent@211dfa7d
      ivCachedResourceBundleName = "com.ibm.ws.webcontainer.resources.Messages"
      ivCachedResourceBundle = class com.ibm.ws.webcontainer.resources.Messages@2cd26a90
      ivComponent = null
      ivOrganization = null
      ivProduct = null
      ivMinimumLocalizationLevelIntValue = 625
      ivTC = class com.ibm.websphere.ras.TraceComponent@43ae80ff
      loggerRegistrationComponent = class java.lang.ThreadLocal@23e45e06
      emptyHandlers = class java.util.logging.Handler[0]
      offValue = 2147483647
      SYSTEM_LOGGER_RB_NAME = "sun.util.logging.resources.logging"
      SYSTEM_BUNDLE = class java.util.logging.Logger$LoggerBundle@1c9c6699
      NO_RESOURCE_BUNDLE = class java.util.logging.Logger$LoggerBundle@1180ced3
      manager = class com.ibm.ws.kernel.boot.logging.WsLogManager@1095b68b
      name = "com.ibm.ws.webcontainer"
      handlers = class java.util.concurrent.CopyOnWriteArrayList@2ba54e17
      loggerBundle = class java.util.logging.Logger$LoggerBundle@3b1d008b
      useParentHandlers = true
      filter = null
      anonymous = false
      catalog = class com.ibm.ws.webcontainer.resources.Messages@2cd26a90
      catalogName = "com.ibm.ws.webcontainer.resources.Messages"
      catalogLocale = class java.util.Locale@22eb9d36
      treeLock = class java.lang.Object@5a95cf4e
      parent = class java.util.logging.Logger@3b815327
      kids = class java.util.ArrayList@278cd017
      levelObject = class java.util.logging.Level@40622c35
      levelValue = 800
      callersClassLoaderRef = class java.lang.ref.WeakReference@26d8e707
      isSystemLogger = false
      GLOBAL_LOGGER_NAME = "global"
      global = class java.util.logging.Logger@442a2705
      $assertionsDisabled = true
    kids = null
    levelObject = class java.util.logging.Level@40622c35
      defaultBundle = "sun.util.logging.resources.logging"
      name = "INFO"
      value = 800
      resourceBundleName = "sun.util.logging.resources.logging"
      localizedLevelName = "INFO"
      cachedLocale = class java.util.Locale@22eb9d36
      OFF = class java.util.logging.Level@3a10cddd
      SEVERE = class java.util.logging.Level@4e02d3d5
      WARNING = class java.util.logging.Level@2d6c9971
      INFO = class java.util.logging.Level@40622c35
      CONFIG = class java.util.logging.Level@6e4d69a0
      FINE = class java.util.logging.Level@520f2f91
      FINER = class java.util.logging.Level@acbd27e
      FINEST = class java.util.logging.Level@43a57547
      ALL = class java.util.logging.Level@462014fa
      serialVersionUID = -8176160795706313070
    levelValue = 800
    callersClassLoaderRef = class java.lang.ref.WeakReference@3e9e0b22
      referent = class org.eclipse.osgi.internal.loader.EquinoxClassLoader@75b2b158
      queue = class java.lang.ref.ReferenceQueue$Null@b1d7e91
      next = null
      discovered = null
      lock = class java.lang.ref.Reference$Lock@3b765433
      pending = null
    isSystemLogger = false
    GLOBAL_LOGGER_NAME = "global"
    global = class java.util.logging.Logger@442a2705
      emptyHandlers = class java.util.logging.Handler[0]
      offValue = 2147483647
      SYSTEM_LOGGER_RB_NAME = "sun.util.logging.resources.logging"
      SYSTEM_BUNDLE = class java.util.logging.Logger$LoggerBundle@1c9c6699
      NO_RESOURCE_BUNDLE = class java.util.logging.Logger$LoggerBundle@1180ced3
      manager = class com.ibm.ws.kernel.boot.logging.WsLogManager@1095b68b
      name = "global"
      handlers = class java.util.concurrent.CopyOnWriteArrayList@7592a20f
      loggerBundle = class java.util.logging.Logger$LoggerBundle@1180ced3
      useParentHandlers = true
      filter = null
      anonymous = false
      catalog = null
      catalogName = null
      catalogLocale = null
      treeLock = class java.lang.Object@5a95cf4e
      parent = class java.util.logging.LogManager$RootLogger@34b32d1e
      kids = null
      levelObject = null
      levelValue = 800
      callersClassLoaderRef = null
      isSystemLogger = true
      GLOBAL_LOGGER_NAME = "global"
      global = class java.util.logging.Logger@442a2705
      $assertionsDisabled = true
    $assertionsDisabled = true
  CLASS_NAME = "com.ibm.ws.webcontainer.filter.WebAppFilterChain"
  webapp = class com.ibm.ws.webcontainer40.osgi.webapp.WebApp40@22dca884
    tc = class com.ibm.websphere.ras.TraceComponent@2e7aba1c
      strings[0] = "TraceComponent[com.ibm.ws.webcontainer40.osgi.webapp.WebApp40,class com.ibm.ws.webcontainer40.osgi.webapp.WebApp40,[webcontainer],com.ibm.ws.webcontainer31.resources.Messages,null]"
    servlet40NLS = class com.ibm.ejs.ras.TraceNLS@527f5769
      resolver = class com.ibm.ws.logging.internal.TraceNLSResolver@3f64ac35
      finder = null
      ivBundleName = "com.ibm.ws.webcontainer40.resources.Messages"
      caller = class java.lang.Class@26cb67cf
    CLASS_NAME = "com.ibm.ws.webcontainer40.osgi.webapp.WebApp40"
    defaultSessionTimeout = 30
    tc = class com.ibm.websphere.ras.TraceComponent@67e0d021
      strings[0] = "TraceComponent[com.ibm.ws.webcontainer31.osgi.webapp.WebApp31,class com.ibm.ws.webcontainer31.osgi.webapp.WebApp31,[webcontainer],com.ibm.ws.webcontainer31.resources.Messages,null]"
    CLASS_NAME = "com.ibm.ws.webcontainer31.osgi.webapp.WebApp31"
    servlet31NLS = class com.ibm.ejs.ras.TraceNLS@2ec027a2
      resolver = class com.ibm.ws.logging.internal.TraceNLSResolver@3f64ac35
      finder = null
      ivBundleName = "com.ibm.ws.webcontainer31.resources.Messages"
      caller = class java.lang.Class@49ab0296
    validListenerClasses = class java.lang.Class[7]
      Class[0] = class java.lang.Class@5a22ee3b
      Class[1] = class java.lang.Class@76fd2c63
      Class[2] = class java.lang.Class@357048ad
      Class[3] = class java.lang.Class@77c5fb92
      Class[4] = class java.lang.Class@3a5b9067
      Class[5] = class java.lang.Class@25da2d7b
      Class[6] = class java.lang.Class@4c21dad3
    wsocServHandler = class com.ibm.ws.wsoc.external.WsocHandlerImpl@7b2419b5
      tc = class com.ibm.websphere.ras.TraceComponent@3bcf5925
      noMoreAddsCalled = true
      serialVersionUID = -2067291126638824067
    tc = class com.ibm.websphere.ras.TraceComponent@5b043d3a
      strings[0] = "TraceComponent[com.ibm.ws.webcontainer.osgi.webapp.WebApp,class com.ibm.ws.webcontainer.osgi.webapp.WebApp,[webcontainer],com.ibm.ws.webcontainer.resources.LShimMessages,null]"
    CLASS_NAME = "com.ibm.ws.webcontainer.osgi.webapp.WebApp"
    metaDataService = class com.ibm.ws.container.service.metadata.internal.MetaDataServiceImpl@4558dc31
      applicationMetaDataManager = class com.ibm.ws.container.service.metadata.internal.ApplicationMetaDataManager@83b67
      moduleMetaDataManager = class com.ibm.ws.container.service.metadata.internal.ModuleMetaDataManager@12c4b6ff
      componentMetaDataManager = class com.ibm.ws.container.service.metadata.internal.ComponentMetaDataManager@4a6ff954
      methodMetaDataManager = class com.ibm.ws.container.service.metadata.internal.MethodMetaDataManager@131a72da
      appModuleNameToModuleContainer = class java.util.concurrent.ConcurrentHashMap@5208a0dd
      jeeNameToComponentMetaData = class java.util.concurrent.ConcurrentHashMap@654c872d
      deferredMetaDataFactories = class com.ibm.wsspi.kernel.service.utils.ConcurrentServiceReferenceSet@505c6789
      deferredMetaDataInitializers = class com.ibm.wsspi.kernel.service.utils.ConcurrentServiceReferenceMap@101043fa
      serialVersionUID = -2494605732980966097
      $$$tc$$$ = class com.ibm.websphere.ras.TraceComponent@48e09943
    namespacePopulated = false
    referenceContext = class com.ibm.ws.injectionengine.osgi.internal.OSGiReferenceContextImpl@6edd256d
      scopeData = class com.ibm.ws.injectionengine.osgi.internal.OSGiInjectionScopeData@77078835
      serialVersionUID = 521511923892134915
      $$$tc$$$ = class com.ibm.websphere.ras.TraceComponent@11308da0
      CLASS_NAME = "com.ibm.ws.injectionengine.ReferenceContextImpl"
      tc = class com.ibm.websphere.ras.TraceComponent@638af972
      ivInjectionEngine = class com.ibm.ws.injectionengine.osgi.internal.OSGiInjectionEngineImpl@27a90241
      ivProviders = class java.util.ArrayList@43b940e3
      ivComponentJavaContext = null
      ivComponentNameSpace = null
      ivJavaColonCompEnvMap = class java.util.LinkedHashMap@5d9e6827
      ivEjbContext10 = class java.util.Properties@5714fd
      ivResourceRefConfigList = null
      isAlreadyProcessed = true
      ivProcessFailure = null
      ivInjectionTargetMap = class java.util.concurrent.ConcurrentHashMap@6f83b5bc
      svInjTarMapCacheSize = 256
      ivDeclaredInjectionTargets = class java.util.HashMap@66b44ef7
      ivProcessedInjectionClasses = class java.util.HashSet@4845cd56
      ivProcessedInjectionBindings = class java.util.LinkedHashSet@708dc85f
      ivAnyProcessDynamic = true
      ivCheckAppConfig = false
    j2eeNameFactory = class com.ibm.ws.container.service.metadata.internal.J2EENameFactoryImpl@504051a8
      serialVersionUID = 3486344295038028821
      $$$tc$$$ = class com.ibm.websphere.ras.TraceComponent@26a9f7c0
    moduleLoader = class com.ibm.ws.classloading.internal.AppClassLoader@d229d59
      tc = class com.ibm.websphere.ras.TraceComponent@6d8bcae9
      PARENT_FIRST_SEARCH_ORDER = class java.util.Collections$UnmodifiableRandomAccessList@2dc21511
      CLASS_LOADING_TRACE_PREFIX = "com.ibm.ws.class.load."
      DEFAULT_PACKAGE = "default.package"
      perPackageClassLoadingTraceComponents = class java.util.concurrent.ConcurrentHashMap@1f7b263e
      config = class com.ibm.ws.classloading.internal.ClassLoaderConfigurationImpl@34185a3d
      privateLibraries = null
      delegateLoaders = class com.ibm.ws.classloading.internal.util.CompositeIterable@27e63510
      nativeLibraryFiles = class java.util.ArrayList@1a31c660
      transformers = class java.util.ArrayList@5cbd49ce
      apiAccess = class com.ibm.ws.classloading.internal.GatewayClassLoader@6b215f7d
      generator = class com.ibm.ws.classloading.internal.ClassGeneratorManager@2a0239d6
      protectionDomains = class java.util.concurrent.ConcurrentHashMap@3c5ac733
      parent = class com.ibm.ws.classloading.internal.GatewayClassLoader@6b215f7d
      serialVersionUID = 952643806680066297
      tc = class com.ibm.websphere.ras.TraceComponent@321e24f2
      EMPTY_URL_ARRAY = class java.net.URL[0]
      smartClassPath = class com.ibm.ws.classloading.internal.ContainerClassLoader$SmartClassPathImpl@1e09cbe0
      nativeLibraryContainers = class java.util.ArrayList@25fe9d7e
      redefiner = class com.ibm.ws.classloading.internal.util.ClassRedefiner@4f77b5ad
      mapCreationQueue = class java.util.concurrent.Executors$FinalizableDelegatedExecutorService@75324a9
      serialVersionUID = 7249739282446266343
      serialVersionUID = -7411549862368381758
      $$$tc$$$ = class com.ibm.websphere.ras.TraceComponent@5a5806ab
      serialVersionUID = -4868702105808481416
      $$$tc$$$ = class com.ibm.websphere.ras.TraceComponent@19e55c5
      serialVersionUID = 2596921220292114344
      $$$tc$$$ = class com.ibm.websphere.ras.TraceComponent@1114d1f
      initialized = true
      pdcache = class java.util.HashMap@691db81
      debug = null
      parent = class com.ibm.ws.classloading.internal.GatewayClassLoader@6b215f7d
      parallelLockMap = null
      package2certs = class java.util.Hashtable@74b9cc23
      nocerts = class java.security.cert.Certificate[0]
      classes = class java.util.Vector@6a51d871
      defaultDomain = class java.security.ProtectionDomain@103522aa
      domains = class java.util.HashSet@1870aefe
      packages = class java.util.HashMap@2212b107
      scl = class sun.misc.Launcher$AppClassLoader@18b4aac2
      sclSet = true
      loadedLibraryNames = class java.util.Vector@16741712
      systemNativeLibraries = class java.util.Vector@407f4d42
      nativeLibraries = class java.util.Vector@46e47764
      nativeLibraryContext = class java.util.Stack@646a9813
      usr_paths = class java.lang.String[23]
      sys_paths = class java.lang.String[1]
      assertionLock = class com.ibm.ws.classloading.internal.AppClassLoader@d229d59
      defaultAssertionStatus = false
      packageAssertionStatus = null
      classAssertionStatus = null
    webAppConfig = class com.ibm.ws.webcontainer.osgi.webapp.WebAppConfiguration@b7213a4
      webModuleMetaData = class com.ibm.ws.webcontainer.osgi.metadata.WebModuleMetaDataImpl@6e66bf01
      webComponentMetaData = class com.ibm.ws.webcontainer.osgi.metadata.WebComponentMetaDataImpl@4d282140
      dVirtualHost = class com.ibm.ws.webcontainer.osgi.DynamicVirtualHost@d8b41c0
      orderedLibPaths = class java.util.Collections$UnmodifiableRandomAccessList@4afc1567
      bundleHeaders = null
      cdiEnabled = false
      CLASS_NAME = "com.ibm.ws.webcontainer.webapp.WebAppConfiguration"
      logger = class com.ibm.ws.logging.internal.WsLogger@77bb23d4
      tc = class com.ibm.websphere.ras.TraceComponent@76db87f8
      nls = class com.ibm.ejs.ras.TraceNLS@c6e27bb
      version = 25
      contextRoot = "/web_war_exploded"
      isDefaultContextRootUsed = true
      sessionTimeout = 0
      moduleSessionTimeoutSet = false
      moduleSessionTrackingModeSet = false
      sessionCookieConfig = class com.ibm.ws.session.SessionCookieConfigImpl@5fe4ccc0
      hasProgrammaticCookieConfig = false
      sessionDefaultTrackingModeSet = class java.util.RegularEnumSet@304d7fdb
      sessionManagerConfig = class com.ibm.ws.session.SessionManagerConfig@6fdfee21
      displayName = "web_war_exploded"
      description = null
      reloadInterval = 0
      distributable = false
      denyUncoveredHttpMethods = false
      reloadingEnabled = false
      serveServletsByClassnameEnabled = false
      defaultErrorPage = null
      additionalClassPath = null
      fileServingEnabled = null
      directoryBrowsingEnabled = false
      autoRequestEncoding = false
      autoResponseEncoding = false
      autoLoadFilters = false
      requestListeners = null
      requestAttributeListeners = null
      sessionListeners = null
      localeMap = null
      moduleName = "web_war_exploded"
      j2eeModuleName = "web_war_exploded"
      moduleId = null
      isSyncToThreadEnabled = false
      encodeDispatchedRequestURI = false
      isSystemApp = false
      ardEnabled = false
      ardDispatchType = null
      listeners = class java.util.ArrayList@12f14f9e
      welcomeFileList = class java.util.ArrayList@6b0a03cc
      servletMappings = class java.util.HashMap@30621ad1
      lastIndexBeforeDeclaredFilters = 1
      filterMappings = class java.util.ArrayList@205c441a
      servletInfo = class java.util.concurrent.ConcurrentHashMap@38497230
      filterInfo = class java.util.HashMap@3661296
      mimeMappings = class java.util.HashMap@237224b9
      mimeFilters = null
      isMimeFilteringEnabled = false
      theWebGroup = null
      jspAttributes = class java.util.HashMap@61ccc859
      fileServingAttributes = class java.util.HashMap@12e7fea2
      invokerAttributes = class java.util.HashMap@21a6acca
      contextParams = class java.util.HashMap@134303ab
      virtualHost = "default_host"
      exceptionErrorPages = class java.util.HashMap@144a8f9a
      codeErrorPages = class java.util.HashMap@3975615f
      tagLibList = null
      precompileJsps = false
      webApp = class com.ibm.ws.webcontainer40.osgi.webapp.WebApp40@22dca884
      virtualHostList = class java.util.Collections$EmptyList@2d214a47
      appStartupWeight = 0
      moduleStartupWeight = 0
      metaDataComplete = false
      classesToScan = class java.util.ArrayList@26744a13
      uriFilterMappingInfos = class java.util.ArrayList@66822718
      servletFilterMappingInfos = null
      dynamicServletRegistrationMap = null
      applicationName = "web_war_exploded"
      libBinPathList = class java.util.ArrayList@74efdd0e
      webXmlDefinedListeners = class java.util.HashSet@53bbc2a6
      allRefs = class java.util.EnumMap@571b2e10
      allRefBindings = class java.util.EnumMap@2056790c
      envEntryValues = class java.util.HashMap@2adbc7a5
      resourceRefConfigList = null
      disallowAllFileServingProp = "false"
      disallowServeServletsByClassnameProp = "true"
      disableStaticMappingCache = false
      jspCachedLocations = class java.util.HashMap@27789eaa
      primedSTSHeader = "NoValue"
      enablemultireadofpostdata = false
      requestEncoding = null
      responseEncoding = null
      NULLSERVLETNAME = "com.ibm.ws.webcontainer.NullServletName"
      _id = "WebAppGeneratedId1"
      _attributes = null
      serialVersionUID = 7511545662945734886
      $$$tc$$$ = class com.ibm.websphere.ras.TraceComponent@4899f895
    extensionProcessingDisabled = false
    managedObjectService = class com.ibm.ws.cdi.impl.managedobject.CDIManagedObjectService@311d649c
      cdiServiceRef = class com.ibm.wsspi.kernel.service.utils.AtomicServiceReference@1c308328
      defaultMOSRef = class com.ibm.wsspi.kernel.service.utils.AtomicServiceReference@7b27504f
      cdiRuntime = class com.ibm.ws.cdi.liberty.CDIRuntimeImpl@1f1c5014
      serialVersionUID = 6431825704414919683
      $$$tc$$$ = class com.ibm.websphere.ras.TraceComponent@b22ea2e
    GenPluginCfgMB = null
    internalServletMetaData = interface com.ibm.wsspi.webcontainer.metadata.WebComponentMetaData[2]
      WebComponentMetaData[0] = null
      WebComponentMetaData[1] = null
    loginProcessor = null
    logoutProcessor = null
    collabHelper = class com.ibm.ws.webcontainer.osgi.collaborator.CollaboratorHelperImpl@3f73ae3
    envObject = class com.ibm.ws.util.WSThreadLocal@12b51170
      tc = class com.ibm.ejs.ras.TraceComponent@5f61b23d
      count = 10
      index = 3
      SUSPECTED_MISUSAGE_THRESHOLD = 200
      threadLocalHashCode = 693320325
      nextHashCode = class java.util.concurrent.atomic.AtomicInteger@4a32b272
      HASH_INCREMENT = 1640531527
    orderedLibPaths = class java.util.Collections$UnmodifiableRandomAccessList@4afc1567
      serialVersionUID = -2542308836966382001
      serialVersionUID = -283967356065247728
      list = class java.util.ArrayList@1067af23
      serialVersionUID = 1820017752578914078
      c = class java.util.ArrayList@1067af23
    perm = class com.ibm.websphere.security.WebSphereRuntimePermission@2441cadb
      serialVersionUID = -3306242789188168337
      $$$tc$$$ = class com.ibm.websphere.ras.TraceComponent@2cc869ad
      serialVersionUID = 6279438298436773498
      wildcard = false
      path = "accessServletContext"
      exitVM = false
      serialVersionUID = -5636570222231596674
      name = "accessServletContext"
    WELCOME_FILE_LIST = "com.ibm.ws.webcontainer.config.WelcomeFileList"
    DIR_BROWSING_MAPPING = "__dirBrowsing__1540751733173"
    FILTER_PROXY_MAPPING = "/__filterProxy__1540751733173"
    logger = class com.ibm.ws.logging.internal.WsLogger@77bb23d4
      tc = class com.ibm.websphere.ras.TraceComponent@211dfa7d
      ivCachedResourceBundleName = null
      ivCachedResourceBundle = null
      ivComponent = null
      ivOrganization = null
      ivProduct = null
      ivMinimumLocalizationLevelIntValue = 625
      ivTC = class com.ibm.websphere.ras.TraceComponent@54c220f8
      loggerRegistrationComponent = class java.lang.ThreadLocal@23e45e06
      emptyHandlers = class java.util.logging.Handler[0]
      offValue = 2147483647
      SYSTEM_LOGGER_RB_NAME = "sun.util.logging.resources.logging"
      SYSTEM_BUNDLE = class java.util.logging.Logger$LoggerBundle@1c9c6699
      NO_RESOURCE_BUNDLE = class java.util.logging.Logger$LoggerBundle@1180ced3
      manager = class com.ibm.ws.kernel.boot.logging.WsLogManager@1095b68b
      name = "com.ibm.ws.webcontainer.webapp"
      handlers = class java.util.concurrent.CopyOnWriteArrayList@2b36635
      loggerBundle = class java.util.logging.Logger$LoggerBundle@41cf333e
      useParentHandlers = true
      filter = null
      anonymous = false
      catalog = class com.ibm.ws.webcontainer.resources.Messages@2cd26a90
      catalogName = "com.ibm.ws.webcontainer.resources.Messages"
      catalogLocale = class java.util.Locale@22eb9d36
      treeLock = class java.lang.Object@5a95cf4e
      parent = class com.ibm.ws.logging.internal.WsLogger@653d7396
      kids = null
      levelObject = class java.util.logging.Level@40622c35
      levelValue = 800
      callersClassLoaderRef = class java.lang.ref.WeakReference@7c86dffc
      isSystemLogger = false
      GLOBAL_LOGGER_NAME = "global"
      global = class java.util.logging.Logger@442a2705
      $assertionsDisabled = true
    CLASS_NAME = "com.ibm.ws.webcontainer.webapp.WebApp"
    loader = class com.ibm.ws.classloading.internal.ThreadContextClassLoader@1b4cfb8a
    facade = class com.ibm.ws.webcontainer40.facade.ServletContextFacade40@4d3f92c2
      context = class com.ibm.ws.webcontainer40.osgi.webapp.WebApp40@22dca884
    features = class java.util.ArrayList@6742e12f
      serialVersionUID = 8683452581122892189
      DEFAULT_CAPACITY = 10
      EMPTY_ELEMENTDATA = class java.lang.Object[0]
      DEFAULTCAPACITY_EMPTY_ELEMENTDATA = class java.lang.Object[0]
      elementData = class java.lang.Object[0]
      size = 0
      MAX_ARRAY_SIZE = 2147483639
      modCount = 0
      MAX_ARRAY_SIZE = 2147483639
    applicationName = "web_war_exploded"
    config = class com.ibm.ws.webcontainer.osgi.webapp.WebAppConfiguration@b7213a4
    securityEnabledForApp = true
    webExtensionProcessor = class com.ibm.ws.webcontainer.osgi.extension.WebExtensionProcessor@4d7fe80e
      webApp = class com.ibm.ws.webcontainer40.osgi.webapp.WebApp40@22dca884
      extensionContext = class com.ibm.ws.webcontainer40.osgi.webapp.WebApp40@22dca884
    production = true
    isServlet23 = true
    contextPath = "/web_war_exploded"
    internalServletList = class [Ljava.lang.String;[2]
      String[][0] = class java.lang.String[2]
      String[][1] = class java.lang.String[2]
    BY_NAME_ONLY = "/_1540751733174_/"
    filterManager = class com.ibm.ws.webcontainer.osgi.filter.WebAppFilterManagerImpl@52ece0c8
      _filterWrappers = class java.util.Hashtable@49cdc6fa
      chainCache = class java.util.Collections$SynchronizedMap@66a70202
      forwardChainCache = class java.util.Collections$SynchronizedMap@22bcb2e8
      includeChainCache = class java.util.Collections$SynchronizedMap@7370b415
      errorChainCache = class java.util.Collections$SynchronizedMap@542d5697
      _filtersDefined = true
      FMI_MAPPING_SINGLE_SLASH = 0
      FMI_MAPPING_PATH_MATCH = 1
      FMI_MAPPING_EXTENSION_MATCH = 2
      FMI_MAPPING_EXACT_MATCH = 3
      logger = class com.ibm.ws.logging.internal.WsLogger@7e1fc19a
      CLASS_NAME = "com.ibm.ws.webcontainer.filter.WebAppFilterManager"
      nls = class com.ibm.ejs.ras.TraceNLS@ac4e902
      webAppConfig = class com.ibm.ws.webcontainer.osgi.webapp.WebAppConfiguration@b7213a4
      webApp = class com.ibm.ws.webcontainer40.osgi.webapp.WebApp40@22dca884
      collabHelper = class com.ibm.ws.webcontainer.osgi.collaborator.CollaboratorHelperImpl@3f73ae3
      webAppNameSpaceCollab = class com.ibm.ws.webcontainer.osgi.collaborator.WebAppNameSpaceCollaboratorImpl@6870a7d
      secCollab = class com.ibm.ws.webcontainer.security.WebAppSecurityCollaboratorImpl@194bb25
      sessionSecurityIntegrationEnabled = true
      assumeFilterSuccessOnSecurityError = false
      useOriginalRequestState = false
      _evtSource = class com.ibm.ws.webcontainer.webapp.WebAppEventSource@4b5eaf95
      defaultComponentMetaData = class com.ibm.ws.webcontainer.osgi.metadata.WebComponentMetaDataImpl@4d282140
      DEFER_SERVLET_REQUEST_LISTENER_DESTROY_ON_ERROR = false
    documentRoot = null
    SERVLET_API_VERSION = "Servlet 2.5"
    disableServletAuditLogging = -1
    serverInfo = "IBM WebSphere Liberty/18.0.0.3"
    sessionCtx = class com.ibm.ws.webcontainer31.session.impl.HttpSessionContext31Impl@22d72823
      methodClassName = "HttpSessionContextImpl"
      _smc = class com.ibm.ws.session.SessionManagerConfig@6fdfee21
      sessionStoreService = null
      _sap = class com.ibm.ws.session.SessionApplicationParameters@7b83339c
      _coreHttpSessionManager = class com.ibm.ws.session.SessionManager@1a9f2e1a
      _coreHttpAppSessionManager = null
      _sam = class com.ibm.ws.webcontainer.session.impl.SessionAffinityManagerImpl@35e60445
      isSIPApplication = false
      sessionAttributeListener = true
      sessionListener = true
      mHttpSessionAttributeListeners = class java.util.ArrayList@1678bd1
      mHttpSessionListeners = class java.util.ArrayList@639a57b2
      mHttpSessionIdListeners = class java.util.ArrayList@964a25
      mHttpSessionAttributeListenersJ2eeNames = class java.util.ArrayList@5d7b25e
      mHttpSessionListenersJ2eeNames = class java.util.ArrayList@38538836
      mHttpSessionIdListenersJ2eeNames = class java.util.ArrayList@9c57f49
      mLocalHost = null
      _refCount = 1
      currentThreadSacHashtable = null
      methodClassName = "SessionContext"
      ANONYMOUS_USER = "anonymous"
      wasHttpSessionObserver = class com.ibm.ws.session.WasHttpSessionObserver@3b30db36
      wasHttpSessionAttributeObserver = null
      _invalidator = class com.ibm.ws.session.SessionInvalidatorWithThreadPool@3cddb4c
      _storer = class com.ibm.ws.session.EOSSessionStorer@27fbe13b
      wasHttpAppSessionObserver = null
      mHttpAppSessionListeners = null
      cmvcInfo = "CMVC Version 1.9 6/24/07 11:12:24"
      _loggedVersion = true
      CREATE_CORE_SESSION_MANAGER = 0
      GET_REQUESTED_SESSION_ID = 1
      GET_IHTTP_SESSION = 2
      SESSION_PRE_INVOKE = 3
      SESSION_POST_INVOKE = 4
      STOP = 5
      STOP_LISTENERS = 6
      IS_VALID = 7
      ENCODE_URL = 8
      SHOULD_ENCODE_URL = 9
      IS_PROTOCOL_SWITCH = 10
      GET_LOCAL_HOST = 11
      ADD_HTTP_SESSION_ATTRIBUTE_LISTENER = 12
      ADD_HTTP_SESSION_LISTENER = 13
      GET_SESSION_AFFINITY_CONTEXT = 14
      CHECK_SECURITY = 15
      INVALIDATE = 16
      CHECK_SESSSIONID_IS_RIGHT_LENGTH = 17
      LOCK_SESSION = 18
      UNLOCK_SESSION = 19
      ADD_HTTP_SESSION_ID_LISTENER = 20
      methodNames = class java.lang.String[21]
    eventSource = class com.ibm.ws.webcontainer.webapp.WebAppEventSource@4b5eaf95
    nls = class com.ibm.ejs.ras.TraceNLS@105a9bef
      resolver = class com.ibm.ws.logging.internal.TraceNLSResolver@3f64ac35
      finder = null
      ivBundleName = "com.ibm.ws.webcontainer.resources.Messages"
      caller = class java.lang.Class@dcbdc43
    liberty_nls = class com.ibm.ejs.ras.TraceNLS@55542565
      resolver = class com.ibm.ws.logging.internal.TraceNLSResolver@3f64ac35
      finder = null
      ivBundleName = "com.ibm.ws.webcontainer.resources.LShimMessages"
      caller = class java.lang.Class@dcbdc43
    error_nls = class com.ibm.ejs.ras.TraceNLS@600b75a7
      resolver = class com.ibm.ws.logging.internal.TraceNLSResolver@3f64ac35
      finder = null
      ivBundleName = "com.ibm.ws.webcontainer.resources.ErrorPage"
      caller = class java.lang.Class@dcbdc43
    sessionListeners = class java.util.ArrayList@7b86dfb5
      serialVersionUID = 8683452581122892189
      DEFAULT_CAPACITY = 10
      EMPTY_ELEMENTDATA = class java.lang.Object[0]
      DEFAULTCAPACITY_EMPTY_ELEMENTDATA = class java.lang.Object[0]
      elementData = class java.lang.Object[10]
      size = 2
      MAX_ARRAY_SIZE = 2147483639
      modCount = 3
      MAX_ARRAY_SIZE = 2147483639
    sessionIdListeners = class java.util.ArrayList@3fc7b6c9
      serialVersionUID = 8683452581122892189
      DEFAULT_CAPACITY = 10
      EMPTY_ELEMENTDATA = class java.lang.Object[0]
      DEFAULTCAPACITY_EMPTY_ELEMENTDATA = class java.lang.Object[0]
      elementData = class java.lang.Object[0]
      size = 0
      MAX_ARRAY_SIZE = 2147483639
      modCount = 0
      MAX_ARRAY_SIZE = 2147483639
    sessionAttrListeners = class java.util.ArrayList@4bccd359
      serialVersionUID = 8683452581122892189
      DEFAULT_CAPACITY = 10
      EMPTY_ELEMENTDATA = class java.lang.Object[0]
      DEFAULTCAPACITY_EMPTY_ELEMENTDATA = class java.lang.Object[0]
      elementData = class java.lang.Object[10]
      size = 1
      MAX_ARRAY_SIZE = 2147483639
      modCount = 2
      MAX_ARRAY_SIZE = 2147483639
    addedSessionListeners = class java.util.ArrayList@705121ca
      serialVersionUID = 8683452581122892189
      DEFAULT_CAPACITY = 10
      EMPTY_ELEMENTDATA = class java.lang.Object[0]
      DEFAULTCAPACITY_EMPTY_ELEMENTDATA = class java.lang.Object[0]
      elementData = class java.lang.Object[0]
      size = 0
      MAX_ARRAY_SIZE = 2147483639
      modCount = 0
      MAX_ARRAY_SIZE = 2147483639
    addedSessionAttrListeners = class java.util.ArrayList@3d673302
      serialVersionUID = 8683452581122892189
      DEFAULT_CAPACITY = 10
      EMPTY_ELEMENTDATA = class java.lang.Object[0]
      DEFAULTCAPACITY_EMPTY_ELEMENTDATA = class java.lang.Object[0]
      elementData = class java.lang.Object[0]
      size = 0
      MAX_ARRAY_SIZE = 2147483639
      modCount = 0
      MAX_ARRAY_SIZE = 2147483639
    servletContextListeners = class java.util.ArrayList@3f94ab99
      serialVersionUID = 8683452581122892189
      DEFAULT_CAPACITY = 10
      EMPTY_ELEMENTDATA = class java.lang.Object[0]
      DEFAULTCAPACITY_EMPTY_ELEMENTDATA = class java.lang.Object[0]
      elementData = class java.lang.Object[10]
      size = 5
      MAX_ARRAY_SIZE = 2147483639
      modCount = 6
      MAX_ARRAY_SIZE = 2147483639
    servletContextLAttrListeners = class java.util.ArrayList@126fe129
      serialVersionUID = 8683452581122892189
      DEFAULT_CAPACITY = 10
      EMPTY_ELEMENTDATA = class java.lang.Object[0]
      DEFAULTCAPACITY_EMPTY_ELEMENTDATA = class java.lang.Object[0]
      elementData = class java.lang.Object[10]
      size = 1
      MAX_ARRAY_SIZE = 2147483639
      modCount = 2
      MAX_ARRAY_SIZE = 2147483639
    servletRequestListeners = class java.util.ArrayList@6b49dddf
      serialVersionUID = 8683452581122892189
      DEFAULT_CAPACITY = 10
      EMPTY_ELEMENTDATA = class java.lang.Object[0]
      DEFAULTCAPACITY_EMPTY_ELEMENTDATA = class java.lang.Object[0]
      elementData = class java.lang.Object[10]
      size = 1
      MAX_ARRAY_SIZE = 2147483639
      modCount = 2
      MAX_ARRAY_SIZE = 2147483639
    servletRequestLAttrListeners = class java.util.ArrayList@6f321c97
      serialVersionUID = 8683452581122892189
      DEFAULT_CAPACITY = 10
      EMPTY_ELEMENTDATA = class java.lang.Object[0]
      DEFAULTCAPACITY_EMPTY_ELEMENTDATA = class java.lang.Object[0]
      elementData = class java.lang.Object[10]
      size = 1
      MAX_ARRAY_SIZE = 2147483639
      modCount = 2
      MAX_ARRAY_SIZE = 2147483639
    prependSlashToResource = false
    destroyed = false
    webAppNameSpaceCollab = class com.ibm.ws.webcontainer.osgi.collaborator.WebAppNameSpaceCollaboratorImpl@6870a7d
    txCollab = class com.ibm.ws.transaction.services.WebAppTransactionCollaboratorImpl@381b2f3f
    sessionActivationListeners = class java.util.ArrayList@7560ba8b
      serialVersionUID = 8683452581122892189
      DEFAULT_CAPACITY = 10
      EMPTY_ELEMENTDATA = class java.lang.Object[0]
      DEFAULTCAPACITY_EMPTY_ELEMENTDATA = class java.lang.Object[0]
      elementData = class java.lang.Object[0]
      size = 0
      MAX_ARRAY_SIZE = 2147483639
      modCount = 1
      MAX_ARRAY_SIZE = 2147483639
    sessionBindingListeners = class java.util.ArrayList@18eb6ba7
      serialVersionUID = 8683452581122892189
      DEFAULT_CAPACITY = 10
      EMPTY_ELEMENTDATA = class java.lang.Object[0]
      DEFAULTCAPACITY_EMPTY_ELEMENTDATA = class java.lang.Object[0]
      elementData = class java.lang.Object[0]
      size = 0
      MAX_ARRAY_SIZE = 2147483639
      modCount = 1
      MAX_ARRAY_SIZE = 2147483639
    scratchdir = null
    jspClassLoaderLimit = 0
    jspClassLoaderExclusionList = null
    jspClassLoadersMap = null
    jspClassLoaderLimitTrackIF = false
    defaultExtProc = null
    directoryBrowsingServlet = null
    cdiContexts = class java.util.concurrent.ConcurrentHashMap@3de9ea40
      serialVersionUID = 7249069246763182397
      MAXIMUM_CAPACITY = 1073741824
      DEFAULT_CAPACITY = 16
      MAX_ARRAY_SIZE = 2147483639
      DEFAULT_CONCURRENCY_LEVEL = 16
      LOAD_FACTOR = 0.75
      TREEIFY_THRESHOLD = 8
      UNTREEIFY_THRESHOLD = 6
      MIN_TREEIFY_CAPACITY = 64
      MIN_TRANSFER_STRIDE = 16
      RESIZE_STAMP_BITS = 16
      MAX_RESIZERS = 65535
      RESIZE_STAMP_SHIFT = 16
      MOVED = -1
      TREEBIN = -2
      RESERVED = -3
      HASH_BITS = 2147483647
      NCPU = 4
      serialPersistentFields = class java.io.ObjectStreamField[3]
      table = null
      nextTable = null
      baseCount = 0
      sizeCtl = 0
      transferIndex = 0
      cellsBusy = 0
      counterCells = null
      keySet = null
      values = null
      entrySet = null
      U = class sun.misc.Unsafe@6e074767
      SIZECTL = 20
      TRANSFERINDEX = 32
      BASECOUNT = 24
      CELLSBUSY = 36
      CELLVALUE = 144
      ABASE = 16
      ASHIFT = 2
      keySet = null
      values = null
    moduleConfig = class com.ibm.ws.webcontainer.osgi.container.DeployedModule@42c08fce
      tc = class com.ibm.websphere.ras.TraceComponent@2917b2de
      loader = class com.ibm.ws.classloading.internal.ThreadContextClassLoader@1b4cfb8a
      webApp = class com.ibm.ws.webcontainer40.osgi.webapp.WebApp40@22dca884
      webAppConfig = class com.ibm.ws.webcontainer.osgi.webapp.WebAppConfiguration@b7213a4
      contextRootAdded = null
      properContextRoot = "/web_war_exploded"
      mappingContextRoot = "/web_war_exploded/*"
      serialVersionUID = -2104814060051592457
      $$$tc$$$ = class com.ibm.websphere.ras.TraceComponent@150e6567
    extensionFactories = class java.util.ArrayList@3284d1ff
      serialVersionUID = 8683452581122892189
      DEFAULT_CAPACITY = 10
      EMPTY_ELEMENTDATA = class java.lang.Object[0]
      DEFAULTCAPACITY_EMPTY_ELEMENTDATA = class java.lang.Object[0]
      elementData = class java.lang.Object[10]
      size = 4
      MAX_ARRAY_SIZE = 2147483639
      modCount = 8
      MAX_ARRAY_SIZE = 2147483639
    initialized = true
    lock = class com.ibm.ws.webcontainer.webapp.WebApp$1@7171225b
      this$0 = class com.ibm.ws.webcontainer40.osgi.webapp.WebApp40@22dca884
    afterServletContextCreated = false
    redirectContextRoot = false
    errorExceptionTypeFirst = false
    initFilterBeforeServletInit = false
    sortedServletConfigs = class java.util.ArrayList@3386ddf
      serialVersionUID = 8683452581122892189
      DEFAULT_CAPACITY = 10
      EMPTY_ELEMENTDATA = class java.lang.Object[0]
      DEFAULTCAPACITY_EMPTY_ELEMENTDATA = class java.lang.Object[0]
      elementData = class java.lang.Object[10]
      size = 1
      MAX_ARRAY_SIZE = 2147483639
      modCount = 1
      MAX_ARRAY_SIZE = 2147483639
    effectiveMajorVersion = 2
    effectiveMinorVersion = 5
    canAddServletContextListener = true
    withinContextInitOfProgAddListener = false
    lastProgAddListenerInitialized = "com.ibm.ws.cache.CacheServiceImpl"
    webInfLibClassloader = null
    metaInfCache = class com.ibm.ws.webcontainer.webapp.WebApp$2@45c02c89
      this$0 = class com.ibm.ws.webcontainer40.osgi.webapp.WebApp40@22dca884
      serialVersionUID = 3801124242820219131
      head = null
      tail = null
      accessOrder = true
      serialVersionUID = 362498820763181265
      DEFAULT_INITIAL_CAPACITY = 16
      MAXIMUM_CAPACITY = 1073741824
      DEFAULT_LOAD_FACTOR = 0.75
      TREEIFY_THRESHOLD = 8
      UNTREEIFY_THRESHOLD = 6
      MIN_TREEIFY_CAPACITY = 64
      table = null
      entrySet = null
      size = 0
      modCount = 0
      threshold = 32
      loadFactor = 1.0
      keySet = null
      values = null
    useMetaInfCache = true
    SUN_CONFIGURE_LISTENER_CLASSNAME = "com.sun.faces.config.ConfigureListener"
    MYFACES_LIFECYCLE_LISTENER_CLASSNAME = "org.apache.myfaces.webapp.StartupServletContextListener"
    JSF_IMPL_ENABLED_PARAM = "com.ibm.ws.jsf.JSF_IMPL_ENABLED"
    JSF_IMPL_ENABLED_CUSTOM = "Custom"
    JSF_IMPL_ENABLED_NONE = "None"
    staticDocRoot = class com.ibm.ws.webcontainer.util.DocumentRootUtils@515f06e7
      logger = class com.ibm.ws.logging.internal.WsLogger@639c6017
      CLASS_NAME = "com.ibm.ws.webcontainer.util.DocumentRootUtils"
      useContentLength = false
      matchedFile = null
      matchedZipFile = null
      matchedEntry = null
      matchedURL = null
      edrRoot = null
      pfedrRoot = null
      ctxt = class com.ibm.ws.webcontainer40.osgi.webapp.WebApp40@22dca884
      baseDir = null
      edr = null
      pfedr = null
      metaInfRes = null
      searchpfEDR = false
      searchEDR = false
      searchMetaInfRes = true
      matchFromEDR = false
      matchFromMetaInfRes = false
      matchIsADirectory = false
      appConfig = class com.ibm.ws.webcontainer.osgi.webapp.WebAppConfiguration@b7213a4
      attributeType = "staticFile"
      STATIC_FILE = "staticFile"
      JSP = "jsp"
      PFEDR = "preFragmentExtendedDocumentRoot"
      EDR = "extendedDocumentRoot"
    jspDocRoot = class com.ibm.ws.webcontainer.util.DocumentRootUtils@2944856d
      logger = class com.ibm.ws.logging.internal.WsLogger@639c6017
      CLASS_NAME = "com.ibm.ws.webcontainer.util.DocumentRootUtils"
      useContentLength = false
      matchedFile = null
      matchedZipFile = null
      matchedEntry = null
      matchedURL = null
      edrRoot = null
      pfedrRoot = null
      ctxt = class com.ibm.ws.webcontainer40.osgi.webapp.WebApp40@22dca884
      baseDir = null
      edr = null
      pfedr = null
      metaInfRes = null
      searchpfEDR = false
      searchEDR = false
      searchMetaInfRes = true
      matchFromEDR = false
      matchFromMetaInfRes = false
      matchIsADirectory = false
      appConfig = class com.ibm.ws.webcontainer.osgi.webapp.WebAppConfiguration@b7213a4
      attributeType = "jsp"
      STATIC_FILE = "staticFile"
      JSP = "jsp"
      PFEDR = "preFragmentExtendedDocumentRoot"
      EDR = "extendedDocumentRoot"
    container = class com.ibm.ws.adaptable.module.internal.AdaptableContainerImpl@3848ffe7
      root = class com.ibm.ws.adaptable.module.internal.AdaptableContainerImpl@3848ffe7
      rootOverlay = class com.ibm.ws.artifact.overlay.internal.DirectoryBasedOverlayContainerImpl@2e154d3b
      factoryHolder = class com.ibm.ws.adaptable.module.internal.AdaptableModuleFactoryImpl@7659a872
      delegate = class com.ibm.ws.artifact.overlay.internal.DirectoryBasedOverlayContainerImpl@2e154d3b
      notifier = class com.ibm.ws.adaptable.module.internal.NotifierImpl@5ca71a65
      serialVersionUID = -5621513278641113667
      $$$tc$$$ = class com.ibm.websphere.ras.TraceComponent@2b3ad93b
    metaInfResourceFinder = class com.ibm.ws.webcontainer.util.MetaInfResourceFinder@69d2530f
      jarResourceContainers = class java.util.ArrayList@65cbdd38
      container = class com.ibm.ws.adaptable.module.internal.AdaptableContainerImpl@3848ffe7
    postConstructMethods = class com.ibm.ws.webcontainer.webapp.WebApp$AnnotatedMethods@2d329ed8
      annotationClass = class java.lang.Class@1022bf21
      noOpClassNames = class java.util.HashSet@789176d
      annotatedMethodNames = class java.util.concurrent.ConcurrentHashMap@67d8d5e
      EMPTY_METHODS = class java.lang.reflect.Method[0]
    preDestroyMethods = class com.ibm.ws.webcontainer.webapp.WebApp$AnnotatedMethods@473cda7
      annotationClass = class java.lang.Class@c1cc708
      noOpClassNames = class java.util.HashSet@689b734a
      annotatedMethodNames = class java.util.concurrent.ConcurrentHashMap@6b071bc5
      EMPTY_METHODS = class java.lang.reflect.Method[0]
    OBJ_EMPTY = class java.lang.Object[0]
    CLASS_EMPTY = class java.lang.Class[0]
    DEFAULT_JSP_EXTENSIONS = class java.util.ArrayList@9914fa9
      serialVersionUID = 8683452581122892189
      DEFAULT_CAPACITY = 10
      EMPTY_ELEMENTDATA = class java.lang.Object[0]
      DEFAULTCAPACITY_EMPTY_ELEMENTDATA = class java.lang.Object[0]
      elementData = class java.lang.Object[10]
      size = 4
      MAX_ARRAY_SIZE = 2147483639
      modCount = 4
      MAX_ARRAY_SIZE = 2147483639
    DEFER_SERVLET_REQUEST_LISTENER_DESTROY_ON_ERROR = false
    DO_ACCEPT_PARTIAL = true
    DO_NOT_ACCEPT_PARTIAL = false
    DO_ACCEPT_EXCLUDED = true
    DO_NOT_ACCEPT_EXCLUDED = false
    commands = class java.util.ArrayList@4b5dab7d
      serialVersionUID = 8683452581122892189
      DEFAULT_CAPACITY = 10
      EMPTY_ELEMENTDATA = class java.lang.Object[0]
      DEFAULTCAPACITY_EMPTY_ELEMENTDATA = class java.lang.Object[0]
      elementData = class java.lang.Object[3]
      size = 0
      MAX_ARRAY_SIZE = 2147483639
      modCount = 0
      MAX_ARRAY_SIZE = 2147483639
    requestMapper = class com.ibm.wsspi.webcontainer.util.URIMapper@51d95944
      matcher = class com.ibm.wsspi.webcontainer40.util.URIMatcher40@46a61097
    parent = class com.ibm.ws.webcontainer.osgi.webapp.WebGroup@5236b8d1
      tc = class com.ibm.websphere.ras.TraceComponent@1e99c716
      logger = class com.ibm.ws.logging.internal.WsLogger@77bb23d4
      CLASS_NAME = "com.ibm.ws.webcontainer.webapp.WebGroup"
      sessUrlRewritePrefix = ";jsessionid="
      qMark = "?"
      config = class com.ibm.ws.webcontainer.osgi.webapp.WebGroupConfiguration@645c7900
      webApp = class com.ibm.ws.webcontainer40.osgi.webapp.WebApp40@22dca884
      commands = class java.util.ArrayList@32c4135a
      requestMapper = null
      parent = class com.ibm.ws.webcontainer.osgi.DynamicVirtualHost@d8b41c0
      name = "/web_war_exploded/*"
      isAlive = true
      subElements = class java.util.HashMap@72c556cd
      attributes = null
      config = null
      serialVersionUID = -8271459000149267764
      $$$tc$$$ = class com.ibm.websphere.ras.TraceComponent@2c387150
    name = "web_war_exploded"
    isAlive = true
    subElements = null
    attributes = class java.util.concurrent.ConcurrentHashMap@7b8e9e2
      serialVersionUID = 7249069246763182397
      MAXIMUM_CAPACITY = 1073741824
      DEFAULT_CAPACITY = 16
      MAX_ARRAY_SIZE = 2147483639
      DEFAULT_CONCURRENCY_LEVEL = 16
      LOAD_FACTOR = 0.75
      TREEIFY_THRESHOLD = 8
      UNTREEIFY_THRESHOLD = 6
      MIN_TREEIFY_CAPACITY = 64
      MIN_TRANSFER_STRIDE = 16
      RESIZE_STAMP_BITS = 16
      MAX_RESIZERS = 65535
      RESIZE_STAMP_SHIFT = 16
      MOVED = -1
      TREEBIN = -2
      RESERVED = -3
      HASH_BITS = 2147483647
      NCPU = 4
      serialPersistentFields = class java.io.ObjectStreamField[3]
      table = class java.util.concurrent.ConcurrentHashMap$Node[32]
      nextTable = null
      baseCount = 19
      sizeCtl = 24
      transferIndex = 0
      cellsBusy = 0
      counterCells = null
      keySet = null
      values = null
      entrySet = null
      U = class sun.misc.Unsafe@6e074767
      SIZECTL = 20
      TRANSFERINDEX = 32
      BASECOUNT = 24
      CELLSBUSY = 36
      CELLVALUE = 144
      ABASE = 16
      ASHIFT = 2
      keySet = null
      values = null
    config = null
    serialVersionUID = -8271459000149267764
    $$$tc$$$ = class com.ibm.websphere.ras.TraceComponent@2c387150
      strings[0] = "TraceComponent[com.ibm.ws.container.AbstractContainer,class com.ibm.ws.container.AbstractContainer,[],null,null]"

