------Start of DE processing------ = [10/28/18 20:00:20:094 CST]
Exception = com.ibm.wsspi.adaptable.module.UnableToAdaptException
Source = com.ibm.ws.app.manager.war.internal.WARApplicationHandlerImpl
probeid = 50
Stack Dump = com.ibm.wsspi.adaptable.module.UnableToAdaptException: com.ibm.ws.javaee.ddmodel.DDParser$ParseException: CWWKC2272E: An error occurred while parsing the /WEB-INF/web.xml deployment descriptor on line 5. The error message was: ParseError at [row,col]:[5,2]
Message: The value of attribute "xsi:schemaLocation" associated with an element type "web-app" must not contain the '<' character.
	at com.ibm.ws.javaee.ddmodel.web.WebAppEntryAdapter.adapt(WebAppEntryAdapter.java:61)
	at com.ibm.ws.javaee.ddmodel.web.WebAppEntryAdapter.adapt(WebAppEntryAdapter.java:26)
	at com.ibm.ws.adaptable.module.internal.AdapterFactoryServiceImpl.adapt(AdapterFactoryServiceImpl.java:227)
	at com.ibm.ws.adaptable.module.internal.AdaptableEntryImpl.adapt(AdaptableEntryImpl.java:121)
	at com.ibm.ws.javaee.ddmodel.web.WebAppAdapter.adapt(WebAppAdapter.java:38)
	at com.ibm.ws.javaee.ddmodel.web.WebAppAdapter.adapt(WebAppAdapter.java:24)
	at com.ibm.ws.adaptable.module.internal.AdapterFactoryServiceImpl.adapt(AdapterFactoryServiceImpl.java:196)
	at com.ibm.ws.adaptable.module.internal.AdaptableContainerImpl.adapt(AdaptableContainerImpl.java:170)
	at com.ibm.ws.app.manager.module.internal.SimpleDeployedAppInfoBase$ModuleContainerInfoBase.<init>(SimpleDeployedAppInfoBase.java:153)
	at com.ibm.ws.app.manager.module.internal.SimpleDeployedAppInfoBase$WebModuleContainerInfo.<init>(SimpleDeployedAppInfoBase.java:320)
	at com.ibm.ws.app.manager.war.internal.WARDeployedAppInfo.<init>(WARDeployedAppInfo.java:64)
	at com.ibm.ws.app.manager.war.internal.WARDeployedAppInfoFactoryImpl.createDeployedAppInfo(WARDeployedAppInfoFactoryImpl.java:118)
	at com.ibm.ws.app.manager.war.internal.WARDeployedAppInfoFactoryImpl.createDeployedAppInfo(WARDeployedAppInfoFactoryImpl.java:33)
	at com.ibm.ws.app.manager.war.internal.WARApplicationHandlerImpl.setUpApplicationMonitoring(WARApplicationHandlerImpl.java:49)
	at com.ibm.ws.app.manager.internal.statemachine.StartAction.execute(StartAction.java:136)
	at com.ibm.ws.app.manager.internal.statemachine.ApplicationStateMachineImpl.enterState(ApplicationStateMachineImpl.java:1258)
	at com.ibm.ws.app.manager.internal.statemachine.ApplicationStateMachineImpl.run(ApplicationStateMachineImpl.java:873)
	at java.util.concurrent.ThreadPoolExecutor.runWorker(ThreadPoolExecutor.java:1149)
	at java.util.concurrent.ThreadPoolExecutor$Worker.run(ThreadPoolExecutor.java:624)
	at java.lang.Thread.run(Thread.java:748)
Caused by: com.ibm.ws.javaee.ddmodel.DDParser$ParseException: CWWKC2272E: An error occurred while parsing the /WEB-INF/web.xml deployment descriptor on line 5. The error message was: ParseError at [row,col]:[5,2]
Message: The value of attribute "xsi:schemaLocation" associated with an element type "web-app" must not contain the '<' character.
	at com.ibm.ws.javaee.ddmodel.DDParser.parseToRootElement(DDParser.java:418)
	at com.ibm.ws.javaee.ddmodel.DDParser.parseRootElement(DDParser.java:572)
	at com.ibm.ws.javaee.ddmodel.web.WebAppDDParser.parse(WebAppDDParser.java:32)
	at com.ibm.ws.javaee.ddmodel.web.WebAppEntryAdapter.adapt(WebAppEntryAdapter.java:59)
	... 19 more
Caused by: javax.xml.stream.XMLStreamException: ParseError at [row,col]:[5,2]
Message: The value of attribute "xsi:schemaLocation" associated with an element type "web-app" must not contain the '<' character.
	at com.sun.org.apache.xerces.internal.impl.XMLStreamReaderImpl.next(XMLStreamReaderImpl.java:604)
	at com.ibm.ws.javaee.ddmodel.DDParser.parseToRootElement(DDParser.java:415)
	... 22 more

Dump of callerThis
Object type = com.ibm.ws.app.manager.war.internal.WARApplicationHandlerImpl
  futureMonitor = class com.ibm.ws.threading.internal.FutureMonitorImpl@f380087
    _monitor = class java.util.concurrent.ConcurrentLinkedQueue@35de80c1
      serialVersionUID = 196745693267521676
      head = class java.util.concurrent.ConcurrentLinkedQueue$Node@6f891cb8
      tail = class java.util.concurrent.ConcurrentLinkedQueue$Node@6f891cb8
      UNSAFE = class sun.misc.Unsafe@3b6b322d
      headOffset = 12
      tailOffset = 16
      MAX_ARRAY_SIZE = 2147483639
    _executor = class com.ibm.ws.threading.internal.ScheduledExecutorImpl@1f609a1d
      threadGroupName = "Scheduled Executor Thread Group"
      executor = class com.ibm.ws.threading.internal.ExecutorServiceImpl@68420dba
      serialVersionUID = -9110693807503469597
      $$$tc$$$ = class com.ibm.websphere.ras.TraceComponent@7ec70097
      continueExistingPeriodicTasksAfterShutdown = false
      executeExistingDelayedTasksAfterShutdown = true
      removeOnCancel = false
      sequencer = class java.util.concurrent.atomic.AtomicLong@342a3c67
      ctl = class java.util.concurrent.atomic.AtomicInteger@1ab0def5
      COUNT_BITS = 29
      CAPACITY = 536870911
      RUNNING = -536870912
      SHUTDOWN = 0
      STOP = 536870912
      TIDYING = 1073741824
      TERMINATED = 1610612736
      workQueue = class java.util.concurrent.ScheduledThreadPoolExecutor$DelayedWorkQueue@1064e399
      mainLock = class java.util.concurrent.locks.ReentrantLock@683303f2
      workers = class java.util.HashSet@d1fd397
      termination = class java.util.concurrent.locks.AbstractQueuedSynchronizer$ConditionObject@11c4e3b7
      largestPoolSize = 1
      completedTaskCount = 0
      threadFactory = class com.ibm.ws.threading.internal.ThreadFactoryImpl@260ba23d
      handler = class java.util.concurrent.ThreadPoolExecutor$AbortPolicy@5657199d
      keepAliveTime = 0
      allowCoreThreadTimeOut = false
      corePoolSize = 1
      maximumPoolSize = 2147483647
      defaultHandler = class java.util.concurrent.ThreadPoolExecutor$AbortPolicy@5657199d
      shutdownPerm = class java.lang.RuntimePermission@2527fbab
      acc = null
      ONLY_ONE = true
      $assertionsDisabled = true
    _threadRunning = class java.util.concurrent.atomic.AtomicBoolean@1a4b8164
      serialVersionUID = 4654671469794556979
      unsafe = class sun.misc.Unsafe@3b6b322d
      valueOffset = 12
      value = 0
    _thread = class com.ibm.ws.threading.internal.FutureMonitorImpl$1@490b3f29
      this$0 = class com.ibm.ws.threading.internal.FutureMonitorImpl@f380087
      serialVersionUID = 2422512430832938099
      $$$tc$$$ = class com.ibm.websphere.ras.TraceComponent@3142a310
    serialVersionUID = 2765238413969174390
    $$$tc$$$ = class com.ibm.websphere.ras.TraceComponent@c962823
      strings[0] = "TraceComponent[com.ibm.ws.threading.internal.FutureMonitorImpl,class com.ibm.ws.threading.internal.FutureMonitorImpl,[Threading],com.ibm.ws.threading.internal.resources.ThreadingMessages,null]"
  deployedAppFactory = class com.ibm.ws.app.manager.war.internal.WARDeployedAppInfoFactoryImpl@4879ac25
    tc = class com.ibm.websphere.ras.TraceComponent@12e41c72
      strings[0] = "TraceComponent[com.ibm.ws.app.manager.war.internal.WARDeployedAppInfoFactoryImpl,class com.ibm.ws.app.manager.war.internal.WARDeployedAppInfoFactoryImpl,[webcontainer, applications, app.manager],com.ibm.ws.app.manager.war.internal.resources.Messages,null]"
    webModuleHandler = class com.ibm.ws.app.manager.web.internal.WebModuleHandlerImpl@74004bb2
      serialVersionUID = 4795602325763828210
      $$$tc$$$ = class com.ibm.websphere.ras.TraceComponent@607f7857
      futureMonitor = class com.ibm.ws.threading.internal.FutureMonitorImpl@f380087
      metaDataService = class com.ibm.ws.container.service.metadata.internal.MetaDataServiceImpl@67178d8c
      stateChangeService = class com.ibm.ws.container.service.state.internal.StateChangeServiceImpl@2e0cf137
      moduleRuntimeContainer = class com.ibm.ws.webcontainer.osgi.WebContainer@17952f62
      firstFailure = null
      serialVersionUID = -4563697739413190872
      $$$tc$$$ = class com.ibm.websphere.ras.TraceComponent@10a555c4
    applicationManager = class com.ibm.ws.app.manager.ApplicationManager@26abd70e
      expandApps = true
      useJandex = false
      startTimeout = 30
      stopTimeout = 30
      serialVersionUID = -5714171545272003139
      $$$tc$$$ = class com.ibm.websphere.ras.TraceComponent@6c99d178
    zipUtils = class com.ibm.ws.app.manager.war.internal.ZipUtils@69d8d764
      tc = class com.ibm.websphere.ras.TraceComponent@2a018ac2
      WAR_EXTENSION = ".war"
      serialVersionUID = -7574063014509395349
    timestamps = class java.util.HashMap@6c4546fe
      serialVersionUID = 362498820763181265
      DEFAULT_INITIAL_CAPACITY = 16
      MAXIMUM_CAPACITY = 1073741824
      DEFAULT_LOAD_FACTOR = 0.75
      TREEIFY_THRESHOLD = 8
      UNTREEIFY_THRESHOLD = 6
      MIN_TREEIFY_CAPACITY = 64
      table = null
      entrySet = null
      size = 0
      modCount = 0
      threshold = 0
      loadFactor = 0.75
      keySet = null
      values = null
    serialVersionUID = -5572482233301532271
    SERVER_APPS_DIR = "${server.config.dir}/apps/"
    EXPANDED_APPS_DIR = "${server.config.dir}/apps/expanded/"
    XML_SUFFIX = ".xml"
    bundleContext = class org.eclipse.osgi.internal.framework.BundleContextImpl@3ff75c64
      findHookName = "org.osgi.framework.hooks.bundle.FindHook"
      valid = true
      bundle = class org.eclipse.osgi.internal.framework.EquinoxBundle@493d6801
      container = class org.eclipse.osgi.internal.framework.EquinoxContainer@55c1ca34
      debug = class org.eclipse.osgi.internal.debug.Debug@7bece247
      servicesInUse = class java.util.HashMap@58ef4420
      activator = null
      contextLock = class java.lang.Object@389648ce
    applicationInfoFactory = class com.ibm.ws.container.service.app.deploy.internal.ApplicationInfoFactoryImpl@1a6edd1f
      j2eeNameFactory = class com.ibm.wsspi.kernel.service.utils.AtomicServiceReference@6ef21b0a
      names = class java.util.HashSet@697391e4
      serialVersionUID = 7443990212682384945
      $$$tc$$$ = class com.ibm.websphere.ras.TraceComponent@30a1b1f3
    futureMonitor = class com.ibm.ws.threading.internal.FutureMonitorImpl@f380087
    classLoadingService = class com.ibm.ws.classloading.internal.ClassLoadingServiceImpl@62057afb
      tc = class com.ibm.websphere.ras.TraceComponent@4fd8a767
      leakDetectionMap = class java.util.HashMap@13486de3
      TCCL_LOCK_WAIT = 15000
      REFERENCE_GENERATORS = "generators"
      bundleContext = class org.eclipse.osgi.internal.framework.BundleContextImpl@47e84bfd
      aclStore = class com.ibm.ws.classloading.internal.util.CanonicalStore@68293ffd
      tcclStore = class com.ibm.ws.classloading.internal.util.CanonicalStore@65c5894
      tcclStoreLock = class java.util.concurrent.locks.ReentrantLock@1c3c1157
      digraph = class org.eclipse.equinox.internal.region.StandardRegionDigraph@4c4b4046
      redefiner = class com.ibm.ws.classloading.internal.util.ClassRedefiner@6dbc48e5
      listener = class com.ibm.ws.classloading.internal.ClassLoadingServiceImpl$1@940253e
      classloaders = class java.util.Collections$SynchronizedMap@750a3be8
      resourceProviders = class com.ibm.ws.classloading.internal.CompositeResourceProvider@63551c7f
      rememberedBundles = class java.util.concurrent.ConcurrentHashMap@6c219b90
      collectedBundles = class java.lang.ref.ReferenceQueue@64402aff
      generatorRefs = class com.ibm.wsspi.kernel.service.utils.ConcurrentServiceReferenceSet@403188e4
      generatorManager = class com.ibm.ws.classloading.internal.ClassGeneratorManager@bccc279
      appExtLibs = class java.util.concurrent.CopyOnWriteArrayList@6b51358b
      metaInfServicesProviders = class java.util.concurrent.ConcurrentHashMap@e23edcc
      metaInfServicesRefs = class com.ibm.wsspi.kernel.service.utils.ConcurrentServiceReferenceMap@42192244
      protectionDomainMap = class java.util.HashMap@2f2bef74
      metadataIdentifierService = class com.ibm.ws.container.service.metadata.internal.MetaDataServiceImpl@67178d8c
      serialVersionUID = 3750725462702355330
    globalSharedLibrary = class com.ibm.ws.library.internal.SharedLibraryImpl@4dc9f228
      tc = class com.ibm.websphere.ras.TraceComponent@42ecbb97
      EMPTY_LIBRARY_LISTENERS = interface com.ibm.wsspi.library.LibraryChangeListener[0]
      deleted = false
      libraryListenersTracker = class org.osgi.util.tracker.ServiceTracker@40d0a7f3
      libraryReg = class org.eclipse.osgi.internal.serviceregistry.ServiceRegistrationImpl@5dcf960d
      ctx = class org.eclipse.osgi.internal.framework.BundleContextImpl@47e84bfd
      classLoadingService = class com.ibm.ws.classloading.internal.ClassLoadingServiceImpl@62057afb
      configAdmin = class com.ibm.ws.config.admin.internal.ConfigurationAdminImpl@671b0f8d
      resolvedBasePath = "C:/Users/maria/OneDrive/Escritorio/Computadores/2 semestre/Datos 1/Proyecto2/Game of Thrones/wlp-webProfile8-18.0.0.3/wlp/usr/servers/server1/"
      generationLock = class com.ibm.ws.library.internal.SharedLibraryImpl$1@5cbab291
      currentGeneration = class com.ibm.ws.library.internal.LibraryGeneration@3fd115a7
      nextGeneration = class com.ibm.ws.library.internal.LibraryGeneration@3fd115a7
      artifactContainerFactory = class com.ibm.ws.library.internal.SharedLibraryFactory$1@7a7bd291
      packageExporter = class com.ibm.ws.library.internal.LibraryPackageExporter@45a3cd34
      serialVersionUID = 6288237618632180389
    globalSharedLibraryPid = "com.ibm.ws.classloading.sharedlibrary_28"
    configAdmin = class com.ibm.ws.config.admin.internal.ConfigurationAdminImpl@b7d3fd9
      tc = class com.ibm.websphere.ras.TraceComponent@2386f6
      bundle = class org.eclipse.osgi.internal.framework.EquinoxBundle@493d6801
      caFactory = class com.ibm.ws.config.admin.internal.ConfigAdminServiceFactory@5f043383
      serialVersionUID = 3160799878770679122
    metaDataService = class com.ibm.ws.container.service.metadata.internal.MetaDataServiceImpl@67178d8c
      applicationMetaDataManager = class com.ibm.ws.container.service.metadata.internal.ApplicationMetaDataManager@63ddb582
      moduleMetaDataManager = class com.ibm.ws.container.service.metadata.internal.ModuleMetaDataManager@7f3f8d64
      componentMetaDataManager = class com.ibm.ws.container.service.metadata.internal.ComponentMetaDataManager@5dd318e7
      methodMetaDataManager = class com.ibm.ws.container.service.metadata.internal.MethodMetaDataManager@5789ebab
      appModuleNameToModuleContainer = class java.util.concurrent.ConcurrentHashMap@59f6357d
      jeeNameToComponentMetaData = class java.util.concurrent.ConcurrentHashMap@5aa1c78a
      deferredMetaDataFactories = class com.ibm.wsspi.kernel.service.utils.ConcurrentServiceReferenceSet@1ff0f819
      deferredMetaDataInitializers = class com.ibm.wsspi.kernel.service.utils.ConcurrentServiceReferenceMap@73c9cff
      serialVersionUID = -2494605732980966097
      $$$tc$$$ = class com.ibm.websphere.ras.TraceComponent@16201af5
    stateChangeService = class com.ibm.ws.container.service.state.internal.StateChangeServiceImpl@2e0cf137
      applicationStateManager = class com.ibm.ws.container.service.state.internal.ApplicationStateManager@6fb6605d
      moduleStateManager = class com.ibm.ws.container.service.state.internal.ModuleStateManager@3df278d7
      serialVersionUID = -537917915330350560
      $$$tc$$$ = class com.ibm.websphere.ras.TraceComponent@3cf2b3cb
    allModuleTypes = class java.lang.String[4]
      String[0] = "ejb"
      String[1] = "web"
      String[2] = "client"
      String[3] = "connector"
    moduleMetaDataExtenders = class java.util.concurrent.ConcurrentHashMap@4eb76fc8
      serialVersionUID = 7249069246763182397
      MAXIMUM_CAPACITY = 1073741824
      DEFAULT_CAPACITY = 16
      MAX_ARRAY_SIZE = 2147483639
      DEFAULT_CONCURRENCY_LEVEL = 16
      LOAD_FACTOR = 0.75
      TREEIFY_THRESHOLD = 8
      UNTREEIFY_THRESHOLD = 6
      MIN_TREEIFY_CAPACITY = 64
      MIN_TRANSFER_STRIDE = 16
      RESIZE_STAMP_BITS = 16
      MAX_RESIZERS = 65535
      RESIZE_STAMP_SHIFT = 16
      MOVED = -1
      TREEBIN = -2
      RESERVED = -3
      HASH_BITS = 2147483647
      NCPU = 4
      serialPersistentFields = class java.io.ObjectStreamField[3]
      table = class java.util.concurrent.ConcurrentHashMap$Node[16]
      nextTable = null
      baseCount = 4
      sizeCtl = 12
      transferIndex = 0
      cellsBusy = 0
      counterCells = null
      keySet = null
      values = null
      entrySet = null
      U = class sun.misc.Unsafe@3b6b322d
      SIZECTL = 20
      TRANSFERINDEX = 32
      BASECOUNT = 24
      CELLSBUSY = 36
      CELLVALUE = 144
      ABASE = 16
      ASHIFT = 2
      keySet = null
      values = null
    nestedModuleMetaDataFactories = class java.util.concurrent.ConcurrentHashMap@1517e07f
      serialVersionUID = 7249069246763182397
      MAXIMUM_CAPACITY = 1073741824
      DEFAULT_CAPACITY = 16
      MAX_ARRAY_SIZE = 2147483639
      DEFAULT_CONCURRENCY_LEVEL = 16
      LOAD_FACTOR = 0.75
      TREEIFY_THRESHOLD = 8
      UNTREEIFY_THRESHOLD = 6
      MIN_TREEIFY_CAPACITY = 64
      MIN_TRANSFER_STRIDE = 16
      RESIZE_STAMP_BITS = 16
      MAX_RESIZERS = 65535
      RESIZE_STAMP_SHIFT = 16
      MOVED = -1
      TREEBIN = -2
      RESERVED = -3
      HASH_BITS = 2147483647
      NCPU = 4
      serialPersistentFields = class java.io.ObjectStreamField[3]
      table = class java.util.concurrent.ConcurrentHashMap$Node[16]
      nextTable = null
      baseCount = 4
      sizeCtl = 12
      transferIndex = 0
      cellsBusy = 0
      counterCells = null
      keySet = null
      values = null
      entrySet = null
      U = class sun.misc.Unsafe@3b6b322d
      SIZECTL = 20
      TRANSFERINDEX = 32
      BASECOUNT = 24
      CELLSBUSY = 36
      CELLVALUE = 144
      ABASE = 16
      ASHIFT = 2
      keySet = null
      values = null
    permissionManager = class com.ibm.ws.security.java2sec.PermissionManager@5c5b2ea3
      tc = class com.ibm.websphere.ras.TraceComponent@188b9321
      classLoadingService = class com.ibm.ws.classloading.internal.ClassLoadingServiceImpl@62057afb
      DEFAULT_SERVER_RESTRICTABLE_PERMISSIONS = class java.security.Permission[4]
      DEFAULT_CLIENT_RESTRICTABLE_PERMISSIONS = class java.security.Permission[3]
      isServer = true
      wsjarUrlStreamHandlerAvailable = true
      restrictablePermissions = class java.util.ArrayList@348c3d2b
      grantedPermissions = class java.util.ArrayList@adcfae7
      KEY_PERMISSION = "permission"
      INCORRECT_PERMISSION_CONFIGURATION = "INCORRECT_PERMISSION_CONFIGURATION"
      PERMISSION_CLASSNOTFOUND = "PERMISSION_CLASSNOTFOUND"
      SERVER_XML = "server.xml"
      CLIENT_XML = "client.xml"
      originationFile = "server.xml"
      permissions = class com.ibm.wsspi.kernel.service.utils.ConcurrentServiceReferenceSet@3dcdfb7f
      codeBasePermissionMap = class java.util.HashMap@57e0b380
      permissionXMLPermissionMap = class java.util.HashMap@250b932
      serialVersionUID = -1314772785255050069
    locAdmin = class com.ibm.ws.kernel.service.location.internal.WsLocationAdminImpl@40627e2a
      tc = class com.ibm.websphere.ras.TraceComponent@7629bb26
      LOC_INTERNAL_LIB_DIR = "wlp.lib.dir"
      LOC_AREA_NAME_APPS = "shared/apps/"
      LOC_AREA_NAME_CONFIG = "shared/config/"
      LOC_AREA_NAME_RESC = "shared/resources/"
      LOC_AREA_NAME_STATE = "logs/state/"
      LOC_AREA_NAME_SERVERS = "servers/"
      LOC_AREA_NAME_CLIENTS = "clients/"
      LOC_AREA_NAME_WORKING = "workarea/"
      LOC_AREA_NAME_EXTENSION = "extension/"
      instance = class com.ibm.ws.staticvalue.StaticValue$FinalSingleton@1339a53c
      installRoot = class com.ibm.ws.kernel.service.location.internal.SymbolicRootResource@553f569e
      installParentRoot = class com.ibm.ws.kernel.service.location.internal.SymbolicRootResource@455dc967
      userRoot = class com.ibm.ws.kernel.service.location.internal.SymbolicRootResource@5e669ff3
      usrExtensionRoot = class com.ibm.ws.kernel.service.location.internal.SymbolicRootResource@28c146
      serverConfigDir = class com.ibm.ws.kernel.service.location.internal.SymbolicRootResource@2f8cec7b
      serverOutputDir = class com.ibm.ws.kernel.service.location.internal.SymbolicRootResource@2f8cec7b
      bootstrapLib = class com.ibm.ws.kernel.service.location.internal.LocalFileResource@4310e1c
      serverWorkarea = class com.ibm.ws.kernel.service.location.internal.LocalFileResource@6ec2806e
      serverState = class com.ibm.ws.kernel.service.location.internal.LocalFileResource@28a64e01
      sharedAppsRoot = class com.ibm.ws.kernel.service.location.internal.SymbolicRootResource@6001805a
      sharedConfigRoot = class com.ibm.ws.kernel.service.location.internal.SymbolicRootResource@6c4c33a8
      sharedResourceRoot = class com.ibm.ws.kernel.service.location.internal.SymbolicRootResource@16771fbf
      tmpRoot = class com.ibm.ws.kernel.service.location.internal.SymbolicRootResource@c3b8d36
      serverName = "server1"
      resourcePaths = class java.util.ArrayList@60d4cfbb
      resourceGroups = class java.util.HashMap@6d88617a
      commonRoot = class com.ibm.ws.kernel.service.location.internal.VirtualRootResource@43ac1193
      serialVersionUID = 7766352982799267432
    artifactFactory = class com.ibm.ws.artifact.internal.ArtifactContainerFactoryService@793a5f44
      CATEGORY_PROP_NAME = "category"
      ENTRY_KEY = "com.ibm.wsspi.artifact.ArtifactEntry"
      helperMap = class com.ibm.wsspi.kernel.service.utils.ConcurrentServiceReferenceSetMap@461176d1
      contributorMap = class com.ibm.wsspi.kernel.service.utils.ConcurrentServiceReferenceSetMap@2fd2284c
      helperCategoryMap = class com.ibm.wsspi.kernel.service.utils.ConcurrentServiceReferenceSetMap@5c95f832
      contributorCategoryMap = class com.ibm.wsspi.kernel.service.utils.ConcurrentServiceReferenceSetMap@4c1667ae
      categories = class java.util.Collections$SynchronizedSet@17c3703
      baseProperties = class org.apache.felix.scr.impl.helper.ReadOnlyDictionary@3fd2ff28
      serialVersionUID = -3101641399269402013
      $$$tc$$$ = class com.ibm.websphere.ras.TraceComponent@64aa4016
    moduleFactory = class com.ibm.ws.adaptable.module.internal.AdaptableModuleFactoryImpl@4b16e9b1
      adapterFactoryService = class com.ibm.ws.adaptable.module.internal.AdapterFactoryServiceImpl@156b5b05
      containerFactory = class com.ibm.ws.artifact.internal.ArtifactContainerFactoryService@793a5f44
      overlayContainerFactory = class com.ibm.ws.artifact.overlay.internal.OverlayContainerFactoryImpl@7da12078
      serialVersionUID = 4200251809856292987
      $$$tc$$$ = class com.ibm.websphere.ras.TraceComponent@3ede50ef
    serialVersionUID = 508852145960443474
    $$$tc$$$ = class com.ibm.websphere.ras.TraceComponent@2b668cf0
      strings[0] = "TraceComponent[com.ibm.ws.app.manager.module.internal.DeployedAppInfoFactoryBase,class com.ibm.ws.app.manager.module.internal.DeployedAppInfoFactoryBase,[applications, app.manager],,null]"
  serialVersionUID = 4622845147410944782
  $$$tc$$$ = class com.ibm.websphere.ras.TraceComponent@313d7766
    strings[0] = "TraceComponent[com.ibm.ws.app.manager.war.internal.WARApplicationHandlerImpl,class com.ibm.ws.app.manager.war.internal.WARApplicationHandlerImpl,[webcontainer, applications, app.manager],com.ibm.ws.app.manager.war.internal.resources.Messages,null]"

Dump of objectArray[0]
Object type = com.ibm.ws.app.manager.internal.ApplicationInstallInfo
  _config = class com.ibm.ws.app.manager.internal.ApplicationConfig@414367b
    tc = class com.ibm.websphere.ras.TraceComponent@799d6cdd
      strings[0] = "TraceComponent[com.ibm.ws.app.manager.internal.ApplicationConfig,class com.ibm.ws.app.manager.internal.ApplicationConfig,[applications, app.manager],com.ibm.ws.app.manager.internal.resources.AppManagerMessages,null]"
    _configPid = "com.ibm.ws.app.manager_4"
    _config = class com.ibm.ws.config.admin.ConfigurationDictionary@3562d92e
      serialVersionUID = 7966152868712543805
      simpleTypes = class java.util.Arrays$ArrayList@28c76238
      primitiveArrayTypes = class java.util.Arrays$ArrayList@4ba3b1ab
      simpleArrayTypes = class java.util.Arrays$ArrayList@4b33ca81
      extendedTypes = class java.util.Arrays$ArrayList@27e253c1
      CASE_INSENSITIVE = class com.ibm.ws.config.admin.ConfigurationDictionary$CaseInsensitive@342723a7
      properties = class java.util.Collections$SynchronizedMap@625fe261
    _applicationManager = class com.ibm.ws.app.manager.ApplicationManager@26abd70e
      expandApps = true
      useJandex = false
      startTimeout = 30
      stopTimeout = 30
      serialVersionUID = -5714171545272003139
      $$$tc$$$ = class com.ibm.websphere.ras.TraceComponent@6c99d178
    _location = "C:/Users/maria/OneDrive/Escritorio/Computadores/2 semestre/Datos 1/Proyecto2/Game of Thrones/out/artifacts/web_war_exploded"
    _type = "war"
    _name = "web_war_exploded"
    _notificationBroadcasterSupport = class javax.management.NotificationBroadcasterSupport@7d925daa
      listenerList = class java.util.concurrent.CopyOnWriteArrayList@39b7f7d7
      executor = class com.ibm.ws.threading.internal.ExecutorServiceImpl@68420dba
      notifInfo = class javax.management.MBeanNotificationInfo[2]
      defaultExecutor = class javax.management.NotificationBroadcasterSupport$1@6926aba1
      NO_NOTIFICATION_INFO = class javax.management.MBeanNotificationInfo[0]
      logger = class com.sun.jmx.remote.util.ClassLogger@49961ad0
    ONE_TIME_JANDEX_MSGS_DISPLAYED = true
  _handlerInfo = class java.util.concurrent.atomic.AtomicReference@139ab044
    serialVersionUID = -1848883965231344442
    unsafe = class sun.misc.Unsafe@3b6b322d
    valueOffset = 12
    value = null
  _container = class java.util.concurrent.atomic.AtomicReference@f2ecdb
    serialVersionUID = -1848883965231344442
    unsafe = class sun.misc.Unsafe@3b6b322d
    valueOffset = 12
    value = class com.ibm.ws.adaptable.module.internal.AdaptableContainerImpl@36d0da37
      root = class com.ibm.ws.adaptable.module.internal.AdaptableContainerImpl@36d0da37
      rootOverlay = class com.ibm.ws.artifact.overlay.internal.DirectoryBasedOverlayContainerImpl@977b530
      factoryHolder = class com.ibm.ws.adaptable.module.internal.AdaptableModuleFactoryImpl@4b16e9b1
      delegate = class com.ibm.ws.artifact.overlay.internal.DirectoryBasedOverlayContainerImpl@977b530
      notifier = null
      serialVersionUID = -5621513278641113667
      $$$tc$$$ = class com.ibm.websphere.ras.TraceComponent@5cc79bbf
  _resolvedLocation = class java.util.concurrent.atomic.AtomicReference@515b55a2
    serialVersionUID = -1848883965231344442
    unsafe = class sun.misc.Unsafe@3b6b322d
    valueOffset = 12
    value = class com.ibm.ws.kernel.service.location.internal.LocalFileResource@772683b8
      strings[0] = "LocalFileResource[DIRECTORY;@-935665642;<undefined>;C:/Users/maria/OneDrive/Escritorio/Computadores/2 semestre/Datos 1/Proyecto2/Game of Thrones/out/artifacts/web_war_exploded/]"
  _handler = class com.ibm.ws.app.manager.war.internal.WARApplicationHandlerImpl@4c63d357
    futureMonitor = class com.ibm.ws.threading.internal.FutureMonitorImpl@f380087
      _monitor = class java.util.concurrent.ConcurrentLinkedQueue@35de80c1
      _executor = class com.ibm.ws.threading.internal.ScheduledExecutorImpl@1f609a1d
      _threadRunning = class java.util.concurrent.atomic.AtomicBoolean@1a4b8164
      _thread = class com.ibm.ws.threading.internal.FutureMonitorImpl$1@490b3f29
      serialVersionUID = 2765238413969174390
      $$$tc$$$ = class com.ibm.websphere.ras.TraceComponent@c962823
    deployedAppFactory = class com.ibm.ws.app.manager.war.internal.WARDeployedAppInfoFactoryImpl@4879ac25
      tc = class com.ibm.websphere.ras.TraceComponent@12e41c72
      webModuleHandler = class com.ibm.ws.app.manager.web.internal.WebModuleHandlerImpl@74004bb2
      applicationManager = class com.ibm.ws.app.manager.ApplicationManager@26abd70e
      zipUtils = class com.ibm.ws.app.manager.war.internal.ZipUtils@69d8d764
      timestamps = class java.util.HashMap@6c4546fe
      serialVersionUID = -5572482233301532271
      SERVER_APPS_DIR = "${server.config.dir}/apps/"
      EXPANDED_APPS_DIR = "${server.config.dir}/apps/expanded/"
      XML_SUFFIX = ".xml"
      bundleContext = class org.eclipse.osgi.internal.framework.BundleContextImpl@3ff75c64
      applicationInfoFactory = class com.ibm.ws.container.service.app.deploy.internal.ApplicationInfoFactoryImpl@1a6edd1f
      futureMonitor = class com.ibm.ws.threading.internal.FutureMonitorImpl@f380087
      classLoadingService = class com.ibm.ws.classloading.internal.ClassLoadingServiceImpl@62057afb
      globalSharedLibrary = class com.ibm.ws.library.internal.SharedLibraryImpl@4dc9f228
      globalSharedLibraryPid = "com.ibm.ws.classloading.sharedlibrary_28"
      configAdmin = class com.ibm.ws.config.admin.internal.ConfigurationAdminImpl@b7d3fd9
      metaDataService = class com.ibm.ws.container.service.metadata.internal.MetaDataServiceImpl@67178d8c
      stateChangeService = class com.ibm.ws.container.service.state.internal.StateChangeServiceImpl@2e0cf137
      allModuleTypes = class java.lang.String[4]
      moduleMetaDataExtenders = class java.util.concurrent.ConcurrentHashMap@4eb76fc8
      nestedModuleMetaDataFactories = class java.util.concurrent.ConcurrentHashMap@1517e07f
      permissionManager = class com.ibm.ws.security.java2sec.PermissionManager@5c5b2ea3
      locAdmin = class com.ibm.ws.kernel.service.location.internal.WsLocationAdminImpl@40627e2a
      artifactFactory = class com.ibm.ws.artifact.internal.ArtifactContainerFactoryService@793a5f44
      moduleFactory = class com.ibm.ws.adaptable.module.internal.AdaptableModuleFactoryImpl@4b16e9b1
      serialVersionUID = 508852145960443474
      $$$tc$$$ = class com.ibm.websphere.ras.TraceComponent@2b668cf0
    serialVersionUID = 4622845147410944782
    $$$tc$$$ = class com.ibm.websphere.ras.TraceComponent@313d7766
      strings[0] = "TraceComponent[com.ibm.ws.app.manager.war.internal.WARApplicationHandlerImpl,class com.ibm.ws.app.manager.war.internal.WARApplicationHandlerImpl,[webcontainer, applications, app.manager],com.ibm.ws.app.manager.war.internal.resources.Messages,null]"
  _ami = class java.util.concurrent.atomic.AtomicReference@7459061c
    serialVersionUID = -1848883965231344442
    unsafe = class sun.misc.Unsafe@3b6b322d
      theUnsafe = class sun.misc.Unsafe@3b6b322d
      INVALID_FIELD_OFFSET = -1
      ARRAY_BOOLEAN_BASE_OFFSET = 16
      ARRAY_BYTE_BASE_OFFSET = 16
      ARRAY_SHORT_BASE_OFFSET = 16
      ARRAY_CHAR_BASE_OFFSET = 16
      ARRAY_INT_BASE_OFFSET = 16
      ARRAY_LONG_BASE_OFFSET = 16
      ARRAY_FLOAT_BASE_OFFSET = 16
      ARRAY_DOUBLE_BASE_OFFSET = 16
      ARRAY_OBJECT_BASE_OFFSET = 16
      ARRAY_BOOLEAN_INDEX_SCALE = 1
      ARRAY_BYTE_INDEX_SCALE = 1
      ARRAY_SHORT_INDEX_SCALE = 2
      ARRAY_CHAR_INDEX_SCALE = 2
      ARRAY_INT_INDEX_SCALE = 4
      ARRAY_LONG_INDEX_SCALE = 8
      ARRAY_FLOAT_INDEX_SCALE = 4
      ARRAY_DOUBLE_INDEX_SCALE = 8
      ARRAY_OBJECT_INDEX_SCALE = 4
      ADDRESS_SIZE = 8
    valueOffset = 12
    value = null
  _updateHandler = class com.ibm.ws.app.manager.internal.statemachine.ApplicationStateMachineImpl@32078043
    _tc = class com.ibm.websphere.ras.TraceComponent@4089007b
      strings[0] = "TraceComponent[com.ibm.ws.app.manager.internal.statemachine.ApplicationStateMachineImpl,class com.ibm.ws.app.manager.internal.statemachine.ApplicationStateMachineImpl,[applications, app.manager],com.ibm.ws.app.manager.internal.resources.AppManagerMessages,null]"
    EMPTY_FUTURE_ARRAY = interface java.util.concurrent.Future[0]
    asmSequenceNumber = class java.util.concurrent.atomic.AtomicLong@2ef981ab
      serialVersionUID = 1927816293512124184
      unsafe = class sun.misc.Unsafe@3b6b322d
      valueOffset = 16
      VM_SUPPORTS_LONG_CAS = true
      value = 1
      serialVersionUID = -8742448824652078965
    _qscaCounter = class java.util.concurrent.atomic.AtomicInteger@122c1b8e
      serialVersionUID = 6214790243416807050
      unsafe = class sun.misc.Unsafe@3b6b322d
      valueOffset = 12
      value = 1
      serialVersionUID = -8742448824652078965
    _failedThrowable = null
    _interruptibleLock = class com.ibm.ws.app.manager.internal.statemachine.ApplicationStateMachineImpl$2@1c278410
      this$0 = class com.ibm.ws.app.manager.internal.statemachine.ApplicationStateMachineImpl@32078043
      serialVersionUID = 1428897424970146289
      $$$tc$$$ = class com.ibm.websphere.ras.TraceComponent@32360258
    _interruptible = false
    _performingQueuedActions = true
    _queuedActions = class java.util.concurrent.ConcurrentLinkedQueue@1890f23e
      serialVersionUID = 196745693267521676
      head = class java.util.concurrent.ConcurrentLinkedQueue$Node@1889b183
      tail = class java.util.concurrent.ConcurrentLinkedQueue$Node@3ba0b313
      UNSAFE = class sun.misc.Unsafe@3b6b322d
      headOffset = 12
      tailOffset = 16
      MAX_ARRAY_SIZE = 2147483639
    _callbackState = class java.util.concurrent.atomic.AtomicReference@7a06cc5e
      serialVersionUID = -1848883965231344442
      unsafe = class sun.misc.Unsafe@3b6b322d
      valueOffset = 12
      value = class com.ibm.ws.app.manager.internal.statemachine.ApplicationStateMachineImpl$CallbackState@f934be6
    blockAppStartingFutures = class java.util.Collections$SetFromMap@88448fb
      m = class java.util.concurrent.ConcurrentHashMap@1e7d637a
      s = class java.util.concurrent.ConcurrentHashMap$KeySetView@425ab8b7
      serialVersionUID = 2454657854757543876
      MAX_ARRAY_SIZE = 2147483639
    waitingForAppHandlerFuture = class java.util.concurrent.atomic.AtomicReference@28a35aff
      serialVersionUID = -1848883965231344442
      unsafe = class sun.misc.Unsafe@3b6b322d
      valueOffset = 12
      value = class com.ibm.ws.app.manager.internal.ApplicationDependency@1242fc9f
    waitingForExplicitStartFuture = class java.util.concurrent.atomic.AtomicReference@37bd4cd7
      serialVersionUID = -1848883965231344442
      unsafe = class sun.misc.Unsafe@3b6b322d
      valueOffset = 12
      value = null
    completionListener = class java.util.concurrent.atomic.AtomicReference@7b150242
      serialVersionUID = -1848883965231344442
      unsafe = class sun.misc.Unsafe@3b6b322d
      valueOffset = 12
      value = null
    _notifyAppStopped = class java.util.concurrent.ConcurrentLinkedQueue@517c5e4b
      serialVersionUID = 196745693267521676
      head = class java.util.concurrent.ConcurrentLinkedQueue$Node@7061c151
      tail = class java.util.concurrent.ConcurrentLinkedQueue$Node@25b16377
      UNSAFE = class sun.misc.Unsafe@3b6b322d
      headOffset = 12
      tailOffset = 16
      MAX_ARRAY_SIZE = 2147483639
    _notifyAppStarting = class java.util.concurrent.ConcurrentLinkedQueue@63ba9239
      serialVersionUID = 196745693267521676
      head = class java.util.concurrent.ConcurrentLinkedQueue$Node@3e6a2ae3
      tail = class java.util.concurrent.ConcurrentLinkedQueue$Node@b0d015a
      UNSAFE = class sun.misc.Unsafe@3b6b322d
      headOffset = 12
      tailOffset = 16
      MAX_ARRAY_SIZE = 2147483639
    _notifyAppInstallCalled = class java.util.concurrent.ConcurrentLinkedQueue@3e3cb16d
      serialVersionUID = 196745693267521676
      head = class java.util.concurrent.ConcurrentLinkedQueue$Node@37ed4b69
      tail = class java.util.concurrent.ConcurrentLinkedQueue$Node@37ed4b69
      UNSAFE = class sun.misc.Unsafe@3b6b322d
      headOffset = 12
      tailOffset = 16
      MAX_ARRAY_SIZE = 2147483639
    _notifyAppStarted = class java.util.concurrent.ConcurrentLinkedQueue@6de8a3fa
      serialVersionUID = 196745693267521676
      head = class java.util.concurrent.ConcurrentLinkedQueue$Node@2a47a0e
      tail = class java.util.concurrent.ConcurrentLinkedQueue$Node@2a47a0e
      UNSAFE = class sun.misc.Unsafe@3b6b322d
      headOffset = 12
      tailOffset = 16
      MAX_ARRAY_SIZE = 2147483639
    _notifyAppRemoved = class java.util.concurrent.ConcurrentLinkedQueue@5e55360a
      serialVersionUID = 196745693267521676
      head = class java.util.concurrent.ConcurrentLinkedQueue$Node@4f294bbd
      tail = class java.util.concurrent.ConcurrentLinkedQueue$Node@4f294bbd
      UNSAFE = class sun.misc.Unsafe@3b6b322d
      headOffset = 12
      tailOffset = 16
      MAX_ARRAY_SIZE = 2147483639
    _stateLock = class com.ibm.ws.app.manager.internal.statemachine.ApplicationStateMachineImpl$3@69c95ca3
      this$0 = class com.ibm.ws.app.manager.internal.statemachine.ApplicationStateMachineImpl@32078043
      serialVersionUID = -2844785999478513305
      $$$tc$$$ = class com.ibm.websphere.ras.TraceComponent@322dd92a
    _internalState = class java.util.concurrent.atomic.AtomicReference@32a53f2e
      serialVersionUID = -1848883965231344442
      unsafe = class sun.misc.Unsafe@3b6b322d
      valueOffset = 12
      value = class com.ibm.ws.app.manager.internal.statemachine.ApplicationStateMachineImpl$InternalState@4715750b
    _currentAction = class java.util.concurrent.atomic.AtomicReference@1afaadf3
      serialVersionUID = -1848883965231344442
      unsafe = class sun.misc.Unsafe@3b6b322d
      valueOffset = 12
      value = class com.ibm.ws.app.manager.internal.statemachine.StartAction@288502bc
    _rfa = class java.util.concurrent.atomic.AtomicReference@6d682dc0
      serialVersionUID = -1848883965231344442
      unsafe = class sun.misc.Unsafe@3b6b322d
      valueOffset = 12
      value = null
    _appInstallInfo = class java.util.concurrent.atomic.AtomicReference@4e67488a
      serialVersionUID = -1848883965231344442
      unsafe = class sun.misc.Unsafe@3b6b322d
      valueOffset = 12
      value = class com.ibm.ws.app.manager.internal.ApplicationInstallInfo@18117d59
    _update = class java.util.concurrent.atomic.AtomicBoolean@55a05227
      serialVersionUID = 4654671469794556979
      unsafe = class sun.misc.Unsafe@3b6b322d
      valueOffset = 12
      value = 1
    _appConfig = class java.util.concurrent.atomic.AtomicReference@1afae855
      serialVersionUID = -1848883965231344442
      unsafe = class sun.misc.Unsafe@3b6b322d
      valueOffset = 12
      value = class com.ibm.ws.app.manager.internal.ApplicationConfig@414367b
    _nextAppConfig = class java.util.concurrent.atomic.AtomicReference@36d0c0e7
      serialVersionUID = -1848883965231344442
      unsafe = class sun.misc.Unsafe@3b6b322d
      valueOffset = 12
      value = null
    _appContainer = class java.util.concurrent.atomic.AtomicReference@4287fdaf
      serialVersionUID = -1848883965231344442
      unsafe = class sun.misc.Unsafe@3b6b322d
      valueOffset = 12
      value = null
    _resolvedLocation = class java.util.concurrent.atomic.AtomicReference@1561aeb2
      serialVersionUID = -1848883965231344442
      unsafe = class sun.misc.Unsafe@3b6b322d
      valueOffset = 12
      value = null
    _handler = class java.util.concurrent.atomic.AtomicReference@5814440b
      serialVersionUID = -1848883965231344442
      unsafe = class sun.misc.Unsafe@3b6b322d
      valueOffset = 12
      value = class com.ibm.ws.app.manager.war.internal.WARApplicationHandlerImpl@4c63d357
    _asmSeqNo = 0
    _ctx = class org.eclipse.osgi.internal.framework.BundleContextImpl@5da6a006
      findHookName = "org.osgi.framework.hooks.bundle.FindHook"
      valid = true
      bundle = class org.eclipse.osgi.internal.framework.EquinoxBundle@7e9b4f80
      container = class org.eclipse.osgi.internal.framework.EquinoxContainer@55c1ca34
      debug = class org.eclipse.osgi.internal.debug.Debug@7bece247
      servicesInUse = class java.util.HashMap@6efc2c5c
      activator = null
      contextLock = class java.lang.Object@7b25961e
    _locAdmin = class com.ibm.ws.kernel.service.location.internal.WsLocationAdminImpl@40627e2a
      tc = class com.ibm.websphere.ras.TraceComponent@7629bb26
      LOC_INTERNAL_LIB_DIR = "wlp.lib.dir"
      LOC_AREA_NAME_APPS = "shared/apps/"
      LOC_AREA_NAME_CONFIG = "shared/config/"
      LOC_AREA_NAME_RESC = "shared/resources/"
      LOC_AREA_NAME_STATE = "logs/state/"
      LOC_AREA_NAME_SERVERS = "servers/"
      LOC_AREA_NAME_CLIENTS = "clients/"
      LOC_AREA_NAME_WORKING = "workarea/"
      LOC_AREA_NAME_EXTENSION = "extension/"
      instance = class com.ibm.ws.staticvalue.StaticValue$FinalSingleton@1339a53c
      installRoot = class com.ibm.ws.kernel.service.location.internal.SymbolicRootResource@553f569e
      installParentRoot = class com.ibm.ws.kernel.service.location.internal.SymbolicRootResource@455dc967
      userRoot = class com.ibm.ws.kernel.service.location.internal.SymbolicRootResource@5e669ff3
      usrExtensionRoot = class com.ibm.ws.kernel.service.location.internal.SymbolicRootResource@28c146
      serverConfigDir = class com.ibm.ws.kernel.service.location.internal.SymbolicRootResource@2f8cec7b
      serverOutputDir = class com.ibm.ws.kernel.service.location.internal.SymbolicRootResource@2f8cec7b
      bootstrapLib = class com.ibm.ws.kernel.service.location.internal.LocalFileResource@4310e1c
      serverWorkarea = class com.ibm.ws.kernel.service.location.internal.LocalFileResource@6ec2806e
      serverState = class com.ibm.ws.kernel.service.location.internal.LocalFileResource@28a64e01
      sharedAppsRoot = class com.ibm.ws.kernel.service.location.internal.SymbolicRootResource@6001805a
      sharedConfigRoot = class com.ibm.ws.kernel.service.location.internal.SymbolicRootResource@6c4c33a8
      sharedResourceRoot = class com.ibm.ws.kernel.service.location.internal.SymbolicRootResource@16771fbf
      tmpRoot = class com.ibm.ws.kernel.service.location.internal.SymbolicRootResource@c3b8d36
      serverName = "server1"
      resourcePaths = class java.util.ArrayList@60d4cfbb
      resourceGroups = class java.util.HashMap@6d88617a
      commonRoot = class com.ibm.ws.kernel.service.location.internal.VirtualRootResource@43ac1193
      serialVersionUID = 7766352982799267432
    _futureMonitor = class com.ibm.ws.threading.internal.FutureMonitorImpl@f380087
    _artifactFactory = class com.ibm.ws.artifact.internal.ArtifactContainerFactoryService@793a5f44
      CATEGORY_PROP_NAME = "category"
      ENTRY_KEY = "com.ibm.wsspi.artifact.ArtifactEntry"
      helperMap = class com.ibm.wsspi.kernel.service.utils.ConcurrentServiceReferenceSetMap@461176d1
      contributorMap = class com.ibm.wsspi.kernel.service.utils.ConcurrentServiceReferenceSetMap@2fd2284c
      helperCategoryMap = class com.ibm.wsspi.kernel.service.utils.ConcurrentServiceReferenceSetMap@5c95f832
      contributorCategoryMap = class com.ibm.wsspi.kernel.service.utils.ConcurrentServiceReferenceSetMap@4c1667ae
      categories = class java.util.Collections$SynchronizedSet@17c3703
      baseProperties = class org.apache.felix.scr.impl.helper.ReadOnlyDictionary@3fd2ff28
      serialVersionUID = -3101641399269402013
      $$$tc$$$ = class com.ibm.websphere.ras.TraceComponent@64aa4016
    _moduleFactory = class com.ibm.ws.adaptable.module.internal.AdaptableModuleFactoryImpl@4b16e9b1
      adapterFactoryService = class com.ibm.ws.adaptable.module.internal.AdapterFactoryServiceImpl@156b5b05
      containerFactory = class com.ibm.ws.artifact.internal.ArtifactContainerFactoryService@793a5f44
      overlayContainerFactory = class com.ibm.ws.artifact.overlay.internal.OverlayContainerFactoryImpl@7da12078
      serialVersionUID = 4200251809856292987
      $$$tc$$$ = class com.ibm.websphere.ras.TraceComponent@3ede50ef
    _executorService = class com.ibm.ws.threading.internal.ExecutorServiceImpl@68420dba
      threadPool = class java.util.concurrent.ThreadPoolExecutor@3dc83d14
      threadPoolController = class com.ibm.ws.threading.internal.ThreadPoolController@750eb87f
      poolName = "Default Executor"
      componentConfig = class org.apache.felix.scr.impl.helper.ReadOnlyDictionary@2f9fb941
      interceptorsActive = false
      interceptors = class java.util.concurrent.CopyOnWriteArraySet@24fb4d30
      threadFactory = null
      serialVersionUID = -5569391535960693817
      $$$tc$$$ = class com.ibm.websphere.ras.TraceComponent@3f74e045
    _scheduledExecutorService = class com.ibm.ws.threading.internal.ScheduledExecutorImpl@1f609a1d
      threadGroupName = "Scheduled Executor Thread Group"
      executor = class com.ibm.ws.threading.internal.ExecutorServiceImpl@68420dba
      serialVersionUID = -9110693807503469597
      $$$tc$$$ = class com.ibm.websphere.ras.TraceComponent@7ec70097
      continueExistingPeriodicTasksAfterShutdown = false
      executeExistingDelayedTasksAfterShutdown = true
      removeOnCancel = false
      sequencer = class java.util.concurrent.atomic.AtomicLong@342a3c67
      ctl = class java.util.concurrent.atomic.AtomicInteger@1ab0def5
      COUNT_BITS = 29
      CAPACITY = 536870911
      RUNNING = -536870912
      SHUTDOWN = 0
      STOP = 536870912
      TIDYING = 1073741824
      TERMINATED = 1610612736
      workQueue = class java.util.concurrent.ScheduledThreadPoolExecutor$DelayedWorkQueue@1064e399
      mainLock = class java.util.concurrent.locks.ReentrantLock@683303f2
      workers = class java.util.HashSet@d1fd397
      termination = class java.util.concurrent.locks.AbstractQueuedSynchronizer$ConditionObject@11c4e3b7
      largestPoolSize = 1
      completedTaskCount = 0
      threadFactory = class com.ibm.ws.threading.internal.ThreadFactoryImpl@260ba23d
      handler = class java.util.concurrent.ThreadPoolExecutor$AbortPolicy@5657199d
      keepAliveTime = 0
      allowCoreThreadTimeOut = false
      corePoolSize = 1
      maximumPoolSize = 2147483647
      defaultHandler = class java.util.concurrent.ThreadPoolExecutor$AbortPolicy@5657199d
      shutdownPerm = class java.lang.RuntimePermission@2527fbab
      acc = null
      ONLY_ONE = true
      $assertionsDisabled = true
    _asmHelper = class com.ibm.ws.app.manager.internal.ApplicationConfigurator$NamedApplication@62f7c95b
      appName = "web_war_exploded"
      configPid = "com.ibm.ws.app.manager_4"
      bundleContext = class org.eclipse.osgi.internal.framework.BundleContextImpl@5da6a006
      mbeanNotifier = class javax.management.NotificationBroadcasterSupport@7d925daa
      sequence = class java.util.concurrent.atomic.AtomicLong@2898c5a1
      appConfig = class com.ibm.ws.app.manager.internal.ApplicationConfig@414367b
      asm = class com.ibm.ws.app.manager.internal.statemachine.ApplicationStateMachineImpl@32078043
      appTypeSupport = class com.ibm.ws.app.manager.internal.ApplicationConfigurator$ApplicationTypeSupport@69c9f645
      appRecycleContext = null
      appStateRef = class java.util.concurrent.atomic.AtomicReference@68f5bd22
      appReg = class com.ibm.ws.app.manager.internal.lifecycle.ServiceReg@1556cb9a
      mbeanReg = class com.ibm.ws.app.manager.internal.lifecycle.ServiceReg@7b0da15c
      dynamicMBean = class java.util.concurrent.atomic.AtomicReference@5d500ba6
      serialVersionUID = -2429219244222002679
      $$$tc$$$ = class com.ibm.websphere.ras.TraceComponent@5b64d036
    _appMonitor = class com.ibm.ws.app.manager.internal.monitor.ApplicationMonitor@68736016
      tc = class com.ibm.websphere.ras.TraceComponent@6b60cbaa
      _config = class java.util.concurrent.atomic.AtomicReference@7e863be1
      _executorService = class java.util.concurrent.atomic.AtomicReference@7b77e32f
      _appListeners = class java.util.concurrent.ConcurrentHashMap@7466aed1
      serialVersionUID = -6677716415972806660
    enterStateCalled = class java.util.concurrent.atomic.AtomicBoolean@15649232
      serialVersionUID = 4654671469794556979
      unsafe = class sun.misc.Unsafe@3b6b322d
      valueOffset = 12
      value = 1
    serialVersionUID = -1399093980790866556
    serialVersionUID = 5501066335104962649
    $$$tc$$$ = class com.ibm.websphere.ras.TraceComponent@12eae178
      strings[0] = "TraceComponent[com.ibm.ws.app.manager.internal.statemachine.ApplicationStateMachine,class com.ibm.ws.app.manager.internal.statemachine.ApplicationStateMachine,[applications, app.manager],com.ibm.ws.app.manager.internal.resources.AppManagerMessages,null]"
  serialVersionUID = 2630639237123415755
  $$$tc$$$ = class com.ibm.websphere.ras.TraceComponent@e539f9b
    strings[0] = "TraceComponent[com.ibm.ws.app.manager.internal.ApplicationInstallInfo,class com.ibm.ws.app.manager.internal.ApplicationInstallInfo,[applications, app.manager],com.ibm.ws.app.manager.internal.resources.AppManagerMessages,null]"

