------Start of DE processing------ = [10/19/18 23:09:25:178 CST]
Exception = com.ibm.wsspi.adaptable.module.UnableToAdaptException
Source = com.ibm.ws.webcontainer.osgi.WebContainer
probeid = createModuleMetaData
Stack Dump = com.ibm.wsspi.adaptable.module.UnableToAdaptException: SRVE9016E: Unable to insert mapping [/Login] for servlet named [Login]. The URL pattern is already defined for servlet named [Prueba1].
	at com.ibm.ws.webcontainer.osgi.container.config.WebAppConfiguratorHelper.configureWebServletAnnotation(WebAppConfiguratorHelper.java:2668)
	at com.ibm.ws.webcontainer.osgi.container.config.WebAppConfiguratorHelper.configureServletAnnotation(WebAppConfiguratorHelper.java:2439)
	at com.ibm.ws.webcontainer.osgi.container.config.WebAppConfiguratorHelper.configureFromAnnotations(WebAppConfiguratorHelper.java:807)
	at com.ibm.ws.webcontainer.osgi.container.config.WebAppConfigurator.configure(WebAppConfigurator.java:422)
	at com.ibm.ws.webcontainer.osgi.container.config.WebAppConfigurationAdapter.adapt(WebAppConfigurationAdapter.java:119)
	at com.ibm.ws.webcontainer.osgi.container.config.WebAppConfigurationAdapter.adapt(WebAppConfigurationAdapter.java:43)
	at com.ibm.ws.adaptable.module.internal.AdapterFactoryServiceImpl.adapt(AdapterFactoryServiceImpl.java:196)
	at com.ibm.ws.adaptable.module.internal.AdaptableContainerImpl.adapt(AdaptableContainerImpl.java:170)
	at com.ibm.ws.webcontainer.osgi.WebContainer.createModuleMetaData(WebContainer.java:833)
	at com.ibm.ws.app.manager.module.internal.ModuleHandlerBase.createModuleMetaData(ModuleHandlerBase.java:63)
	at com.ibm.ws.app.manager.module.internal.SimpleDeployedAppInfoBase$ModuleContainerInfoBase.createModuleMetaData(SimpleDeployedAppInfoBase.java:168)
	at com.ibm.ws.app.manager.module.internal.DeployedAppInfoBase.preDeployApp(DeployedAppInfoBase.java:368)
	at com.ibm.ws.app.manager.module.internal.DeployedAppInfoBase.deployApp(DeployedAppInfoBase.java:412)
	at com.ibm.ws.app.manager.war.internal.WARApplicationHandlerImpl.install(WARApplicationHandlerImpl.java:65)
	at com.ibm.ws.app.manager.internal.statemachine.StartAction.execute(StartAction.java:140)
	at com.ibm.ws.app.manager.internal.statemachine.ApplicationStateMachineImpl.enterState(ApplicationStateMachineImpl.java:1258)
	at com.ibm.ws.app.manager.internal.statemachine.ApplicationStateMachineImpl.run(ApplicationStateMachineImpl.java:873)
	at java.util.concurrent.ThreadPoolExecutor.runWorker(ThreadPoolExecutor.java:1149)
	at java.util.concurrent.ThreadPoolExecutor$Worker.run(ThreadPoolExecutor.java:624)
	at java.lang.Thread.run(Thread.java:748)

Dump of callerThis
Object type = [Ljava.lang.Object;
  Object[0] = class com.ibm.ws.app.manager.module.internal.WebModuleInfoImpl@4e197727
    contextRoot = "/web_war_exploded"
    isDefaultContextRootUsed = true
    serialVersionUID = -1540279394520440503
    $$$tc$$$ = class com.ibm.websphere.ras.TraceComponent@2dcb5b95
      strings[0] = "TraceComponent[com.ibm.ws.app.manager.module.internal.WebModuleInfoImpl,class com.ibm.ws.app.manager.module.internal.WebModuleInfoImpl,[applications, app.manager],,null]"
    tc = class com.ibm.websphere.ras.TraceComponent@1bc2e91f
      strings[0] = "TraceComponent[com.ibm.ws.app.manager.module.internal.ExtendedModuleInfoImpl,class com.ibm.ws.app.manager.module.internal.ExtendedModuleInfoImpl,[app.manager],com.ibm.ws.app.manager.module.internal.resources.Messages,null]"
    appInfo = class com.ibm.ws.container.service.app.deploy.internal.ApplicationInfoImpl@26ac5eba
      appName = "web_war_exploded"
      appMetaData = class com.ibm.ws.container.service.app.deploy.internal.ApplicationMetaDataImpl@3b6ba620
      appContainer = class com.ibm.ws.adaptable.module.internal.AdaptableContainerImpl@7f05755a
      configHelper = class com.ibm.ws.app.manager.module.ApplicationNestedConfigHelper@7c48ac5c
      applicationInformation = class com.ibm.ws.app.manager.internal.ApplicationInstallInfo@608b0711
      serialVersionUID = -505303337196743781
      $$$tc$$$ = class com.ibm.websphere.ras.TraceComponent@1d4d934f
    moduleName = "web_war_exploded"
    path = "web_war_exploded"
    moduleContainer = class com.ibm.ws.adaptable.module.internal.AdaptableContainerImpl@7f05755a
      root = class com.ibm.ws.adaptable.module.internal.AdaptableContainerImpl@7f05755a
      rootOverlay = class com.ibm.ws.artifact.overlay.internal.DirectoryBasedOverlayContainerImpl@3c7031bf
      factoryHolder = class com.ibm.ws.adaptable.module.internal.AdaptableModuleFactoryImpl@30f75b47
      delegate = class com.ibm.ws.artifact.overlay.internal.DirectoryBasedOverlayContainerImpl@3c7031bf
      notifier = class com.ibm.ws.adaptable.module.internal.NotifierImpl@650b3e63
      serialVersionUID = -5621513278641113667
      $$$tc$$$ = class com.ibm.websphere.ras.TraceComponent@4c8641e7
    altDDEntry = null
    moduleClassesContainers = class java.util.ArrayList@24b6d1
      serialVersionUID = 8683452581122892189
      DEFAULT_CAPACITY = 10
      EMPTY_ELEMENTDATA = class java.lang.Object[0]
      DEFAULTCAPACITY_EMPTY_ELEMENTDATA = class java.lang.Object[0]
      elementData = class java.lang.Object[10]
      size = 2
      MAX_ARRAY_SIZE = 2147483639
      modCount = 3
      MAX_ARRAY_SIZE = 2147483639
    classLoaderFactory = class com.ibm.ws.app.manager.war.internal.WARDeployedAppInfo@40008ca3
      CONTEXT_ROOT = "context-root"
      webModuleHandler = class com.ibm.ws.app.manager.web.internal.WebModuleHandlerImpl@1b0b08f7
      webContainerModuleInfo = class com.ibm.ws.app.manager.module.internal.SimpleDeployedAppInfoBase$WebModuleContainerInfo@1ffaf4b4
      DYNAMIC_IMPORT_PACKAGE_LIST = class java.util.Collections$UnmodifiableRandomAccessList@7a272d5b
      serialVersionUID = -6153587016903242961
      $$$tc$$$ = class com.ibm.websphere.ras.TraceComponent@3af38ac5
      _tc = class com.ibm.websphere.ras.TraceComponent@b281d33
      PERMISSION_XML = "permissions.xml"
      applicationInformation = class com.ibm.ws.app.manager.internal.ApplicationInstallInfo@608b0711
      location = "C:\Users\maria\OneDrive\Escritorio\Computadores\2 semestre\Datos 1\Proyecto2\Prueba server\out\artifacts\web_war_exploded"
      classLoadingService = class com.ibm.ws.classloading.internal.ClassLoadingServiceImpl@9b91ad
      globalSharedLibrary = class com.ibm.ws.library.internal.SharedLibraryImpl@488c9a5e
      sharedLibDeploymentInfo = class com.ibm.ws.app.manager.module.internal.DeployedAppInfoBase$SharedLibDeploymentInfo@b822be1
      futureMonitor = class com.ibm.ws.threading.internal.FutureMonitorImpl@75b49853
      configAdmin = class com.ibm.ws.config.admin.internal.ConfigurationAdminImpl@6b5aa72c
      libraryConfigHelper = class com.ibm.ws.classloading.ClassLoaderConfigHelper@37904513
      isDelegateLast = false
      permissionManager = class com.ibm.ws.security.java2sec.PermissionManager@1be267d5
      permissionsConfig = null
      serialVersionUID = -6908382869835671687
      appInfo = class com.ibm.ws.container.service.app.deploy.internal.ApplicationInfoImpl@26ac5eba
      modulesDeployed = class java.util.ArrayList@3ff83ea4
      starting = false
      started = false
      appInfoFactory = class com.ibm.ws.container.service.app.deploy.internal.ApplicationInfoFactoryImpl@a755c95
      metaDataService = class com.ibm.ws.container.service.metadata.internal.MetaDataServiceImpl@a39342
      stateChangeService = class com.ibm.ws.container.service.state.internal.StateChangeServiceImpl@2214ec1
      moduleClassesInfo = class com.ibm.ws.app.manager.module.internal.SimpleDeployedAppInfoBase$ModuleClassesInfoProvider@2ffafa3c
      moduleContainerInfos = class java.util.ArrayList@5109ec79
      activeModuleHandlers = class java.util.IdentityHashMap@71389339
      serialVersionUID = 7078125893012250887
      $$$tc$$$ = class com.ibm.websphere.ras.TraceComponent@23259f65
    containerInfoType = class com.ibm.ws.container.service.app.deploy.ContainerInfo$Type@372ab573
      MANIFEST_CLASSPATH = class com.ibm.ws.container.service.app.deploy.ContainerInfo$Type@6b5dbb4d
      WEB_INF_CLASSES = class com.ibm.ws.container.service.app.deploy.ContainerInfo$Type@3b5856b0
      WEB_INF_LIB = class com.ibm.ws.container.service.app.deploy.ContainerInfo$Type@5372a0f4
      EAR_LIB = class com.ibm.ws.container.service.app.deploy.ContainerInfo$Type@6c864913
      WEB_MODULE = class com.ibm.ws.container.service.app.deploy.ContainerInfo$Type@372ab573
      EJB_MODULE = class com.ibm.ws.container.service.app.deploy.ContainerInfo$Type@6a07101d
      CLIENT_MODULE = class com.ibm.ws.container.service.app.deploy.ContainerInfo$Type@1313263b
      RAR_MODULE = class com.ibm.ws.container.service.app.deploy.ContainerInfo$Type@55a041ad
      JAR_MODULE = class com.ibm.ws.container.service.app.deploy.ContainerInfo$Type@b3054db
      SHARED_LIB = class com.ibm.ws.container.service.app.deploy.ContainerInfo$Type@59e52a58
      $VALUES = class com.ibm.ws.container.service.app.deploy.ContainerInfo$Type[10]
      $$$tc$$$ = class com.ibm.websphere.ras.TraceComponent@11dbff5e
      name = "WEB_MODULE"
      ordinal = 4
    classLoader = class com.ibm.ws.classloading.internal.AppClassLoader@3247bca6
      tc = class com.ibm.websphere.ras.TraceComponent@e12c36b
      PARENT_FIRST_SEARCH_ORDER = class java.util.Collections$UnmodifiableRandomAccessList@1ba548a2
      CLASS_LOADING_TRACE_PREFIX = "com.ibm.ws.class.load."
      DEFAULT_PACKAGE = "default.package"
      perPackageClassLoadingTraceComponents = class java.util.concurrent.ConcurrentHashMap@2fc173bb
      config = class com.ibm.ws.classloading.internal.ClassLoaderConfigurationImpl@64cef352
      privateLibraries = class java.util.Collections$EmptyList@c72ecac
      delegateLoaders = class com.ibm.ws.classloading.internal.util.CompositeIterable@3da345d8
      nativeLibraryFiles = class java.util.ArrayList@195ba57c
      transformers = class java.util.ArrayList@a1c9166
      apiAccess = class com.ibm.ws.classloading.internal.GatewayClassLoader@3b77c314
      generator = class com.ibm.ws.classloading.internal.ClassGeneratorManager@11100b05
      protectionDomains = class java.util.concurrent.ConcurrentHashMap@363a017a
      parent = class com.ibm.ws.classloading.internal.GatewayClassLoader@3b77c314
      serialVersionUID = 952643806680066297
      tc = class com.ibm.websphere.ras.TraceComponent@6d771496
      EMPTY_URL_ARRAY = class java.net.URL[0]
      smartClassPath = class com.ibm.ws.classloading.internal.ContainerClassLoader$UnreadSmartClassPath@1cf71a12
      nativeLibraryContainers = class java.util.ArrayList@d2e62aa
      redefiner = class com.ibm.ws.classloading.internal.util.ClassRedefiner@6b7983a4
      mapCreationQueue = class java.util.concurrent.Executors$FinalizableDelegatedExecutorService@68e0164d
      serialVersionUID = 7249739282446266343
      serialVersionUID = -7411549862368381758
      $$$tc$$$ = class com.ibm.websphere.ras.TraceComponent@78a21b89
      serialVersionUID = -4868702105808481416
      $$$tc$$$ = class com.ibm.websphere.ras.TraceComponent@5accf880
      serialVersionUID = 2596921220292114344
      $$$tc$$$ = class com.ibm.websphere.ras.TraceComponent@3a15bd43
      initialized = true
      pdcache = class java.util.HashMap@7d5f4901
      debug = null
      parent = class com.ibm.ws.classloading.internal.GatewayClassLoader@3b77c314
      parallelLockMap = null
      package2certs = class java.util.Hashtable@2c5bfd9d
      nocerts = class java.security.cert.Certificate[0]
      classes = class java.util.Vector@2b4c2605
      defaultDomain = class java.security.ProtectionDomain@152b6d75
      domains = class java.util.HashSet@123b3990
      packages = class java.util.HashMap@61ff995f
      scl = class sun.misc.Launcher$AppClassLoader@18b4aac2
      sclSet = true
      loadedLibraryNames = class java.util.Vector@2b49e76b
      systemNativeLibraries = class java.util.Vector@654777b2
      nativeLibraries = class java.util.Vector@2e7b2533
      nativeLibraryContext = class java.util.Stack@33d374c2
      usr_paths = class java.lang.String[23]
      sys_paths = class java.lang.String[1]
      assertionLock = class com.ibm.ws.classloading.internal.AppClassLoader@3247bca6
      defaultAssertionStatus = false
      packageAssertionStatus = null
      classAssertionStatus = null
    moduleMetaData = null
    nestedModuleMetaDataTypes = null
    nestedModuleMetaDataValues = null
    serialVersionUID = 3986734351620206554
  Object[1] = class com.ibm.ws.webcontainer.osgi.WebContainer@e9a8b63
    tc = class com.ibm.websphere.ras.TraceComponent@2394c6dc
      strings[0] = "TraceComponent[com.ibm.ws.webcontainer.osgi.WebContainer,class com.ibm.ws.webcontainer.osgi.WebContainer,[webcontainer],com.ibm.ws.webcontainer.resources.LShimMessages,null]"
    CLASS_NAME = "com.ibm.ws.webcontainer.osgi.WebContainer"
    initialized = true
    eventService = class com.ibm.ws.event.internal.EventEngineImpl@1342189d
      tc = class com.ibm.websphere.ras.TraceComponent@41a5b377
      OSGI_EVENT_HANDLER_REFERENCE_NAME = "OsgiEventHandler"
      WS_EVENT_HANDLER_REFERENCE_NAME = "WsEventHandler"
      CFG_KEY_REENTRANT_HANDLER_DEFAULT = "reentrant.handler.default"
      CFG_KEY_STAGE_PREFIX = "stage.topics."
      topicCache = class com.ibm.ws.event.internal.TopicBasedCache@d28698d
      componentContext = class org.apache.felix.scr.impl.manager.ComponentContextImpl@7def259a
      bundleContext = class org.eclipse.osgi.internal.framework.BundleContextImpl@72d99221
      logService = class com.ibm.ws.logging.internal.osgi.TrLogServiceImpl@41f3ef73
      frameworkEventAdapter = class com.ibm.ws.event.internal.adapter.FrameworkEventAdapter@7ee1c982
      bundleEventAdapter = class com.ibm.ws.event.internal.adapter.BundleEventAdapter@304ba3d2
      serviceEventAdapter = class com.ibm.ws.event.internal.adapter.ServiceEventAdapter@340c83b4
      executorServiceFactory = class com.ibm.ws.event.internal.WorkStageExecutorServiceFactory@6ada7a31
      defaultReentrancy = true
      skipSchedule = false
      serialVersionUID = -3714378010555321089
    futureMonitor = class com.ibm.ws.threading.internal.FutureMonitorImpl@75b49853
      _monitor = class java.util.concurrent.ConcurrentLinkedQueue@2cdda37d
      _executor = class com.ibm.ws.threading.internal.ScheduledExecutorImpl@1538bdb3
      _threadRunning = class java.util.concurrent.atomic.AtomicBoolean@28fe3107
      _thread = class com.ibm.ws.threading.internal.FutureMonitorImpl$1@74550db5
      serialVersionUID = 2765238413969174390
      $$$tc$$$ = class com.ibm.websphere.ras.TraceComponent@479016bc
    classLoadingSRRef = class com.ibm.wsspi.kernel.service.utils.AtomicServiceReference@5a4a296d
      referenceName = "classLoadingService"
      tuple = class java.util.concurrent.atomic.AtomicReference@79e78c99
      serialVersionUID = 2226592364007985000
      $$$tc$$$ = class com.ibm.websphere.ras.TraceComponent@5216553c
    sessionHelperSRRef = class com.ibm.wsspi.kernel.service.utils.AtomicServiceReference@65506ed8
      referenceName = "sessionHelper"
      tuple = class java.util.concurrent.atomic.AtomicReference@3898fb08
      serialVersionUID = 2226592364007985000
      $$$tc$$$ = class com.ibm.websphere.ras.TraceComponent@5216553c
    cacheManagerSRRef = class com.ibm.wsspi.kernel.service.utils.AtomicServiceReference@66d5041f
      referenceName = "cacheManager"
      tuple = class java.util.concurrent.atomic.AtomicReference@533755f1
      serialVersionUID = 2226592364007985000
      $$$tc$$$ = class com.ibm.websphere.ras.TraceComponent@5216553c
    injectionEngineSRRef = class com.ibm.wsspi.kernel.service.utils.AtomicServiceReference@37726e96
      referenceName = "injectionEngine"
      tuple = class java.util.concurrent.atomic.AtomicReference@7ec44673
      serialVersionUID = 2226592364007985000
      $$$tc$$$ = class com.ibm.websphere.ras.TraceComponent@5216553c
    managedObjectServiceSRRef = class com.ibm.wsspi.kernel.service.utils.AtomicServiceReference@3cf82854
      referenceName = "managedObjectService"
      tuple = class java.util.concurrent.atomic.AtomicReference@1fc0ecf8
      serialVersionUID = 2226592364007985000
      $$$tc$$$ = class com.ibm.websphere.ras.TraceComponent@5216553c
    backgroundWebAppStartFutures = class com.ibm.ws.webcontainer.util.OneTimeUseArrayList@5ab8b7bd
      enabled = true
      runnables = class java.util.ArrayList@12213ddc
    REFERENCE_WEB_MBEAN_RUNTIME = "webMBeanRuntime"
    webMBeanRuntimeServiceRef = class com.ibm.wsspi.kernel.service.utils.AtomicServiceReference@1403a509
      referenceName = "webMBeanRuntime"
      tuple = class java.util.concurrent.atomic.AtomicReference@1795ad30
      serialVersionUID = 2226592364007985000
      $$$tc$$$ = class com.ibm.websphere.ras.TraceComponent@5216553c
    servletContainerInitializers = class com.ibm.wsspi.kernel.service.utils.ConcurrentServiceReferenceSet@30a16fc1
      referenceName = "servletContainerInitializers"
      contextRef = class java.util.concurrent.atomic.AtomicReference@1e0287c9
      elementMap = class java.util.LinkedHashMap@2342b07f
      elementSet = class java.util.concurrent.ConcurrentSkipListSet@29e5ea33
      elementSetUnsorted = false
      serialVersionUID = 756240983881166148
      $$$tc$$$ = class com.ibm.websphere.ras.TraceComponent@70437a8
    es = class com.ibm.ws.threading.internal.ExecutorServiceImpl@4d665b09
      threadPool = class java.util.concurrent.ThreadPoolExecutor@68907a02
      threadPoolController = class com.ibm.ws.threading.internal.ThreadPoolController@2997fa26
      poolName = "Default Executor"
      componentConfig = class org.apache.felix.scr.impl.helper.ReadOnlyDictionary@70b8901a
      interceptorsActive = false
      interceptors = class java.util.concurrent.CopyOnWriteArraySet@2cdc131d
      threadFactory = null
      serialVersionUID = -5569391535960693817
      $$$tc$$$ = class com.ibm.websphere.ras.TraceComponent@118a0bb1
    locationServiceRef = class java.util.concurrent.atomic.AtomicReference@527c0847
      serialVersionUID = -1848883965231344442
      unsafe = class sun.misc.Unsafe@73adcc20
      valueOffset = 12
      value = class com.ibm.ws.kernel.service.location.internal.WsLocationAdminImpl@595c328a
    transferContextServiceRef = class com.ibm.wsspi.kernel.service.utils.ConcurrentServiceReferenceSet@5bdec4ec
      referenceName = "transferService"
      contextRef = class java.util.concurrent.atomic.AtomicReference@6f92c7e5
      elementMap = class java.util.LinkedHashMap@4b16402e
      elementSet = class java.util.concurrent.ConcurrentSkipListSet@5329c298
      elementSetUnsorted = false
      serialVersionUID = 756240983881166148
      $$$tc$$$ = class com.ibm.websphere.ras.TraceComponent@70437a8
    encodingServiceRef = class java.util.concurrent.atomic.AtomicReference@603a6731
      serialVersionUID = -1848883965231344442
      unsafe = class sun.misc.Unsafe@73adcc20
      valueOffset = 12
      value = class com.ibm.ws.http.internal.EncodingUtilsImpl@682a5471
    instance = class java.util.concurrent.atomic.AtomicReference@1ffbd62c
      serialVersionUID = -1848883965231344442
      unsafe = class sun.misc.Unsafe@73adcc20
      valueOffset = 12
      value = class com.ibm.ws.webcontainer.osgi.WebContainer@e9a8b63
    vhostManager = class com.ibm.ws.webcontainer.osgi.DynamicVirtualHostManager@2d77cba4
      tc = class com.ibm.websphere.ras.TraceComponent@11dc016b
      hostMap = class java.util.concurrent.ConcurrentHashMap@4162b4c2
      transportMap = class java.util.concurrent.ConcurrentHashMap@34522c91
      locationService = class com.ibm.ws.kernel.service.location.internal.WsLocationAdminImpl@595c328a
      schedExecutor = class com.ibm.ws.threading.internal.ScheduledExecutorImpl@1538bdb3
      pluginCfgVhostUris = class java.util.HashMap@1ade539c
      PLUGIN_CFG = "plugin-cfg.xml"
    metaDataService = class com.ibm.ws.container.service.metadata.internal.MetaDataServiceImpl@a39342
      applicationMetaDataManager = class com.ibm.ws.container.service.metadata.internal.ApplicationMetaDataManager@1521314a
      moduleMetaDataManager = class com.ibm.ws.container.service.metadata.internal.ModuleMetaDataManager@1f17c0e8
      componentMetaDataManager = class com.ibm.ws.container.service.metadata.internal.ComponentMetaDataManager@29604a3d
      methodMetaDataManager = class com.ibm.ws.container.service.metadata.internal.MethodMetaDataManager@2fd29950
      appModuleNameToModuleContainer = class java.util.concurrent.ConcurrentHashMap@33654681
      jeeNameToComponentMetaData = class java.util.concurrent.ConcurrentHashMap@12d4c085
      deferredMetaDataFactories = class com.ibm.wsspi.kernel.service.utils.ConcurrentServiceReferenceSet@394e5140
      deferredMetaDataInitializers = class com.ibm.wsspi.kernel.service.utils.ConcurrentServiceReferenceMap@26d4720
      serialVersionUID = -2494605732980966097
      $$$tc$$$ = class com.ibm.websphere.ras.TraceComponent@711ad01d
    j2eeNameFactory = class com.ibm.ws.container.service.metadata.internal.J2EENameFactoryImpl@33937f88
      serialVersionUID = 3486344295038028821
      $$$tc$$$ = class com.ibm.websphere.ras.TraceComponent@1b4cb35e
    context = class org.apache.felix.scr.impl.manager.ComponentContextImpl@72988560
      m_componentManager = class org.apache.felix.scr.impl.manager.SingleComponentManager@3bc1929a
      edgeInfos = class org.apache.felix.scr.impl.manager.EdgeInfo[27]
      m_componentInstance = class org.apache.felix.scr.impl.manager.ComponentContextImpl$ComponentInstanceImpl@325aac0a
      m_usingBundle = class org.eclipse.osgi.internal.framework.EquinoxBundle@5cc8252d
      m_serviceRegistration = class org.eclipse.osgi.internal.serviceregistry.ServiceRegistrationImpl@47dd00c9
      m_implementationObject = class com.ibm.ws.webcontainer.osgi.WebContainer@e9a8b63
      m_implementationAccessible = true
      accessibleLatch = class java.util.concurrent.CountDownLatch@c2b6d1e
      serviceObjectsHelper = class org.apache.felix.scr.impl.helper.ComponentServiceObjectsHelper@3bc97b43
      boundValues = null
    contextRoots = class java.util.Collections$SynchronizedSet@61214a7c
      serialVersionUID = 487447009682186044
      serialVersionUID = 3053995032091335093
      c = class java.util.HashSet@437735c
      mutex = class java.util.Collections$SynchronizedSet@61214a7c
    pendingContextRoots = class java.util.HashMap@7d04ec99
      serialVersionUID = 362498820763181265
      DEFAULT_INITIAL_CAPACITY = 16
      MAXIMUM_CAPACITY = 1073741824
      DEFAULT_LOAD_FACTOR = 0.75
      TREEIFY_THRESHOLD = 8
      UNTREEIFY_THRESHOLD = 6
      MIN_TREEIFY_CAPACITY = 64
      table = null
      entrySet = null
      size = 0
      modCount = 0
      threshold = 0
      loadFactor = 0.75
      keySet = null
      values = null
    deployedModuleMap = class java.util.concurrent.ConcurrentHashMap@55c3a38e
      serialVersionUID = 7249069246763182397
      MAXIMUM_CAPACITY = 1073741824
      DEFAULT_CAPACITY = 16
      MAX_ARRAY_SIZE = 2147483639
      DEFAULT_CONCURRENCY_LEVEL = 16
      LOAD_FACTOR = 0.75
      TREEIFY_THRESHOLD = 8
      UNTREEIFY_THRESHOLD = 6
      MIN_TREEIFY_CAPACITY = 64
      MIN_TRANSFER_STRIDE = 16
      RESIZE_STAMP_BITS = 16
      MAX_RESIZERS = 65535
      RESIZE_STAMP_SHIFT = 16
      MOVED = -1
      TREEBIN = -2
      RESERVED = -3
      HASH_BITS = 2147483647
      NCPU = 4
      serialPersistentFields = class java.io.ObjectStreamField[3]
      table = null
      nextTable = null
      baseCount = 0
      sizeCtl = 0
      transferIndex = 0
      cellsBusy = 0
      counterCells = null
      keySet = null
      values = null
      entrySet = null
      U = class sun.misc.Unsafe@73adcc20
      SIZECTL = 20
      TRANSFERINDEX = 32
      BASECOUNT = 24
      CELLSBUSY = 36
      CELLVALUE = 144
      ABASE = 16
      ASHIFT = 2
      keySet = null
      values = null
    connContextPool = class com.ibm.ws.webcontainer40.osgi.srt.factory.SRTConnectionContextPool40Impl@63c69fd3
      head = class java.lang.ThreadLocal@6692a5e9
      serialVersionUID = 1328956725011480048
      $$$tc$$$ = class com.ibm.websphere.ras.TraceComponent@298cd29c
    DEFAULT_PORT = "*"
    DEFAULT_VHOST_NAME = "default_host"
    cachedServerInfo = null
    lock = class com.ibm.ws.webcontainer.osgi.WebContainer$1@85f5b7d
      this$0 = class com.ibm.ws.webcontainer.osgi.WebContainer@e9a8b63
    webAppFactory = class com.ibm.ws.webcontainer40.osgi.webapp.factory.WebAppFactory40Impl@52e51ecb
      serialVersionUID = 8172918271897210367
      $$$tc$$$ = class com.ibm.websphere.ras.TraceComponent@31ab62d2
    requestFactory = class com.ibm.ws.webcontainer40.osgi.response.factory.IRequestResponseFactory40Impl@1a7208ca
      serialVersionUID = 3336627925143380461
      $$$tc$$$ = class com.ibm.websphere.ras.TraceComponent@40f70fc6
    responseFactory = class com.ibm.ws.webcontainer40.osgi.response.factory.IRequestResponseFactory40Impl@1a7208ca
    asyncContextFactory = class com.ibm.ws.webcontainer40.async.factory.AsyncContextFactory40Impl@4d9d2450
      serialVersionUID = 2251738312435757516
      $$$tc$$$ = class com.ibm.websphere.ras.TraceComponent@35273bf3
    DEFAULT_MAX_VERSION = 30
    versionRef = class org.eclipse.osgi.internal.serviceregistry.ServiceReferenceImpl@3feb1a2d
      registration = class org.eclipse.osgi.internal.serviceregistry.ServiceRegistrationImpl@456247fe
    serverStopping = class com.ibm.ws.staticvalue.StaticValue$FinalSingleton@4502585d
      singleton = class java.util.concurrent.atomic.AtomicBoolean@77bf6690
      multiplex = false
    modulesStarting = 0
    uriMatcherFactory = class com.ibm.wsspi.webcontainer40.util.factory.URIMatcherFactory40Impl@4f3c3c6f
      serialVersionUID = 4507504838389585711
      $$$tc$$$ = class com.ibm.websphere.ras.TraceComponent@1d1da69a
    SPEC_LEVEL_UNLOADED = -1
    SPEC_LEVEL_30 = 30
    SPEC_LEVEL_31 = 31
    SPEC_LEVEL_40 = 40
    DEFAULT_SPEC_LEVEL = 30
    loadedContainerSpecLevel = 40
    ISO = "ISO-8859-1"
    encoding = "UTF-8"
    decode = true
    wcconfig = class com.ibm.ws.webcontainer.osgi.WebContainerConfiguration@cfa7b47
      properties = class org.apache.felix.scr.impl.helper.ReadOnlyDictionary@596658a4
      CFG_KEY_ENFORCE_SEC = "enforce.security"
      logger = class com.ibm.ws.logging.internal.WsLogger@1122ec69
      CLASS_NAME = "com.ibm.ws.webcontainer.WebContainerConfiguration"
      _localeProps = null
      _jvmProps = null
      enableServletCaching = false
      defaultVirtualHostName = "default_host"
      ardEnabled = false
      ardIncludeTimeout = 0
      poolingDisabled = false
      maximumExpiredEntries = 0
      maximumResponseStoreSize = 0
      useAsyncRunnableWorkManager = false
      asyncRunnableWorkManagerName = null
      numAsyncTimerThreads = 2
      defaultAsyncServletTimeout = 30000
    applicationListeners = class java.util.ArrayList@5b6d0a35
      serialVersionUID = 8683452581122892189
      DEFAULT_CAPACITY = 10
      EMPTY_ELEMENTDATA = class java.lang.Object[0]
      DEFAULTCAPACITY_EMPTY_ELEMENTDATA = class java.lang.Object[0]
      elementData = class java.lang.Object[0]
      size = 0
      MAX_ARRAY_SIZE = 2147483639
      modCount = 0
      MAX_ARRAY_SIZE = 2147483639
    servletListeners = class java.util.ArrayList@751c9a73
      serialVersionUID = 8683452581122892189
      DEFAULT_CAPACITY = 10
      EMPTY_ELEMENTDATA = class java.lang.Object[0]
      DEFAULTCAPACITY_EMPTY_ELEMENTDATA = class java.lang.Object[0]
      elementData = class java.lang.Object[0]
      size = 0
      MAX_ARRAY_SIZE = 2147483639
      modCount = 0
      MAX_ARRAY_SIZE = 2147483639
    servletErrorListeners = class java.util.ArrayList@279a1e62
      serialVersionUID = 8683452581122892189
      DEFAULT_CAPACITY = 10
      EMPTY_ELEMENTDATA = class java.lang.Object[0]
      DEFAULTCAPACITY_EMPTY_ELEMENTDATA = class java.lang.Object[0]
      elementData = class java.lang.Object[0]
      size = 0
      MAX_ARRAY_SIZE = 2147483639
      modCount = 0
      MAX_ARRAY_SIZE = 2147483639
    servletInvocationListeners = class java.util.ArrayList@78657995
      serialVersionUID = 8683452581122892189
      DEFAULT_CAPACITY = 10
      EMPTY_ELEMENTDATA = class java.lang.Object[0]
      DEFAULTCAPACITY_EMPTY_ELEMENTDATA = class java.lang.Object[0]
      elementData = class java.lang.Object[0]
      size = 0
      MAX_ARRAY_SIZE = 2147483639
      modCount = 0
      MAX_ARRAY_SIZE = 2147483639
    filterInvocationListeners = class java.util.ArrayList@4b6af80e
      serialVersionUID = 8683452581122892189
      DEFAULT_CAPACITY = 10
      EMPTY_ELEMENTDATA = class java.lang.Object[0]
      DEFAULTCAPACITY_EMPTY_ELEMENTDATA = class java.lang.Object[0]
      elementData = class java.lang.Object[0]
      size = 0
      MAX_ARRAY_SIZE = 2147483639
      modCount = 0
      MAX_ARRAY_SIZE = 2147483639
    filterErrorListeners = class java.util.ArrayList@5ab42c12
      serialVersionUID = 8683452581122892189
      DEFAULT_CAPACITY = 10
      EMPTY_ELEMENTDATA = class java.lang.Object[0]
      DEFAULTCAPACITY_EMPTY_ELEMENTDATA = class java.lang.Object[0]
      elementData = class java.lang.Object[0]
      size = 0
      MAX_ARRAY_SIZE = 2147483639
      modCount = 0
      MAX_ARRAY_SIZE = 2147483639
    filterListeners = class java.util.ArrayList@2d2a5028
      serialVersionUID = 8683452581122892189
      DEFAULT_CAPACITY = 10
      EMPTY_ELEMENTDATA = class java.lang.Object[0]
      DEFAULTCAPACITY_EMPTY_ELEMENTDATA = class java.lang.Object[0]
      elementData = class java.lang.Object[0]
      size = 0
      MAX_ARRAY_SIZE = 2147483639
      modCount = 0
      MAX_ARRAY_SIZE = 2147483639
    servletRequestListeners = class java.util.ArrayList@7e502dc9
      serialVersionUID = 8683452581122892189
      DEFAULT_CAPACITY = 10
      EMPTY_ELEMENTDATA = class java.lang.Object[0]
      DEFAULTCAPACITY_EMPTY_ELEMENTDATA = class java.lang.Object[0]
      elementData = class java.lang.Object[0]
      size = 0
      MAX_ARRAY_SIZE = 2147483639
      modCount = 0
      MAX_ARRAY_SIZE = 2147483639
    servletRequestAttributeListeners = class java.util.ArrayList@62661085
      serialVersionUID = 8683452581122892189
      DEFAULT_CAPACITY = 10
      EMPTY_ELEMENTDATA = class java.lang.Object[0]
      DEFAULTCAPACITY_EMPTY_ELEMENTDATA = class java.lang.Object[0]
      elementData = class java.lang.Object[0]
      size = 0
      MAX_ARRAY_SIZE = 2147483639
      modCount = 0
      MAX_ARRAY_SIZE = 2147483639
    servletContextListeners = class java.util.ArrayList@19c97467
      serialVersionUID = 8683452581122892189
      DEFAULT_CAPACITY = 10
      EMPTY_ELEMENTDATA = class java.lang.Object[0]
      DEFAULTCAPACITY_EMPTY_ELEMENTDATA = class java.lang.Object[0]
      elementData = class java.lang.Object[0]
      size = 0
      MAX_ARRAY_SIZE = 2147483639
      modCount = 0
      MAX_ARRAY_SIZE = 2147483639
    servletContextAttributeListeners = class java.util.ArrayList@661dcc66
      serialVersionUID = 8683452581122892189
      DEFAULT_CAPACITY = 10
      EMPTY_ELEMENTDATA = class java.lang.Object[0]
      DEFAULTCAPACITY_EMPTY_ELEMENTDATA = class java.lang.Object[0]
      elementData = class java.lang.Object[0]
      size = 0
      MAX_ARRAY_SIZE = 2147483639
      modCount = 0
      MAX_ARRAY_SIZE = 2147483639
    sessionListeners = class java.util.ArrayList@195c9b09
      serialVersionUID = 8683452581122892189
      DEFAULT_CAPACITY = 10
      EMPTY_ELEMENTDATA = class java.lang.Object[0]
      DEFAULTCAPACITY_EMPTY_ELEMENTDATA = class java.lang.Object[0]
      elementData = class java.lang.Object[0]
      size = 0
      MAX_ARRAY_SIZE = 2147483639
      modCount = 0
      MAX_ARRAY_SIZE = 2147483639
    sessionIdListeners = class java.util.ArrayList@4bec429f
      serialVersionUID = 8683452581122892189
      DEFAULT_CAPACITY = 10
      EMPTY_ELEMENTDATA = class java.lang.Object[0]
      DEFAULTCAPACITY_EMPTY_ELEMENTDATA = class java.lang.Object[0]
      elementData = class java.lang.Object[0]
      size = 0
      MAX_ARRAY_SIZE = 2147483639
      modCount = 0
      MAX_ARRAY_SIZE = 2147483639
    sessionAttributeListeners = class java.util.ArrayList@19d46dc9
      serialVersionUID = 8683452581122892189
      DEFAULT_CAPACITY = 10
      EMPTY_ELEMENTDATA = class java.lang.Object[0]
      DEFAULTCAPACITY_EMPTY_ELEMENTDATA = class java.lang.Object[0]
      elementData = class java.lang.Object[0]
      size = 0
      MAX_ARRAY_SIZE = 2147483639
      modCount = 0
      MAX_ARRAY_SIZE = 2147483639
    DEFAULT_HOST = "default_host"
    _initialized = true
    logger = class com.ibm.ws.logging.internal.WsLogger@1122ec69
      tc = class com.ibm.websphere.ras.TraceComponent@16c566ec
      ivCachedResourceBundleName = null
      ivCachedResourceBundle = null
      ivComponent = null
      ivOrganization = null
      ivProduct = null
      ivMinimumLocalizationLevelIntValue = 625
      ivTC = class com.ibm.websphere.ras.TraceComponent@67f1c685
      loggerRegistrationComponent = class java.lang.ThreadLocal@2abcdd8a
      emptyHandlers = class java.util.logging.Handler[0]
      offValue = 2147483647
      SYSTEM_LOGGER_RB_NAME = "sun.util.logging.resources.logging"
      SYSTEM_BUNDLE = class java.util.logging.Logger$LoggerBundle@3ba4e623
      NO_RESOURCE_BUNDLE = class java.util.logging.Logger$LoggerBundle@4bf7902d
      manager = class com.ibm.ws.kernel.boot.logging.WsLogManager@76b5454
      name = "com.ibm.ws.webcontainer"
      handlers = class java.util.concurrent.CopyOnWriteArrayList@788b5a6d
      loggerBundle = class java.util.logging.Logger$LoggerBundle@64823ea1
      useParentHandlers = true
      filter = null
      anonymous = false
      catalog = class com.ibm.ws.webcontainer.resources.Messages@1383ace4
      catalogName = "com.ibm.ws.webcontainer.resources.Messages"
      catalogLocale = class java.util.Locale@4e178334
      treeLock = class java.lang.Object@6c6df0a9
      parent = class java.util.logging.Logger@19efacb3
      kids = class java.util.ArrayList@1785c7e6
      levelObject = class java.util.logging.Level@65f9f801
      levelValue = 800
      callersClassLoaderRef = class java.lang.ref.WeakReference@6692b4af
      isSystemLogger = false
      GLOBAL_LOGGER_NAME = "global"
      global = class java.util.logging.Logger@116c953a
      $assertionsDisabled = true
    CLASS_NAME = "com.ibm.ws.webcontainer.internal.WebContainer"
    nls = class com.ibm.ejs.ras.TraceNLS@6c5ba997
      resolver = class com.ibm.ws.logging.internal.TraceNLSResolver@1ed0d
      finder = null
      ivBundleName = "com.ibm.ws.webcontainer.resources.Messages"
      caller = class java.lang.Class@6b272e7c
    self = class java.util.concurrent.atomic.AtomicReference@458ae639
      serialVersionUID = -1848883965231344442
      unsafe = class sun.misc.Unsafe@73adcc20
      valueOffset = 12
      value = class com.ibm.ws.webcontainer.osgi.WebContainer@e9a8b63
    _cipherToBit = class java.util.HashMap@7f8a7164
      serialVersionUID = 362498820763181265
      DEFAULT_INITIAL_CAPACITY = 16
      MAXIMUM_CAPACITY = 1073741824
      DEFAULT_LOAD_FACTOR = 0.75
      TREEIFY_THRESHOLD = 8
      UNTREEIFY_THRESHOLD = 6
      MIN_TREEIFY_CAPACITY = 64
      table = null
      entrySet = null
      size = 0
      modCount = 0
      threshold = 0
      loadFactor = 0.75
      keySet = null
      values = null
    cacheKeyStringBuilder = class com.ibm.ws.util.WSThreadLocal@794d8b58
      tc = class com.ibm.ejs.ras.TraceComponent@7aaf6ae8
      count = 3
      index = 2
      SUSPECTED_MISUSAGE_THRESHOLD = 200
      threadLocalHashCode = 1250106072
      nextHashCode = class java.util.concurrent.atomic.AtomicInteger@c4213af
      HASH_INCREMENT = 1640531527
    listenersInitialized = false
    webConProperties = class java.util.Properties@48eb82f7
      serialVersionUID = 4112578634029874840
      defaults = null
      hexDigit = {0123456789ABCDEF} /* array length = 16 */
      table = class java.util.Hashtable$Entry[95]
      count = 57
      threshold = 71
      loadFactor = 0.75
      modCount = 60
      serialVersionUID = 1421746759512286392
      MAX_ARRAY_SIZE = 2147483639
      keySet = null
      entrySet = null
      values = null
      KEYS = 0
      VALUES = 1
      ENTRIES = 2
    sessionRegistry = null
    isStopped = false
    readWriteLockForStopping = class java.util.concurrent.locks.ReentrantReadWriteLock@5a420efd
      serialVersionUID = -6992448646407690164
      readerLock = class java.util.concurrent.locks.ReentrantReadWriteLock$ReadLock@1f80b77c
      writerLock = class java.util.concurrent.locks.ReentrantReadWriteLock$WriteLock@74c87f50
      sync = class java.util.concurrent.locks.ReentrantReadWriteLock$NonfairSync@399bb37
      UNSAFE = class sun.misc.Unsafe@73adcc20
      TID_OFFSET = 40
    urlPrefix = ";jsessionid="
    extensionFactories = class java.util.ArrayList@76ef4580
      serialVersionUID = 8683452581122892189
      DEFAULT_CAPACITY = 10
      EMPTY_ELEMENTDATA = class java.lang.Object[0]
      DEFAULTCAPACITY_EMPTY_ELEMENTDATA = class java.lang.Object[0]
      elementData = class java.lang.Object[10]
      size = 4
      MAX_ARRAY_SIZE = 2147483639
      modCount = 8
      MAX_ARRAY_SIZE = 2147483639
    postInitExtensionFactories = null
    httpResponseListeners = class java.util.ArrayList@63ed174e
      serialVersionUID = 8683452581122892189
      DEFAULT_CAPACITY = 10
      EMPTY_ELEMENTDATA = class java.lang.Object[0]
      DEFAULTCAPACITY_EMPTY_ELEMENTDATA = class java.lang.Object[0]
      elementData = class java.lang.Object[0]
      size = 0
      MAX_ARRAY_SIZE = 2147483639
      modCount = 0
      MAX_ARRAY_SIZE = 2147483639
    servletContainerInitializers = class java.util.ServiceLoader@7785ddfe
      PREFIX = "META-INF/services/"
      service = class java.lang.Class@75b9cc4a
      loader = class org.eclipse.osgi.internal.loader.EquinoxClassLoader@6971c6be
      acc = null
      providers = class java.util.LinkedHashMap@22ad1c7e
      lookupIterator = class java.util.ServiceLoader$LazyIterator@524e680b
    auditManager = class com.ibm.websphere.security.audit.context.AuditManager@3d7a1015
      threadLocal = class com.ibm.websphere.security.audit.context.AuditManager$AuditThreadLocal@652bda92
      serialVersionUID = 8297158904878279977
      $$$tc$$$ = class com.ibm.websphere.ras.TraceComponent@34dcfe7c
    threadLocal = class java.lang.ThreadLocal@31b5917f
      threadLocalHashCode = -1404329697
      nextHashCode = class java.util.concurrent.atomic.AtomicInteger@c4213af
      HASH_INCREMENT = 1640531527
    invocationCacheSize = 500
    decodePlusSign = true
    _cacheMap = class java.util.concurrent.ConcurrentHashMap@3ae9a760
      serialVersionUID = 7249069246763182397
      MAXIMUM_CAPACITY = 1073741824
      DEFAULT_CAPACITY = 16
      MAX_ARRAY_SIZE = 2147483639
      DEFAULT_CONCURRENCY_LEVEL = 16
      LOAD_FACTOR = 0.75
      TREEIFY_THRESHOLD = 8
      UNTREEIFY_THRESHOLD = 6
      MIN_TREEIFY_CAPACITY = 64
      MIN_TRANSFER_STRIDE = 16
      RESIZE_STAMP_BITS = 16
      MAX_RESIZERS = 65535
      RESIZE_STAMP_SHIFT = 16
      MOVED = -1
      TREEBIN = -2
      RESERVED = -3
      HASH_BITS = 2147483647
      NCPU = 4
      serialPersistentFields = class java.io.ObjectStreamField[3]
      table = null
      nextTable = null
      baseCount = 0
      sizeCtl = 1024
      transferIndex = 0
      cellsBusy = 0
      counterCells = null
      keySet = null
      values = null
      entrySet = null
      U = class sun.misc.Unsafe@73adcc20
      SIZECTL = 20
      TRANSFERINDEX = 32
      BASECOUNT = 24
      CELLSBUSY = 36
      CELLVALUE = 144
      ABASE = 16
      ASHIFT = 2
      keySet = null
      values = null
    _cacheSize = class java.util.concurrent.atomic.AtomicInteger@635ae7ee
      serialVersionUID = 6214790243416807050
      unsafe = class sun.misc.Unsafe@73adcc20
      valueOffset = 12
      value = 0
      serialVersionUID = -8742448824652078965
    vHostCompatFlag = false
    platformHelper = class com.ibm.ws.webcontainer.PlatformHelper@e4db928
    isDefaultTempDir = true
    tempDir = null
    servletCachingInitNeeded = true
    appInstallBegun = false
    cacheServletWrapperFactory = class com.ibm.ws.webcontainer40.servlet.factory.CacheServletWrapperFactory40Impl@13eeeff7
      serialVersionUID = 6641793567262460833
      $$$tc$$$ = class com.ibm.websphere.ras.TraceComponent@29f99f66
    commands = class java.util.ArrayList@501a66bd
      serialVersionUID = 8683452581122892189
      DEFAULT_CAPACITY = 10
      EMPTY_ELEMENTDATA = class java.lang.Object[0]
      DEFAULTCAPACITY_EMPTY_ELEMENTDATA = class java.lang.Object[0]
      elementData = class java.lang.Object[3]
      size = 0
      MAX_ARRAY_SIZE = 2147483639
      modCount = 0
      MAX_ARRAY_SIZE = 2147483639
    requestMapper = class com.ibm.ws.webcontainer.util.VirtualHostContextRootMapper@33fd016f
      cachedMappers = class java.util.Collections$SynchronizedMap@533d83c8
      nls = class com.ibm.ejs.ras.TraceNLS@697b58b2
      logger = class com.ibm.ws.logging.internal.WsLogger@53481030
      CLASS_NAME = "com.ibm.ws.webcontainer.util.VirtualHostContextRootMapper"
      CLASSNAME = "com.ibm.ws.util.VirtualHostMapper"
      tc = class com.ibm.ejs.ras.TraceComponent@11e4dde1
      vHostTable = class java.util.concurrent.ConcurrentHashMap@7548f2e0
    parent = null
    name = "Was.webcontainer"
    isAlive = true
    subElements = null
    attributes = null
    config = null
    serialVersionUID = -8271459000149267764
    $$$tc$$$ = class com.ibm.websphere.ras.TraceComponent@65f58e4c
      strings[0] = "TraceComponent[com.ibm.ws.container.AbstractContainer,class com.ibm.ws.container.AbstractContainer,[],null,null]"

