------Start of DE processing------ = [10/15/18 16:10:08:193 CST]
Exception = com.ibm.ws.jsp.webcontainerext.JSPErrorReport
Source = com.ibm.ws.webcontainer.filter.FilterInstanceWrapper.doFilter
probeid = 144
Stack Dump = com.ibm.ws.jsp.webcontainerext.JSPErrorReport: JSPG0036E: Failed to find resource /HelloWorld.jsp
	at com.ibm.ws.jsp.webcontainerext.AbstractJSPExtensionProcessor.findWrapper(AbstractJSPExtensionProcessor.java:467)
	at com.ibm.ws.jsp.webcontainerext.AbstractJSPExtensionProcessor.getServletWrapper(AbstractJSPExtensionProcessor.java:360)
	at com.ibm.ws.webcontainer.filter.WebAppFilterManager.invokeFilters(WebAppFilterManager.java:1047)
	at com.ibm.ws.webcontainer.webapp.WebApp.handleRequest(WebApp.java:4954)
	at com.ibm.ws.webcontainer.osgi.DynamicVirtualHost$2.handleRequest(DynamicVirtualHost.java:314)
	at com.ibm.ws.webcontainer.WebContainer.handleRequest(WebContainer.java:996)
	at com.ibm.ws.webcontainer.osgi.DynamicVirtualHost$2.run(DynamicVirtualHost.java:279)
	at com.ibm.ws.http.dispatcher.internal.channel.HttpDispatcherLink$TaskWrapper.run(HttpDispatcherLink.java:1011)
	at com.ibm.ws.http.dispatcher.internal.channel.HttpDispatcherLink.wrapHandlerAndExecute(HttpDispatcherLink.java:414)
	at com.ibm.ws.http.dispatcher.internal.channel.HttpDispatcherLink.ready(HttpDispatcherLink.java:373)
	at com.ibm.ws.http.channel.internal.inbound.HttpInboundLink.handleDiscrimination(HttpInboundLink.java:532)
	at com.ibm.ws.http.channel.internal.inbound.HttpInboundLink.handleNewRequest(HttpInboundLink.java:466)
	at com.ibm.ws.http.channel.internal.inbound.HttpInboundLink.processRequest(HttpInboundLink.java:331)
	at com.ibm.ws.http.channel.internal.inbound.HttpInboundLink.ready(HttpInboundLink.java:302)
	at com.ibm.ws.tcpchannel.internal.NewConnectionInitialReadCallback.sendToDiscriminators(NewConnectionInitialReadCallback.java:165)
	at com.ibm.ws.tcpchannel.internal.NewConnectionInitialReadCallback.complete(NewConnectionInitialReadCallback.java:74)
	at com.ibm.ws.tcpchannel.internal.WorkQueueManager.requestComplete(WorkQueueManager.java:501)
	at com.ibm.ws.tcpchannel.internal.WorkQueueManager.attemptIO(WorkQueueManager.java:571)
	at com.ibm.ws.tcpchannel.internal.WorkQueueManager.workerRun(WorkQueueManager.java:926)
	at com.ibm.ws.tcpchannel.internal.WorkQueueManager$Worker.run(WorkQueueManager.java:1015)
	at java.util.concurrent.ThreadPoolExecutor.runWorker(ThreadPoolExecutor.java:1149)
	at java.util.concurrent.ThreadPoolExecutor$Worker.run(ThreadPoolExecutor.java:624)
	at java.lang.Thread.run(Thread.java:748)
Caused by: java.io.FileNotFoundException: JSPG0036E: Failed to find resource /HelloWorld.jsp
	... 23 more

Dump of callerThis
Object type = com.ibm.ws.webcontainer.filter.FilterInstanceWrapper
  FILTER_STATE_UNINITIALIZED = 0
  FILTER_STATE_INITIALIZING = 1
  FILTER_STATE_AVAILABLE = 2
  FILTER_STATE_DESTROYING = 3
  FILTER_STATE_DESTROYED = 4
  FILTER_STATE_UNAVAILABLE = 5
  _filterName = "com.ibm.ws.security.jaspi.servlet.filter"
  _filterInstance = class com.ibm.ws.security.jaspi.JaspiServletFilter@55f8bc49
    serialVersionUID = -1292833612206940252
    $$$tc$$$ = class com.ibm.websphere.ras.TraceComponent@7b67153b
      strings[0] = "TraceComponent[com.ibm.ws.security.jaspi.JaspiServletFilter,class com.ibm.ws.security.jaspi.JaspiServletFilter,[security],com.ibm.ws.security.jaspi.internal.resources.JaspiMessages,null]"
  _filterState = 2
  nServicing = class java.util.concurrent.atomic.AtomicInteger@70e38d9f
    serialVersionUID = 6214790243416807050
    unsafe = class sun.misc.Unsafe@f1134e8
      theUnsafe = class sun.misc.Unsafe@f1134e8
      INVALID_FIELD_OFFSET = -1
      ARRAY_BOOLEAN_BASE_OFFSET = 16
      ARRAY_BYTE_BASE_OFFSET = 16
      ARRAY_SHORT_BASE_OFFSET = 16
      ARRAY_CHAR_BASE_OFFSET = 16
      ARRAY_INT_BASE_OFFSET = 16
      ARRAY_LONG_BASE_OFFSET = 16
      ARRAY_FLOAT_BASE_OFFSET = 16
      ARRAY_DOUBLE_BASE_OFFSET = 16
      ARRAY_OBJECT_BASE_OFFSET = 16
      ARRAY_BOOLEAN_INDEX_SCALE = 1
      ARRAY_BYTE_INDEX_SCALE = 1
      ARRAY_SHORT_INDEX_SCALE = 2
      ARRAY_CHAR_INDEX_SCALE = 2
      ARRAY_INT_INDEX_SCALE = 4
      ARRAY_LONG_INDEX_SCALE = 8
      ARRAY_FLOAT_INDEX_SCALE = 4
      ARRAY_DOUBLE_INDEX_SCALE = 8
      ARRAY_OBJECT_INDEX_SCALE = 4
      ADDRESS_SIZE = 8
    valueOffset = 12
    value = 0
    serialVersionUID = -8742448824652078965
  logger = class com.ibm.ws.logging.internal.WsLogger@808df8e
    tc = class com.ibm.websphere.ras.TraceComponent@1a0bfcd6
      strings[0] = "TraceComponent[com.ibm.ws.logging.internal.WsLogger,class com.ibm.ws.logging.internal.WsLogger,[logging],com.ibm.ws.logging.internal.resources.LoggingMessages,null]"
    ivCachedResourceBundleName = null
    ivCachedResourceBundle = null
    ivComponent = null
    ivOrganization = null
    ivProduct = null
    ivMinimumLocalizationLevelIntValue = 625
    ivTC = class com.ibm.websphere.ras.TraceComponent@499853a6
      strings[0] = "TraceComponent[com.ibm.ws.webcontainer.filter,class com.ibm.wsspi.webcontainer.logging.LoggerFactory$1,[com.ibm.ws.webcontainer.filter],null,null]"
    loggerRegistrationComponent = class java.lang.ThreadLocal@77b5e689
      threadLocalHashCode = -1457684129
      nextHashCode = class java.util.concurrent.atomic.AtomicInteger@3256b362
      HASH_INCREMENT = 1640531527
    emptyHandlers = class java.util.logging.Handler[0]
    offValue = 2147483647
    SYSTEM_LOGGER_RB_NAME = "sun.util.logging.resources.logging"
    SYSTEM_BUNDLE = class java.util.logging.Logger$LoggerBundle@6beece91
      resourceBundleName = "sun.util.logging.resources.logging"
      userBundle = null
    NO_RESOURCE_BUNDLE = class java.util.logging.Logger$LoggerBundle@61ff9cf6
      resourceBundleName = null
      userBundle = null
    manager = class com.ibm.ws.kernel.boot.logging.WsLogManager@3926afee
      CLASS_NAME = "com.ibm.ws.kernel.boot.logging.WsLogManager"
      CONFIGURE_BY_SERVER_PROPERTY_NAME = "java.util.logging.configureByServer"
      CONFIGURE_BY_LOGGING_PROPERTIES_FILE = "java.util.logging.configureByLoggingPropertiesFile"
      configureByServer = true
      configureByLoggingProperties = false
      wsLogger = class java.lang.reflect.Constructor@2149d6ac
      resetEnabled = true
      svBinaryLoggingEnable = false
      manager = class com.ibm.ws.kernel.boot.logging.WsLogManager@3926afee
      props = class java.util.Properties@72c045dc
      defaultLevel = class java.util.logging.Level@63be5def
      listenerMap = class java.util.HashMap@338873f0
      systemContext = class java.util.logging.LogManager$SystemLoggerContext@5c9b2f9b
      userContext = class java.util.logging.LogManager$LoggerContext@14ddf8ba
      rootLogger = class java.util.logging.LogManager$RootLogger@64c3b158
      readPrimordialConfiguration = true
      initializedGlobalHandlers = true
      deathImminent = false
      initializedCalled = true
      initializationDone = true
      contextsMap = null
      loggerRefQueue = class java.lang.ref.ReferenceQueue@142449c3
      MAX_ITERATIONS = 400
      controlPermission = class java.util.logging.LoggingPermission@11465b2b
      loggingMXBean = null
      LOGGING_MXBEAN_NAME = "java.util.logging:type=Logging"
      $assertionsDisabled = true
    name = "com.ibm.ws.webcontainer.filter"
    handlers = class java.util.concurrent.CopyOnWriteArrayList@7c3b7714
      serialVersionUID = 8673264195747942595
      lock = class java.util.concurrent.locks.ReentrantLock@118a08c4
      array = class java.lang.Object[0]
      UNSAFE = class sun.misc.Unsafe@f1134e8
      lockOffset = 12
    loggerBundle = class java.util.logging.Logger$LoggerBundle@61bcb444
      resourceBundleName = "com.ibm.ws.webcontainer.resources.Messages"
      userBundle = null
    useParentHandlers = true
    filter = null
    anonymous = false
    catalog = class com.ibm.ws.webcontainer.resources.Messages@7cb99ca9
      resources = class [Ljava.lang.Object;[332]
      lookup = class java.util.HashMap@1571d833
      INITIAL_CACHE_SIZE = 32
      NONEXISTENT_BUNDLE = class java.util.ResourceBundle$1@43527a3
      cacheList = class java.util.concurrent.ConcurrentHashMap@735dbe6b
      referenceQueue = class java.lang.ref.ReferenceQueue@68f64073
      parent = null
      locale = class java.util.Locale@33a6d11c
      name = "com.ibm.ws.webcontainer.resources.Messages"
      expired = false
      cacheKey = class java.util.ResourceBundle$CacheKey@1e03f0f4
      keySet = null
      providers = null
      $assertionsDisabled = true
    catalogName = "com.ibm.ws.webcontainer.resources.Messages"
    catalogLocale = class java.util.Locale@706c050f
      LOCALECACHE = class java.util.Locale$Cache@328b87e6
      ENGLISH = class java.util.Locale@44dd05e9
      FRENCH = class java.util.Locale@7d9c6cb0
      GERMAN = class java.util.Locale@3fe89dbe
      ITALIAN = class java.util.Locale@51b28912
      JAPANESE = class java.util.Locale@7dec3c80
      KOREAN = class java.util.Locale@630b3661
      CHINESE = class java.util.Locale@18f542d3
      SIMPLIFIED_CHINESE = class java.util.Locale@5dcaa2c6
      TRADITIONAL_CHINESE = class java.util.Locale@415e8dc3
      FRANCE = class java.util.Locale@7b5c03b7
      GERMANY = class java.util.Locale@490d25d5
      ITALY = class java.util.Locale@415962a0
      JAPAN = class java.util.Locale@74dcdfdd
      KOREA = class java.util.Locale@6f862b4a
      CHINA = class java.util.Locale@5dcaa2c6
      PRC = class java.util.Locale@5dcaa2c6
      TAIWAN = class java.util.Locale@415e8dc3
      UK = class java.util.Locale@4f8588e2
      US = class java.util.Locale@706c050f
      CANADA = class java.util.Locale@45c3afd0
      CANADA_FRENCH = class java.util.Locale@5773b282
      ROOT = class java.util.Locale@33a6d11c
      PRIVATE_USE_EXTENSION = x
      UNICODE_LOCALE_EXTENSION = u
      serialVersionUID = 9149081749638150636
      DISPLAY_LANGUAGE = 0
      DISPLAY_COUNTRY = 1
      DISPLAY_VARIANT = 2
      DISPLAY_SCRIPT = 3
      baseLocale = class sun.util.locale.BaseLocale@9f10f5d
      localeExtensions = null
      hashCodeValue = 96636889
      defaultLocale = class java.util.Locale@706c050f
      defaultDisplayLocale = null
      defaultFormatLocale = class java.util.Locale@706c050f
      languageTag = "en-US"
      serialPersistentFields = class java.io.ObjectStreamField[6]
      isoLanguages = null
      isoCountries = null
      $assertionsDisabled = true
    treeLock = class java.lang.Object@57c85fc1
    parent = class com.ibm.ws.logging.internal.WsLogger@53d2dfe8
      tc = class com.ibm.websphere.ras.TraceComponent@1a0bfcd6
      ivCachedResourceBundleName = "com.ibm.ws.webcontainer.resources.Messages"
      ivCachedResourceBundle = class com.ibm.ws.webcontainer.resources.Messages@3a701d5a
      ivComponent = null
      ivOrganization = null
      ivProduct = null
      ivMinimumLocalizationLevelIntValue = 625
      ivTC = class com.ibm.websphere.ras.TraceComponent@3ce5b477
      loggerRegistrationComponent = class java.lang.ThreadLocal@77b5e689
      emptyHandlers = class java.util.logging.Handler[0]
      offValue = 2147483647
      SYSTEM_LOGGER_RB_NAME = "sun.util.logging.resources.logging"
      SYSTEM_BUNDLE = class java.util.logging.Logger$LoggerBundle@6beece91
      NO_RESOURCE_BUNDLE = class java.util.logging.Logger$LoggerBundle@61ff9cf6
      manager = class com.ibm.ws.kernel.boot.logging.WsLogManager@3926afee
      name = "com.ibm.ws.webcontainer"
      handlers = class java.util.concurrent.CopyOnWriteArrayList@2118bf0e
      loggerBundle = class java.util.logging.Logger$LoggerBundle@7b785b1d
      useParentHandlers = true
      filter = null
      anonymous = false
      catalog = class com.ibm.ws.webcontainer.resources.Messages@3a701d5a
      catalogName = "com.ibm.ws.webcontainer.resources.Messages"
      catalogLocale = class java.util.Locale@706c050f
      treeLock = class java.lang.Object@57c85fc1
      parent = class java.util.logging.Logger@14aaa54b
      kids = class java.util.ArrayList@2e8af049
      levelObject = class java.util.logging.Level@63be5def
      levelValue = 800
      callersClassLoaderRef = class java.lang.ref.WeakReference@4a8eca59
      isSystemLogger = false
      GLOBAL_LOGGER_NAME = "global"
      global = class java.util.logging.Logger@66c90701
      $assertionsDisabled = true
    kids = null
    levelObject = class java.util.logging.Level@63be5def
      defaultBundle = "sun.util.logging.resources.logging"
      name = "INFO"
      value = 800
      resourceBundleName = "sun.util.logging.resources.logging"
      localizedLevelName = "INFO"
      cachedLocale = class java.util.Locale@706c050f
      OFF = class java.util.logging.Level@5a1c8614
      SEVERE = class java.util.logging.Level@5fb7927a
      WARNING = class java.util.logging.Level@5e325d28
      INFO = class java.util.logging.Level@63be5def
      CONFIG = class java.util.logging.Level@43c1db24
      FINE = class java.util.logging.Level@7d53c96e
      FINER = class java.util.logging.Level@1e14a0fc
      FINEST = class java.util.logging.Level@5283650b
      ALL = class java.util.logging.Level@1f568c84
      serialVersionUID = -8176160795706313070
    levelValue = 800
    callersClassLoaderRef = class java.lang.ref.WeakReference@73ea68ea
      referent = class org.eclipse.osgi.internal.loader.EquinoxClassLoader@24116b92
      queue = class java.lang.ref.ReferenceQueue$Null@7311f60d
      next = null
      discovered = null
      lock = class java.lang.ref.Reference$Lock@75213af3
      pending = null
    isSystemLogger = false
    GLOBAL_LOGGER_NAME = "global"
    global = class java.util.logging.Logger@66c90701
      emptyHandlers = class java.util.logging.Handler[0]
      offValue = 2147483647
      SYSTEM_LOGGER_RB_NAME = "sun.util.logging.resources.logging"
      SYSTEM_BUNDLE = class java.util.logging.Logger$LoggerBundle@6beece91
      NO_RESOURCE_BUNDLE = class java.util.logging.Logger$LoggerBundle@61ff9cf6
      manager = class com.ibm.ws.kernel.boot.logging.WsLogManager@3926afee
      name = "global"
      handlers = class java.util.concurrent.CopyOnWriteArrayList@6aa57991
      loggerBundle = class java.util.logging.Logger$LoggerBundle@61ff9cf6
      useParentHandlers = true
      filter = null
      anonymous = false
      catalog = null
      catalogName = null
      catalogLocale = null
      treeLock = class java.lang.Object@57c85fc1
      parent = class java.util.logging.LogManager$RootLogger@64c3b158
      kids = null
      levelObject = null
      levelValue = 800
      callersClassLoaderRef = null
      isSystemLogger = true
      GLOBAL_LOGGER_NAME = "global"
      global = class java.util.logging.Logger@66c90701
      $assertionsDisabled = true
    $assertionsDisabled = true
  CLASS_NAME = "com.ibm.ws.webcontainer.filter.FilterInstanceWrapper"
  _filterEvent = null
  _filterConfig = class com.ibm.ws.webcontainer.filter.FilterConfig@65e7648d
    tc = class com.ibm.websphere.ras.TraceComponent@78a96402
      strings[0] = "TraceComponent[com.ibm.ws.webcontainer.filter.FilterConfig,class com.ibm.ws.webcontainer.filter.FilterConfig,[webcontainer],com.ibm.ws.webcontainer.resources.LShimMessages,null]"
    dispatchMode = null
    filterClassLoader = null
    isInternal = false
    webAppConfig = class com.ibm.ws.webcontainer.osgi.webapp.WebAppConfiguration@6cda79c1
      webModuleMetaData = class com.ibm.ws.webcontainer.osgi.metadata.WebModuleMetaDataImpl@491355cc
      webComponentMetaData = class com.ibm.ws.webcontainer.osgi.metadata.WebComponentMetaDataImpl@47056290
      dVirtualHost = class com.ibm.ws.webcontainer.osgi.DynamicVirtualHost@2462878a
      orderedLibPaths = class java.util.Collections$UnmodifiableRandomAccessList@ee7ec46
      bundleHeaders = null
      cdiEnabled = false
      CLASS_NAME = "com.ibm.ws.webcontainer.webapp.WebAppConfiguration"
      logger = class com.ibm.ws.logging.internal.WsLogger@30b3d942
      tc = class com.ibm.websphere.ras.TraceComponent@18ce7939
      nls = class com.ibm.ejs.ras.TraceNLS@5c4e3c26
      version = 25
      contextRoot = "/web_war_exploded"
      isDefaultContextRootUsed = true
      sessionTimeout = 0
      moduleSessionTimeoutSet = false
      moduleSessionTrackingModeSet = false
      sessionCookieConfig = class com.ibm.ws.session.SessionCookieConfigImpl@6d7a6e35
      hasProgrammaticCookieConfig = false
      sessionDefaultTrackingModeSet = class java.util.RegularEnumSet@3bcf63db
      sessionManagerConfig = class com.ibm.ws.session.SessionManagerConfig@1598c429
      displayName = "web_war_exploded"
      description = null
      reloadInterval = 0
      distributable = false
      denyUncoveredHttpMethods = false
      reloadingEnabled = false
      serveServletsByClassnameEnabled = false
      defaultErrorPage = null
      additionalClassPath = null
      fileServingEnabled = null
      directoryBrowsingEnabled = false
      autoRequestEncoding = false
      autoResponseEncoding = false
      autoLoadFilters = false
      requestListeners = null
      requestAttributeListeners = null
      sessionListeners = null
      localeMap = null
      moduleName = "web_war_exploded"
      j2eeModuleName = "web_war_exploded"
      moduleId = null
      isSyncToThreadEnabled = false
      encodeDispatchedRequestURI = false
      isSystemApp = false
      ardEnabled = false
      ardDispatchType = null
      listeners = class java.util.ArrayList@381a75b0
      welcomeFileList = class java.util.ArrayList@62faf40
      servletMappings = class java.util.HashMap@463ed5e5
      lastIndexBeforeDeclaredFilters = 1
      filterMappings = class java.util.ArrayList@15d4e887
      servletInfo = class java.util.concurrent.ConcurrentHashMap@7e08a878
      filterInfo = class java.util.HashMap@5a65d56
      mimeMappings = class java.util.HashMap@358721fa
      mimeFilters = null
      isMimeFilteringEnabled = false
      theWebGroup = null
      jspAttributes = class java.util.HashMap@7a5671d
      fileServingAttributes = class java.util.HashMap@3cd554f9
      invokerAttributes = class java.util.HashMap@b2ee2d8
      contextParams = class java.util.HashMap@7aa9ab6
      virtualHost = "default_host"
      exceptionErrorPages = class java.util.HashMap@2b9b88d1
      codeErrorPages = class java.util.HashMap@3dff73c7
      tagLibList = null
      precompileJsps = false
      webApp = class com.ibm.ws.webcontainer40.osgi.webapp.WebApp40@277a13f8
      virtualHostList = class java.util.Collections$EmptyList@41bb7e82
      appStartupWeight = 0
      moduleStartupWeight = 0
      metaDataComplete = false
      classesToScan = class java.util.ArrayList@12973329
      uriFilterMappingInfos = class java.util.ArrayList@653dfcaa
      servletFilterMappingInfos = null
      dynamicServletRegistrationMap = null
      applicationName = "web_war_exploded"
      libBinPathList = class java.util.ArrayList@231aca81
      webXmlDefinedListeners = class java.util.HashSet@394fff0e
      allRefs = class java.util.EnumMap@126a9d75
      allRefBindings = class java.util.EnumMap@18b8fb3e
      envEntryValues = class java.util.HashMap@6d83646a
      resourceRefConfigList = null
      disallowAllFileServingProp = "false"
      disallowServeServletsByClassnameProp = "true"
      disableStaticMappingCache = false
      jspCachedLocations = class java.util.HashMap@2bf2415b
      primedSTSHeader = "NoValue"
      enablemultireadofpostdata = false
      requestEncoding = null
      responseEncoding = null
      NULLSERVLETNAME = "com.ibm.ws.webcontainer.NullServletName"
      _id = "WebAppGeneratedId1"
      _attributes = null
      serialVersionUID = 7511545662945734886
      $$$tc$$$ = class com.ibm.websphere.ras.TraceComponent@43664ae4
    filter = null
    filterClass = class java.lang.Class@3addcae5
      ANNOTATION = 8192
      ENUM = 16384
      SYNTHETIC = 4096
      cachedConstructor = null
      newInstanceCallerCache = null
      name = "com.ibm.ws.security.jaspi.JaspiServletFilter"
      allPermDomain = class java.security.ProtectionDomain@53c6378a
      useCaches = true
      reflectionData = class java.lang.ref.SoftReference@36c5b6cc
      classRedefinedCount = 0
      genericInfo = null
      serialVersionUID = 3206093459760846163
      serialPersistentFields = class java.io.ObjectStreamField[0]
      reflectionFactory = class sun.reflect.ReflectionFactory@366d8aea
      initted = true
      enumConstants = null
      enumConstantDirectory = null
      annotationData = class java.lang.Class$AnnotationData@189ee475
      annotationType = null
      classValueMap = null
    urlPatternMappings = class java.util.ArrayList@51853730
      serialVersionUID = 8683452581122892189
      DEFAULT_CAPACITY = 10
      EMPTY_ELEMENTDATA = class java.lang.Object[0]
      DEFAULTCAPACITY_EMPTY_ELEMENTDATA = class java.lang.Object[0]
      elementData = class java.lang.Object[10]
      size = 1
      MAX_ARRAY_SIZE = 2147483639
      modCount = 1
      MAX_ARRAY_SIZE = 2147483639
    servletNameMappings = null
    nls = class com.ibm.ejs.ras.TraceNLS@6bbf3c15
      resolver = class com.ibm.ws.logging.internal.TraceNLSResolver@781898da
      finder = null
      ivBundleName = "com.ibm.ws.webcontainer.resources.Messages"
      caller = class java.lang.Class@7992eb63
    logger = class com.ibm.ws.logging.internal.WsLogger@1d0289a
      tc = class com.ibm.websphere.ras.TraceComponent@1a0bfcd6
      ivCachedResourceBundleName = null
      ivCachedResourceBundle = null
      ivComponent = null
      ivOrganization = null
      ivProduct = null
      ivMinimumLocalizationLevelIntValue = 625
      ivTC = class com.ibm.websphere.ras.TraceComponent@1c93a0b7
      loggerRegistrationComponent = class java.lang.ThreadLocal@77b5e689
      emptyHandlers = class java.util.logging.Handler[0]
      offValue = 2147483647
      SYSTEM_LOGGER_RB_NAME = "sun.util.logging.resources.logging"
      SYSTEM_BUNDLE = class java.util.logging.Logger$LoggerBundle@6beece91
      NO_RESOURCE_BUNDLE = class java.util.logging.Logger$LoggerBundle@61ff9cf6
      manager = class com.ibm.ws.kernel.boot.logging.WsLogManager@3926afee
      name = "com.ibm.ws.webcontainer.servlet"
      handlers = class java.util.concurrent.CopyOnWriteArrayList@2549651c
      loggerBundle = class java.util.logging.Logger$LoggerBundle@675ed9d
      useParentHandlers = true
      filter = null
      anonymous = false
      catalog = class com.ibm.ws.webcontainer.resources.Messages@7cb99ca9
      catalogName = "com.ibm.ws.webcontainer.resources.Messages"
      catalogLocale = class java.util.Locale@706c050f
      treeLock = class java.lang.Object@57c85fc1
      parent = class com.ibm.ws.logging.internal.WsLogger@53d2dfe8
      kids = null
      levelObject = class java.util.logging.Level@63be5def
      levelValue = 800
      callersClassLoaderRef = class java.lang.ref.WeakReference@475d7533
      isSystemLogger = false
      GLOBAL_LOGGER_NAME = "global"
      global = class java.util.logging.Logger@66c90701
      $assertionsDisabled = true
    CLASS_NAME = "com.ibm.ws.webcontainer.servlet.TargetConfig"
    initParams = null
    fileName = null
    displayName = "com.ibm.ws.security.jaspi.servlet.filter"
    name = "com.ibm.ws.security.jaspi.servlet.filter"
    description = null
    smallIcon = null
    largeIcon = null
    context = class com.ibm.ws.webcontainer40.facade.ServletContextFacade40@7994a327
      context = class com.ibm.ws.webcontainer40.osgi.webapp.WebApp40@277a13f8
    className = null
    asyncSupported = true
    _id = "com.ibm.ws.security.jaspi.servlet.filter"
    _attributes = null
    serialVersionUID = 7511545662945734886
    $$$tc$$$ = class com.ibm.websphere.ras.TraceComponent@43664ae4
      strings[0] = "TraceComponent[com.ibm.ws.container.BaseConfiguration,class com.ibm.ws.container.BaseConfiguration,[],null,null]"
  _eventSource = class com.ibm.ws.webcontainer.webapp.WebAppEventSource@6cd2fea5
    _invocationListeners = class com.ibm.ws.webcontainer.util.EventListeners@32e1d901
      EMPTY_LISTENERS = interface java.util.EventListener[0]
      logger = class com.ibm.ws.logging.internal.WsLogger@211ea2e5
      CLASS_NAME = "com.ibm.ws.webcontainer.util.EventListeners"
      listeners = interface java.util.EventListener[0]
    _servletListeners = class com.ibm.ws.webcontainer.util.EventListeners@126c4a8f
      EMPTY_LISTENERS = interface java.util.EventListener[0]
      logger = class com.ibm.ws.logging.internal.WsLogger@211ea2e5
      CLASS_NAME = "com.ibm.ws.webcontainer.util.EventListeners"
      listeners = interface java.util.EventListener[0]
    _errorListeners = class com.ibm.ws.webcontainer.util.EventListeners@3cb3b6cc
      EMPTY_LISTENERS = interface java.util.EventListener[0]
      logger = class com.ibm.ws.logging.internal.WsLogger@211ea2e5
      CLASS_NAME = "com.ibm.ws.webcontainer.util.EventListeners"
      listeners = interface java.util.EventListener[0]
    _applicationListeners = class com.ibm.ws.webcontainer.util.EventListeners@12f19c34
      EMPTY_LISTENERS = interface java.util.EventListener[0]
      logger = class com.ibm.ws.logging.internal.WsLogger@211ea2e5
      CLASS_NAME = "com.ibm.ws.webcontainer.util.EventListeners"
      listeners = interface java.util.EventListener[0]
    _filterInvocationListeners = class com.ibm.ws.webcontainer.util.EventListeners@2ee476ba
      EMPTY_LISTENERS = interface java.util.EventListener[0]
      logger = class com.ibm.ws.logging.internal.WsLogger@211ea2e5
      CLASS_NAME = "com.ibm.ws.webcontainer.util.EventListeners"
      listeners = interface java.util.EventListener[0]
    _filterListeners = class com.ibm.ws.webcontainer.util.EventListeners@5eac69db
      EMPTY_LISTENERS = interface java.util.EventListener[0]
      logger = class com.ibm.ws.logging.internal.WsLogger@211ea2e5
      CLASS_NAME = "com.ibm.ws.webcontainer.util.EventListeners"
      listeners = interface java.util.EventListener[0]
    _filterErrorListeners = class com.ibm.ws.webcontainer.util.EventListeners@7f08a114
      EMPTY_LISTENERS = interface java.util.EventListener[0]
      logger = class com.ibm.ws.logging.internal.WsLogger@211ea2e5
      CLASS_NAME = "com.ibm.ws.webcontainer.util.EventListeners"
      listeners = interface java.util.EventListener[0]
  _managedObject = class com.ibm.ws.managedobject.internal.ManagedObjectImpl@3119d5
    object = "<sensitive com.ibm.ws.security.jaspi.JaspiServletFilter@55f8bc49>"
    serialVersionUID = 316670419635262281
    $$$tc$$$ = class com.ibm.websphere.ras.TraceComponent@48f2cbe
      strings[0] = "TraceComponent[com.ibm.ws.managedobject.internal.ManagedObjectImpl,class com.ibm.ws.managedobject.internal.ManagedObjectImpl,[],null,null]"

