------Start of DE processing------ = [10/28/18 20:00:20:286 CST]
Exception = java.lang.IllegalStateException
Source = com.ibm.ws.app.manager.internal.statemachine.StartAction
probeid = 145
Stack Dump = java.lang.IllegalStateException: com.ibm.wsspi.adaptable.module.UnableToAdaptException: com.ibm.ws.javaee.ddmodel.DDParser$ParseException: CWWKC2272E: An error occurred while parsing the /WEB-INF/web.xml deployment descriptor on line 5. The error message was: ParseError at [row,col]:[5,2]
Message: The value of attribute "xsi:schemaLocation" associated with an element type "web-app" must not contain the '<' character.
	at com.ibm.ws.app.manager.war.internal.WARApplicationHandlerImpl.setUpApplicationMonitoring(WARApplicationHandlerImpl.java:51)
	at com.ibm.ws.app.manager.internal.statemachine.StartAction.execute(StartAction.java:136)
	at com.ibm.ws.app.manager.internal.statemachine.ApplicationStateMachineImpl.enterState(ApplicationStateMachineImpl.java:1258)
	at com.ibm.ws.app.manager.internal.statemachine.ApplicationStateMachineImpl.run(ApplicationStateMachineImpl.java:873)
	at java.util.concurrent.ThreadPoolExecutor.runWorker(ThreadPoolExecutor.java:1149)
	at java.util.concurrent.ThreadPoolExecutor$Worker.run(ThreadPoolExecutor.java:624)
	at java.lang.Thread.run(Thread.java:748)
Caused by: com.ibm.wsspi.adaptable.module.UnableToAdaptException: com.ibm.ws.javaee.ddmodel.DDParser$ParseException: CWWKC2272E: An error occurred while parsing the /WEB-INF/web.xml deployment descriptor on line 5. The error message was: ParseError at [row,col]:[5,2]
Message: The value of attribute "xsi:schemaLocation" associated with an element type "web-app" must not contain the '<' character.
	at com.ibm.ws.javaee.ddmodel.web.WebAppEntryAdapter.adapt(WebAppEntryAdapter.java:61)
	at com.ibm.ws.javaee.ddmodel.web.WebAppEntryAdapter.adapt(WebAppEntryAdapter.java:26)
	at com.ibm.ws.adaptable.module.internal.AdapterFactoryServiceImpl.adapt(AdapterFactoryServiceImpl.java:227)
	at com.ibm.ws.adaptable.module.internal.AdaptableEntryImpl.adapt(AdaptableEntryImpl.java:121)
	at com.ibm.ws.javaee.ddmodel.web.WebAppAdapter.adapt(WebAppAdapter.java:38)
	at com.ibm.ws.javaee.ddmodel.web.WebAppAdapter.adapt(WebAppAdapter.java:24)
	at com.ibm.ws.adaptable.module.internal.AdapterFactoryServiceImpl.adapt(AdapterFactoryServiceImpl.java:196)
	at com.ibm.ws.adaptable.module.internal.AdaptableContainerImpl.adapt(AdaptableContainerImpl.java:170)
	at com.ibm.ws.app.manager.module.internal.SimpleDeployedAppInfoBase$ModuleContainerInfoBase.<init>(SimpleDeployedAppInfoBase.java:153)
	at com.ibm.ws.app.manager.module.internal.SimpleDeployedAppInfoBase$WebModuleContainerInfo.<init>(SimpleDeployedAppInfoBase.java:320)
	at com.ibm.ws.app.manager.war.internal.WARDeployedAppInfo.<init>(WARDeployedAppInfo.java:64)
	at com.ibm.ws.app.manager.war.internal.WARDeployedAppInfoFactoryImpl.createDeployedAppInfo(WARDeployedAppInfoFactoryImpl.java:118)
	at com.ibm.ws.app.manager.war.internal.WARDeployedAppInfoFactoryImpl.createDeployedAppInfo(WARDeployedAppInfoFactoryImpl.java:33)
	at com.ibm.ws.app.manager.war.internal.WARApplicationHandlerImpl.setUpApplicationMonitoring(WARApplicationHandlerImpl.java:49)
	... 6 more
Caused by: com.ibm.ws.javaee.ddmodel.DDParser$ParseException: CWWKC2272E: An error occurred while parsing the /WEB-INF/web.xml deployment descriptor on line 5. The error message was: ParseError at [row,col]:[5,2]
Message: The value of attribute "xsi:schemaLocation" associated with an element type "web-app" must not contain the '<' character.
	at com.ibm.ws.javaee.ddmodel.DDParser.parseToRootElement(DDParser.java:418)
	at com.ibm.ws.javaee.ddmodel.DDParser.parseRootElement(DDParser.java:572)
	at com.ibm.ws.javaee.ddmodel.web.WebAppDDParser.parse(WebAppDDParser.java:32)
	at com.ibm.ws.javaee.ddmodel.web.WebAppEntryAdapter.adapt(WebAppEntryAdapter.java:59)
	... 19 more
Caused by: javax.xml.stream.XMLStreamException: ParseError at [row,col]:[5,2]
Message: The value of attribute "xsi:schemaLocation" associated with an element type "web-app" must not contain the '<' character.
	at com.sun.org.apache.xerces.internal.impl.XMLStreamReaderImpl.next(XMLStreamReaderImpl.java:604)
	at com.ibm.ws.javaee.ddmodel.DDParser.parseToRootElement(DDParser.java:415)
	... 22 more

Dump of callerThis
Object type = com.ibm.ws.app.manager.internal.statemachine.StartAction
  _tc = class com.ibm.websphere.ras.TraceComponent@91c1a7a
    strings[0] = "TraceComponent[com.ibm.ws.app.manager.internal.statemachine.StartAction,class com.ibm.ws.app.manager.internal.statemachine.StartAction,[applications, app.manager],com.ibm.ws.app.manager.internal.resources.AppManagerMessages,null]"
  _config = class com.ibm.ws.app.manager.internal.ApplicationConfig@414367b
    tc = class com.ibm.websphere.ras.TraceComponent@799d6cdd
      strings[0] = "TraceComponent[com.ibm.ws.app.manager.internal.ApplicationConfig,class com.ibm.ws.app.manager.internal.ApplicationConfig,[applications, app.manager],com.ibm.ws.app.manager.internal.resources.AppManagerMessages,null]"
    _configPid = "com.ibm.ws.app.manager_4"
    _config = class com.ibm.ws.config.admin.ConfigurationDictionary@3562d92e
      serialVersionUID = 7966152868712543805
      simpleTypes = class java.util.Arrays$ArrayList@28c76238
      primitiveArrayTypes = class java.util.Arrays$ArrayList@4ba3b1ab
      simpleArrayTypes = class java.util.Arrays$ArrayList@4b33ca81
      extendedTypes = class java.util.Arrays$ArrayList@27e253c1
      CASE_INSENSITIVE = class com.ibm.ws.config.admin.ConfigurationDictionary$CaseInsensitive@342723a7
      properties = class java.util.Collections$SynchronizedMap@625fe261
    _applicationManager = class com.ibm.ws.app.manager.ApplicationManager@26abd70e
      expandApps = true
      useJandex = false
      startTimeout = 30
      stopTimeout = 30
      serialVersionUID = -5714171545272003139
      $$$tc$$$ = class com.ibm.websphere.ras.TraceComponent@6c99d178
    _location = "C:/Users/maria/OneDrive/Escritorio/Computadores/2 semestre/Datos 1/Proyecto2/Game of Thrones/out/artifacts/web_war_exploded"
    _type = "war"
    _name = "web_war_exploded"
    _notificationBroadcasterSupport = class javax.management.NotificationBroadcasterSupport@7d925daa
      listenerList = class java.util.concurrent.CopyOnWriteArrayList@39b7f7d7
      executor = class com.ibm.ws.threading.internal.ExecutorServiceImpl@68420dba
      notifInfo = class javax.management.MBeanNotificationInfo[2]
      defaultExecutor = class javax.management.NotificationBroadcasterSupport$1@6926aba1
      NO_NOTIFICATION_INFO = class javax.management.MBeanNotificationInfo[0]
      logger = class com.sun.jmx.remote.util.ClassLogger@49961ad0
    ONE_TIME_JANDEX_MSGS_DISPLAYED = true
  _aii = class com.ibm.ws.app.manager.internal.ApplicationInstallInfo@18117d59
    _config = class com.ibm.ws.app.manager.internal.ApplicationConfig@414367b
    _handlerInfo = class java.util.concurrent.atomic.AtomicReference@139ab044
      serialVersionUID = -1848883965231344442
      unsafe = class sun.misc.Unsafe@3b6b322d
      valueOffset = 12
      value = null
    _container = class java.util.concurrent.atomic.AtomicReference@f2ecdb
      serialVersionUID = -1848883965231344442
      unsafe = class sun.misc.Unsafe@3b6b322d
      valueOffset = 12
      value = class com.ibm.ws.adaptable.module.internal.AdaptableContainerImpl@36d0da37
    _resolvedLocation = class java.util.concurrent.atomic.AtomicReference@515b55a2
      serialVersionUID = -1848883965231344442
      unsafe = class sun.misc.Unsafe@3b6b322d
      valueOffset = 12
      value = class com.ibm.ws.kernel.service.location.internal.LocalFileResource@772683b8
    _handler = class com.ibm.ws.app.manager.war.internal.WARApplicationHandlerImpl@4c63d357
      futureMonitor = class com.ibm.ws.threading.internal.FutureMonitorImpl@f380087
      deployedAppFactory = class com.ibm.ws.app.manager.war.internal.WARDeployedAppInfoFactoryImpl@4879ac25
      serialVersionUID = 4622845147410944782
      $$$tc$$$ = class com.ibm.websphere.ras.TraceComponent@313d7766
    _ami = class java.util.concurrent.atomic.AtomicReference@7459061c
      serialVersionUID = -1848883965231344442
      unsafe = class sun.misc.Unsafe@3b6b322d
      valueOffset = 12
      value = null
    _updateHandler = class com.ibm.ws.app.manager.internal.statemachine.ApplicationStateMachineImpl@32078043
      _tc = class com.ibm.websphere.ras.TraceComponent@4089007b
      EMPTY_FUTURE_ARRAY = interface java.util.concurrent.Future[0]
      asmSequenceNumber = class java.util.concurrent.atomic.AtomicLong@2ef981ab
      _qscaCounter = class java.util.concurrent.atomic.AtomicInteger@122c1b8e
      _failedThrowable = null
      _interruptibleLock = class com.ibm.ws.app.manager.internal.statemachine.ApplicationStateMachineImpl$2@1c278410
      _interruptible = false
      _performingQueuedActions = true
      _queuedActions = class java.util.concurrent.ConcurrentLinkedQueue@1890f23e
      _callbackState = class java.util.concurrent.atomic.AtomicReference@7a06cc5e
      blockAppStartingFutures = class java.util.Collections$SetFromMap@88448fb
      waitingForAppHandlerFuture = class java.util.concurrent.atomic.AtomicReference@28a35aff
      waitingForExplicitStartFuture = class java.util.concurrent.atomic.AtomicReference@37bd4cd7
      completionListener = class java.util.concurrent.atomic.AtomicReference@7b150242
      _notifyAppStopped = class java.util.concurrent.ConcurrentLinkedQueue@517c5e4b
      _notifyAppStarting = class java.util.concurrent.ConcurrentLinkedQueue@63ba9239
      _notifyAppInstallCalled = class java.util.concurrent.ConcurrentLinkedQueue@3e3cb16d
      _notifyAppStarted = class java.util.concurrent.ConcurrentLinkedQueue@6de8a3fa
      _notifyAppRemoved = class java.util.concurrent.ConcurrentLinkedQueue@5e55360a
      _stateLock = class com.ibm.ws.app.manager.internal.statemachine.ApplicationStateMachineImpl$3@69c95ca3
      _internalState = class java.util.concurrent.atomic.AtomicReference@32a53f2e
      _currentAction = class java.util.concurrent.atomic.AtomicReference@1afaadf3
      _rfa = class java.util.concurrent.atomic.AtomicReference@6d682dc0
      _appInstallInfo = class java.util.concurrent.atomic.AtomicReference@4e67488a
      _update = class java.util.concurrent.atomic.AtomicBoolean@55a05227
      _appConfig = class java.util.concurrent.atomic.AtomicReference@1afae855
      _nextAppConfig = class java.util.concurrent.atomic.AtomicReference@36d0c0e7
      _appContainer = class java.util.concurrent.atomic.AtomicReference@4287fdaf
      _resolvedLocation = class java.util.concurrent.atomic.AtomicReference@1561aeb2
      _handler = class java.util.concurrent.atomic.AtomicReference@5814440b
      _asmSeqNo = 0
      _ctx = class org.eclipse.osgi.internal.framework.BundleContextImpl@5da6a006
      _locAdmin = class com.ibm.ws.kernel.service.location.internal.WsLocationAdminImpl@40627e2a
      _futureMonitor = class com.ibm.ws.threading.internal.FutureMonitorImpl@f380087
      _artifactFactory = class com.ibm.ws.artifact.internal.ArtifactContainerFactoryService@793a5f44
      _moduleFactory = class com.ibm.ws.adaptable.module.internal.AdaptableModuleFactoryImpl@4b16e9b1
      _executorService = class com.ibm.ws.threading.internal.ExecutorServiceImpl@68420dba
      _scheduledExecutorService = class com.ibm.ws.threading.internal.ScheduledExecutorImpl@1f609a1d
      _asmHelper = class com.ibm.ws.app.manager.internal.ApplicationConfigurator$NamedApplication@62f7c95b
      _appMonitor = class com.ibm.ws.app.manager.internal.monitor.ApplicationMonitor@68736016
      enterStateCalled = class java.util.concurrent.atomic.AtomicBoolean@15649232
      serialVersionUID = -1399093980790866556
      serialVersionUID = 5501066335104962649
      $$$tc$$$ = class com.ibm.websphere.ras.TraceComponent@12eae178
    serialVersionUID = 2630639237123415755
    $$$tc$$$ = class com.ibm.websphere.ras.TraceComponent@e539f9b
      strings[0] = "TraceComponent[com.ibm.ws.app.manager.internal.ApplicationInstallInfo,class com.ibm.ws.app.manager.internal.ApplicationInstallInfo,[applications, app.manager],com.ibm.ws.app.manager.internal.resources.AppManagerMessages,null]"
  _callback = class java.util.concurrent.atomic.AtomicReference@2f030250
    serialVersionUID = -1848883965231344442
    unsafe = class sun.misc.Unsafe@3b6b322d
    valueOffset = 12
    value = class com.ibm.ws.app.manager.internal.statemachine.ApplicationStateMachineImpl$StartActionCallback@3877443b
      immediateCallbackResult = class java.util.concurrent.atomic.AtomicReference@3810e326
      this$0 = class com.ibm.ws.app.manager.internal.statemachine.ApplicationStateMachineImpl@32078043
      serialVersionUID = 6735534421474643855
      $$$tc$$$ = class com.ibm.websphere.ras.TraceComponent@223ad25c
  _monitor = class com.ibm.ws.threading.internal.FutureMonitorImpl@f380087
    _monitor = class java.util.concurrent.ConcurrentLinkedQueue@35de80c1
      serialVersionUID = 196745693267521676
      head = class java.util.concurrent.ConcurrentLinkedQueue$Node@6f891cb8
      tail = class java.util.concurrent.ConcurrentLinkedQueue$Node@6f891cb8
      UNSAFE = class sun.misc.Unsafe@3b6b322d
      headOffset = 12
      tailOffset = 16
      MAX_ARRAY_SIZE = 2147483639
    _executor = class com.ibm.ws.threading.internal.ScheduledExecutorImpl@1f609a1d
      threadGroupName = "Scheduled Executor Thread Group"
      executor = class com.ibm.ws.threading.internal.ExecutorServiceImpl@68420dba
      serialVersionUID = -9110693807503469597
      $$$tc$$$ = class com.ibm.websphere.ras.TraceComponent@7ec70097
      continueExistingPeriodicTasksAfterShutdown = false
      executeExistingDelayedTasksAfterShutdown = true
      removeOnCancel = false
      sequencer = class java.util.concurrent.atomic.AtomicLong@342a3c67
      ctl = class java.util.concurrent.atomic.AtomicInteger@1ab0def5
      COUNT_BITS = 29
      CAPACITY = 536870911
      RUNNING = -536870912
      SHUTDOWN = 0
      STOP = 536870912
      TIDYING = 1073741824
      TERMINATED = 1610612736
      workQueue = class java.util.concurrent.ScheduledThreadPoolExecutor$DelayedWorkQueue@1064e399
      mainLock = class java.util.concurrent.locks.ReentrantLock@683303f2
      workers = class java.util.HashSet@d1fd397
      termination = class java.util.concurrent.locks.AbstractQueuedSynchronizer$ConditionObject@11c4e3b7
      largestPoolSize = 1
      completedTaskCount = 0
      threadFactory = class com.ibm.ws.threading.internal.ThreadFactoryImpl@260ba23d
      handler = class java.util.concurrent.ThreadPoolExecutor$AbortPolicy@5657199d
      keepAliveTime = 0
      allowCoreThreadTimeOut = false
      corePoolSize = 1
      maximumPoolSize = 2147483647
      defaultHandler = class java.util.concurrent.ThreadPoolExecutor$AbortPolicy@5657199d
      shutdownPerm = class java.lang.RuntimePermission@2527fbab
      acc = null
      ONLY_ONE = true
      $assertionsDisabled = true
    _threadRunning = class java.util.concurrent.atomic.AtomicBoolean@1a4b8164
      serialVersionUID = 4654671469794556979
      unsafe = class sun.misc.Unsafe@3b6b322d
      valueOffset = 12
      value = 0
    _thread = class com.ibm.ws.threading.internal.FutureMonitorImpl$1@490b3f29
      this$0 = class com.ibm.ws.threading.internal.FutureMonitorImpl@f380087
      serialVersionUID = 2422512430832938099
      $$$tc$$$ = class com.ibm.websphere.ras.TraceComponent@3142a310
    serialVersionUID = 2765238413969174390
    $$$tc$$$ = class com.ibm.websphere.ras.TraceComponent@c962823
      strings[0] = "TraceComponent[com.ibm.ws.threading.internal.FutureMonitorImpl,class com.ibm.ws.threading.internal.FutureMonitorImpl,[Threading],com.ibm.ws.threading.internal.resources.ThreadingMessages,null]"
  _startTime = class java.util.concurrent.atomic.AtomicLong@61da6677
    serialVersionUID = 1927816293512124184
    unsafe = class sun.misc.Unsafe@3b6b322d
    valueOffset = 16
    VM_SUPPORTS_LONG_CAS = true
    value = 1540778419844
    serialVersionUID = -8742448824652078965
  _appMonitor = class com.ibm.ws.app.manager.internal.monitor.ApplicationMonitor@68736016
    tc = class com.ibm.websphere.ras.TraceComponent@6b60cbaa
      strings[0] = "TraceComponent[com.ibm.ws.app.manager.internal.monitor.ApplicationMonitor,class com.ibm.ws.app.manager.internal.monitor.ApplicationMonitor,[applications, app.manager],com.ibm.ws.app.manager.internal.resources.AppManagerMessages,null]"
    _config = class java.util.concurrent.atomic.AtomicReference@7e863be1
      serialVersionUID = -1848883965231344442
      unsafe = class sun.misc.Unsafe@3b6b322d
      valueOffset = 12
      value = class com.ibm.ws.app.manager.internal.monitor.ApplicationMonitorConfig@440450fa
    _executorService = class java.util.concurrent.atomic.AtomicReference@7b77e32f
      serialVersionUID = -1848883965231344442
      unsafe = class sun.misc.Unsafe@3b6b322d
      valueOffset = 12
      value = class com.ibm.ws.threading.internal.ScheduledExecutorImpl@1f609a1d
    _appListeners = class java.util.concurrent.ConcurrentHashMap@7466aed1
      serialVersionUID = 7249069246763182397
      MAXIMUM_CAPACITY = 1073741824
      DEFAULT_CAPACITY = 16
      MAX_ARRAY_SIZE = 2147483639
      DEFAULT_CONCURRENCY_LEVEL = 16
      LOAD_FACTOR = 0.75
      TREEIFY_THRESHOLD = 8
      UNTREEIFY_THRESHOLD = 6
      MIN_TREEIFY_CAPACITY = 64
      MIN_TRANSFER_STRIDE = 16
      RESIZE_STAMP_BITS = 16
      MAX_RESIZERS = 65535
      RESIZE_STAMP_SHIFT = 16
      MOVED = -1
      TREEBIN = -2
      RESERVED = -3
      HASH_BITS = 2147483647
      NCPU = 4
      serialPersistentFields = class java.io.ObjectStreamField[3]
      table = null
      nextTable = null
      baseCount = 0
      sizeCtl = 0
      transferIndex = 0
      cellsBusy = 0
      counterCells = null
      keySet = null
      values = class java.util.concurrent.ConcurrentHashMap$ValuesView@68bcf236
      entrySet = null
      U = class sun.misc.Unsafe@3b6b322d
      SIZECTL = 20
      TRANSFERINDEX = 32
      BASECOUNT = 24
      CELLSBUSY = 36
      CELLVALUE = 144
      ABASE = 16
      ASHIFT = 2
      keySet = null
      values = null
    serialVersionUID = -6677716415972806660
  _update = false
  _slowMessageAction = class java.util.concurrent.atomic.AtomicReference@225d7d4f
    serialVersionUID = -1848883965231344442
    unsafe = class sun.misc.Unsafe@3b6b322d
      theUnsafe = class sun.misc.Unsafe@3b6b322d
      INVALID_FIELD_OFFSET = -1
      ARRAY_BOOLEAN_BASE_OFFSET = 16
      ARRAY_BYTE_BASE_OFFSET = 16
      ARRAY_SHORT_BASE_OFFSET = 16
      ARRAY_CHAR_BASE_OFFSET = 16
      ARRAY_INT_BASE_OFFSET = 16
      ARRAY_LONG_BASE_OFFSET = 16
      ARRAY_FLOAT_BASE_OFFSET = 16
      ARRAY_DOUBLE_BASE_OFFSET = 16
      ARRAY_OBJECT_BASE_OFFSET = 16
      ARRAY_BOOLEAN_INDEX_SCALE = 1
      ARRAY_BYTE_INDEX_SCALE = 1
      ARRAY_SHORT_INDEX_SCALE = 2
      ARRAY_CHAR_INDEX_SCALE = 2
      ARRAY_INT_INDEX_SCALE = 4
      ARRAY_LONG_INDEX_SCALE = 8
      ARRAY_FLOAT_INDEX_SCALE = 4
      ARRAY_DOUBLE_INDEX_SCALE = 8
      ARRAY_OBJECT_INDEX_SCALE = 4
      ADDRESS_SIZE = 8
    valueOffset = 12
    value = class com.ibm.ws.threading.internal.SchedulingHelper@3b42d14c
      m_callable = class java.util.concurrent.Executors$RunnableAdapter@2e3ce00e
      m_isDone = false
      m_cancelResult = false
      m_schedFuture = class java.util.concurrent.ScheduledThreadPoolExecutor$ScheduledFutureTask@17b3e30c
      m_coordinationLatch = class java.util.concurrent.CountDownLatch@28852b0f
      m_executor = class com.ibm.ws.threading.internal.ExecutorServiceImpl@68420dba
      m_defaultFuture = null
      m_pendingException = null
      m_scheduledExecutorQueue = class java.util.concurrent.ScheduledThreadPoolExecutor$DelayedWorkQueue@1064e399
      serialVersionUID = 2955063284661034074
      $$$tc$$$ = class com.ibm.websphere.ras.TraceComponent@52e484f7
  _listener = class com.ibm.ws.app.manager.internal.statemachine.StartAction$1@7aa0c8eb
    this$0 = class com.ibm.ws.app.manager.internal.statemachine.StartAction@288502bc
    serialVersionUID = 276196939532533882
    $$$tc$$$ = class com.ibm.websphere.ras.TraceComponent@172e24ee
      strings[0] = "TraceComponent[com.ibm.ws.app.manager.internal.statemachine.StartAction$1,class com.ibm.ws.app.manager.internal.statemachine.StartAction$1,[applications, app.manager],com.ibm.ws.app.manager.internal.resources.AppManagerMessages,null]"
  serialVersionUID = 673965255474898916

Dump of objectArray[0]
Object type = com.ibm.ws.threading.internal.ScheduledExecutorImpl
  threadGroupName = "Scheduled Executor Thread Group"
  executor = class com.ibm.ws.threading.internal.ExecutorServiceImpl@68420dba
    threadPool = class java.util.concurrent.ThreadPoolExecutor@3dc83d14
      ctl = class java.util.concurrent.atomic.AtomicInteger@2b1877f1
      COUNT_BITS = 29
      CAPACITY = 536870911
      RUNNING = -536870912
      SHUTDOWN = 0
      STOP = 536870912
      TIDYING = 1073741824
      TERMINATED = 1610612736
      workQueue = class com.ibm.ws.threading.internal.BoundedBuffer@6d23903e
      mainLock = class java.util.concurrent.locks.ReentrantLock@328f3d8d
      workers = class java.util.HashSet@980f02b
      termination = class java.util.concurrent.locks.AbstractQueuedSynchronizer$ConditionObject@614fa915
      largestPoolSize = 20
      completedTaskCount = 7
      threadFactory = class com.ibm.ws.threading.internal.ThreadFactoryImpl@101c6762
      handler = class com.ibm.ws.threading.internal.ExecutorServiceImpl$ExpandPolicy@5bb443b9
      keepAliveTime = 60000000000
      allowCoreThreadTimeOut = false
      corePoolSize = 16
      maximumPoolSize = 16
      defaultHandler = class java.util.concurrent.ThreadPoolExecutor$AbortPolicy@5657199d
      shutdownPerm = class java.lang.RuntimePermission@2527fbab
      acc = null
      ONLY_ONE = true
      $assertionsDisabled = true
    threadPoolController = class com.ibm.ws.threading.internal.ThreadPoolController@750eb87f
      tc = class com.ibm.websphere.ras.TraceComponent@67c17a40
      interval = 1500
      hangInterval = 250
      hangResolutionCountdown = 0
      hangResolutionCycles = 3
      hangBufferPoolSize = 0
      controllerCyclesWithoutHang = 0
      noHangCyclesThreshold = 8
      compareRange = 4
      NUMBER_CPUS = 4
      controllerCycle = 9
      distributionReset = false
      poolIncrement = 4
      poolDecrement = 4
      poolChangeBasis = 4
      poolIncrementBoundLow = 64
      poolIncrementBoundMedium = 256
      poolIncrementMax = 16
      poolIncrementMin = 1
      POOL_INCREMENT_MIN_DEFAULT = 1
      POOL_INCREMENT_MAX_DEFAULT = 16
      minimumDesiredPoolSizeAdjustments = 10
      targetPoolSize = 16
      consecutiveTargetPoolSizeWrong = 0
      MAX_CONSECUTIVE_TARGET_POOLSIZE_WRONG = 3
      highCpu = 90
      dataAgePruneLevel = 5.0
      compareSpanPruneMultiplier = 2
      tputRatioPruneLevel = 5.0
      poolTputRatioHigh = 5.0
      poolTputRatioLow = 3.0
      compareSpanRatioMultiplier = 2
      growScoreFilterLevel = 0.5
      shrinkScoreFilterLevel = 0.5
      resetDistroStdDevEwmaRatio = 0.1
      resetDistroNewTputEwmaRatio = 0.5
      resetDistroConsecutiveOutliers = 5.0
      processCpuUtil = 53.73677248677249
      systemCpuUtil = 99.74186548854648
      cpuUtil = 99.74186548854648
      MAX_INTERVALS_WITHOUT_CHANGE = 5
      EMPTY_QUEUE_SHRINK_MAGIC_PER_INTERVAL = 0.04
      IDLE_INTERVALS_BEFORE_PAUSE = 3
      MAX_OUTLIER_AFTER_CHANGE_BEFORE_RESET = 10
      MAX_THREADS_TO_BREAK_HANG = 1000
      executorService = class com.ibm.ws.threading.internal.ExecutorServiceImpl@68420dba
      lastAction = class com.ibm.ws.threading.internal.ThreadPoolController$LastAction@3c81be93
      timer = class java.util.Timer@72a0b80e
      activeTask = class com.ibm.ws.threading.internal.IntervalTask@14c5b520
      paused = false
      lastTimerPop = 1540778419360
      previousCompleted = 57
      previousThroughput = 3.9682539682539684
      consecutiveQueueEmptyCount = 7
      consecutiveNoAdjustment = 3
      consecutiveOutlierAfterAdjustment = 1
      consecutiveIdleCount = 0
      maxThreads = 2147483647
      coreThreads = 8
      threadRange = 2147483639
      threadPool = class java.util.concurrent.ThreadPoolExecutor@3dc83d14
      threadStats = class java.util.TreeMap@5819ea8c
      poolSizeWhenHangDetected = -1
      hangIntervalCounter = 0
      hangMaxThreadsMessageEmitted = false
      serialVersionUID = 1232639342914721961
    poolName = "Default Executor"
    componentConfig = class org.apache.felix.scr.impl.helper.ReadOnlyDictionary@2f9fb941
      m_delegate = class java.util.Hashtable@43a491a2
      m_serviceReference = null
    interceptorsActive = false
    interceptors = class java.util.concurrent.CopyOnWriteArraySet@24fb4d30
      serialVersionUID = 5457747651344034263
      al = class java.util.concurrent.CopyOnWriteArrayList@3e63e299
      MAX_ARRAY_SIZE = 2147483639
    threadFactory = null
    serialVersionUID = -5569391535960693817
    $$$tc$$$ = class com.ibm.websphere.ras.TraceComponent@3f74e045
      strings[0] = "TraceComponent[com.ibm.ws.threading.internal.ExecutorServiceImpl,class com.ibm.ws.threading.internal.ExecutorServiceImpl,[Threading],com.ibm.ws.threading.internal.resources.ThreadingMessages,null]"
  serialVersionUID = -9110693807503469597
  $$$tc$$$ = class com.ibm.websphere.ras.TraceComponent@7ec70097
    strings[0] = "TraceComponent[com.ibm.ws.threading.internal.ScheduledExecutorImpl,class com.ibm.ws.threading.internal.ScheduledExecutorImpl,[Threading],com.ibm.ws.threading.internal.resources.ThreadingMessages,null]"
  continueExistingPeriodicTasksAfterShutdown = false
  executeExistingDelayedTasksAfterShutdown = true
  removeOnCancel = false
  sequencer = class java.util.concurrent.atomic.AtomicLong@342a3c67
    serialVersionUID = 1927816293512124184
    unsafe = class sun.misc.Unsafe@3b6b322d
    valueOffset = 16
    VM_SUPPORTS_LONG_CAS = true
    value = 78
    serialVersionUID = -8742448824652078965
  ctl = class java.util.concurrent.atomic.AtomicInteger@1ab0def5
    serialVersionUID = 6214790243416807050
    unsafe = class sun.misc.Unsafe@3b6b322d
      theUnsafe = class sun.misc.Unsafe@3b6b322d
      INVALID_FIELD_OFFSET = -1
      ARRAY_BOOLEAN_BASE_OFFSET = 16
      ARRAY_BYTE_BASE_OFFSET = 16
      ARRAY_SHORT_BASE_OFFSET = 16
      ARRAY_CHAR_BASE_OFFSET = 16
      ARRAY_INT_BASE_OFFSET = 16
      ARRAY_LONG_BASE_OFFSET = 16
      ARRAY_FLOAT_BASE_OFFSET = 16
      ARRAY_DOUBLE_BASE_OFFSET = 16
      ARRAY_OBJECT_BASE_OFFSET = 16
      ARRAY_BOOLEAN_INDEX_SCALE = 1
      ARRAY_BYTE_INDEX_SCALE = 1
      ARRAY_SHORT_INDEX_SCALE = 2
      ARRAY_CHAR_INDEX_SCALE = 2
      ARRAY_INT_INDEX_SCALE = 4
      ARRAY_LONG_INDEX_SCALE = 8
      ARRAY_FLOAT_INDEX_SCALE = 4
      ARRAY_DOUBLE_INDEX_SCALE = 8
      ARRAY_OBJECT_INDEX_SCALE = 4
      ADDRESS_SIZE = 8
    valueOffset = 12
    value = -536870911
    serialVersionUID = -8742448824652078965
  COUNT_BITS = 29
  CAPACITY = 536870911
  RUNNING = -536870912
  SHUTDOWN = 0
  STOP = 536870912
  TIDYING = 1073741824
  TERMINATED = 1610612736
  workQueue = class java.util.concurrent.ScheduledThreadPoolExecutor$DelayedWorkQueue@1064e399
    INITIAL_CAPACITY = 16
    queue = interface java.util.concurrent.RunnableScheduledFuture[16]
      RunnableScheduledFuture[0] = class com.ibm.ws.threading.internal.SchedulingHelper@2d5a5292
      RunnableScheduledFuture[1] = class com.ibm.ws.threading.internal.SchedulingHelper@6940be2a
      RunnableScheduledFuture[2] = class com.ibm.ws.threading.internal.SchedulingHelper@584e6477
      RunnableScheduledFuture[3] = class com.ibm.ws.threading.internal.SchedulingHelper@6d48ce30
      RunnableScheduledFuture[4] = class com.ibm.ws.threading.internal.SchedulingHelper@3b42d14c
      RunnableScheduledFuture[5] = class com.ibm.ws.threading.internal.SchedulingHelper@12f9dfc9
      RunnableScheduledFuture[6] = class com.ibm.ws.threading.internal.SchedulingHelper@7ea49252
      RunnableScheduledFuture[7] = class com.ibm.ws.threading.internal.SchedulingHelper@55622c2d
      RunnableScheduledFuture[8] = class com.ibm.ws.threading.internal.SchedulingHelper@7ef041ff
      RunnableScheduledFuture[9] = class com.ibm.ws.threading.internal.SchedulingHelper@22abde7f
      RunnableScheduledFuture[10] = class com.ibm.ws.threading.internal.SchedulingHelper@78c7ee7a
      RunnableScheduledFuture[11] = class com.ibm.ws.threading.internal.SchedulingHelper@3c00a60b
      RunnableScheduledFuture[12] = null
      RunnableScheduledFuture[13] = null
      RunnableScheduledFuture[14] = null
      RunnableScheduledFuture[15] = null
    lock = class java.util.concurrent.locks.ReentrantLock@aed8df0
      serialVersionUID = 7373984872572414699
      sync = class java.util.concurrent.locks.ReentrantLock$NonfairSync@35e86f0
    size = 12
    leader = class java.lang.Thread@7401d350
      name = "Scheduled Executor-thread-1"
      priority = 5
      threadQ = null
      eetop = 425547776
      single_step = false
      daemon = true
      stillborn = false
      target = class java.util.concurrent.ThreadPoolExecutor$Worker@467b1cb4
      group = class java.lang.ThreadGroup@21c89d8c
      contextClassLoader = class org.eclipse.osgi.internal.framework.ContextFinder@161e6029
      inheritedAccessControlContext = class java.security.AccessControlContext@4003f7cd
      threadInitNumber = 19
      threadLocals = class java.lang.ThreadLocal$ThreadLocalMap@3c278194
      inheritableThreadLocals = null
      stackSize = 0
      nativeParkEventPointer = 442273648
      tid = 23
      threadSeqNumber = 60
      threadStatus = 673
      parkBlocker = class java.util.concurrent.locks.AbstractQueuedSynchronizer$ConditionObject@13608f22
      blocker = null
      blockerLock = class java.lang.Object@7bd40c54
      MIN_PRIORITY = 1
      NORM_PRIORITY = 5
      MAX_PRIORITY = 10
      EMPTY_STACK_TRACE = class java.lang.StackTraceElement[0]
      SUBCLASS_IMPLEMENTATION_PERMISSION = class java.lang.RuntimePermission@425dcddb
      uncaughtExceptionHandler = null
      defaultUncaughtExceptionHandler = null
      threadLocalRandomSeed = 0
      threadLocalRandomProbe = 0
      threadLocalRandomSecondarySeed = 0
    available = class java.util.concurrent.locks.AbstractQueuedSynchronizer$ConditionObject@13608f22
      serialVersionUID = 1173984872572414699
      firstWaiter = class java.util.concurrent.locks.AbstractQueuedSynchronizer$Node@2ec3f540
      lastWaiter = class java.util.concurrent.locks.AbstractQueuedSynchronizer$Node@2ec3f540
      REINTERRUPT = 1
      THROW_IE = -1
      this$0 = class java.util.concurrent.locks.ReentrantLock$NonfairSync@35e86f0
    MAX_ARRAY_SIZE = 2147483639
  mainLock = class java.util.concurrent.locks.ReentrantLock@683303f2
    serialVersionUID = 7373984872572414699
    sync = class java.util.concurrent.locks.ReentrantLock$NonfairSync@7f52c7d1
      serialVersionUID = 7316153563782823691
      serialVersionUID = -5179523762034025860
      serialVersionUID = 7373984972572414691
      head = null
      tail = null
      state = 0
      spinForTimeoutThreshold = 1000
      unsafe = class sun.misc.Unsafe@3b6b322d
      stateOffset = 16
      headOffset = 20
      tailOffset = 24
      waitStatusOffset = 12
      nextOffset = 20
      serialVersionUID = 3737899427754241961
      exclusiveOwnerThread = null
  workers = class java.util.HashSet@d1fd397
    serialVersionUID = -5024744406713321676
    map = class java.util.HashMap@5c489f4d
      serialVersionUID = 362498820763181265
      DEFAULT_INITIAL_CAPACITY = 16
      MAXIMUM_CAPACITY = 1073741824
      DEFAULT_LOAD_FACTOR = 0.75
      TREEIFY_THRESHOLD = 8
      UNTREEIFY_THRESHOLD = 6
      MIN_TREEIFY_CAPACITY = 64
      table = class java.util.HashMap$Node[16]
      entrySet = null
      size = 1
      modCount = 1
      threshold = 12
      loadFactor = 0.75
      keySet = null
      values = null
    PRESENT = class java.lang.Object@6aef5f99
    MAX_ARRAY_SIZE = 2147483639
  termination = class java.util.concurrent.locks.AbstractQueuedSynchronizer$ConditionObject@11c4e3b7
    serialVersionUID = 1173984872572414699
    firstWaiter = null
    lastWaiter = null
    REINTERRUPT = 1
    THROW_IE = -1
    this$0 = class java.util.concurrent.locks.ReentrantLock$NonfairSync@7f52c7d1
  largestPoolSize = 1
  completedTaskCount = 0
  threadFactory = class com.ibm.ws.threading.internal.ThreadFactoryImpl@260ba23d
    tc = class com.ibm.websphere.ras.TraceComponent@52578c50
      strings[0] = "TraceComponent[com.ibm.ws.threading.internal.ThreadFactoryImpl,class com.ibm.ws.threading.internal.ThreadFactoryImpl,[Threading],com.ibm.ws.threading.internal.resources.ThreadingMessages,null]"
    TRACE_ENABLED_AT_STARTUP = false
    createdThreadCount = class java.util.concurrent.atomic.AtomicInteger@a59c93b
      serialVersionUID = 6214790243416807050
      unsafe = class sun.misc.Unsafe@3b6b322d
      valueOffset = 12
      value = 1
      serialVersionUID = -8742448824652078965
    executorName = "Scheduled Executor"
    threadGroup = class java.lang.ThreadGroup@21c89d8c
      parent = class java.lang.ThreadGroup@5c6307b4
      name = "Scheduled Executor Thread Group"
      maxPriority = 10
      destroyed = false
      daemon = false
      vmAllowSuspension = false
      nUnstartedThreads = 0
      nthreads = 1
      threads = class java.lang.Thread[4]
      ngroups = 0
      groups = null
    contextClassLoader = class org.eclipse.osgi.internal.framework.ContextFinder@161e6029
      cycleDetector = class java.lang.ThreadLocal@46f9e78a
      finderClassLoader = class com.ibm.ws.kernel.internal.classloader.BootstrapChildFirstJarClassloader@6e2c634b
      contextFinder = class org.eclipse.osgi.internal.framework.ContextFinder$Finder@6ae6c99b
      THIS = class java.lang.Class@3899782c
      parentContextClassLoader = class sun.misc.Launcher$AppClassLoader@18b4aac2
      parent = class sun.misc.Launcher$AppClassLoader@18b4aac2
      parallelLockMap = null
      package2certs = class java.util.Hashtable@88522e2
      nocerts = class java.security.cert.Certificate[0]
      classes = class java.util.Vector@325d2fdc
      defaultDomain = class java.security.ProtectionDomain@3b115baa
      domains = class java.util.HashSet@67e7f742
      packages = class java.util.HashMap@46544b6e
      scl = class sun.misc.Launcher$AppClassLoader@18b4aac2
      sclSet = true
      loadedLibraryNames = class java.util.Vector@1dacbfb7
      systemNativeLibraries = class java.util.Vector@2c517ba3
      nativeLibraries = class java.util.Vector@74d4c48c
      nativeLibraryContext = class java.util.Stack@10bfee43
      usr_paths = class java.lang.String[23]
      sys_paths = class java.lang.String[1]
      assertionLock = class org.eclipse.osgi.internal.framework.ContextFinder@161e6029
      defaultAssertionStatus = false
      packageAssertionStatus = null
      classAssertionStatus = null
    serialVersionUID = -3600085245630848128
  handler = class java.util.concurrent.ThreadPoolExecutor$AbortPolicy@5657199d
  keepAliveTime = 0
  allowCoreThreadTimeOut = false
  corePoolSize = 1
  maximumPoolSize = 2147483647
  defaultHandler = class java.util.concurrent.ThreadPoolExecutor$AbortPolicy@5657199d
  shutdownPerm = class java.lang.RuntimePermission@2527fbab
    serialVersionUID = 7399184964622342223
    serialVersionUID = 6279438298436773498
    wildcard = false
    path = "modifyThread"
    exitVM = false
    serialVersionUID = -5636570222231596674
    name = "modifyThread"
  acc = null
  ONLY_ONE = true
  $assertionsDisabled = true

