------Start of DE processing------ = [10/28/18 12:19:26:612 CST]
Exception = java.lang.NoClassDefFoundError
Source = com.ibm.ws.webcontainer.osgi.DynamicVirtualHost
probeid = startWebApp
Stack Dump = java.lang.NoClassDefFoundError: com/google/common/base/Function
	at org.glassfish.jersey.internal.ServiceFinder.<clinit>(ServiceFinder.java:165)
	at org.glassfish.jersey.servlet.internal.ServletContainerProviderFactory.getAllServletContainerProviders(ServletContainerProviderFactory.java:66)
	at org.glassfish.jersey.servlet.init.JerseyServletContainerInitializer.onStartup(JerseyServletContainerInitializer.java:132)
	at com.ibm.ws.webcontainer.webapp.WebApp.initializeServletContainerInitializers(WebApp.java:2487)
	at com.ibm.ws.webcontainer.webapp.WebApp.initialize(WebApp.java:994)
	at com.ibm.ws.webcontainer.webapp.WebApp.initialize(WebApp.java:6566)
	at com.ibm.ws.webcontainer.osgi.DynamicVirtualHost.startWebApp(DynamicVirtualHost.java:467)
	at com.ibm.ws.webcontainer.osgi.DynamicVirtualHost.startWebApplication(DynamicVirtualHost.java:462)
	at com.ibm.ws.webcontainer.osgi.WebContainer.startWebApplication(WebContainer.java:1132)
	at com.ibm.ws.webcontainer.osgi.WebContainer.access$000(WebContainer.java:108)
	at com.ibm.ws.webcontainer.osgi.WebContainer$3.run(WebContainer.java:944)
	at java.util.concurrent.Executors$RunnableAdapter.call(Executors.java:511)
	at java.util.concurrent.FutureTask.run(FutureTask.java:266)
	at java.util.concurrent.ThreadPoolExecutor.runWorker(ThreadPoolExecutor.java:1149)
	at java.util.concurrent.ThreadPoolExecutor$Worker.run(ThreadPoolExecutor.java:624)
	at java.lang.Thread.run(Thread.java:748)
Caused by: java.lang.ClassNotFoundException: com.google.common.base.Function
	at com.ibm.ws.classloading.internal.AppClassLoader.findClassCommonLibraryClassLoaders(AppClassLoader.java:504)
	at com.ibm.ws.classloading.internal.AppClassLoader.findClass(AppClassLoader.java:276)
	at java.lang.ClassLoader.loadClass(ClassLoader.java:424)
	at com.ibm.ws.classloading.internal.AppClassLoader.findOrDelegateLoadClass(AppClassLoader.java:482)
	at com.ibm.ws.classloading.internal.AppClassLoader.loadClass(AppClassLoader.java:443)
	at java.lang.ClassLoader.loadClass(ClassLoader.java:357)
	... 16 more

Dump of callerThis
Object type = [Ljava.lang.Object;
  Object[0] = class com.ibm.ws.webcontainer.osgi.DynamicVirtualHost@7a0355b3
    tc = class com.ibm.websphere.ras.TraceComponent@6ea218f2
      strings[0] = "TraceComponent[com.ibm.ws.webcontainer.osgi.DynamicVirtualHost,class com.ibm.ws.webcontainer.osgi.DynamicVirtualHost,[webcontainer],com.ibm.ws.webcontainer.resources.LShimMessages,null]"
    CLASS_NAME = "com.ibm.ws.webcontainer.osgi.DynamicVirtualHost"
    webContainerParent = class com.ibm.ws.webcontainer.osgi.WebContainer@2a0b23be
      tc = class com.ibm.websphere.ras.TraceComponent@2d368dc4
      CLASS_NAME = "com.ibm.ws.webcontainer.osgi.WebContainer"
      initialized = true
      eventService = class com.ibm.ws.event.internal.EventEngineImpl@7954688f
      futureMonitor = class com.ibm.ws.threading.internal.FutureMonitorImpl@2f7b8f9
      classLoadingSRRef = class com.ibm.wsspi.kernel.service.utils.AtomicServiceReference@7db648fb
      sessionHelperSRRef = class com.ibm.wsspi.kernel.service.utils.AtomicServiceReference@6ec9787b
      cacheManagerSRRef = class com.ibm.wsspi.kernel.service.utils.AtomicServiceReference@3483753d
      injectionEngineSRRef = class com.ibm.wsspi.kernel.service.utils.AtomicServiceReference@b0c3324
      managedObjectServiceSRRef = class com.ibm.wsspi.kernel.service.utils.AtomicServiceReference@4432432e
      backgroundWebAppStartFutures = class com.ibm.ws.webcontainer.util.OneTimeUseArrayList@611de173
      REFERENCE_WEB_MBEAN_RUNTIME = "webMBeanRuntime"
      webMBeanRuntimeServiceRef = class com.ibm.wsspi.kernel.service.utils.AtomicServiceReference@4e185af0
      servletContainerInitializers = class com.ibm.wsspi.kernel.service.utils.ConcurrentServiceReferenceSet@2467d504
      es = class com.ibm.ws.threading.internal.ExecutorServiceImpl@729ad995
      locationServiceRef = class java.util.concurrent.atomic.AtomicReference@7c02b8cc
      transferContextServiceRef = class com.ibm.wsspi.kernel.service.utils.ConcurrentServiceReferenceSet@7041b266
      encodingServiceRef = class java.util.concurrent.atomic.AtomicReference@6a14869f
      instance = class java.util.concurrent.atomic.AtomicReference@4ee6bc39
      vhostManager = class com.ibm.ws.webcontainer.osgi.DynamicVirtualHostManager@27cba9f1
      metaDataService = class com.ibm.ws.container.service.metadata.internal.MetaDataServiceImpl@26b1c219
      j2eeNameFactory = class com.ibm.ws.container.service.metadata.internal.J2EENameFactoryImpl@5179894c
      context = class org.apache.felix.scr.impl.manager.ComponentContextImpl@5a64edec
      contextRoots = class java.util.Collections$SynchronizedSet@140aa841
      pendingContextRoots = class java.util.HashMap@6f76c98d
      deployedModuleMap = class java.util.concurrent.ConcurrentHashMap@150871b3
      connContextPool = class com.ibm.ws.webcontainer40.osgi.srt.factory.SRTConnectionContextPool40Impl@68fef573
      DEFAULT_PORT = "*"
      DEFAULT_VHOST_NAME = "default_host"
      cachedServerInfo = "IBM WebSphere Liberty/18.0.0.3"
      lock = class com.ibm.ws.webcontainer.osgi.WebContainer$1@2977008d
      webAppFactory = class com.ibm.ws.webcontainer40.osgi.webapp.factory.WebAppFactory40Impl@70149e8f
      requestFactory = class com.ibm.ws.webcontainer40.osgi.response.factory.IRequestResponseFactory40Impl@26c7fcd7
      responseFactory = class com.ibm.ws.webcontainer40.osgi.response.factory.IRequestResponseFactory40Impl@26c7fcd7
      asyncContextFactory = class com.ibm.ws.webcontainer40.async.factory.AsyncContextFactory40Impl@398dc011
      DEFAULT_MAX_VERSION = 30
      versionRef = class org.eclipse.osgi.internal.serviceregistry.ServiceReferenceImpl@286fdcc5
      serverStopping = class com.ibm.ws.staticvalue.StaticValue$FinalSingleton@7c5bcfa1
      modulesStarting = 0
      uriMatcherFactory = class com.ibm.wsspi.webcontainer40.util.factory.URIMatcherFactory40Impl@6563a5b9
      SPEC_LEVEL_UNLOADED = -1
      SPEC_LEVEL_30 = 30
      SPEC_LEVEL_31 = 31
      SPEC_LEVEL_40 = 40
      DEFAULT_SPEC_LEVEL = 30
      loadedContainerSpecLevel = 40
      ISO = "ISO-8859-1"
      encoding = "UTF-8"
      decode = true
      wcconfig = class com.ibm.ws.webcontainer.osgi.WebContainerConfiguration@64e6172a
      applicationListeners = class java.util.ArrayList@4662ead0
      servletListeners = class java.util.ArrayList@3e54c1c8
      servletErrorListeners = class java.util.ArrayList@47761142
      servletInvocationListeners = class java.util.ArrayList@13fd11c1
      filterInvocationListeners = class java.util.ArrayList@42984d04
      filterErrorListeners = class java.util.ArrayList@5a5a9e1e
      filterListeners = class java.util.ArrayList@2dd17816
      servletRequestListeners = class java.util.ArrayList@56590774
      servletRequestAttributeListeners = class java.util.ArrayList@562990d6
      servletContextListeners = class java.util.ArrayList@588d4e63
      servletContextAttributeListeners = class java.util.ArrayList@7eba8cac
      sessionListeners = class java.util.ArrayList@604656a8
      sessionIdListeners = class java.util.ArrayList@7a73d556
      sessionAttributeListeners = class java.util.ArrayList@483f622d
      DEFAULT_HOST = "default_host"
      _initialized = true
      logger = class com.ibm.ws.logging.internal.WsLogger@3fd74880
      CLASS_NAME = "com.ibm.ws.webcontainer.internal.WebContainer"
      nls = class com.ibm.ejs.ras.TraceNLS@62ca586a
      self = class java.util.concurrent.atomic.AtomicReference@306bb18d
      _cipherToBit = class java.util.HashMap@54d60bb3
      cacheKeyStringBuilder = class com.ibm.ws.util.WSThreadLocal@674b250e
      listenersInitialized = true
      webConProperties = class java.util.Properties@57723885
      sessionRegistry = null
      isStopped = false
      readWriteLockForStopping = class java.util.concurrent.locks.ReentrantReadWriteLock@3af81c3f
      urlPrefix = ";jsessionid="
      extensionFactories = class java.util.ArrayList@64358e46
      postInitExtensionFactories = null
      httpResponseListeners = class java.util.ArrayList@5e971340
      servletContainerInitializers = class java.util.ServiceLoader@604a2ec9
      auditManager = class com.ibm.websphere.security.audit.context.AuditManager@26ba9455
      threadLocal = class java.lang.ThreadLocal@5cd97d59
      invocationCacheSize = 500
      decodePlusSign = true
      _cacheMap = class java.util.concurrent.ConcurrentHashMap@3a327891
      _cacheSize = class java.util.concurrent.atomic.AtomicInteger@bbf2578
      vHostCompatFlag = false
      platformHelper = class com.ibm.ws.webcontainer.PlatformHelper@79d51066
      isDefaultTempDir = true
      tempDir = null
      servletCachingInitNeeded = true
      appInstallBegun = true
      cacheServletWrapperFactory = class com.ibm.ws.webcontainer40.servlet.factory.CacheServletWrapperFactory40Impl@6ef189b0
      commands = class java.util.ArrayList@47ae920f
      requestMapper = class com.ibm.ws.webcontainer.util.VirtualHostContextRootMapper@3548eb67
      parent = null
      name = "Was.webcontainer"
      isAlive = true
      subElements = class java.util.HashMap@644f9b88
      attributes = null
      config = null
      serialVersionUID = -8271459000149267764
      $$$tc$$$ = class com.ibm.websphere.ras.TraceComponent@734c05a3
    dhostConfig = class com.ibm.ws.webcontainer.osgi.DynamicVirtualHostConfiguration@48bf9d2a
      tc = class com.ibm.websphere.ras.TraceComponent@62e3d38f
      name = "default_host"
      activeContexts = class java.util.HashSet@6ea77d79
      tc = class com.ibm.websphere.ras.TraceComponent@137f1ff4
      config = null
      _id = "default_host"
      _attributes = null
      serialVersionUID = 7511545662945734886
      $$$tc$$$ = class com.ibm.websphere.ras.TraceComponent@31f1eba6
    predefinedMatcher = null
    normalizeRequestURI = false
    logger = class com.ibm.ws.logging.internal.WsLogger@3fd74880
      tc = class com.ibm.websphere.ras.TraceComponent@3669805b
      ivCachedResourceBundleName = "com.ibm.ws.webcontainer.resources.Messages"
      ivCachedResourceBundle = class com.ibm.ws.webcontainer.resources.Messages@651cb00b
      ivComponent = null
      ivOrganization = null
      ivProduct = null
      ivMinimumLocalizationLevelIntValue = 625
      ivTC = class com.ibm.websphere.ras.TraceComponent@6f1da64f
      loggerRegistrationComponent = class java.lang.ThreadLocal@76eb0084
      emptyHandlers = class java.util.logging.Handler[0]
      offValue = 2147483647
      SYSTEM_LOGGER_RB_NAME = "sun.util.logging.resources.logging"
      SYSTEM_BUNDLE = class java.util.logging.Logger$LoggerBundle@6f685a15
      NO_RESOURCE_BUNDLE = class java.util.logging.Logger$LoggerBundle@77486d31
      manager = class com.ibm.ws.kernel.boot.logging.WsLogManager@5989bc7c
      name = "com.ibm.ws.webcontainer"
      handlers = class java.util.concurrent.CopyOnWriteArrayList@6784ea59
      loggerBundle = class java.util.logging.Logger$LoggerBundle@85c4c56
      useParentHandlers = true
      filter = null
      anonymous = false
      catalog = class com.ibm.ws.webcontainer.resources.Messages@651cb00b
      catalogName = "com.ibm.ws.webcontainer.resources.Messages"
      catalogLocale = class java.util.Locale@71e28a88
      treeLock = class java.lang.Object@6cbfafd5
      parent = class java.util.logging.Logger@29071c32
      kids = class java.util.ArrayList@14505017
      levelObject = class java.util.logging.Level@76db42b2
      levelValue = 800
      callersClassLoaderRef = class java.lang.ref.WeakReference@5446b6e6
      isSystemLogger = false
      GLOBAL_LOGGER_NAME = "global"
      global = class java.util.logging.Logger@13945a10
      $assertionsDisabled = true
    CLASS_NAME = "com.ibm.ws.webcontainer.VirtualHost"
    vHostConfig = class com.ibm.ws.webcontainer.osgi.DynamicVirtualHostConfiguration@48bf9d2a
    commands = class java.util.ArrayList@78d00876
      serialVersionUID = 8683452581122892189
      DEFAULT_CAPACITY = 10
      EMPTY_ELEMENTDATA = class java.lang.Object[0]
      DEFAULTCAPACITY_EMPTY_ELEMENTDATA = class java.lang.Object[0]
      elementData = class java.lang.Object[3]
      size = 0
      MAX_ARRAY_SIZE = 2147483639
      modCount = 0
      MAX_ARRAY_SIZE = 2147483639
    requestMapper = class com.ibm.wsspi.webcontainer.util.URIMapper@2309034f
      matcher = class com.ibm.wsspi.webcontainer40.util.URIMatcher40@203eac1d
    parent = class com.ibm.ws.webcontainer.osgi.WebContainer@2a0b23be
    name = "default_host"
    isAlive = true
    subElements = class java.util.HashMap@7e259800
      serialVersionUID = 362498820763181265
      DEFAULT_INITIAL_CAPACITY = 16
      MAXIMUM_CAPACITY = 1073741824
      DEFAULT_LOAD_FACTOR = 0.75
      TREEIFY_THRESHOLD = 8
      UNTREEIFY_THRESHOLD = 6
      MIN_TREEIFY_CAPACITY = 64
      table = class java.util.HashMap$Node[16]
      entrySet = null
      size = 0
      modCount = 2
      threshold = 12
      loadFactor = 0.75
      keySet = null
      values = null
    attributes = null
    config = null
    serialVersionUID = -8271459000149267764
    $$$tc$$$ = class com.ibm.websphere.ras.TraceComponent@734c05a3
      strings[0] = "TraceComponent[com.ibm.ws.container.AbstractContainer,class com.ibm.ws.container.AbstractContainer,[],null,null]"
  Object[1] = class com.ibm.ws.webcontainer40.osgi.webapp.WebApp40@7d13d83
    tc = class com.ibm.websphere.ras.TraceComponent@65b9c6a2
      strings[0] = "TraceComponent[com.ibm.ws.webcontainer40.osgi.webapp.WebApp40,class com.ibm.ws.webcontainer40.osgi.webapp.WebApp40,[webcontainer],com.ibm.ws.webcontainer31.resources.Messages,null]"
    servlet40NLS = class com.ibm.ejs.ras.TraceNLS@6d36c4f7
      resolver = class com.ibm.ws.logging.internal.TraceNLSResolver@30b015e5
      finder = null
      ivBundleName = "com.ibm.ws.webcontainer40.resources.Messages"
      caller = class java.lang.Class@64eac0a
    CLASS_NAME = "com.ibm.ws.webcontainer40.osgi.webapp.WebApp40"
    defaultSessionTimeout = 30
    tc = class com.ibm.websphere.ras.TraceComponent@ad68e3a
      strings[0] = "TraceComponent[com.ibm.ws.webcontainer31.osgi.webapp.WebApp31,class com.ibm.ws.webcontainer31.osgi.webapp.WebApp31,[webcontainer],com.ibm.ws.webcontainer31.resources.Messages,null]"
    CLASS_NAME = "com.ibm.ws.webcontainer31.osgi.webapp.WebApp31"
    servlet31NLS = class com.ibm.ejs.ras.TraceNLS@67a1a671
      resolver = class com.ibm.ws.logging.internal.TraceNLSResolver@30b015e5
      finder = null
      ivBundleName = "com.ibm.ws.webcontainer31.resources.Messages"
      caller = class java.lang.Class@3596dd5b
    validListenerClasses = class java.lang.Class[7]
      Class[0] = class java.lang.Class@760b3bd3
      Class[1] = class java.lang.Class@503846c1
      Class[2] = class java.lang.Class@7dd6bf3c
      Class[3] = class java.lang.Class@6d524106
      Class[4] = class java.lang.Class@42283adc
      Class[5] = class java.lang.Class@50346216
      Class[6] = class java.lang.Class@6aff5d75
    wsocServHandler = class com.ibm.ws.wsoc.external.WsocHandlerImpl@4f361767
      tc = class com.ibm.websphere.ras.TraceComponent@8932873
      noMoreAddsCalled = false
      serialVersionUID = -2067291126638824067
    tc = class com.ibm.websphere.ras.TraceComponent@61d29db8
      strings[0] = "TraceComponent[com.ibm.ws.webcontainer.osgi.webapp.WebApp,class com.ibm.ws.webcontainer.osgi.webapp.WebApp,[webcontainer],com.ibm.ws.webcontainer.resources.LShimMessages,null]"
    CLASS_NAME = "com.ibm.ws.webcontainer.osgi.webapp.WebApp"
    metaDataService = class com.ibm.ws.container.service.metadata.internal.MetaDataServiceImpl@26b1c219
      applicationMetaDataManager = class com.ibm.ws.container.service.metadata.internal.ApplicationMetaDataManager@39f6c62a
      moduleMetaDataManager = class com.ibm.ws.container.service.metadata.internal.ModuleMetaDataManager@2aa1d5d1
      componentMetaDataManager = class com.ibm.ws.container.service.metadata.internal.ComponentMetaDataManager@450ca2d4
      methodMetaDataManager = class com.ibm.ws.container.service.metadata.internal.MethodMetaDataManager@443eced7
      appModuleNameToModuleContainer = class java.util.concurrent.ConcurrentHashMap@4b7697ec
      jeeNameToComponentMetaData = class java.util.concurrent.ConcurrentHashMap@6fdddc0e
      deferredMetaDataFactories = class com.ibm.wsspi.kernel.service.utils.ConcurrentServiceReferenceSet@4fe7c923
      deferredMetaDataInitializers = class com.ibm.wsspi.kernel.service.utils.ConcurrentServiceReferenceMap@7d1dfe7e
      serialVersionUID = -2494605732980966097
      $$$tc$$$ = class com.ibm.websphere.ras.TraceComponent@b4355d2
    namespacePopulated = false
    referenceContext = class com.ibm.ws.injectionengine.osgi.internal.OSGiReferenceContextImpl@1461965b
      scopeData = class com.ibm.ws.injectionengine.osgi.internal.OSGiInjectionScopeData@14b8cf6e
      serialVersionUID = 521511923892134915
      $$$tc$$$ = class com.ibm.websphere.ras.TraceComponent@7e2bfb61
      CLASS_NAME = "com.ibm.ws.injectionengine.ReferenceContextImpl"
      tc = class com.ibm.websphere.ras.TraceComponent@458f8daf
      ivInjectionEngine = class com.ibm.ws.injectionengine.osgi.internal.OSGiInjectionEngineImpl@330fbf0e
      ivProviders = class java.util.ArrayList@5f767024
      ivComponentJavaContext = null
      ivComponentNameSpace = null
      ivJavaColonCompEnvMap = class java.util.LinkedHashMap@507d1d90
      ivEjbContext10 = class java.util.Properties@287a19e
      ivResourceRefConfigList = null
      isAlreadyProcessed = true
      ivProcessFailure = null
      ivInjectionTargetMap = class java.util.concurrent.ConcurrentHashMap@2c50a836
      svInjTarMapCacheSize = 256
      ivDeclaredInjectionTargets = class java.util.HashMap@404b1ac8
      ivProcessedInjectionClasses = class java.util.HashSet@78e21ecc
      ivProcessedInjectionBindings = class java.util.LinkedHashSet@4756cb1f
      ivAnyProcessDynamic = true
      ivCheckAppConfig = false
    j2eeNameFactory = class com.ibm.ws.container.service.metadata.internal.J2EENameFactoryImpl@5179894c
      serialVersionUID = 3486344295038028821
      $$$tc$$$ = class com.ibm.websphere.ras.TraceComponent@58ad1069
    moduleLoader = class com.ibm.ws.classloading.internal.AppClassLoader@7cbf3497
      tc = class com.ibm.websphere.ras.TraceComponent@6ecfecf2
      PARENT_FIRST_SEARCH_ORDER = class java.util.Collections$UnmodifiableRandomAccessList@2abdfc6
      CLASS_LOADING_TRACE_PREFIX = "com.ibm.ws.class.load."
      DEFAULT_PACKAGE = "default.package"
      perPackageClassLoadingTraceComponents = class java.util.concurrent.ConcurrentHashMap@3175e31
      config = class com.ibm.ws.classloading.internal.ClassLoaderConfigurationImpl@72c821a1
      privateLibraries = null
      delegateLoaders = class com.ibm.ws.classloading.internal.util.CompositeIterable@6034cf88
      nativeLibraryFiles = class java.util.ArrayList@3cbd79a7
      transformers = class java.util.ArrayList@5e25ed7
      apiAccess = class com.ibm.ws.classloading.internal.GatewayClassLoader@7165bfa1
      generator = class com.ibm.ws.classloading.internal.ClassGeneratorManager@3614b2e3
      protectionDomains = class java.util.concurrent.ConcurrentHashMap@709a7326
      parent = class com.ibm.ws.classloading.internal.GatewayClassLoader@7165bfa1
      serialVersionUID = 952643806680066297
      tc = class com.ibm.websphere.ras.TraceComponent@3d9cec53
      EMPTY_URL_ARRAY = class java.net.URL[0]
      smartClassPath = class com.ibm.ws.classloading.internal.ContainerClassLoader$SmartClassPathImpl@30beba15
      nativeLibraryContainers = class java.util.ArrayList@23ae854b
      redefiner = class com.ibm.ws.classloading.internal.util.ClassRedefiner@8ec15b
      mapCreationQueue = class java.util.concurrent.Executors$FinalizableDelegatedExecutorService@4d985e5d
      serialVersionUID = 7249739282446266343
      serialVersionUID = -7411549862368381758
      $$$tc$$$ = class com.ibm.websphere.ras.TraceComponent@572aea4
      serialVersionUID = -4868702105808481416
      $$$tc$$$ = class com.ibm.websphere.ras.TraceComponent@7b56d5c6
      serialVersionUID = 2596921220292114344
      $$$tc$$$ = class com.ibm.websphere.ras.TraceComponent@3abeb977
      initialized = true
      pdcache = class java.util.HashMap@26773c1e
      debug = null
      parent = class com.ibm.ws.classloading.internal.GatewayClassLoader@7165bfa1
      parallelLockMap = null
      package2certs = class java.util.Hashtable@370aa75a
      nocerts = class java.security.cert.Certificate[0]
      classes = class java.util.Vector@6bad61e9
      defaultDomain = class java.security.ProtectionDomain@55af0d86
      domains = class java.util.HashSet@4a274ce1
      packages = class java.util.HashMap@28751288
      scl = class sun.misc.Launcher$AppClassLoader@18b4aac2
      sclSet = true
      loadedLibraryNames = class java.util.Vector@28d78c46
      systemNativeLibraries = class java.util.Vector@5b967e7
      nativeLibraries = class java.util.Vector@750963f5
      nativeLibraryContext = class java.util.Stack@75e8ce8e
      usr_paths = class java.lang.String[23]
      sys_paths = class java.lang.String[1]
      assertionLock = class com.ibm.ws.classloading.internal.AppClassLoader@7cbf3497
      defaultAssertionStatus = false
      packageAssertionStatus = null
      classAssertionStatus = null
    webAppConfig = class com.ibm.ws.webcontainer.osgi.webapp.WebAppConfiguration@2e0b212b
      webModuleMetaData = class com.ibm.ws.webcontainer.osgi.metadata.WebModuleMetaDataImpl@987f357
      webComponentMetaData = class com.ibm.ws.webcontainer.osgi.metadata.WebComponentMetaDataImpl@1a42bb04
      dVirtualHost = class com.ibm.ws.webcontainer.osgi.DynamicVirtualHost@7a0355b3
      orderedLibPaths = class java.util.Collections$UnmodifiableRandomAccessList@4186fad5
      bundleHeaders = null
      cdiEnabled = false
      CLASS_NAME = "com.ibm.ws.webcontainer.webapp.WebAppConfiguration"
      logger = class com.ibm.ws.logging.internal.WsLogger@1655d46e
      tc = class com.ibm.websphere.ras.TraceComponent@37bf7cfc
      nls = class com.ibm.ejs.ras.TraceNLS@3091c020
      version = 25
      contextRoot = "/web_war_exploded"
      isDefaultContextRootUsed = true
      sessionTimeout = 0
      moduleSessionTimeoutSet = false
      moduleSessionTrackingModeSet = false
      sessionCookieConfig = class com.ibm.ws.session.SessionCookieConfigImpl@6ba802e
      hasProgrammaticCookieConfig = false
      sessionDefaultTrackingModeSet = class java.util.RegularEnumSet@9af9166
      sessionManagerConfig = class com.ibm.ws.session.SessionManagerConfig@353be568
      displayName = "web_war_exploded"
      description = null
      reloadInterval = 0
      distributable = false
      denyUncoveredHttpMethods = false
      reloadingEnabled = false
      serveServletsByClassnameEnabled = null
      defaultErrorPage = null
      additionalClassPath = null
      fileServingEnabled = null
      directoryBrowsingEnabled = null
      autoRequestEncoding = false
      autoResponseEncoding = false
      autoLoadFilters = false
      requestListeners = null
      requestAttributeListeners = null
      sessionListeners = null
      localeMap = null
      moduleName = "web_war_exploded"
      j2eeModuleName = "web_war_exploded"
      moduleId = null
      isSyncToThreadEnabled = false
      encodeDispatchedRequestURI = false
      isSystemApp = false
      ardEnabled = false
      ardDispatchType = null
      listeners = class java.util.ArrayList@b95b32f
      welcomeFileList = class java.util.ArrayList@597cf983
      servletMappings = class java.util.HashMap@2c2d776b
      lastIndexBeforeDeclaredFilters = 1
      filterMappings = class java.util.ArrayList@46d7c723
      servletInfo = class java.util.concurrent.ConcurrentHashMap@607d181d
      filterInfo = class java.util.HashMap@5e734570
      mimeMappings = class java.util.HashMap@19a2e7fa
      mimeFilters = null
      isMimeFilteringEnabled = false
      theWebGroup = null
      jspAttributes = class java.util.HashMap@6134c532
      fileServingAttributes = class java.util.HashMap@690194f9
      invokerAttributes = class java.util.HashMap@2d1d046c
      contextParams = class java.util.HashMap@230eab02
      virtualHost = "default_host"
      exceptionErrorPages = class java.util.HashMap@6454f704
      codeErrorPages = class java.util.HashMap@197112b
      tagLibList = null
      precompileJsps = false
      webApp = class com.ibm.ws.webcontainer40.osgi.webapp.WebApp40@7d13d83
      virtualHostList = class java.util.Collections$EmptyList@446c5b11
      appStartupWeight = 0
      moduleStartupWeight = 0
      metaDataComplete = false
      classesToScan = class java.util.ArrayList@12ecbe25
      uriFilterMappingInfos = null
      servletFilterMappingInfos = null
      dynamicServletRegistrationMap = null
      applicationName = "web_war_exploded"
      libBinPathList = class java.util.ArrayList@514397ab
      webXmlDefinedListeners = class java.util.HashSet@6864dae1
      allRefs = class java.util.EnumMap@4ef6a02f
      allRefBindings = class java.util.EnumMap@391c3242
      envEntryValues = class java.util.HashMap@742f0405
      resourceRefConfigList = null
      disallowAllFileServingProp = null
      disallowServeServletsByClassnameProp = null
      disableStaticMappingCache = false
      jspCachedLocations = class java.util.HashMap@3a527bb3
      primedSTSHeader = "NoValue"
      enablemultireadofpostdata = false
      requestEncoding = null
      responseEncoding = null
      NULLSERVLETNAME = "com.ibm.ws.webcontainer.NullServletName"
      _id = "WebAppGeneratedId1"
      _attributes = null
      serialVersionUID = 7511545662945734886
      $$$tc$$$ = class com.ibm.websphere.ras.TraceComponent@31f1eba6
    extensionProcessingDisabled = false
    managedObjectService = class com.ibm.ws.cdi.impl.managedobject.CDIManagedObjectService@297b5caa
      cdiServiceRef = class com.ibm.wsspi.kernel.service.utils.AtomicServiceReference@7d9defbb
      defaultMOSRef = class com.ibm.wsspi.kernel.service.utils.AtomicServiceReference@21a3bd49
      cdiRuntime = null
      serialVersionUID = 6431825704414919683
      $$$tc$$$ = class com.ibm.websphere.ras.TraceComponent@44101394
    GenPluginCfgMB = null
    internalServletMetaData = interface com.ibm.wsspi.webcontainer.metadata.WebComponentMetaData[2]
      WebComponentMetaData[0] = null
      WebComponentMetaData[1] = null
    loginProcessor = null
    logoutProcessor = null
    collabHelper = class com.ibm.ws.webcontainer.osgi.collaborator.CollaboratorHelperImpl@52db748e
      webAppInvCollabs = class java.util.Collections$UnmodifiableSet@4265fc9d
      securityDomainForApp = null
      logger = class com.ibm.ws.logging.internal.WsLogger@7afa8508
      staticDefaultSecurityCollaborator = class com.ibm.ws.webcontainer.collaborator.WebAppSecurityCollaborator@546e832d
      logger = class com.ibm.ws.logging.internal.WsLogger@fdc1d72
      CLASS_NAME = "com.ibm.wsspi.webcontainer.collaborator.CollaboratorHelper"
      webApp = class com.ibm.ws.webcontainer40.osgi.webapp.WebApp40@7d13d83
      securityCollaborator = null
      nameSpaceCollaborator = class com.ibm.ws.webcontainer.osgi.collaborator.WebAppNameSpaceCollaboratorImpl@1b65af14
      transactionCollaborator = class com.ibm.ws.transaction.services.WebAppTransactionCollaboratorImpl@3423f9c0
      connectionCollaborator = class com.ibm.ws.webcontainer.collaborator.ConnectionCollaborator@21200b44
      allCollabEnum = class java.util.RegularEnumSet@17793a6
      servlet_23_or_greater = true
      DEFER_SERVLET_REQUEST_LISTENER_DESTROY_ON_ERROR = false
    envObject = class com.ibm.ws.util.WSThreadLocal@6cd935b5
      tc = class com.ibm.ejs.ras.TraceComponent@500f042f
      count = 7
      index = 3
      SUSPECTED_MISUSAGE_THRESHOLD = 200
      threadLocalHashCode = 693320325
      nextHashCode = class java.util.concurrent.atomic.AtomicInteger@6da9a58
      HASH_INCREMENT = 1640531527
    orderedLibPaths = class java.util.Collections$UnmodifiableRandomAccessList@4186fad5
      serialVersionUID = -2542308836966382001
      serialVersionUID = -283967356065247728
      list = class java.util.ArrayList@5831fcdf
      serialVersionUID = 1820017752578914078
      c = class java.util.ArrayList@5831fcdf
    perm = class com.ibm.websphere.security.WebSphereRuntimePermission@1fa3bc10
      serialVersionUID = -3306242789188168337
      $$$tc$$$ = class com.ibm.websphere.ras.TraceComponent@6979e083
      serialVersionUID = 6279438298436773498
      wildcard = false
      path = "accessServletContext"
      exitVM = false
      serialVersionUID = -5636570222231596674
      name = "accessServletContext"
    WELCOME_FILE_LIST = "com.ibm.ws.webcontainer.config.WelcomeFileList"
    DIR_BROWSING_MAPPING = "__dirBrowsing__1540750757320"
    FILTER_PROXY_MAPPING = "/__filterProxy__1540750757321"
    logger = class com.ibm.ws.logging.internal.WsLogger@1655d46e
      tc = class com.ibm.websphere.ras.TraceComponent@3669805b
      ivCachedResourceBundleName = null
      ivCachedResourceBundle = null
      ivComponent = null
      ivOrganization = null
      ivProduct = null
      ivMinimumLocalizationLevelIntValue = 625
      ivTC = class com.ibm.websphere.ras.TraceComponent@6c2a9af8
      loggerRegistrationComponent = class java.lang.ThreadLocal@76eb0084
      emptyHandlers = class java.util.logging.Handler[0]
      offValue = 2147483647
      SYSTEM_LOGGER_RB_NAME = "sun.util.logging.resources.logging"
      SYSTEM_BUNDLE = class java.util.logging.Logger$LoggerBundle@6f685a15
      NO_RESOURCE_BUNDLE = class java.util.logging.Logger$LoggerBundle@77486d31
      manager = class com.ibm.ws.kernel.boot.logging.WsLogManager@5989bc7c
      name = "com.ibm.ws.webcontainer.webapp"
      handlers = class java.util.concurrent.CopyOnWriteArrayList@7c9c2b9a
      loggerBundle = class java.util.logging.Logger$LoggerBundle@51896eee
      useParentHandlers = true
      filter = null
      anonymous = false
      catalog = class com.ibm.ws.webcontainer.resources.Messages@651cb00b
      catalogName = "com.ibm.ws.webcontainer.resources.Messages"
      catalogLocale = class java.util.Locale@71e28a88
      treeLock = class java.lang.Object@6cbfafd5
      parent = class com.ibm.ws.logging.internal.WsLogger@3fd74880
      kids = null
      levelObject = class java.util.logging.Level@76db42b2
      levelValue = 800
      callersClassLoaderRef = class java.lang.ref.WeakReference@76c7288a
      isSystemLogger = false
      GLOBAL_LOGGER_NAME = "global"
      global = class java.util.logging.Logger@13945a10
      $assertionsDisabled = true
    CLASS_NAME = "com.ibm.ws.webcontainer.webapp.WebApp"
    loader = class com.ibm.ws.classloading.internal.ThreadContextClassLoader@6bc0b89c
      tc = class com.ibm.websphere.ras.TraceComponent@5cdf5765
      bundle = class java.util.concurrent.atomic.AtomicReference@3e927ec4
      key = "WebModule:web_war_exploded#web_war_exploded"
      refCount = class java.util.concurrent.atomic.AtomicInteger@2f6503a8
      appLoader = class com.ibm.ws.classloading.internal.AppClassLoader@7cbf3497
      clSvc = class com.ibm.ws.classloading.internal.ClassLoadingServiceImpl@39a32ebb
      serialVersionUID = 846416563800781557
      followOnClassLoaders = class java.util.ArrayList@757a6f73
      serialVersionUID = -5107316606107305512
      $$$tc$$$ = class com.ibm.websphere.ras.TraceComponent@49c5d772
      serialVersionUID = -4868702105808481416
      $$$tc$$$ = class com.ibm.websphere.ras.TraceComponent@7b56d5c6
      serialVersionUID = 2596921220292114344
      $$$tc$$$ = class com.ibm.websphere.ras.TraceComponent@3abeb977
      initialized = true
      pdcache = class java.util.HashMap@72854a37
      debug = null
      parent = class com.ibm.ws.classloading.internal.GatewayClassLoader@73ab34f7
      parallelLockMap = null
      package2certs = class java.util.Hashtable@52f3642a
      nocerts = class java.security.cert.Certificate[0]
      classes = class java.util.Vector@10f50cad
      defaultDomain = class java.security.ProtectionDomain@36d2e837
      domains = class java.util.HashSet@6e5ed828
      packages = class java.util.HashMap@27c523fd
      scl = class sun.misc.Launcher$AppClassLoader@18b4aac2
      sclSet = true
      loadedLibraryNames = class java.util.Vector@28d78c46
      systemNativeLibraries = class java.util.Vector@5b967e7
      nativeLibraries = class java.util.Vector@1f6dc3cc
      nativeLibraryContext = class java.util.Stack@75e8ce8e
      usr_paths = class java.lang.String[23]
      sys_paths = class java.lang.String[1]
      assertionLock = class com.ibm.ws.classloading.internal.ThreadContextClassLoader@6bc0b89c
      defaultAssertionStatus = false
      packageAssertionStatus = null
      classAssertionStatus = null
    facade = class com.ibm.ws.webcontainer40.facade.ServletContextFacade40@33843f8c
      context = class com.ibm.ws.webcontainer40.osgi.webapp.WebApp40@7d13d83
    features = class java.util.ArrayList@45222b7b
      serialVersionUID = 8683452581122892189
      DEFAULT_CAPACITY = 10
      EMPTY_ELEMENTDATA = class java.lang.Object[0]
      DEFAULTCAPACITY_EMPTY_ELEMENTDATA = class java.lang.Object[0]
      elementData = class java.lang.Object[0]
      size = 0
      MAX_ARRAY_SIZE = 2147483639
      modCount = 0
      MAX_ARRAY_SIZE = 2147483639
    applicationName = "web_war_exploded"
    config = class com.ibm.ws.webcontainer.osgi.webapp.WebAppConfiguration@2e0b212b
    securityEnabledForApp = null
    webExtensionProcessor = class com.ibm.ws.webcontainer.osgi.extension.WebExtensionProcessor@47e35cf3
      webApp = class com.ibm.ws.webcontainer40.osgi.webapp.WebApp40@7d13d83
      extensionContext = class com.ibm.ws.webcontainer40.osgi.webapp.WebApp40@7d13d83
    production = true
    isServlet23 = true
    contextPath = "/web_war_exploded"
    internalServletList = class [Ljava.lang.String;[2]
      String[][0] = class java.lang.String[2]
      String[][1] = class java.lang.String[2]
    BY_NAME_ONLY = "/_1540750757322_/"
    filterManager = null
    documentRoot = null
    SERVLET_API_VERSION = "Servlet 2.5"
    disableServletAuditLogging = -1
    serverInfo = "IBM WebSphere Liberty/18.0.0.3"
    sessionCtx = class com.ibm.ws.webcontainer31.session.impl.HttpSessionContext31Impl@6d473ee3
      methodClassName = "HttpSessionContextImpl"
      _smc = class com.ibm.ws.session.SessionManagerConfig@353be568
      sessionStoreService = null
      _sap = class com.ibm.ws.session.SessionApplicationParameters@5134b7e5
      _coreHttpSessionManager = class com.ibm.ws.session.SessionManager@1a4e3321
      _coreHttpAppSessionManager = null
      _sam = class com.ibm.ws.webcontainer.session.impl.SessionAffinityManagerImpl@4bff099d
      isSIPApplication = false
      sessionAttributeListener = true
      sessionListener = true
      mHttpSessionAttributeListeners = class java.util.ArrayList@2367b8d
      mHttpSessionListeners = class java.util.ArrayList@76c97fb1
      mHttpSessionIdListeners = class java.util.ArrayList@1df58d72
      mHttpSessionAttributeListenersJ2eeNames = class java.util.ArrayList@2ef5dcb0
      mHttpSessionListenersJ2eeNames = class java.util.ArrayList@1f2e30f0
      mHttpSessionIdListenersJ2eeNames = class java.util.ArrayList@22a7e053
      mLocalHost = null
      _refCount = 1
      currentThreadSacHashtable = null
      methodClassName = "SessionContext"
      ANONYMOUS_USER = "anonymous"
      wasHttpSessionObserver = class com.ibm.ws.session.WasHttpSessionObserver@13886768
      wasHttpSessionAttributeObserver = null
      _invalidator = class com.ibm.ws.session.SessionInvalidatorWithThreadPool@139839f5
      _storer = class com.ibm.ws.session.EOSSessionStorer@7ddf32c6
      wasHttpAppSessionObserver = null
      mHttpAppSessionListeners = null
      cmvcInfo = "CMVC Version 1.9 6/24/07 11:12:24"
      _loggedVersion = true
      CREATE_CORE_SESSION_MANAGER = 0
      GET_REQUESTED_SESSION_ID = 1
      GET_IHTTP_SESSION = 2
      SESSION_PRE_INVOKE = 3
      SESSION_POST_INVOKE = 4
      STOP = 5
      STOP_LISTENERS = 6
      IS_VALID = 7
      ENCODE_URL = 8
      SHOULD_ENCODE_URL = 9
      IS_PROTOCOL_SWITCH = 10
      GET_LOCAL_HOST = 11
      ADD_HTTP_SESSION_ATTRIBUTE_LISTENER = 12
      ADD_HTTP_SESSION_LISTENER = 13
      GET_SESSION_AFFINITY_CONTEXT = 14
      CHECK_SECURITY = 15
      INVALIDATE = 16
      CHECK_SESSSIONID_IS_RIGHT_LENGTH = 17
      LOCK_SESSION = 18
      UNLOCK_SESSION = 19
      ADD_HTTP_SESSION_ID_LISTENER = 20
      methodNames = class java.lang.String[21]
    eventSource = class com.ibm.ws.webcontainer.webapp.WebAppEventSource@396aa9c3
      _invocationListeners = class com.ibm.ws.webcontainer.util.EventListeners@2286f483
      _servletListeners = class com.ibm.ws.webcontainer.util.EventListeners@daee68b
      _errorListeners = class com.ibm.ws.webcontainer.util.EventListeners@2a6ac8ba
      _applicationListeners = class com.ibm.ws.webcontainer.util.EventListeners@7538a485
      _filterInvocationListeners = class com.ibm.ws.webcontainer.util.EventListeners@600f644d
      _filterListeners = class com.ibm.ws.webcontainer.util.EventListeners@1a6f4c79
      _filterErrorListeners = class com.ibm.ws.webcontainer.util.EventListeners@66bc6896
    nls = class com.ibm.ejs.ras.TraceNLS@64b37ed9
      resolver = class com.ibm.ws.logging.internal.TraceNLSResolver@30b015e5
      finder = null
      ivBundleName = "com.ibm.ws.webcontainer.resources.Messages"
      caller = class java.lang.Class@7355a5d0
    liberty_nls = class com.ibm.ejs.ras.TraceNLS@73bf57b4
      resolver = class com.ibm.ws.logging.internal.TraceNLSResolver@30b015e5
      finder = null
      ivBundleName = "com.ibm.ws.webcontainer.resources.LShimMessages"
      caller = class java.lang.Class@7355a5d0
    error_nls = class com.ibm.ejs.ras.TraceNLS@27dbcf06
      resolver = class com.ibm.ws.logging.internal.TraceNLSResolver@30b015e5
      finder = null
      ivBundleName = "com.ibm.ws.webcontainer.resources.ErrorPage"
      caller = class java.lang.Class@7355a5d0
    sessionListeners = class java.util.ArrayList@4b134e8f
      serialVersionUID = 8683452581122892189
      DEFAULT_CAPACITY = 10
      EMPTY_ELEMENTDATA = class java.lang.Object[0]
      DEFAULTCAPACITY_EMPTY_ELEMENTDATA = class java.lang.Object[0]
      elementData = class java.lang.Object[10]
      size = 2
      MAX_ARRAY_SIZE = 2147483639
      modCount = 3
      MAX_ARRAY_SIZE = 2147483639
    sessionIdListeners = class java.util.ArrayList@34a9b482
      serialVersionUID = 8683452581122892189
      DEFAULT_CAPACITY = 10
      EMPTY_ELEMENTDATA = class java.lang.Object[0]
      DEFAULTCAPACITY_EMPTY_ELEMENTDATA = class java.lang.Object[0]
      elementData = class java.lang.Object[0]
      size = 0
      MAX_ARRAY_SIZE = 2147483639
      modCount = 0
      MAX_ARRAY_SIZE = 2147483639
    sessionAttrListeners = class java.util.ArrayList@3d225754
      serialVersionUID = 8683452581122892189
      DEFAULT_CAPACITY = 10
      EMPTY_ELEMENTDATA = class java.lang.Object[0]
      DEFAULTCAPACITY_EMPTY_ELEMENTDATA = class java.lang.Object[0]
      elementData = class java.lang.Object[10]
      size = 1
      MAX_ARRAY_SIZE = 2147483639
      modCount = 2
      MAX_ARRAY_SIZE = 2147483639
    addedSessionListeners = class java.util.ArrayList@44f80c09
      serialVersionUID = 8683452581122892189
      DEFAULT_CAPACITY = 10
      EMPTY_ELEMENTDATA = class java.lang.Object[0]
      DEFAULTCAPACITY_EMPTY_ELEMENTDATA = class java.lang.Object[0]
      elementData = class java.lang.Object[0]
      size = 0
      MAX_ARRAY_SIZE = 2147483639
      modCount = 0
      MAX_ARRAY_SIZE = 2147483639
    addedSessionAttrListeners = class java.util.ArrayList@154e552f
      serialVersionUID = 8683452581122892189
      DEFAULT_CAPACITY = 10
      EMPTY_ELEMENTDATA = class java.lang.Object[0]
      DEFAULTCAPACITY_EMPTY_ELEMENTDATA = class java.lang.Object[0]
      elementData = class java.lang.Object[0]
      size = 0
      MAX_ARRAY_SIZE = 2147483639
      modCount = 0
      MAX_ARRAY_SIZE = 2147483639
    servletContextListeners = class java.util.ArrayList@6cbaeea0
      serialVersionUID = 8683452581122892189
      DEFAULT_CAPACITY = 10
      EMPTY_ELEMENTDATA = class java.lang.Object[0]
      DEFAULTCAPACITY_EMPTY_ELEMENTDATA = class java.lang.Object[0]
      elementData = class java.lang.Object[10]
      size = 5
      MAX_ARRAY_SIZE = 2147483639
      modCount = 6
      MAX_ARRAY_SIZE = 2147483639
    servletContextLAttrListeners = class java.util.ArrayList@430d8c94
      serialVersionUID = 8683452581122892189
      DEFAULT_CAPACITY = 10
      EMPTY_ELEMENTDATA = class java.lang.Object[0]
      DEFAULTCAPACITY_EMPTY_ELEMENTDATA = class java.lang.Object[0]
      elementData = class java.lang.Object[10]
      size = 1
      MAX_ARRAY_SIZE = 2147483639
      modCount = 2
      MAX_ARRAY_SIZE = 2147483639
    servletRequestListeners = class java.util.ArrayList@471158b8
      serialVersionUID = 8683452581122892189
      DEFAULT_CAPACITY = 10
      EMPTY_ELEMENTDATA = class java.lang.Object[0]
      DEFAULTCAPACITY_EMPTY_ELEMENTDATA = class java.lang.Object[0]
      elementData = class java.lang.Object[10]
      size = 1
      MAX_ARRAY_SIZE = 2147483639
      modCount = 2
      MAX_ARRAY_SIZE = 2147483639
    servletRequestLAttrListeners = class java.util.ArrayList@20118a58
      serialVersionUID = 8683452581122892189
      DEFAULT_CAPACITY = 10
      EMPTY_ELEMENTDATA = class java.lang.Object[0]
      DEFAULTCAPACITY_EMPTY_ELEMENTDATA = class java.lang.Object[0]
      elementData = class java.lang.Object[10]
      size = 1
      MAX_ARRAY_SIZE = 2147483639
      modCount = 2
      MAX_ARRAY_SIZE = 2147483639
    prependSlashToResource = false
    destroyed = true
    webAppNameSpaceCollab = class com.ibm.ws.webcontainer.osgi.collaborator.WebAppNameSpaceCollaboratorImpl@1b65af14
      cmdai = class com.ibm.ws.threadContext.ComponentMetaDataAccessorImpl@6b1f87b9
    txCollab = class com.ibm.ws.transaction.services.WebAppTransactionCollaboratorImpl@3423f9c0
      tc = class com.ibm.websphere.ras.TraceComponent@241cf7f8
      ltCurrentRef = class com.ibm.wsspi.kernel.service.utils.AtomicServiceReference@1f8daeea
      tranMgrRef = class com.ibm.wsspi.kernel.service.utils.AtomicServiceReference@79aa975d
      userTranRef = class com.ibm.wsspi.kernel.service.utils.AtomicServiceReference@31d8343e
      uowCallbackRef = class com.ibm.wsspi.kernel.service.utils.AtomicServiceReference@1e641298
      serialVersionUID = -8319003162899973281
    sessionActivationListeners = class java.util.ArrayList@79baa364
      serialVersionUID = 8683452581122892189
      DEFAULT_CAPACITY = 10
      EMPTY_ELEMENTDATA = class java.lang.Object[0]
      DEFAULTCAPACITY_EMPTY_ELEMENTDATA = class java.lang.Object[0]
      elementData = class java.lang.Object[0]
      size = 0
      MAX_ARRAY_SIZE = 2147483639
      modCount = 1
      MAX_ARRAY_SIZE = 2147483639
    sessionBindingListeners = class java.util.ArrayList@5555b541
      serialVersionUID = 8683452581122892189
      DEFAULT_CAPACITY = 10
      EMPTY_ELEMENTDATA = class java.lang.Object[0]
      DEFAULTCAPACITY_EMPTY_ELEMENTDATA = class java.lang.Object[0]
      elementData = class java.lang.Object[0]
      size = 0
      MAX_ARRAY_SIZE = 2147483639
      modCount = 1
      MAX_ARRAY_SIZE = 2147483639
    scratchdir = null
    jspClassLoaderLimit = 0
    jspClassLoaderExclusionList = null
    jspClassLoadersMap = null
    jspClassLoaderLimitTrackIF = false
    defaultExtProc = null
    directoryBrowsingServlet = null
    cdiContexts = class java.util.concurrent.ConcurrentHashMap@63feadf0
      serialVersionUID = 7249069246763182397
      MAXIMUM_CAPACITY = 1073741824
      DEFAULT_CAPACITY = 16
      MAX_ARRAY_SIZE = 2147483639
      DEFAULT_CONCURRENCY_LEVEL = 16
      LOAD_FACTOR = 0.75
      TREEIFY_THRESHOLD = 8
      UNTREEIFY_THRESHOLD = 6
      MIN_TREEIFY_CAPACITY = 64
      MIN_TRANSFER_STRIDE = 16
      RESIZE_STAMP_BITS = 16
      MAX_RESIZERS = 65535
      RESIZE_STAMP_SHIFT = 16
      MOVED = -1
      TREEBIN = -2
      RESERVED = -3
      HASH_BITS = 2147483647
      NCPU = 4
      serialPersistentFields = class java.io.ObjectStreamField[3]
      table = null
      nextTable = null
      baseCount = 0
      sizeCtl = 0
      transferIndex = 0
      cellsBusy = 0
      counterCells = null
      keySet = null
      values = null
      entrySet = null
      U = class sun.misc.Unsafe@2c5688d0
      SIZECTL = 20
      TRANSFERINDEX = 32
      BASECOUNT = 24
      CELLSBUSY = 36
      CELLVALUE = 144
      ABASE = 16
      ASHIFT = 2
      keySet = null
      values = null
    moduleConfig = class com.ibm.ws.webcontainer.osgi.container.DeployedModule@48b8a5b6
      tc = class com.ibm.websphere.ras.TraceComponent@6780982a
      loader = class com.ibm.ws.classloading.internal.ThreadContextClassLoader@6bc0b89c
      webApp = class com.ibm.ws.webcontainer40.osgi.webapp.WebApp40@7d13d83
      webAppConfig = class com.ibm.ws.webcontainer.osgi.webapp.WebAppConfiguration@2e0b212b
      contextRootAdded = null
      properContextRoot = "/web_war_exploded"
      mappingContextRoot = "/web_war_exploded/*"
      serialVersionUID = -2104814060051592457
      $$$tc$$$ = class com.ibm.websphere.ras.TraceComponent@24bb90db
    extensionFactories = class java.util.ArrayList@64358e46
      serialVersionUID = 8683452581122892189
      DEFAULT_CAPACITY = 10
      EMPTY_ELEMENTDATA = class java.lang.Object[0]
      DEFAULTCAPACITY_EMPTY_ELEMENTDATA = class java.lang.Object[0]
      elementData = class java.lang.Object[10]
      size = 4
      MAX_ARRAY_SIZE = 2147483639
      modCount = 8
      MAX_ARRAY_SIZE = 2147483639
    initialized = false
    lock = class com.ibm.ws.webcontainer.webapp.WebApp$1@1c32c03c
      this$0 = class com.ibm.ws.webcontainer40.osgi.webapp.WebApp40@7d13d83
    afterServletContextCreated = false
    redirectContextRoot = false
    errorExceptionTypeFirst = false
    initFilterBeforeServletInit = false
    sortedServletConfigs = class java.util.ArrayList@ab56f67
      serialVersionUID = 8683452581122892189
      DEFAULT_CAPACITY = 10
      EMPTY_ELEMENTDATA = class java.lang.Object[0]
      DEFAULTCAPACITY_EMPTY_ELEMENTDATA = class java.lang.Object[0]
      elementData = class java.lang.Object[10]
      size = 1
      MAX_ARRAY_SIZE = 2147483639
      modCount = 1
      MAX_ARRAY_SIZE = 2147483639
    effectiveMajorVersion = 2
    effectiveMinorVersion = 5
    canAddServletContextListener = true
    withinContextInitOfProgAddListener = false
    lastProgAddListenerInitialized = null
    webInfLibClassloader = null
    metaInfCache = class com.ibm.ws.webcontainer.webapp.WebApp$2@7adfe92
      this$0 = class com.ibm.ws.webcontainer40.osgi.webapp.WebApp40@7d13d83
      serialVersionUID = 3801124242820219131
      head = null
      tail = null
      accessOrder = true
      serialVersionUID = 362498820763181265
      DEFAULT_INITIAL_CAPACITY = 16
      MAXIMUM_CAPACITY = 1073741824
      DEFAULT_LOAD_FACTOR = 0.75
      TREEIFY_THRESHOLD = 8
      UNTREEIFY_THRESHOLD = 6
      MIN_TREEIFY_CAPACITY = 64
      table = null
      entrySet = null
      size = 0
      modCount = 0
      threshold = 32
      loadFactor = 1.0
      keySet = null
      values = null
    useMetaInfCache = true
    SUN_CONFIGURE_LISTENER_CLASSNAME = "com.sun.faces.config.ConfigureListener"
    MYFACES_LIFECYCLE_LISTENER_CLASSNAME = "org.apache.myfaces.webapp.StartupServletContextListener"
    JSF_IMPL_ENABLED_PARAM = "com.ibm.ws.jsf.JSF_IMPL_ENABLED"
    JSF_IMPL_ENABLED_CUSTOM = "Custom"
    JSF_IMPL_ENABLED_NONE = "None"
    staticDocRoot = class com.ibm.ws.webcontainer.util.DocumentRootUtils@4f22079f
      logger = class com.ibm.ws.logging.internal.WsLogger@285a8754
      CLASS_NAME = "com.ibm.ws.webcontainer.util.DocumentRootUtils"
      useContentLength = false
      matchedFile = null
      matchedZipFile = null
      matchedEntry = null
      matchedURL = null
      edrRoot = null
      pfedrRoot = null
      ctxt = class com.ibm.ws.webcontainer40.osgi.webapp.WebApp40@7d13d83
      baseDir = null
      edr = null
      pfedr = null
      metaInfRes = null
      searchpfEDR = false
      searchEDR = false
      searchMetaInfRes = true
      matchFromEDR = false
      matchFromMetaInfRes = false
      matchIsADirectory = false
      appConfig = class com.ibm.ws.webcontainer.osgi.webapp.WebAppConfiguration@2e0b212b
      attributeType = "staticFile"
      STATIC_FILE = "staticFile"
      JSP = "jsp"
      PFEDR = "preFragmentExtendedDocumentRoot"
      EDR = "extendedDocumentRoot"
    jspDocRoot = class com.ibm.ws.webcontainer.util.DocumentRootUtils@451b0d67
      logger = class com.ibm.ws.logging.internal.WsLogger@285a8754
      CLASS_NAME = "com.ibm.ws.webcontainer.util.DocumentRootUtils"
      useContentLength = false
      matchedFile = null
      matchedZipFile = null
      matchedEntry = null
      matchedURL = null
      edrRoot = null
      pfedrRoot = null
      ctxt = class com.ibm.ws.webcontainer40.osgi.webapp.WebApp40@7d13d83
      baseDir = null
      edr = null
      pfedr = null
      metaInfRes = null
      searchpfEDR = false
      searchEDR = false
      searchMetaInfRes = true
      matchFromEDR = false
      matchFromMetaInfRes = false
      matchIsADirectory = false
      appConfig = class com.ibm.ws.webcontainer.osgi.webapp.WebAppConfiguration@2e0b212b
      attributeType = "jsp"
      STATIC_FILE = "staticFile"
      JSP = "jsp"
      PFEDR = "preFragmentExtendedDocumentRoot"
      EDR = "extendedDocumentRoot"
    container = class com.ibm.ws.adaptable.module.internal.AdaptableContainerImpl@2395f8ca
      root = class com.ibm.ws.adaptable.module.internal.AdaptableContainerImpl@2395f8ca
      rootOverlay = class com.ibm.ws.artifact.overlay.internal.DirectoryBasedOverlayContainerImpl@2658032d
      factoryHolder = class com.ibm.ws.adaptable.module.internal.AdaptableModuleFactoryImpl@280c06d0
      delegate = class com.ibm.ws.artifact.overlay.internal.DirectoryBasedOverlayContainerImpl@2658032d
      notifier = class com.ibm.ws.adaptable.module.internal.NotifierImpl@598ed3be
      serialVersionUID = -5621513278641113667
      $$$tc$$$ = class com.ibm.websphere.ras.TraceComponent@62897957
    metaInfResourceFinder = class com.ibm.ws.webcontainer.util.MetaInfResourceFinder@64f48cf4
      jarResourceContainers = class java.util.ArrayList@3ec5e2a0
      container = class com.ibm.ws.adaptable.module.internal.AdaptableContainerImpl@2395f8ca
    postConstructMethods = class com.ibm.ws.webcontainer.webapp.WebApp$AnnotatedMethods@cc5a796
      annotationClass = class java.lang.Class@7653e39e
      noOpClassNames = class java.util.HashSet@21532e8f
      annotatedMethodNames = class java.util.concurrent.ConcurrentHashMap@2960eb59
      EMPTY_METHODS = class java.lang.reflect.Method[0]
    preDestroyMethods = class com.ibm.ws.webcontainer.webapp.WebApp$AnnotatedMethods@5304576e
      annotationClass = class java.lang.Class@31d8d22f
      noOpClassNames = class java.util.HashSet@f16f65e
      annotatedMethodNames = class java.util.concurrent.ConcurrentHashMap@35c24e9
      EMPTY_METHODS = class java.lang.reflect.Method[0]
    OBJ_EMPTY = class java.lang.Object[0]
    CLASS_EMPTY = class java.lang.Class[0]
    DEFAULT_JSP_EXTENSIONS = class java.util.ArrayList@4e69185c
      serialVersionUID = 8683452581122892189
      DEFAULT_CAPACITY = 10
      EMPTY_ELEMENTDATA = class java.lang.Object[0]
      DEFAULTCAPACITY_EMPTY_ELEMENTDATA = class java.lang.Object[0]
      elementData = class java.lang.Object[10]
      size = 4
      MAX_ARRAY_SIZE = 2147483639
      modCount = 4
      MAX_ARRAY_SIZE = 2147483639
    DEFER_SERVLET_REQUEST_LISTENER_DESTROY_ON_ERROR = false
    DO_ACCEPT_PARTIAL = true
    DO_NOT_ACCEPT_PARTIAL = false
    DO_ACCEPT_EXCLUDED = true
    DO_NOT_ACCEPT_EXCLUDED = false
    commands = class java.util.ArrayList@ebaae49
      serialVersionUID = 8683452581122892189
      DEFAULT_CAPACITY = 10
      EMPTY_ELEMENTDATA = class java.lang.Object[0]
      DEFAULTCAPACITY_EMPTY_ELEMENTDATA = class java.lang.Object[0]
      elementData = class java.lang.Object[3]
      size = 0
      MAX_ARRAY_SIZE = 2147483639
      modCount = 0
      MAX_ARRAY_SIZE = 2147483639
    requestMapper = class com.ibm.wsspi.webcontainer.util.URIMapper@2fe2411f
      matcher = class com.ibm.wsspi.webcontainer40.util.URIMatcher40@5914e73d
    parent = class com.ibm.ws.webcontainer.osgi.webapp.WebGroup@5e2cccaa
      tc = class com.ibm.websphere.ras.TraceComponent@19ade36b
      logger = class com.ibm.ws.logging.internal.WsLogger@1655d46e
      CLASS_NAME = "com.ibm.ws.webcontainer.webapp.WebGroup"
      sessUrlRewritePrefix = ";jsessionid="
      qMark = "?"
      config = null
      webApp = null
      commands = class java.util.ArrayList@44c849b2
      requestMapper = null
      parent = class com.ibm.ws.webcontainer.osgi.DynamicVirtualHost@7a0355b3
      name = "/web_war_exploded/*"
      isAlive = false
      subElements = class java.util.HashMap@55897369
      attributes = null
      config = null
      serialVersionUID = -8271459000149267764
      $$$tc$$$ = class com.ibm.websphere.ras.TraceComponent@734c05a3
    name = "web_war_exploded"
    isAlive = true
    subElements = null
    attributes = class java.util.concurrent.ConcurrentHashMap@588184cb
      serialVersionUID = 7249069246763182397
      MAXIMUM_CAPACITY = 1073741824
      DEFAULT_CAPACITY = 16
      MAX_ARRAY_SIZE = 2147483639
      DEFAULT_CONCURRENCY_LEVEL = 16
      LOAD_FACTOR = 0.75
      TREEIFY_THRESHOLD = 8
      UNTREEIFY_THRESHOLD = 6
      MIN_TREEIFY_CAPACITY = 64
      MIN_TRANSFER_STRIDE = 16
      RESIZE_STAMP_BITS = 16
      MAX_RESIZERS = 65535
      RESIZE_STAMP_SHIFT = 16
      MOVED = -1
      TREEBIN = -2
      RESERVED = -3
      HASH_BITS = 2147483647
      NCPU = 4
      serialPersistentFields = class java.io.ObjectStreamField[3]
      table = class java.util.concurrent.ConcurrentHashMap$Node[32]
      nextTable = null
      baseCount = 17
      sizeCtl = 24
      transferIndex = 0
      cellsBusy = 0
      counterCells = null
      keySet = null
      values = null
      entrySet = null
      U = class sun.misc.Unsafe@2c5688d0
      SIZECTL = 20
      TRANSFERINDEX = 32
      BASECOUNT = 24
      CELLSBUSY = 36
      CELLVALUE = 144
      ABASE = 16
      ASHIFT = 2
      keySet = null
      values = null
    config = null
    serialVersionUID = -8271459000149267764
    $$$tc$$$ = class com.ibm.websphere.ras.TraceComponent@734c05a3

