------Start of DE processing------ = [10/28/18 19:58:58:642 CST]
Exception = com.ibm.wsspi.adaptable.module.UnableToAdaptException
Source = com.ibm.ws.app.manager.war.internal.WARApplicationHandlerImpl
probeid = 50
Stack Dump = com.ibm.wsspi.adaptable.module.UnableToAdaptException: com.ibm.ws.javaee.ddmodel.DDParser$ParseException: CWWKC2272E: An error occurred while parsing the /WEB-INF/web.xml deployment descriptor on line 5. The error message was: ParseError at [row,col]:[5,2]
Message: The value of attribute "xsi:schemaLocation" associated with an element type "web-app" must not contain the '<' character.
	at com.ibm.ws.javaee.ddmodel.web.WebAppEntryAdapter.adapt(WebAppEntryAdapter.java:61)
	at com.ibm.ws.javaee.ddmodel.web.WebAppEntryAdapter.adapt(WebAppEntryAdapter.java:26)
	at com.ibm.ws.adaptable.module.internal.AdapterFactoryServiceImpl.adapt(AdapterFactoryServiceImpl.java:227)
	at com.ibm.ws.adaptable.module.internal.AdaptableEntryImpl.adapt(AdaptableEntryImpl.java:121)
	at com.ibm.ws.javaee.ddmodel.web.WebAppAdapter.adapt(WebAppAdapter.java:38)
	at com.ibm.ws.javaee.ddmodel.web.WebAppAdapter.adapt(WebAppAdapter.java:24)
	at com.ibm.ws.adaptable.module.internal.AdapterFactoryServiceImpl.adapt(AdapterFactoryServiceImpl.java:196)
	at com.ibm.ws.adaptable.module.internal.AdaptableContainerImpl.adapt(AdaptableContainerImpl.java:170)
	at com.ibm.ws.app.manager.module.internal.SimpleDeployedAppInfoBase$ModuleContainerInfoBase.<init>(SimpleDeployedAppInfoBase.java:153)
	at com.ibm.ws.app.manager.module.internal.SimpleDeployedAppInfoBase$WebModuleContainerInfo.<init>(SimpleDeployedAppInfoBase.java:320)
	at com.ibm.ws.app.manager.war.internal.WARDeployedAppInfo.<init>(WARDeployedAppInfo.java:64)
	at com.ibm.ws.app.manager.war.internal.WARDeployedAppInfoFactoryImpl.createDeployedAppInfo(WARDeployedAppInfoFactoryImpl.java:118)
	at com.ibm.ws.app.manager.war.internal.WARDeployedAppInfoFactoryImpl.createDeployedAppInfo(WARDeployedAppInfoFactoryImpl.java:33)
	at com.ibm.ws.app.manager.war.internal.WARApplicationHandlerImpl.setUpApplicationMonitoring(WARApplicationHandlerImpl.java:49)
	at com.ibm.ws.app.manager.internal.statemachine.StartAction.execute(StartAction.java:136)
	at com.ibm.ws.app.manager.internal.statemachine.ApplicationStateMachineImpl.enterState(ApplicationStateMachineImpl.java:1258)
	at com.ibm.ws.app.manager.internal.statemachine.ApplicationStateMachineImpl.run(ApplicationStateMachineImpl.java:873)
	at java.util.concurrent.ThreadPoolExecutor.runWorker(ThreadPoolExecutor.java:1149)
	at java.util.concurrent.ThreadPoolExecutor$Worker.run(ThreadPoolExecutor.java:624)
	at java.lang.Thread.run(Thread.java:748)
Caused by: com.ibm.ws.javaee.ddmodel.DDParser$ParseException: CWWKC2272E: An error occurred while parsing the /WEB-INF/web.xml deployment descriptor on line 5. The error message was: ParseError at [row,col]:[5,2]
Message: The value of attribute "xsi:schemaLocation" associated with an element type "web-app" must not contain the '<' character.
	at com.ibm.ws.javaee.ddmodel.DDParser.parseToRootElement(DDParser.java:418)
	at com.ibm.ws.javaee.ddmodel.DDParser.parseRootElement(DDParser.java:572)
	at com.ibm.ws.javaee.ddmodel.web.WebAppDDParser.parse(WebAppDDParser.java:32)
	at com.ibm.ws.javaee.ddmodel.web.WebAppEntryAdapter.adapt(WebAppEntryAdapter.java:59)
	... 19 more
Caused by: javax.xml.stream.XMLStreamException: ParseError at [row,col]:[5,2]
Message: The value of attribute "xsi:schemaLocation" associated with an element type "web-app" must not contain the '<' character.
	at com.sun.org.apache.xerces.internal.impl.XMLStreamReaderImpl.next(XMLStreamReaderImpl.java:604)
	at com.ibm.ws.javaee.ddmodel.DDParser.parseToRootElement(DDParser.java:415)
	... 22 more

Dump of callerThis
Object type = com.ibm.ws.app.manager.war.internal.WARApplicationHandlerImpl
  futureMonitor = class com.ibm.ws.threading.internal.FutureMonitorImpl@388ff56
    _monitor = class java.util.concurrent.ConcurrentLinkedQueue@3541d8b7
      serialVersionUID = 196745693267521676
      head = class java.util.concurrent.ConcurrentLinkedQueue$Node@5a183ea3
      tail = class java.util.concurrent.ConcurrentLinkedQueue$Node@5a183ea3
      UNSAFE = class sun.misc.Unsafe@11aebf90
      headOffset = 12
      tailOffset = 16
      MAX_ARRAY_SIZE = 2147483639
    _executor = class com.ibm.ws.threading.internal.ScheduledExecutorImpl@14bd541f
      threadGroupName = "Scheduled Executor Thread Group"
      executor = class com.ibm.ws.threading.internal.ExecutorServiceImpl@2cdd73cf
      serialVersionUID = -9110693807503469597
      $$$tc$$$ = class com.ibm.websphere.ras.TraceComponent@6b90918d
      continueExistingPeriodicTasksAfterShutdown = false
      executeExistingDelayedTasksAfterShutdown = true
      removeOnCancel = false
      sequencer = class java.util.concurrent.atomic.AtomicLong@3fc02874
      ctl = class java.util.concurrent.atomic.AtomicInteger@57dafff7
      COUNT_BITS = 29
      CAPACITY = 536870911
      RUNNING = -536870912
      SHUTDOWN = 0
      STOP = 536870912
      TIDYING = 1073741824
      TERMINATED = 1610612736
      workQueue = class java.util.concurrent.ScheduledThreadPoolExecutor$DelayedWorkQueue@300b024e
      mainLock = class java.util.concurrent.locks.ReentrantLock@770f4c8b
      workers = class java.util.HashSet@49324996
      termination = class java.util.concurrent.locks.AbstractQueuedSynchronizer$ConditionObject@49973200
      largestPoolSize = 1
      completedTaskCount = 0
      threadFactory = class com.ibm.ws.threading.internal.ThreadFactoryImpl@21e6500e
      handler = class java.util.concurrent.ThreadPoolExecutor$AbortPolicy@2c802bad
      keepAliveTime = 0
      allowCoreThreadTimeOut = false
      corePoolSize = 1
      maximumPoolSize = 2147483647
      defaultHandler = class java.util.concurrent.ThreadPoolExecutor$AbortPolicy@2c802bad
      shutdownPerm = class java.lang.RuntimePermission@77a5a952
      acc = null
      ONLY_ONE = true
      $assertionsDisabled = true
    _threadRunning = class java.util.concurrent.atomic.AtomicBoolean@6e5c9d1c
      serialVersionUID = 4654671469794556979
      unsafe = class sun.misc.Unsafe@11aebf90
      valueOffset = 12
      value = 0
    _thread = class com.ibm.ws.threading.internal.FutureMonitorImpl$1@79b747fb
      this$0 = class com.ibm.ws.threading.internal.FutureMonitorImpl@388ff56
      serialVersionUID = 2422512430832938099
      $$$tc$$$ = class com.ibm.websphere.ras.TraceComponent@7a140a9d
    serialVersionUID = 2765238413969174390
    $$$tc$$$ = class com.ibm.websphere.ras.TraceComponent@2031acbd
      strings[0] = "TraceComponent[com.ibm.ws.threading.internal.FutureMonitorImpl,class com.ibm.ws.threading.internal.FutureMonitorImpl,[Threading],com.ibm.ws.threading.internal.resources.ThreadingMessages,null]"
  deployedAppFactory = class com.ibm.ws.app.manager.war.internal.WARDeployedAppInfoFactoryImpl@8e106d0
    tc = class com.ibm.websphere.ras.TraceComponent@186073b7
      strings[0] = "TraceComponent[com.ibm.ws.app.manager.war.internal.WARDeployedAppInfoFactoryImpl,class com.ibm.ws.app.manager.war.internal.WARDeployedAppInfoFactoryImpl,[webcontainer, applications, app.manager],com.ibm.ws.app.manager.war.internal.resources.Messages,null]"
    webModuleHandler = class com.ibm.ws.app.manager.web.internal.WebModuleHandlerImpl@6db5196
      serialVersionUID = 4795602325763828210
      $$$tc$$$ = class com.ibm.websphere.ras.TraceComponent@66972b52
      futureMonitor = class com.ibm.ws.threading.internal.FutureMonitorImpl@388ff56
      metaDataService = class com.ibm.ws.container.service.metadata.internal.MetaDataServiceImpl@735a11ba
      stateChangeService = class com.ibm.ws.container.service.state.internal.StateChangeServiceImpl@745b794e
      moduleRuntimeContainer = class com.ibm.ws.webcontainer.osgi.WebContainer@3c7caf31
      firstFailure = null
      serialVersionUID = -4563697739413190872
      $$$tc$$$ = class com.ibm.websphere.ras.TraceComponent@2b207de0
    applicationManager = class com.ibm.ws.app.manager.ApplicationManager@1f66e0f4
      expandApps = true
      useJandex = false
      startTimeout = 30
      stopTimeout = 30
      serialVersionUID = -5714171545272003139
      $$$tc$$$ = class com.ibm.websphere.ras.TraceComponent@3d92830a
    zipUtils = class com.ibm.ws.app.manager.war.internal.ZipUtils@5b50de01
      tc = class com.ibm.websphere.ras.TraceComponent@4ab819d6
      WAR_EXTENSION = ".war"
      serialVersionUID = -7574063014509395349
    timestamps = class java.util.HashMap@5b07843d
      serialVersionUID = 362498820763181265
      DEFAULT_INITIAL_CAPACITY = 16
      MAXIMUM_CAPACITY = 1073741824
      DEFAULT_LOAD_FACTOR = 0.75
      TREEIFY_THRESHOLD = 8
      UNTREEIFY_THRESHOLD = 6
      MIN_TREEIFY_CAPACITY = 64
      table = null
      entrySet = null
      size = 0
      modCount = 0
      threshold = 0
      loadFactor = 0.75
      keySet = null
      values = null
    serialVersionUID = -5572482233301532271
    SERVER_APPS_DIR = "${server.config.dir}/apps/"
    EXPANDED_APPS_DIR = "${server.config.dir}/apps/expanded/"
    XML_SUFFIX = ".xml"
    bundleContext = class org.eclipse.osgi.internal.framework.BundleContextImpl@920d0a6
      findHookName = "org.osgi.framework.hooks.bundle.FindHook"
      valid = true
      bundle = class org.eclipse.osgi.internal.framework.EquinoxBundle@6a09519c
      container = class org.eclipse.osgi.internal.framework.EquinoxContainer@3c6b15e8
      debug = class org.eclipse.osgi.internal.debug.Debug@36d5db04
      servicesInUse = class java.util.HashMap@759ecaba
      activator = null
      contextLock = class java.lang.Object@72f1c06f
    applicationInfoFactory = class com.ibm.ws.container.service.app.deploy.internal.ApplicationInfoFactoryImpl@70c292a
      j2eeNameFactory = class com.ibm.wsspi.kernel.service.utils.AtomicServiceReference@7529294
      names = class java.util.HashSet@1427c450
      serialVersionUID = 7443990212682384945
      $$$tc$$$ = class com.ibm.websphere.ras.TraceComponent@140f6e08
    futureMonitor = class com.ibm.ws.threading.internal.FutureMonitorImpl@388ff56
    classLoadingService = class com.ibm.ws.classloading.internal.ClassLoadingServiceImpl@2f45187f
      tc = class com.ibm.websphere.ras.TraceComponent@372b2cde
      leakDetectionMap = class java.util.HashMap@60d11435
      TCCL_LOCK_WAIT = 15000
      REFERENCE_GENERATORS = "generators"
      bundleContext = class org.eclipse.osgi.internal.framework.BundleContextImpl@5ebdbd0f
      aclStore = class com.ibm.ws.classloading.internal.util.CanonicalStore@31743a07
      tcclStore = class com.ibm.ws.classloading.internal.util.CanonicalStore@6aba27b4
      tcclStoreLock = class java.util.concurrent.locks.ReentrantLock@145eaced
      digraph = class org.eclipse.equinox.internal.region.StandardRegionDigraph@7cc672ef
      redefiner = class com.ibm.ws.classloading.internal.util.ClassRedefiner@6cf2db72
      listener = class com.ibm.ws.classloading.internal.ClassLoadingServiceImpl$1@574ec6df
      classloaders = class java.util.Collections$SynchronizedMap@3616211f
      resourceProviders = class com.ibm.ws.classloading.internal.CompositeResourceProvider@79086c38
      rememberedBundles = class java.util.concurrent.ConcurrentHashMap@35b1120
      collectedBundles = class java.lang.ref.ReferenceQueue@228247aa
      generatorRefs = class com.ibm.wsspi.kernel.service.utils.ConcurrentServiceReferenceSet@259b843c
      generatorManager = class com.ibm.ws.classloading.internal.ClassGeneratorManager@1f48451b
      appExtLibs = class java.util.concurrent.CopyOnWriteArrayList@44c195c3
      metaInfServicesProviders = class java.util.concurrent.ConcurrentHashMap@744e25e6
      metaInfServicesRefs = class com.ibm.wsspi.kernel.service.utils.ConcurrentServiceReferenceMap@d0de537
      protectionDomainMap = class java.util.HashMap@50b01910
      metadataIdentifierService = class com.ibm.ws.container.service.metadata.internal.MetaDataServiceImpl@735a11ba
      serialVersionUID = 3750725462702355330
    globalSharedLibrary = class com.ibm.ws.library.internal.SharedLibraryImpl@72387b40
      tc = class com.ibm.websphere.ras.TraceComponent@2ce0883e
      EMPTY_LIBRARY_LISTENERS = interface com.ibm.wsspi.library.LibraryChangeListener[0]
      deleted = false
      libraryListenersTracker = class org.osgi.util.tracker.ServiceTracker@799ccc31
      libraryReg = class org.eclipse.osgi.internal.serviceregistry.ServiceRegistrationImpl@3620fe76
      ctx = class org.eclipse.osgi.internal.framework.BundleContextImpl@5ebdbd0f
      classLoadingService = class com.ibm.ws.classloading.internal.ClassLoadingServiceImpl@2f45187f
      configAdmin = class com.ibm.ws.config.admin.internal.ConfigurationAdminImpl@7df08a57
      resolvedBasePath = "C:/Users/maria/OneDrive/Escritorio/Computadores/2 semestre/Datos 1/Proyecto2/Game of Thrones/wlp-webProfile8-18.0.0.3/wlp/usr/servers/server1/"
      generationLock = class com.ibm.ws.library.internal.SharedLibraryImpl$1@45a17880
      currentGeneration = class com.ibm.ws.library.internal.LibraryGeneration@48c326fe
      nextGeneration = class com.ibm.ws.library.internal.LibraryGeneration@48c326fe
      artifactContainerFactory = class com.ibm.ws.library.internal.SharedLibraryFactory$1@57a19693
      packageExporter = class com.ibm.ws.library.internal.LibraryPackageExporter@2e7a1c02
      serialVersionUID = 6288237618632180389
    globalSharedLibraryPid = "com.ibm.ws.classloading.sharedlibrary_28"
    configAdmin = class com.ibm.ws.config.admin.internal.ConfigurationAdminImpl@15f93f56
      tc = class com.ibm.websphere.ras.TraceComponent@53238042
      bundle = class org.eclipse.osgi.internal.framework.EquinoxBundle@6a09519c
      caFactory = class com.ibm.ws.config.admin.internal.ConfigAdminServiceFactory@6362896b
      serialVersionUID = 3160799878770679122
    metaDataService = class com.ibm.ws.container.service.metadata.internal.MetaDataServiceImpl@735a11ba
      applicationMetaDataManager = class com.ibm.ws.container.service.metadata.internal.ApplicationMetaDataManager@7efa0932
      moduleMetaDataManager = class com.ibm.ws.container.service.metadata.internal.ModuleMetaDataManager@4a8ded3d
      componentMetaDataManager = class com.ibm.ws.container.service.metadata.internal.ComponentMetaDataManager@4e6b9a82
      methodMetaDataManager = class com.ibm.ws.container.service.metadata.internal.MethodMetaDataManager@72d19e30
      appModuleNameToModuleContainer = class java.util.concurrent.ConcurrentHashMap@5cccaac1
      jeeNameToComponentMetaData = class java.util.concurrent.ConcurrentHashMap@790d4060
      deferredMetaDataFactories = class com.ibm.wsspi.kernel.service.utils.ConcurrentServiceReferenceSet@6b207a49
      deferredMetaDataInitializers = class com.ibm.wsspi.kernel.service.utils.ConcurrentServiceReferenceMap@157e5903
      serialVersionUID = -2494605732980966097
      $$$tc$$$ = class com.ibm.websphere.ras.TraceComponent@23654098
    stateChangeService = class com.ibm.ws.container.service.state.internal.StateChangeServiceImpl@745b794e
      applicationStateManager = class com.ibm.ws.container.service.state.internal.ApplicationStateManager@28058cf2
      moduleStateManager = class com.ibm.ws.container.service.state.internal.ModuleStateManager@7159bbe4
      serialVersionUID = -537917915330350560
      $$$tc$$$ = class com.ibm.websphere.ras.TraceComponent@bf398aa
    allModuleTypes = class java.lang.String[4]
      String[0] = "ejb"
      String[1] = "web"
      String[2] = "client"
      String[3] = "connector"
    moduleMetaDataExtenders = class java.util.concurrent.ConcurrentHashMap@19577a86
      serialVersionUID = 7249069246763182397
      MAXIMUM_CAPACITY = 1073741824
      DEFAULT_CAPACITY = 16
      MAX_ARRAY_SIZE = 2147483639
      DEFAULT_CONCURRENCY_LEVEL = 16
      LOAD_FACTOR = 0.75
      TREEIFY_THRESHOLD = 8
      UNTREEIFY_THRESHOLD = 6
      MIN_TREEIFY_CAPACITY = 64
      MIN_TRANSFER_STRIDE = 16
      RESIZE_STAMP_BITS = 16
      MAX_RESIZERS = 65535
      RESIZE_STAMP_SHIFT = 16
      MOVED = -1
      TREEBIN = -2
      RESERVED = -3
      HASH_BITS = 2147483647
      NCPU = 4
      serialPersistentFields = class java.io.ObjectStreamField[3]
      table = class java.util.concurrent.ConcurrentHashMap$Node[16]
      nextTable = null
      baseCount = 4
      sizeCtl = 12
      transferIndex = 0
      cellsBusy = 0
      counterCells = null
      keySet = null
      values = null
      entrySet = null
      U = class sun.misc.Unsafe@11aebf90
      SIZECTL = 20
      TRANSFERINDEX = 32
      BASECOUNT = 24
      CELLSBUSY = 36
      CELLVALUE = 144
      ABASE = 16
      ASHIFT = 2
      keySet = null
      values = null
    nestedModuleMetaDataFactories = class java.util.concurrent.ConcurrentHashMap@3a236fd7
      serialVersionUID = 7249069246763182397
      MAXIMUM_CAPACITY = 1073741824
      DEFAULT_CAPACITY = 16
      MAX_ARRAY_SIZE = 2147483639
      DEFAULT_CONCURRENCY_LEVEL = 16
      LOAD_FACTOR = 0.75
      TREEIFY_THRESHOLD = 8
      UNTREEIFY_THRESHOLD = 6
      MIN_TREEIFY_CAPACITY = 64
      MIN_TRANSFER_STRIDE = 16
      RESIZE_STAMP_BITS = 16
      MAX_RESIZERS = 65535
      RESIZE_STAMP_SHIFT = 16
      MOVED = -1
      TREEBIN = -2
      RESERVED = -3
      HASH_BITS = 2147483647
      NCPU = 4
      serialPersistentFields = class java.io.ObjectStreamField[3]
      table = class java.util.concurrent.ConcurrentHashMap$Node[16]
      nextTable = null
      baseCount = 4
      sizeCtl = 12
      transferIndex = 0
      cellsBusy = 0
      counterCells = null
      keySet = null
      values = null
      entrySet = null
      U = class sun.misc.Unsafe@11aebf90
      SIZECTL = 20
      TRANSFERINDEX = 32
      BASECOUNT = 24
      CELLSBUSY = 36
      CELLVALUE = 144
      ABASE = 16
      ASHIFT = 2
      keySet = null
      values = null
    permissionManager = class com.ibm.ws.security.java2sec.PermissionManager@159de0d4
      tc = class com.ibm.websphere.ras.TraceComponent@56a0c881
      classLoadingService = class com.ibm.ws.classloading.internal.ClassLoadingServiceImpl@2f45187f
      DEFAULT_SERVER_RESTRICTABLE_PERMISSIONS = class java.security.Permission[4]
      DEFAULT_CLIENT_RESTRICTABLE_PERMISSIONS = class java.security.Permission[3]
      isServer = true
      wsjarUrlStreamHandlerAvailable = true
      restrictablePermissions = class java.util.ArrayList@d0c7bc1
      grantedPermissions = class java.util.ArrayList@718230b7
      KEY_PERMISSION = "permission"
      INCORRECT_PERMISSION_CONFIGURATION = "INCORRECT_PERMISSION_CONFIGURATION"
      PERMISSION_CLASSNOTFOUND = "PERMISSION_CLASSNOTFOUND"
      SERVER_XML = "server.xml"
      CLIENT_XML = "client.xml"
      originationFile = "server.xml"
      permissions = class com.ibm.wsspi.kernel.service.utils.ConcurrentServiceReferenceSet@6db33c24
      codeBasePermissionMap = class java.util.HashMap@4601cb48
      permissionXMLPermissionMap = class java.util.HashMap@28bd623a
      serialVersionUID = -1314772785255050069
    locAdmin = class com.ibm.ws.kernel.service.location.internal.WsLocationAdminImpl@17600397
      tc = class com.ibm.websphere.ras.TraceComponent@d5e4378
      LOC_INTERNAL_LIB_DIR = "wlp.lib.dir"
      LOC_AREA_NAME_APPS = "shared/apps/"
      LOC_AREA_NAME_CONFIG = "shared/config/"
      LOC_AREA_NAME_RESC = "shared/resources/"
      LOC_AREA_NAME_STATE = "logs/state/"
      LOC_AREA_NAME_SERVERS = "servers/"
      LOC_AREA_NAME_CLIENTS = "clients/"
      LOC_AREA_NAME_WORKING = "workarea/"
      LOC_AREA_NAME_EXTENSION = "extension/"
      instance = class com.ibm.ws.staticvalue.StaticValue$FinalSingleton@65a20ecb
      installRoot = class com.ibm.ws.kernel.service.location.internal.SymbolicRootResource@7ed4d9fa
      installParentRoot = class com.ibm.ws.kernel.service.location.internal.SymbolicRootResource@4eb3aa49
      userRoot = class com.ibm.ws.kernel.service.location.internal.SymbolicRootResource@7e9636d6
      usrExtensionRoot = class com.ibm.ws.kernel.service.location.internal.SymbolicRootResource@bb7bb99
      serverConfigDir = class com.ibm.ws.kernel.service.location.internal.SymbolicRootResource@5374b81c
      serverOutputDir = class com.ibm.ws.kernel.service.location.internal.SymbolicRootResource@5374b81c
      bootstrapLib = class com.ibm.ws.kernel.service.location.internal.LocalFileResource@46b1d9
      serverWorkarea = class com.ibm.ws.kernel.service.location.internal.LocalFileResource@4fa90781
      serverState = class com.ibm.ws.kernel.service.location.internal.LocalFileResource@79f4169e
      sharedAppsRoot = class com.ibm.ws.kernel.service.location.internal.SymbolicRootResource@fb6f5e4
      sharedConfigRoot = class com.ibm.ws.kernel.service.location.internal.SymbolicRootResource@3acb55b2
      sharedResourceRoot = class com.ibm.ws.kernel.service.location.internal.SymbolicRootResource@3d59c865
      tmpRoot = class com.ibm.ws.kernel.service.location.internal.SymbolicRootResource@64c069b6
      serverName = "server1"
      resourcePaths = class java.util.ArrayList@5ce1b91f
      resourceGroups = class java.util.HashMap@3ce701f4
      commonRoot = class com.ibm.ws.kernel.service.location.internal.VirtualRootResource@4f0eeced
      serialVersionUID = 7766352982799267432
    artifactFactory = class com.ibm.ws.artifact.internal.ArtifactContainerFactoryService@45a8af1e
      CATEGORY_PROP_NAME = "category"
      ENTRY_KEY = "com.ibm.wsspi.artifact.ArtifactEntry"
      helperMap = class com.ibm.wsspi.kernel.service.utils.ConcurrentServiceReferenceSetMap@7850b71e
      contributorMap = class com.ibm.wsspi.kernel.service.utils.ConcurrentServiceReferenceSetMap@7a781351
      helperCategoryMap = class com.ibm.wsspi.kernel.service.utils.ConcurrentServiceReferenceSetMap@2ffbfa21
      contributorCategoryMap = class com.ibm.wsspi.kernel.service.utils.ConcurrentServiceReferenceSetMap@3ffc0729
      categories = class java.util.Collections$SynchronizedSet@42e9af8f
      baseProperties = class org.apache.felix.scr.impl.helper.ReadOnlyDictionary@78b1ce18
      serialVersionUID = -3101641399269402013
      $$$tc$$$ = class com.ibm.websphere.ras.TraceComponent@6d67193e
    moduleFactory = class com.ibm.ws.adaptable.module.internal.AdaptableModuleFactoryImpl@4f5a9b4c
      adapterFactoryService = class com.ibm.ws.adaptable.module.internal.AdapterFactoryServiceImpl@1517f94f
      containerFactory = class com.ibm.ws.artifact.internal.ArtifactContainerFactoryService@45a8af1e
      overlayContainerFactory = class com.ibm.ws.artifact.overlay.internal.OverlayContainerFactoryImpl@7f049e7
      serialVersionUID = 4200251809856292987
      $$$tc$$$ = class com.ibm.websphere.ras.TraceComponent@7e2087f9
    serialVersionUID = 508852145960443474
    $$$tc$$$ = class com.ibm.websphere.ras.TraceComponent@3c33deb8
      strings[0] = "TraceComponent[com.ibm.ws.app.manager.module.internal.DeployedAppInfoFactoryBase,class com.ibm.ws.app.manager.module.internal.DeployedAppInfoFactoryBase,[applications, app.manager],,null]"
  serialVersionUID = 4622845147410944782
  $$$tc$$$ = class com.ibm.websphere.ras.TraceComponent@19e2e596
    strings[0] = "TraceComponent[com.ibm.ws.app.manager.war.internal.WARApplicationHandlerImpl,class com.ibm.ws.app.manager.war.internal.WARApplicationHandlerImpl,[webcontainer, applications, app.manager],com.ibm.ws.app.manager.war.internal.resources.Messages,null]"

Dump of objectArray[0]
Object type = com.ibm.ws.app.manager.internal.ApplicationInstallInfo
  _config = class com.ibm.ws.app.manager.internal.ApplicationConfig@4eaaeeaf
    tc = class com.ibm.websphere.ras.TraceComponent@6c096bb
      strings[0] = "TraceComponent[com.ibm.ws.app.manager.internal.ApplicationConfig,class com.ibm.ws.app.manager.internal.ApplicationConfig,[applications, app.manager],com.ibm.ws.app.manager.internal.resources.AppManagerMessages,null]"
    _configPid = "com.ibm.ws.app.manager_4"
    _config = class com.ibm.ws.config.admin.ConfigurationDictionary@76490984
      serialVersionUID = 7966152868712543805
      simpleTypes = class java.util.Arrays$ArrayList@278596d6
      primitiveArrayTypes = class java.util.Arrays$ArrayList@42f3a831
      simpleArrayTypes = class java.util.Arrays$ArrayList@3a611924
      extendedTypes = class java.util.Arrays$ArrayList@4ceef636
      CASE_INSENSITIVE = class com.ibm.ws.config.admin.ConfigurationDictionary$CaseInsensitive@4756ea5b
      properties = class java.util.Collections$SynchronizedMap@18bb60a0
    _applicationManager = class com.ibm.ws.app.manager.ApplicationManager@1f66e0f4
      expandApps = true
      useJandex = false
      startTimeout = 30
      stopTimeout = 30
      serialVersionUID = -5714171545272003139
      $$$tc$$$ = class com.ibm.websphere.ras.TraceComponent@3d92830a
    _location = "C:/Users/maria/OneDrive/Escritorio/Computadores/2 semestre/Datos 1/Proyecto2/Game of Thrones/out/artifacts/web_war_exploded"
    _type = "war"
    _name = "web_war_exploded"
    _notificationBroadcasterSupport = class javax.management.NotificationBroadcasterSupport@7d6823b4
      listenerList = class java.util.concurrent.CopyOnWriteArrayList@56da7754
      executor = class com.ibm.ws.threading.internal.ExecutorServiceImpl@2cdd73cf
      notifInfo = class javax.management.MBeanNotificationInfo[2]
      defaultExecutor = class javax.management.NotificationBroadcasterSupport$1@7bf476d6
      NO_NOTIFICATION_INFO = class javax.management.MBeanNotificationInfo[0]
      logger = class com.sun.jmx.remote.util.ClassLogger@57a63a96
    ONE_TIME_JANDEX_MSGS_DISPLAYED = true
  _handlerInfo = class java.util.concurrent.atomic.AtomicReference@77b526d4
    serialVersionUID = -1848883965231344442
    unsafe = class sun.misc.Unsafe@11aebf90
      theUnsafe = class sun.misc.Unsafe@11aebf90
      INVALID_FIELD_OFFSET = -1
      ARRAY_BOOLEAN_BASE_OFFSET = 16
      ARRAY_BYTE_BASE_OFFSET = 16
      ARRAY_SHORT_BASE_OFFSET = 16
      ARRAY_CHAR_BASE_OFFSET = 16
      ARRAY_INT_BASE_OFFSET = 16
      ARRAY_LONG_BASE_OFFSET = 16
      ARRAY_FLOAT_BASE_OFFSET = 16
      ARRAY_DOUBLE_BASE_OFFSET = 16
      ARRAY_OBJECT_BASE_OFFSET = 16
      ARRAY_BOOLEAN_INDEX_SCALE = 1
      ARRAY_BYTE_INDEX_SCALE = 1
      ARRAY_SHORT_INDEX_SCALE = 2
      ARRAY_CHAR_INDEX_SCALE = 2
      ARRAY_INT_INDEX_SCALE = 4
      ARRAY_LONG_INDEX_SCALE = 8
      ARRAY_FLOAT_INDEX_SCALE = 4
      ARRAY_DOUBLE_INDEX_SCALE = 8
      ARRAY_OBJECT_INDEX_SCALE = 4
      ADDRESS_SIZE = 8
    valueOffset = 12
    value = null
  _container = class java.util.concurrent.atomic.AtomicReference@633bcc89
    serialVersionUID = -1848883965231344442
    unsafe = class sun.misc.Unsafe@11aebf90
    valueOffset = 12
    value = class com.ibm.ws.adaptable.module.internal.AdaptableContainerImpl@65e1c1cf
      root = class com.ibm.ws.adaptable.module.internal.AdaptableContainerImpl@65e1c1cf
      rootOverlay = class com.ibm.ws.artifact.overlay.internal.DirectoryBasedOverlayContainerImpl@3f3fa4a8
      factoryHolder = class com.ibm.ws.adaptable.module.internal.AdaptableModuleFactoryImpl@4f5a9b4c
      delegate = class com.ibm.ws.artifact.overlay.internal.DirectoryBasedOverlayContainerImpl@3f3fa4a8
      notifier = null
      serialVersionUID = -5621513278641113667
      $$$tc$$$ = class com.ibm.websphere.ras.TraceComponent@70698e52
  _resolvedLocation = class java.util.concurrent.atomic.AtomicReference@40585a01
    serialVersionUID = -1848883965231344442
    unsafe = class sun.misc.Unsafe@11aebf90
    valueOffset = 12
    value = class com.ibm.ws.kernel.service.location.internal.LocalFileResource@1d63a017
      strings[0] = "LocalFileResource[DIRECTORY;@-935665642;<undefined>;C:/Users/maria/OneDrive/Escritorio/Computadores/2 semestre/Datos 1/Proyecto2/Game of Thrones/out/artifacts/web_war_exploded/]"
  _handler = class com.ibm.ws.app.manager.war.internal.WARApplicationHandlerImpl@720d653c
    futureMonitor = class com.ibm.ws.threading.internal.FutureMonitorImpl@388ff56
      _monitor = class java.util.concurrent.ConcurrentLinkedQueue@3541d8b7
      _executor = class com.ibm.ws.threading.internal.ScheduledExecutorImpl@14bd541f
      _threadRunning = class java.util.concurrent.atomic.AtomicBoolean@6e5c9d1c
      _thread = class com.ibm.ws.threading.internal.FutureMonitorImpl$1@79b747fb
      serialVersionUID = 2765238413969174390
      $$$tc$$$ = class com.ibm.websphere.ras.TraceComponent@2031acbd
    deployedAppFactory = class com.ibm.ws.app.manager.war.internal.WARDeployedAppInfoFactoryImpl@8e106d0
      tc = class com.ibm.websphere.ras.TraceComponent@186073b7
      webModuleHandler = class com.ibm.ws.app.manager.web.internal.WebModuleHandlerImpl@6db5196
      applicationManager = class com.ibm.ws.app.manager.ApplicationManager@1f66e0f4
      zipUtils = class com.ibm.ws.app.manager.war.internal.ZipUtils@5b50de01
      timestamps = class java.util.HashMap@5b07843d
      serialVersionUID = -5572482233301532271
      SERVER_APPS_DIR = "${server.config.dir}/apps/"
      EXPANDED_APPS_DIR = "${server.config.dir}/apps/expanded/"
      XML_SUFFIX = ".xml"
      bundleContext = class org.eclipse.osgi.internal.framework.BundleContextImpl@920d0a6
      applicationInfoFactory = class com.ibm.ws.container.service.app.deploy.internal.ApplicationInfoFactoryImpl@70c292a
      futureMonitor = class com.ibm.ws.threading.internal.FutureMonitorImpl@388ff56
      classLoadingService = class com.ibm.ws.classloading.internal.ClassLoadingServiceImpl@2f45187f
      globalSharedLibrary = class com.ibm.ws.library.internal.SharedLibraryImpl@72387b40
      globalSharedLibraryPid = "com.ibm.ws.classloading.sharedlibrary_28"
      configAdmin = class com.ibm.ws.config.admin.internal.ConfigurationAdminImpl@15f93f56
      metaDataService = class com.ibm.ws.container.service.metadata.internal.MetaDataServiceImpl@735a11ba
      stateChangeService = class com.ibm.ws.container.service.state.internal.StateChangeServiceImpl@745b794e
      allModuleTypes = class java.lang.String[4]
      moduleMetaDataExtenders = class java.util.concurrent.ConcurrentHashMap@19577a86
      nestedModuleMetaDataFactories = class java.util.concurrent.ConcurrentHashMap@3a236fd7
      permissionManager = class com.ibm.ws.security.java2sec.PermissionManager@159de0d4
      locAdmin = class com.ibm.ws.kernel.service.location.internal.WsLocationAdminImpl@17600397
      artifactFactory = class com.ibm.ws.artifact.internal.ArtifactContainerFactoryService@45a8af1e
      moduleFactory = class com.ibm.ws.adaptable.module.internal.AdaptableModuleFactoryImpl@4f5a9b4c
      serialVersionUID = 508852145960443474
      $$$tc$$$ = class com.ibm.websphere.ras.TraceComponent@3c33deb8
    serialVersionUID = 4622845147410944782
    $$$tc$$$ = class com.ibm.websphere.ras.TraceComponent@19e2e596
      strings[0] = "TraceComponent[com.ibm.ws.app.manager.war.internal.WARApplicationHandlerImpl,class com.ibm.ws.app.manager.war.internal.WARApplicationHandlerImpl,[webcontainer, applications, app.manager],com.ibm.ws.app.manager.war.internal.resources.Messages,null]"
  _ami = class java.util.concurrent.atomic.AtomicReference@591e1b33
    serialVersionUID = -1848883965231344442
    unsafe = class sun.misc.Unsafe@11aebf90
    valueOffset = 12
    value = null
  _updateHandler = class com.ibm.ws.app.manager.internal.statemachine.ApplicationStateMachineImpl@7430542
    _tc = class com.ibm.websphere.ras.TraceComponent@15974d73
      strings[0] = "TraceComponent[com.ibm.ws.app.manager.internal.statemachine.ApplicationStateMachineImpl,class com.ibm.ws.app.manager.internal.statemachine.ApplicationStateMachineImpl,[applications, app.manager],com.ibm.ws.app.manager.internal.resources.AppManagerMessages,null]"
    EMPTY_FUTURE_ARRAY = interface java.util.concurrent.Future[0]
    asmSequenceNumber = class java.util.concurrent.atomic.AtomicLong@38ab13a0
      serialVersionUID = 1927816293512124184
      unsafe = class sun.misc.Unsafe@11aebf90
      valueOffset = 16
      VM_SUPPORTS_LONG_CAS = true
      value = 1
      serialVersionUID = -8742448824652078965
    _qscaCounter = class java.util.concurrent.atomic.AtomicInteger@11455005
      serialVersionUID = 6214790243416807050
      unsafe = class sun.misc.Unsafe@11aebf90
      valueOffset = 12
      value = 1
      serialVersionUID = -8742448824652078965
    _failedThrowable = null
    _interruptibleLock = class com.ibm.ws.app.manager.internal.statemachine.ApplicationStateMachineImpl$2@e332e7a
      this$0 = class com.ibm.ws.app.manager.internal.statemachine.ApplicationStateMachineImpl@7430542
      serialVersionUID = 1428897424970146289
      $$$tc$$$ = class com.ibm.websphere.ras.TraceComponent@36bc3e3d
    _interruptible = false
    _performingQueuedActions = true
    _queuedActions = class java.util.concurrent.ConcurrentLinkedQueue@3ad39dfd
      serialVersionUID = 196745693267521676
      head = class java.util.concurrent.ConcurrentLinkedQueue$Node@30ed77d0
      tail = class java.util.concurrent.ConcurrentLinkedQueue$Node@1789b4e9
      UNSAFE = class sun.misc.Unsafe@11aebf90
      headOffset = 12
      tailOffset = 16
      MAX_ARRAY_SIZE = 2147483639
    _callbackState = class java.util.concurrent.atomic.AtomicReference@5a85af14
      serialVersionUID = -1848883965231344442
      unsafe = class sun.misc.Unsafe@11aebf90
      valueOffset = 12
      value = class com.ibm.ws.app.manager.internal.statemachine.ApplicationStateMachineImpl$CallbackState@11c5fe8e
    blockAppStartingFutures = class java.util.Collections$SetFromMap@617b0939
      m = class java.util.concurrent.ConcurrentHashMap@4737592c
      s = class java.util.concurrent.ConcurrentHashMap$KeySetView@35df9c19
      serialVersionUID = 2454657854757543876
      MAX_ARRAY_SIZE = 2147483639
    waitingForAppHandlerFuture = class java.util.concurrent.atomic.AtomicReference@76acab92
      serialVersionUID = -1848883965231344442
      unsafe = class sun.misc.Unsafe@11aebf90
      valueOffset = 12
      value = class com.ibm.ws.app.manager.internal.ApplicationDependency@4f50d0d9
    waitingForExplicitStartFuture = class java.util.concurrent.atomic.AtomicReference@50b6eccf
      serialVersionUID = -1848883965231344442
      unsafe = class sun.misc.Unsafe@11aebf90
      valueOffset = 12
      value = null
    completionListener = class java.util.concurrent.atomic.AtomicReference@27bc14c2
      serialVersionUID = -1848883965231344442
      unsafe = class sun.misc.Unsafe@11aebf90
      valueOffset = 12
      value = null
    _notifyAppStopped = class java.util.concurrent.ConcurrentLinkedQueue@1eb7f3cd
      serialVersionUID = 196745693267521676
      head = class java.util.concurrent.ConcurrentLinkedQueue$Node@4eacbd9a
      tail = class java.util.concurrent.ConcurrentLinkedQueue$Node@15241068
      UNSAFE = class sun.misc.Unsafe@11aebf90
      headOffset = 12
      tailOffset = 16
      MAX_ARRAY_SIZE = 2147483639
    _notifyAppStarting = class java.util.concurrent.ConcurrentLinkedQueue@d542bb2
      serialVersionUID = 196745693267521676
      head = class java.util.concurrent.ConcurrentLinkedQueue$Node@55667850
      tail = class java.util.concurrent.ConcurrentLinkedQueue$Node@1bd48182
      UNSAFE = class sun.misc.Unsafe@11aebf90
      headOffset = 12
      tailOffset = 16
      MAX_ARRAY_SIZE = 2147483639
    _notifyAppInstallCalled = class java.util.concurrent.ConcurrentLinkedQueue@6a637e43
      serialVersionUID = 196745693267521676
      head = class java.util.concurrent.ConcurrentLinkedQueue$Node@52c397e1
      tail = class java.util.concurrent.ConcurrentLinkedQueue$Node@52c397e1
      UNSAFE = class sun.misc.Unsafe@11aebf90
      headOffset = 12
      tailOffset = 16
      MAX_ARRAY_SIZE = 2147483639
    _notifyAppStarted = class java.util.concurrent.ConcurrentLinkedQueue@2d3e6dc9
      serialVersionUID = 196745693267521676
      head = class java.util.concurrent.ConcurrentLinkedQueue$Node@71cbeab0
      tail = class java.util.concurrent.ConcurrentLinkedQueue$Node@71cbeab0
      UNSAFE = class sun.misc.Unsafe@11aebf90
      headOffset = 12
      tailOffset = 16
      MAX_ARRAY_SIZE = 2147483639
    _notifyAppRemoved = class java.util.concurrent.ConcurrentLinkedQueue@c36da38
      serialVersionUID = 196745693267521676
      head = class java.util.concurrent.ConcurrentLinkedQueue$Node@2aa1e2aa
      tail = class java.util.concurrent.ConcurrentLinkedQueue$Node@2aa1e2aa
      UNSAFE = class sun.misc.Unsafe@11aebf90
      headOffset = 12
      tailOffset = 16
      MAX_ARRAY_SIZE = 2147483639
    _stateLock = class com.ibm.ws.app.manager.internal.statemachine.ApplicationStateMachineImpl$3@201369b7
      this$0 = class com.ibm.ws.app.manager.internal.statemachine.ApplicationStateMachineImpl@7430542
      serialVersionUID = -2844785999478513305
      $$$tc$$$ = class com.ibm.websphere.ras.TraceComponent@7cbe4aee
    _internalState = class java.util.concurrent.atomic.AtomicReference@51f39a90
      serialVersionUID = -1848883965231344442
      unsafe = class sun.misc.Unsafe@11aebf90
      valueOffset = 12
      value = class com.ibm.ws.app.manager.internal.statemachine.ApplicationStateMachineImpl$InternalState@6b681f4f
    _currentAction = class java.util.concurrent.atomic.AtomicReference@f7de542
      serialVersionUID = -1848883965231344442
      unsafe = class sun.misc.Unsafe@11aebf90
      valueOffset = 12
      value = class com.ibm.ws.app.manager.internal.statemachine.StartAction@61603de9
    _rfa = class java.util.concurrent.atomic.AtomicReference@3520098f
      serialVersionUID = -1848883965231344442
      unsafe = class sun.misc.Unsafe@11aebf90
      valueOffset = 12
      value = null
    _appInstallInfo = class java.util.concurrent.atomic.AtomicReference@ec5804d
      serialVersionUID = -1848883965231344442
      unsafe = class sun.misc.Unsafe@11aebf90
      valueOffset = 12
      value = class com.ibm.ws.app.manager.internal.ApplicationInstallInfo@722cd6d5
    _update = class java.util.concurrent.atomic.AtomicBoolean@432fac1f
      serialVersionUID = 4654671469794556979
      unsafe = class sun.misc.Unsafe@11aebf90
      valueOffset = 12
      value = 1
    _appConfig = class java.util.concurrent.atomic.AtomicReference@231806cd
      serialVersionUID = -1848883965231344442
      unsafe = class sun.misc.Unsafe@11aebf90
      valueOffset = 12
      value = class com.ibm.ws.app.manager.internal.ApplicationConfig@4eaaeeaf
    _nextAppConfig = class java.util.concurrent.atomic.AtomicReference@16411f50
      serialVersionUID = -1848883965231344442
      unsafe = class sun.misc.Unsafe@11aebf90
      valueOffset = 12
      value = null
    _appContainer = class java.util.concurrent.atomic.AtomicReference@3424323d
      serialVersionUID = -1848883965231344442
      unsafe = class sun.misc.Unsafe@11aebf90
      valueOffset = 12
      value = null
    _resolvedLocation = class java.util.concurrent.atomic.AtomicReference@a553ff2
      serialVersionUID = -1848883965231344442
      unsafe = class sun.misc.Unsafe@11aebf90
      valueOffset = 12
      value = null
    _handler = class java.util.concurrent.atomic.AtomicReference@69986e1b
      serialVersionUID = -1848883965231344442
      unsafe = class sun.misc.Unsafe@11aebf90
      valueOffset = 12
      value = class com.ibm.ws.app.manager.war.internal.WARApplicationHandlerImpl@720d653c
    _asmSeqNo = 0
    _ctx = class org.eclipse.osgi.internal.framework.BundleContextImpl@178034c0
      findHookName = "org.osgi.framework.hooks.bundle.FindHook"
      valid = true
      bundle = class org.eclipse.osgi.internal.framework.EquinoxBundle@5c9e3379
      container = class org.eclipse.osgi.internal.framework.EquinoxContainer@3c6b15e8
      debug = class org.eclipse.osgi.internal.debug.Debug@36d5db04
      servicesInUse = class java.util.HashMap@45a6e794
      activator = null
      contextLock = class java.lang.Object@7b1dc38d
    _locAdmin = class com.ibm.ws.kernel.service.location.internal.WsLocationAdminImpl@17600397
      tc = class com.ibm.websphere.ras.TraceComponent@d5e4378
      LOC_INTERNAL_LIB_DIR = "wlp.lib.dir"
      LOC_AREA_NAME_APPS = "shared/apps/"
      LOC_AREA_NAME_CONFIG = "shared/config/"
      LOC_AREA_NAME_RESC = "shared/resources/"
      LOC_AREA_NAME_STATE = "logs/state/"
      LOC_AREA_NAME_SERVERS = "servers/"
      LOC_AREA_NAME_CLIENTS = "clients/"
      LOC_AREA_NAME_WORKING = "workarea/"
      LOC_AREA_NAME_EXTENSION = "extension/"
      instance = class com.ibm.ws.staticvalue.StaticValue$FinalSingleton@65a20ecb
      installRoot = class com.ibm.ws.kernel.service.location.internal.SymbolicRootResource@7ed4d9fa
      installParentRoot = class com.ibm.ws.kernel.service.location.internal.SymbolicRootResource@4eb3aa49
      userRoot = class com.ibm.ws.kernel.service.location.internal.SymbolicRootResource@7e9636d6
      usrExtensionRoot = class com.ibm.ws.kernel.service.location.internal.SymbolicRootResource@bb7bb99
      serverConfigDir = class com.ibm.ws.kernel.service.location.internal.SymbolicRootResource@5374b81c
      serverOutputDir = class com.ibm.ws.kernel.service.location.internal.SymbolicRootResource@5374b81c
      bootstrapLib = class com.ibm.ws.kernel.service.location.internal.LocalFileResource@46b1d9
      serverWorkarea = class com.ibm.ws.kernel.service.location.internal.LocalFileResource@4fa90781
      serverState = class com.ibm.ws.kernel.service.location.internal.LocalFileResource@79f4169e
      sharedAppsRoot = class com.ibm.ws.kernel.service.location.internal.SymbolicRootResource@fb6f5e4
      sharedConfigRoot = class com.ibm.ws.kernel.service.location.internal.SymbolicRootResource@3acb55b2
      sharedResourceRoot = class com.ibm.ws.kernel.service.location.internal.SymbolicRootResource@3d59c865
      tmpRoot = class com.ibm.ws.kernel.service.location.internal.SymbolicRootResource@64c069b6
      serverName = "server1"
      resourcePaths = class java.util.ArrayList@5ce1b91f
      resourceGroups = class java.util.HashMap@3ce701f4
      commonRoot = class com.ibm.ws.kernel.service.location.internal.VirtualRootResource@4f0eeced
      serialVersionUID = 7766352982799267432
    _futureMonitor = class com.ibm.ws.threading.internal.FutureMonitorImpl@388ff56
    _artifactFactory = class com.ibm.ws.artifact.internal.ArtifactContainerFactoryService@45a8af1e
      CATEGORY_PROP_NAME = "category"
      ENTRY_KEY = "com.ibm.wsspi.artifact.ArtifactEntry"
      helperMap = class com.ibm.wsspi.kernel.service.utils.ConcurrentServiceReferenceSetMap@7850b71e
      contributorMap = class com.ibm.wsspi.kernel.service.utils.ConcurrentServiceReferenceSetMap@7a781351
      helperCategoryMap = class com.ibm.wsspi.kernel.service.utils.ConcurrentServiceReferenceSetMap@2ffbfa21
      contributorCategoryMap = class com.ibm.wsspi.kernel.service.utils.ConcurrentServiceReferenceSetMap@3ffc0729
      categories = class java.util.Collections$SynchronizedSet@42e9af8f
      baseProperties = class org.apache.felix.scr.impl.helper.ReadOnlyDictionary@78b1ce18
      serialVersionUID = -3101641399269402013
      $$$tc$$$ = class com.ibm.websphere.ras.TraceComponent@6d67193e
    _moduleFactory = class com.ibm.ws.adaptable.module.internal.AdaptableModuleFactoryImpl@4f5a9b4c
      adapterFactoryService = class com.ibm.ws.adaptable.module.internal.AdapterFactoryServiceImpl@1517f94f
      containerFactory = class com.ibm.ws.artifact.internal.ArtifactContainerFactoryService@45a8af1e
      overlayContainerFactory = class com.ibm.ws.artifact.overlay.internal.OverlayContainerFactoryImpl@7f049e7
      serialVersionUID = 4200251809856292987
      $$$tc$$$ = class com.ibm.websphere.ras.TraceComponent@7e2087f9
    _executorService = class com.ibm.ws.threading.internal.ExecutorServiceImpl@2cdd73cf
      threadPool = class java.util.concurrent.ThreadPoolExecutor@2137b268
      threadPoolController = class com.ibm.ws.threading.internal.ThreadPoolController@2cd9b2d4
      poolName = "Default Executor"
      componentConfig = class org.apache.felix.scr.impl.helper.ReadOnlyDictionary@7983810d
      interceptorsActive = false
      interceptors = class java.util.concurrent.CopyOnWriteArraySet@3c977889
      threadFactory = null
      serialVersionUID = -5569391535960693817
      $$$tc$$$ = class com.ibm.websphere.ras.TraceComponent@56204dcb
    _scheduledExecutorService = class com.ibm.ws.threading.internal.ScheduledExecutorImpl@14bd541f
      threadGroupName = "Scheduled Executor Thread Group"
      executor = class com.ibm.ws.threading.internal.ExecutorServiceImpl@2cdd73cf
      serialVersionUID = -9110693807503469597
      $$$tc$$$ = class com.ibm.websphere.ras.TraceComponent@6b90918d
      continueExistingPeriodicTasksAfterShutdown = false
      executeExistingDelayedTasksAfterShutdown = true
      removeOnCancel = false
      sequencer = class java.util.concurrent.atomic.AtomicLong@3fc02874
      ctl = class java.util.concurrent.atomic.AtomicInteger@57dafff7
      COUNT_BITS = 29
      CAPACITY = 536870911
      RUNNING = -536870912
      SHUTDOWN = 0
      STOP = 536870912
      TIDYING = 1073741824
      TERMINATED = 1610612736
      workQueue = class java.util.concurrent.ScheduledThreadPoolExecutor$DelayedWorkQueue@300b024e
      mainLock = class java.util.concurrent.locks.ReentrantLock@770f4c8b
      workers = class java.util.HashSet@49324996
      termination = class java.util.concurrent.locks.AbstractQueuedSynchronizer$ConditionObject@49973200
      largestPoolSize = 1
      completedTaskCount = 0
      threadFactory = class com.ibm.ws.threading.internal.ThreadFactoryImpl@21e6500e
      handler = class java.util.concurrent.ThreadPoolExecutor$AbortPolicy@2c802bad
      keepAliveTime = 0
      allowCoreThreadTimeOut = false
      corePoolSize = 1
      maximumPoolSize = 2147483647
      defaultHandler = class java.util.concurrent.ThreadPoolExecutor$AbortPolicy@2c802bad
      shutdownPerm = class java.lang.RuntimePermission@77a5a952
      acc = null
      ONLY_ONE = true
      $assertionsDisabled = true
    _asmHelper = class com.ibm.ws.app.manager.internal.ApplicationConfigurator$NamedApplication@11d59f99
      appName = "web_war_exploded"
      configPid = "com.ibm.ws.app.manager_4"
      bundleContext = class org.eclipse.osgi.internal.framework.BundleContextImpl@178034c0
      mbeanNotifier = class javax.management.NotificationBroadcasterSupport@7d6823b4
      sequence = class java.util.concurrent.atomic.AtomicLong@3b2c9b66
      appConfig = class com.ibm.ws.app.manager.internal.ApplicationConfig@4eaaeeaf
      asm = class com.ibm.ws.app.manager.internal.statemachine.ApplicationStateMachineImpl@7430542
      appTypeSupport = class com.ibm.ws.app.manager.internal.ApplicationConfigurator$ApplicationTypeSupport@725af74e
      appRecycleContext = null
      appStateRef = class java.util.concurrent.atomic.AtomicReference@b6c3681
      appReg = class com.ibm.ws.app.manager.internal.lifecycle.ServiceReg@375a492e
      mbeanReg = class com.ibm.ws.app.manager.internal.lifecycle.ServiceReg@68f20308
      dynamicMBean = class java.util.concurrent.atomic.AtomicReference@4db779df
      serialVersionUID = -2429219244222002679
      $$$tc$$$ = class com.ibm.websphere.ras.TraceComponent@751edfe
    _appMonitor = class com.ibm.ws.app.manager.internal.monitor.ApplicationMonitor@773d47e7
      tc = class com.ibm.websphere.ras.TraceComponent@5b5e683c
      _config = class java.util.concurrent.atomic.AtomicReference@61b1cadf
      _executorService = class java.util.concurrent.atomic.AtomicReference@224c1829
      _appListeners = class java.util.concurrent.ConcurrentHashMap@7dd1a78
      serialVersionUID = -6677716415972806660
    enterStateCalled = class java.util.concurrent.atomic.AtomicBoolean@621d26e7
      serialVersionUID = 4654671469794556979
      unsafe = class sun.misc.Unsafe@11aebf90
      valueOffset = 12
      value = 1
    serialVersionUID = -1399093980790866556
    serialVersionUID = 5501066335104962649
    $$$tc$$$ = class com.ibm.websphere.ras.TraceComponent@66b1cb13
      strings[0] = "TraceComponent[com.ibm.ws.app.manager.internal.statemachine.ApplicationStateMachine,class com.ibm.ws.app.manager.internal.statemachine.ApplicationStateMachine,[applications, app.manager],com.ibm.ws.app.manager.internal.resources.AppManagerMessages,null]"
  serialVersionUID = 2630639237123415755
  $$$tc$$$ = class com.ibm.websphere.ras.TraceComponent@550b1ec4
    strings[0] = "TraceComponent[com.ibm.ws.app.manager.internal.ApplicationInstallInfo,class com.ibm.ws.app.manager.internal.ApplicationInstallInfo,[applications, app.manager],com.ibm.ws.app.manager.internal.resources.AppManagerMessages,null]"

