------Start of DE processing------ = [10/28/18 11:54:20:676 CST]
Exception = java.lang.NullPointerException
Source = com.ibm.ws.webcontainer.osgi.DynamicVirtualHost
probeid = startWebApp
Stack Dump = java.lang.NullPointerException
	at com.ibm.ws.security.jaspi.JaspiServletContainerInitializer.onStartup(JaspiServletContainerInitializer.java:53)
	at com.ibm.ws.webcontainer.webapp.WebApp.initializeServletContainerInitializers(WebApp.java:2487)
	at com.ibm.ws.webcontainer.webapp.WebApp.initialize(WebApp.java:994)
	at com.ibm.ws.webcontainer.webapp.WebApp.initialize(WebApp.java:6566)
	at com.ibm.ws.webcontainer.osgi.DynamicVirtualHost.startWebApp(DynamicVirtualHost.java:467)
	at com.ibm.ws.webcontainer.osgi.DynamicVirtualHost.createRunnableHandler(DynamicVirtualHost.java:264)
	at com.ibm.ws.webcontainer.osgi.DynamicVirtualHost.createRunnableHandler(DynamicVirtualHost.java:330)
	at com.ibm.ws.http.internal.VirtualHostImpl.discriminate(VirtualHostImpl.java:250)
	at com.ibm.ws.http.dispatcher.internal.channel.HttpDispatcherLink.ready(HttpDispatcherLink.java:356)
	at com.ibm.ws.http.channel.internal.inbound.HttpInboundLink.handleDiscrimination(HttpInboundLink.java:532)
	at com.ibm.ws.http.channel.internal.inbound.HttpInboundLink.handleNewRequest(HttpInboundLink.java:466)
	at com.ibm.ws.http.channel.internal.inbound.HttpInboundLink.processRequest(HttpInboundLink.java:331)
	at com.ibm.ws.http.channel.internal.inbound.HttpInboundLink.ready(HttpInboundLink.java:302)
	at com.ibm.ws.tcpchannel.internal.NewConnectionInitialReadCallback.sendToDiscriminators(NewConnectionInitialReadCallback.java:165)
	at com.ibm.ws.tcpchannel.internal.NewConnectionInitialReadCallback.complete(NewConnectionInitialReadCallback.java:74)
	at com.ibm.ws.tcpchannel.internal.WorkQueueManager.requestComplete(WorkQueueManager.java:501)
	at com.ibm.ws.tcpchannel.internal.WorkQueueManager.attemptIO(WorkQueueManager.java:571)
	at com.ibm.ws.tcpchannel.internal.WorkQueueManager.workerRun(WorkQueueManager.java:926)
	at com.ibm.ws.tcpchannel.internal.WorkQueueManager$Worker.run(WorkQueueManager.java:1015)
	at java.util.concurrent.ThreadPoolExecutor.runWorker(ThreadPoolExecutor.java:1149)
	at java.util.concurrent.ThreadPoolExecutor$Worker.run(ThreadPoolExecutor.java:624)
	at java.lang.Thread.run(Thread.java:748)

Dump of callerThis
Object type = [Ljava.lang.Object;
  Object[0] = class com.ibm.ws.webcontainer.osgi.DynamicVirtualHost@72e4209
    tc = class com.ibm.websphere.ras.TraceComponent@102c314e
      strings[0] = "TraceComponent[com.ibm.ws.webcontainer.osgi.DynamicVirtualHost,class com.ibm.ws.webcontainer.osgi.DynamicVirtualHost,[webcontainer],com.ibm.ws.webcontainer.resources.LShimMessages,null]"
    CLASS_NAME = "com.ibm.ws.webcontainer.osgi.DynamicVirtualHost"
    webContainerParent = class com.ibm.ws.webcontainer.osgi.WebContainer@2dd0d27b
      tc = class com.ibm.websphere.ras.TraceComponent@55ad3d06
      CLASS_NAME = "com.ibm.ws.webcontainer.osgi.WebContainer"
      initialized = true
      eventService = class com.ibm.ws.event.internal.EventEngineImpl@7eba8dab
      futureMonitor = class com.ibm.ws.threading.internal.FutureMonitorImpl@7d8c3e96
      classLoadingSRRef = class com.ibm.wsspi.kernel.service.utils.AtomicServiceReference@38721cd2
      sessionHelperSRRef = class com.ibm.wsspi.kernel.service.utils.AtomicServiceReference@eeb4524
      cacheManagerSRRef = class com.ibm.wsspi.kernel.service.utils.AtomicServiceReference@24164687
      injectionEngineSRRef = class com.ibm.wsspi.kernel.service.utils.AtomicServiceReference@3872b41d
      managedObjectServiceSRRef = class com.ibm.wsspi.kernel.service.utils.AtomicServiceReference@104eab4d
      backgroundWebAppStartFutures = class com.ibm.ws.webcontainer.util.OneTimeUseArrayList@468256b2
      REFERENCE_WEB_MBEAN_RUNTIME = "webMBeanRuntime"
      webMBeanRuntimeServiceRef = class com.ibm.wsspi.kernel.service.utils.AtomicServiceReference@34e43109
      servletContainerInitializers = class com.ibm.wsspi.kernel.service.utils.ConcurrentServiceReferenceSet@6d74b78d
      es = class com.ibm.ws.threading.internal.ExecutorServiceImpl@65085edf
      locationServiceRef = class java.util.concurrent.atomic.AtomicReference@31eba30a
      transferContextServiceRef = class com.ibm.wsspi.kernel.service.utils.ConcurrentServiceReferenceSet@2412a047
      encodingServiceRef = class java.util.concurrent.atomic.AtomicReference@6c92b397
      instance = class java.util.concurrent.atomic.AtomicReference@4b4be67c
      vhostManager = class com.ibm.ws.webcontainer.osgi.DynamicVirtualHostManager@2754efec
      metaDataService = class com.ibm.ws.container.service.metadata.internal.MetaDataServiceImpl@45c9aa40
      j2eeNameFactory = class com.ibm.ws.container.service.metadata.internal.J2EENameFactoryImpl@5c352969
      context = class org.apache.felix.scr.impl.manager.ComponentContextImpl@16f573d9
      contextRoots = class java.util.Collections$SynchronizedSet@6f02749b
      pendingContextRoots = class java.util.HashMap@7b6e1701
      deployedModuleMap = class java.util.concurrent.ConcurrentHashMap@7b45ac0f
      connContextPool = class com.ibm.ws.webcontainer40.osgi.srt.factory.SRTConnectionContextPool40Impl@46936305
      DEFAULT_PORT = "*"
      DEFAULT_VHOST_NAME = "default_host"
      cachedServerInfo = "IBM WebSphere Liberty/18.0.0.3"
      lock = class com.ibm.ws.webcontainer.osgi.WebContainer$1@3ac961e0
      webAppFactory = class com.ibm.ws.webcontainer40.osgi.webapp.factory.WebAppFactory40Impl@3194bfa7
      requestFactory = class com.ibm.ws.webcontainer40.osgi.response.factory.IRequestResponseFactory40Impl@6767484e
      responseFactory = class com.ibm.ws.webcontainer40.osgi.response.factory.IRequestResponseFactory40Impl@6767484e
      asyncContextFactory = class com.ibm.ws.webcontainer40.async.factory.AsyncContextFactory40Impl@3a3194ec
      DEFAULT_MAX_VERSION = 30
      versionRef = class org.eclipse.osgi.internal.serviceregistry.ServiceReferenceImpl@4b06342b
      serverStopping = class com.ibm.ws.staticvalue.StaticValue$FinalSingleton@5ffbc36b
      modulesStarting = 0
      uriMatcherFactory = class com.ibm.wsspi.webcontainer40.util.factory.URIMatcherFactory40Impl@203d5e2
      SPEC_LEVEL_UNLOADED = -1
      SPEC_LEVEL_30 = 30
      SPEC_LEVEL_31 = 31
      SPEC_LEVEL_40 = 40
      DEFAULT_SPEC_LEVEL = 30
      loadedContainerSpecLevel = 40
      ISO = "ISO-8859-1"
      encoding = "UTF-8"
      decode = true
      wcconfig = class com.ibm.ws.webcontainer.osgi.WebContainerConfiguration@4e7e6a79
      applicationListeners = class java.util.ArrayList@4f1f0846
      servletListeners = class java.util.ArrayList@532f6882
      servletErrorListeners = class java.util.ArrayList@7a181b2a
      servletInvocationListeners = class java.util.ArrayList@47088bb2
      filterInvocationListeners = class java.util.ArrayList@70e2f62d
      filterErrorListeners = class java.util.ArrayList@5821ebcb
      filterListeners = class java.util.ArrayList@62da7aae
      servletRequestListeners = class java.util.ArrayList@610c285c
      servletRequestAttributeListeners = class java.util.ArrayList@638e9ce
      servletContextListeners = class java.util.ArrayList@51902571
      servletContextAttributeListeners = class java.util.ArrayList@60ae3ae7
      sessionListeners = class java.util.ArrayList@60e0a066
      sessionIdListeners = class java.util.ArrayList@2157532d
      sessionAttributeListeners = class java.util.ArrayList@71bc41db
      DEFAULT_HOST = "default_host"
      _initialized = true
      logger = class com.ibm.ws.logging.internal.WsLogger@15afa91a
      CLASS_NAME = "com.ibm.ws.webcontainer.internal.WebContainer"
      nls = class com.ibm.ejs.ras.TraceNLS@60543409
      self = class java.util.concurrent.atomic.AtomicReference@5525bf5
      _cipherToBit = class java.util.HashMap@1e07ae49
      cacheKeyStringBuilder = class com.ibm.ws.util.WSThreadLocal@d2696cb
      listenersInitialized = true
      webConProperties = class java.util.Properties@4c931f1a
      sessionRegistry = null
      isStopped = false
      readWriteLockForStopping = class java.util.concurrent.locks.ReentrantReadWriteLock@5b89688e
      urlPrefix = ";jsessionid="
      extensionFactories = class java.util.ArrayList@5f9ee8b6
      postInitExtensionFactories = null
      httpResponseListeners = class java.util.ArrayList@785fe050
      servletContainerInitializers = class java.util.ServiceLoader@41f6b15e
      auditManager = class com.ibm.websphere.security.audit.context.AuditManager@15491db5
      threadLocal = class java.lang.ThreadLocal@514da8a
      invocationCacheSize = 500
      decodePlusSign = true
      _cacheMap = class java.util.concurrent.ConcurrentHashMap@2cee718
      _cacheSize = class java.util.concurrent.atomic.AtomicInteger@7646ca5e
      vHostCompatFlag = false
      platformHelper = class com.ibm.ws.webcontainer.PlatformHelper@2b3fd596
      isDefaultTempDir = true
      tempDir = null
      servletCachingInitNeeded = true
      appInstallBegun = true
      cacheServletWrapperFactory = class com.ibm.ws.webcontainer40.servlet.factory.CacheServletWrapperFactory40Impl@85c8af1
      commands = class java.util.ArrayList@7d5f5ac5
      requestMapper = class com.ibm.ws.webcontainer.util.VirtualHostContextRootMapper@3d0b6b0a
      parent = null
      name = "Was.webcontainer"
      isAlive = true
      subElements = class java.util.HashMap@68cd8a58
      attributes = null
      config = null
      serialVersionUID = -8271459000149267764
      $$$tc$$$ = class com.ibm.websphere.ras.TraceComponent@554bdda1
    dhostConfig = class com.ibm.ws.webcontainer.osgi.DynamicVirtualHostConfiguration@319cc0e3
      tc = class com.ibm.websphere.ras.TraceComponent@cb38d99
      name = "default_host"
      activeContexts = class java.util.HashSet@64998d7d
      tc = class com.ibm.websphere.ras.TraceComponent@2ee7ab65
      config = class com.ibm.ws.http.internal.VirtualHostImpl@16abab63
      _id = "default_host"
      _attributes = null
      serialVersionUID = 7511545662945734886
      $$$tc$$$ = class com.ibm.websphere.ras.TraceComponent@2cc29e44
    predefinedMatcher = null
    normalizeRequestURI = false
    logger = class com.ibm.ws.logging.internal.WsLogger@15afa91a
      tc = class com.ibm.websphere.ras.TraceComponent@156aef88
      ivCachedResourceBundleName = "com.ibm.ws.webcontainer.resources.Messages"
      ivCachedResourceBundle = class com.ibm.ws.webcontainer.resources.Messages@79a70772
      ivComponent = null
      ivOrganization = null
      ivProduct = null
      ivMinimumLocalizationLevelIntValue = 625
      ivTC = class com.ibm.websphere.ras.TraceComponent@67277f11
      loggerRegistrationComponent = class java.lang.ThreadLocal@145f8d4a
      emptyHandlers = class java.util.logging.Handler[0]
      offValue = 2147483647
      SYSTEM_LOGGER_RB_NAME = "sun.util.logging.resources.logging"
      SYSTEM_BUNDLE = class java.util.logging.Logger$LoggerBundle@47bb21c7
      NO_RESOURCE_BUNDLE = class java.util.logging.Logger$LoggerBundle@2ae6dba2
      manager = class com.ibm.ws.kernel.boot.logging.WsLogManager@42bb3669
      name = "com.ibm.ws.webcontainer"
      handlers = class java.util.concurrent.CopyOnWriteArrayList@65110dc5
      loggerBundle = class java.util.logging.Logger$LoggerBundle@610ac475
      useParentHandlers = true
      filter = null
      anonymous = false
      catalog = class com.ibm.ws.webcontainer.resources.Messages@79a70772
      catalogName = "com.ibm.ws.webcontainer.resources.Messages"
      catalogLocale = class java.util.Locale@2bc46bcf
      treeLock = class java.lang.Object@305718a0
      parent = class java.util.logging.Logger@318519e8
      kids = class java.util.ArrayList@112df23d
      levelObject = class java.util.logging.Level@58522fdb
      levelValue = 800
      callersClassLoaderRef = class java.lang.ref.WeakReference@7c3faaf8
      isSystemLogger = false
      GLOBAL_LOGGER_NAME = "global"
      global = class java.util.logging.Logger@7be2e774
      $assertionsDisabled = true
    CLASS_NAME = "com.ibm.ws.webcontainer.VirtualHost"
    vHostConfig = class com.ibm.ws.webcontainer.osgi.DynamicVirtualHostConfiguration@319cc0e3
    commands = class java.util.ArrayList@3ec7e2de
      serialVersionUID = 8683452581122892189
      DEFAULT_CAPACITY = 10
      EMPTY_ELEMENTDATA = class java.lang.Object[0]
      DEFAULTCAPACITY_EMPTY_ELEMENTDATA = class java.lang.Object[0]
      elementData = class java.lang.Object[3]
      size = 0
      MAX_ARRAY_SIZE = 2147483639
      modCount = 0
      MAX_ARRAY_SIZE = 2147483639
    requestMapper = class com.ibm.wsspi.webcontainer.util.URIMapper@698ba63d
      matcher = class com.ibm.wsspi.webcontainer40.util.URIMatcher40@4b21e066
    parent = class com.ibm.ws.webcontainer.osgi.WebContainer@2dd0d27b
    name = "default_host"
    isAlive = true
    subElements = class java.util.HashMap@2d01c0c6
      serialVersionUID = 362498820763181265
      DEFAULT_INITIAL_CAPACITY = 16
      MAXIMUM_CAPACITY = 1073741824
      DEFAULT_LOAD_FACTOR = 0.75
      TREEIFY_THRESHOLD = 8
      UNTREEIFY_THRESHOLD = 6
      MIN_TREEIFY_CAPACITY = 64
      table = class java.util.HashMap$Node[16]
      entrySet = null
      size = 1
      modCount = 1
      threshold = 12
      loadFactor = 0.75
      keySet = null
      values = null
    attributes = null
    config = null
    serialVersionUID = -8271459000149267764
    $$$tc$$$ = class com.ibm.websphere.ras.TraceComponent@554bdda1
  Object[1] = class com.ibm.ws.webcontainer40.osgi.webapp.WebApp40@5d5abaf8
    tc = class com.ibm.websphere.ras.TraceComponent@27382264
      strings[0] = "TraceComponent[com.ibm.ws.webcontainer40.osgi.webapp.WebApp40,class com.ibm.ws.webcontainer40.osgi.webapp.WebApp40,[webcontainer],com.ibm.ws.webcontainer31.resources.Messages,null]"
    servlet40NLS = class com.ibm.ejs.ras.TraceNLS@7af72f10
      resolver = class com.ibm.ws.logging.internal.TraceNLSResolver@43435141
      finder = null
      ivBundleName = "com.ibm.ws.webcontainer40.resources.Messages"
      caller = class java.lang.Class@31b86e9d
    CLASS_NAME = "com.ibm.ws.webcontainer40.osgi.webapp.WebApp40"
    defaultSessionTimeout = 30
    tc = class com.ibm.websphere.ras.TraceComponent@5b74843a
      strings[0] = "TraceComponent[com.ibm.ws.webcontainer31.osgi.webapp.WebApp31,class com.ibm.ws.webcontainer31.osgi.webapp.WebApp31,[webcontainer],com.ibm.ws.webcontainer31.resources.Messages,null]"
    CLASS_NAME = "com.ibm.ws.webcontainer31.osgi.webapp.WebApp31"
    servlet31NLS = class com.ibm.ejs.ras.TraceNLS@75eaa0c2
      resolver = class com.ibm.ws.logging.internal.TraceNLSResolver@43435141
      finder = null
      ivBundleName = "com.ibm.ws.webcontainer31.resources.Messages"
      caller = class java.lang.Class@22c016d2
    validListenerClasses = class java.lang.Class[7]
      Class[0] = class java.lang.Class@337b0a88
      Class[1] = class java.lang.Class@2d9efa75
      Class[2] = class java.lang.Class@32217823
      Class[3] = class java.lang.Class@69a4b95
      Class[4] = class java.lang.Class@6d5e2e84
      Class[5] = class java.lang.Class@37c92c08
      Class[6] = class java.lang.Class@5b5dfa48
    wsocServHandler = class com.ibm.ws.wsoc.external.WsocHandlerImpl@15fd8e3e
      tc = class com.ibm.websphere.ras.TraceComponent@688ee93b
      noMoreAddsCalled = false
      serialVersionUID = -2067291126638824067
    tc = class com.ibm.websphere.ras.TraceComponent@352ae5a3
      strings[0] = "TraceComponent[com.ibm.ws.webcontainer.osgi.webapp.WebApp,class com.ibm.ws.webcontainer.osgi.webapp.WebApp,[webcontainer],com.ibm.ws.webcontainer.resources.LShimMessages,null]"
    CLASS_NAME = "com.ibm.ws.webcontainer.osgi.webapp.WebApp"
    metaDataService = class com.ibm.ws.container.service.metadata.internal.MetaDataServiceImpl@45c9aa40
      applicationMetaDataManager = class com.ibm.ws.container.service.metadata.internal.ApplicationMetaDataManager@6fe477b1
      moduleMetaDataManager = class com.ibm.ws.container.service.metadata.internal.ModuleMetaDataManager@51d36220
      componentMetaDataManager = class com.ibm.ws.container.service.metadata.internal.ComponentMetaDataManager@19dee167
      methodMetaDataManager = class com.ibm.ws.container.service.metadata.internal.MethodMetaDataManager@34dd6a62
      appModuleNameToModuleContainer = class java.util.concurrent.ConcurrentHashMap@7848dab7
      jeeNameToComponentMetaData = class java.util.concurrent.ConcurrentHashMap@324075fc
      deferredMetaDataFactories = class com.ibm.wsspi.kernel.service.utils.ConcurrentServiceReferenceSet@5cfb6f0a
      deferredMetaDataInitializers = class com.ibm.wsspi.kernel.service.utils.ConcurrentServiceReferenceMap@32a808d
      serialVersionUID = -2494605732980966097
      $$$tc$$$ = class com.ibm.websphere.ras.TraceComponent@16201af5
    namespacePopulated = false
    referenceContext = class com.ibm.ws.injectionengine.osgi.internal.OSGiReferenceContextImpl@5395268a
      scopeData = class com.ibm.ws.injectionengine.osgi.internal.OSGiInjectionScopeData@28f5141a
      serialVersionUID = 521511923892134915
      $$$tc$$$ = class com.ibm.websphere.ras.TraceComponent@4f9fd569
      CLASS_NAME = "com.ibm.ws.injectionengine.ReferenceContextImpl"
      tc = class com.ibm.websphere.ras.TraceComponent@3d22dffa
      ivInjectionEngine = class com.ibm.ws.injectionengine.osgi.internal.OSGiInjectionEngineImpl@7d9996aa
      ivProviders = class java.util.ArrayList@6f668bec
      ivComponentJavaContext = null
      ivComponentNameSpace = null
      ivJavaColonCompEnvMap = class java.util.LinkedHashMap@be9f29d
      ivEjbContext10 = class java.util.Properties@68a45675
      ivResourceRefConfigList = null
      isAlreadyProcessed = true
      ivProcessFailure = null
      ivInjectionTargetMap = class java.util.concurrent.ConcurrentHashMap@624404e
      svInjTarMapCacheSize = 256
      ivDeclaredInjectionTargets = class java.util.HashMap@5d46928d
      ivProcessedInjectionClasses = class java.util.HashSet@19fffea2
      ivProcessedInjectionBindings = class java.util.LinkedHashSet@53a20416
      ivAnyProcessDynamic = true
      ivCheckAppConfig = false
    j2eeNameFactory = class com.ibm.ws.container.service.metadata.internal.J2EENameFactoryImpl@5c352969
      serialVersionUID = 3486344295038028821
      $$$tc$$$ = class com.ibm.websphere.ras.TraceComponent@590ffc9a
    moduleLoader = class com.ibm.ws.classloading.internal.AppClassLoader@5ec55d28
      tc = class com.ibm.websphere.ras.TraceComponent@d3bf37d
      PARENT_FIRST_SEARCH_ORDER = class java.util.Collections$UnmodifiableRandomAccessList@211ef7e3
      CLASS_LOADING_TRACE_PREFIX = "com.ibm.ws.class.load."
      DEFAULT_PACKAGE = "default.package"
      perPackageClassLoadingTraceComponents = class java.util.concurrent.ConcurrentHashMap@553e1957
      config = class com.ibm.ws.classloading.internal.ClassLoaderConfigurationImpl@e5d3315
      privateLibraries = null
      delegateLoaders = class com.ibm.ws.classloading.internal.util.CompositeIterable@60297807
      nativeLibraryFiles = class java.util.ArrayList@36de3a0e
      transformers = class java.util.ArrayList@138f6923
      apiAccess = class com.ibm.ws.classloading.internal.GatewayClassLoader@b568123
      generator = class com.ibm.ws.classloading.internal.ClassGeneratorManager@74ad25dc
      protectionDomains = class java.util.concurrent.ConcurrentHashMap@5f6f820e
      parent = class com.ibm.ws.classloading.internal.GatewayClassLoader@b568123
      serialVersionUID = 952643806680066297
      tc = class com.ibm.websphere.ras.TraceComponent@6b85d61
      EMPTY_URL_ARRAY = class java.net.URL[0]
      smartClassPath = class com.ibm.ws.classloading.internal.ContainerClassLoader$SmartClassPathImpl@708869e1
      nativeLibraryContainers = class java.util.ArrayList@6d1621e9
      redefiner = class com.ibm.ws.classloading.internal.util.ClassRedefiner@4e4aa1b7
      mapCreationQueue = class java.util.concurrent.Executors$FinalizableDelegatedExecutorService@602f962c
      serialVersionUID = 7249739282446266343
      serialVersionUID = -7411549862368381758
      $$$tc$$$ = class com.ibm.websphere.ras.TraceComponent@1f993138
      serialVersionUID = -4868702105808481416
      $$$tc$$$ = class com.ibm.websphere.ras.TraceComponent@49904f5d
      serialVersionUID = 2596921220292114344
      $$$tc$$$ = class com.ibm.websphere.ras.TraceComponent@73e396ed
      initialized = true
      pdcache = class java.util.HashMap@526c5a67
      debug = null
      parent = class com.ibm.ws.classloading.internal.GatewayClassLoader@b568123
      parallelLockMap = null
      package2certs = class java.util.Hashtable@f1e4652
      nocerts = class java.security.cert.Certificate[0]
      classes = class java.util.Vector@7f13de6b
      defaultDomain = class java.security.ProtectionDomain@1ae21607
      domains = class java.util.HashSet@1ece0b68
      packages = class java.util.HashMap@2e41d5b4
      scl = class sun.misc.Launcher$AppClassLoader@18b4aac2
      sclSet = true
      loadedLibraryNames = class java.util.Vector@e43a46d
      systemNativeLibraries = class java.util.Vector@282dd934
      nativeLibraries = class java.util.Vector@7f255252
      nativeLibraryContext = class java.util.Stack@6af04581
      usr_paths = class java.lang.String[23]
      sys_paths = class java.lang.String[1]
      assertionLock = class com.ibm.ws.classloading.internal.AppClassLoader@5ec55d28
      defaultAssertionStatus = false
      packageAssertionStatus = null
      classAssertionStatus = null
    webAppConfig = class com.ibm.ws.webcontainer.osgi.webapp.WebAppConfiguration@11630f7
      webModuleMetaData = class com.ibm.ws.webcontainer.osgi.metadata.WebModuleMetaDataImpl@53dd432
      webComponentMetaData = class com.ibm.ws.webcontainer.osgi.metadata.WebComponentMetaDataImpl@39f9affb
      dVirtualHost = class com.ibm.ws.webcontainer.osgi.DynamicVirtualHost@72e4209
      orderedLibPaths = class java.util.Collections$UnmodifiableRandomAccessList@36efd7d7
      bundleHeaders = null
      cdiEnabled = false
      CLASS_NAME = "com.ibm.ws.webcontainer.webapp.WebAppConfiguration"
      logger = class com.ibm.ws.logging.internal.WsLogger@2cdebf47
      tc = class com.ibm.websphere.ras.TraceComponent@765bf767
      nls = class com.ibm.ejs.ras.TraceNLS@2679c23f
      version = 25
      contextRoot = "/web_war_exploded"
      isDefaultContextRootUsed = true
      sessionTimeout = 0
      moduleSessionTimeoutSet = false
      moduleSessionTrackingModeSet = false
      sessionCookieConfig = class com.ibm.ws.session.SessionCookieConfigImpl@4d0e0e86
      hasProgrammaticCookieConfig = false
      sessionDefaultTrackingModeSet = class java.util.RegularEnumSet@39fcf6ab
      sessionManagerConfig = class com.ibm.ws.session.SessionManagerConfig@4df0b8db
      displayName = "web_war_exploded"
      description = null
      reloadInterval = 0
      distributable = false
      denyUncoveredHttpMethods = false
      reloadingEnabled = false
      serveServletsByClassnameEnabled = null
      defaultErrorPage = null
      additionalClassPath = null
      fileServingEnabled = null
      directoryBrowsingEnabled = null
      autoRequestEncoding = false
      autoResponseEncoding = false
      autoLoadFilters = false
      requestListeners = null
      requestAttributeListeners = null
      sessionListeners = null
      localeMap = null
      moduleName = "web_war_exploded"
      j2eeModuleName = "web_war_exploded"
      moduleId = null
      isSyncToThreadEnabled = false
      encodeDispatchedRequestURI = false
      isSystemApp = false
      ardEnabled = false
      ardDispatchType = null
      listeners = class java.util.ArrayList@29cbb781
      welcomeFileList = class java.util.ArrayList@41cbf0bd
      servletMappings = class java.util.HashMap@7c8cac3c
      lastIndexBeforeDeclaredFilters = 1
      filterMappings = class java.util.ArrayList@221b54a8
      servletInfo = class java.util.concurrent.ConcurrentHashMap@569898d5
      filterInfo = class java.util.HashMap@4848d4a3
      mimeMappings = class java.util.HashMap@513c7cda
      mimeFilters = null
      isMimeFilteringEnabled = false
      theWebGroup = null
      jspAttributes = class java.util.HashMap@297acc41
      fileServingAttributes = class java.util.HashMap@3b36a78b
      invokerAttributes = class java.util.HashMap@35d58182
      contextParams = class java.util.HashMap@73df14e
      virtualHost = "default_host"
      exceptionErrorPages = class java.util.HashMap@78da2d2c
      codeErrorPages = class java.util.HashMap@765ec743
      tagLibList = null
      precompileJsps = false
      webApp = class com.ibm.ws.webcontainer40.osgi.webapp.WebApp40@5d5abaf8
      virtualHostList = class java.util.Collections$EmptyList@6f1e819b
      appStartupWeight = 0
      moduleStartupWeight = 0
      metaDataComplete = false
      classesToScan = class java.util.ArrayList@741aab7
      uriFilterMappingInfos = null
      servletFilterMappingInfos = null
      dynamicServletRegistrationMap = null
      applicationName = "web_war_exploded"
      libBinPathList = class java.util.ArrayList@2edb543e
      webXmlDefinedListeners = class java.util.HashSet@2e3fea79
      allRefs = class java.util.EnumMap@3536b47c
      allRefBindings = class java.util.EnumMap@3f28a47f
      envEntryValues = class java.util.HashMap@4ba66d00
      resourceRefConfigList = null
      disallowAllFileServingProp = null
      disallowServeServletsByClassnameProp = null
      disableStaticMappingCache = false
      jspCachedLocations = class java.util.HashMap@1a9b2a2f
      primedSTSHeader = "NoValue"
      enablemultireadofpostdata = false
      requestEncoding = null
      responseEncoding = null
      NULLSERVLETNAME = "com.ibm.ws.webcontainer.NullServletName"
      _id = "WebAppGeneratedId1"
      _attributes = null
      serialVersionUID = 7511545662945734886
      $$$tc$$$ = class com.ibm.websphere.ras.TraceComponent@2cc29e44
    extensionProcessingDisabled = false
    managedObjectService = class com.ibm.ws.cdi.impl.managedobject.CDIManagedObjectService@5c48c73d
      cdiServiceRef = class com.ibm.wsspi.kernel.service.utils.AtomicServiceReference@42908b16
      defaultMOSRef = class com.ibm.wsspi.kernel.service.utils.AtomicServiceReference@62aeb58b
      cdiRuntime = null
      serialVersionUID = 6431825704414919683
      $$$tc$$$ = class com.ibm.websphere.ras.TraceComponent@600e8ae6
    GenPluginCfgMB = null
    internalServletMetaData = interface com.ibm.wsspi.webcontainer.metadata.WebComponentMetaData[2]
      WebComponentMetaData[0] = null
      WebComponentMetaData[1] = null
    loginProcessor = null
    logoutProcessor = null
    collabHelper = class com.ibm.ws.webcontainer.osgi.collaborator.CollaboratorHelperImpl@52d5da55
      webAppInvCollabs = class java.util.Collections$UnmodifiableSet@c55e659
      securityDomainForApp = null
      logger = class com.ibm.ws.logging.internal.WsLogger@d85341f
      staticDefaultSecurityCollaborator = class com.ibm.ws.webcontainer.collaborator.WebAppSecurityCollaborator@398bd1dc
      logger = class com.ibm.ws.logging.internal.WsLogger@2d070d9f
      CLASS_NAME = "com.ibm.wsspi.webcontainer.collaborator.CollaboratorHelper"
      webApp = class com.ibm.ws.webcontainer40.osgi.webapp.WebApp40@5d5abaf8
      securityCollaborator = null
      nameSpaceCollaborator = class com.ibm.ws.webcontainer.osgi.collaborator.WebAppNameSpaceCollaboratorImpl@663e847f
      transactionCollaborator = class com.ibm.ws.transaction.services.WebAppTransactionCollaboratorImpl@1997a18b
      connectionCollaborator = class com.ibm.ws.webcontainer.collaborator.ConnectionCollaborator@986e1ec
      allCollabEnum = class java.util.RegularEnumSet@6ee4c431
      servlet_23_or_greater = true
      DEFER_SERVLET_REQUEST_LISTENER_DESTROY_ON_ERROR = false
    envObject = class com.ibm.ws.util.WSThreadLocal@217f596f
      tc = class com.ibm.ejs.ras.TraceComponent@60b59a16
      count = 7
      index = 3
      SUSPECTED_MISUSAGE_THRESHOLD = 200
      threadLocalHashCode = 693320325
      nextHashCode = class java.util.concurrent.atomic.AtomicInteger@7009787
      HASH_INCREMENT = 1640531527
    orderedLibPaths = class java.util.Collections$UnmodifiableRandomAccessList@36efd7d7
      serialVersionUID = -2542308836966382001
      serialVersionUID = -283967356065247728
      list = class java.util.ArrayList@2c5d6e35
      serialVersionUID = 1820017752578914078
      c = class java.util.ArrayList@2c5d6e35
    perm = class com.ibm.websphere.security.WebSphereRuntimePermission@5025c064
      serialVersionUID = -3306242789188168337
      $$$tc$$$ = class com.ibm.websphere.ras.TraceComponent@565689ec
      serialVersionUID = 6279438298436773498
      wildcard = false
      path = "accessServletContext"
      exitVM = false
      serialVersionUID = -5636570222231596674
      name = "accessServletContext"
    WELCOME_FILE_LIST = "com.ibm.ws.webcontainer.config.WelcomeFileList"
    DIR_BROWSING_MAPPING = "__dirBrowsing__1540749252871"
    FILTER_PROXY_MAPPING = "/__filterProxy__1540749252871"
    logger = class com.ibm.ws.logging.internal.WsLogger@2cdebf47
      tc = class com.ibm.websphere.ras.TraceComponent@156aef88
      ivCachedResourceBundleName = "com.ibm.ws.webcontainer.resources.Messages"
      ivCachedResourceBundle = class com.ibm.ws.webcontainer.resources.Messages@79a70772
      ivComponent = null
      ivOrganization = null
      ivProduct = null
      ivMinimumLocalizationLevelIntValue = 625
      ivTC = class com.ibm.websphere.ras.TraceComponent@21d43615
      loggerRegistrationComponent = class java.lang.ThreadLocal@145f8d4a
      emptyHandlers = class java.util.logging.Handler[0]
      offValue = 2147483647
      SYSTEM_LOGGER_RB_NAME = "sun.util.logging.resources.logging"
      SYSTEM_BUNDLE = class java.util.logging.Logger$LoggerBundle@47bb21c7
      NO_RESOURCE_BUNDLE = class java.util.logging.Logger$LoggerBundle@2ae6dba2
      manager = class com.ibm.ws.kernel.boot.logging.WsLogManager@42bb3669
      name = "com.ibm.ws.webcontainer.webapp"
      handlers = class java.util.concurrent.CopyOnWriteArrayList@29c824bd
      loggerBundle = class java.util.logging.Logger$LoggerBundle@37e39d5a
      useParentHandlers = true
      filter = null
      anonymous = false
      catalog = class com.ibm.ws.webcontainer.resources.Messages@79a70772
      catalogName = "com.ibm.ws.webcontainer.resources.Messages"
      catalogLocale = class java.util.Locale@2bc46bcf
      treeLock = class java.lang.Object@305718a0
      parent = class com.ibm.ws.logging.internal.WsLogger@15afa91a
      kids = null
      levelObject = class java.util.logging.Level@58522fdb
      levelValue = 800
      callersClassLoaderRef = class java.lang.ref.WeakReference@737060c6
      isSystemLogger = false
      GLOBAL_LOGGER_NAME = "global"
      global = class java.util.logging.Logger@7be2e774
      $assertionsDisabled = true
    CLASS_NAME = "com.ibm.ws.webcontainer.webapp.WebApp"
    loader = class com.ibm.ws.classloading.internal.ThreadContextClassLoader@62dacc89
      tc = class com.ibm.websphere.ras.TraceComponent@6bea87e4
      bundle = class java.util.concurrent.atomic.AtomicReference@5a905f7f
      key = "WebModule:web_war_exploded#web_war_exploded"
      refCount = class java.util.concurrent.atomic.AtomicInteger@2e1fbc54
      appLoader = class com.ibm.ws.classloading.internal.AppClassLoader@5ec55d28
      clSvc = class com.ibm.ws.classloading.internal.ClassLoadingServiceImpl@53f8a5a2
      serialVersionUID = 846416563800781557
      followOnClassLoaders = class java.util.ArrayList@64925bb7
      serialVersionUID = -5107316606107305512
      $$$tc$$$ = class com.ibm.websphere.ras.TraceComponent@ba17067
      serialVersionUID = -4868702105808481416
      $$$tc$$$ = class com.ibm.websphere.ras.TraceComponent@49904f5d
      serialVersionUID = 2596921220292114344
      $$$tc$$$ = class com.ibm.websphere.ras.TraceComponent@73e396ed
      initialized = true
      pdcache = class java.util.HashMap@1169aa01
      debug = null
      parent = class com.ibm.ws.classloading.internal.GatewayClassLoader@4f62e6d0
      parallelLockMap = null
      package2certs = class java.util.Hashtable@67d01478
      nocerts = class java.security.cert.Certificate[0]
      classes = class java.util.Vector@358d4931
      defaultDomain = class java.security.ProtectionDomain@6a299c25
      domains = class java.util.HashSet@36cc1ac3
      packages = class java.util.HashMap@5158bbb6
      scl = class sun.misc.Launcher$AppClassLoader@18b4aac2
      sclSet = true
      loadedLibraryNames = class java.util.Vector@e43a46d
      systemNativeLibraries = class java.util.Vector@282dd934
      nativeLibraries = class java.util.Vector@7e61d4f0
      nativeLibraryContext = class java.util.Stack@6af04581
      usr_paths = class java.lang.String[23]
      sys_paths = class java.lang.String[1]
      assertionLock = class com.ibm.ws.classloading.internal.ThreadContextClassLoader@62dacc89
      defaultAssertionStatus = false
      packageAssertionStatus = null
      classAssertionStatus = null
    facade = class com.ibm.ws.webcontainer40.facade.ServletContextFacade40@2610124d
      context = class com.ibm.ws.webcontainer40.osgi.webapp.WebApp40@5d5abaf8
    features = class java.util.ArrayList@3853eea2
      serialVersionUID = 8683452581122892189
      DEFAULT_CAPACITY = 10
      EMPTY_ELEMENTDATA = class java.lang.Object[0]
      DEFAULTCAPACITY_EMPTY_ELEMENTDATA = class java.lang.Object[0]
      elementData = class java.lang.Object[0]
      size = 0
      MAX_ARRAY_SIZE = 2147483639
      modCount = 0
      MAX_ARRAY_SIZE = 2147483639
    applicationName = "web_war_exploded"
    config = class com.ibm.ws.webcontainer.osgi.webapp.WebAppConfiguration@11630f7
    securityEnabledForApp = null
    webExtensionProcessor = class com.ibm.ws.webcontainer.osgi.extension.WebExtensionProcessor@665a3715
      webApp = class com.ibm.ws.webcontainer40.osgi.webapp.WebApp40@5d5abaf8
      extensionContext = class com.ibm.ws.webcontainer40.osgi.webapp.WebApp40@5d5abaf8
    production = true
    isServlet23 = true
    contextPath = "/web_war_exploded"
    internalServletList = class [Ljava.lang.String;[2]
      String[][0] = class java.lang.String[2]
      String[][1] = class java.lang.String[2]
    BY_NAME_ONLY = "/_1540749252873_/"
    filterManager = null
    documentRoot = null
    SERVLET_API_VERSION = "Servlet 2.5"
    disableServletAuditLogging = -1
    serverInfo = "IBM WebSphere Liberty/18.0.0.3"
    sessionCtx = class com.ibm.ws.webcontainer31.session.impl.HttpSessionContext31Impl@77b13f92
      methodClassName = "HttpSessionContextImpl"
      _smc = class com.ibm.ws.session.SessionManagerConfig@4df0b8db
      sessionStoreService = null
      _sap = class com.ibm.ws.session.SessionApplicationParameters@414f92d9
      _coreHttpSessionManager = class com.ibm.ws.session.SessionManager@2d45d41
      _coreHttpAppSessionManager = null
      _sam = class com.ibm.ws.webcontainer.session.impl.SessionAffinityManagerImpl@47677caf
      isSIPApplication = false
      sessionAttributeListener = true
      sessionListener = true
      mHttpSessionAttributeListeners = class java.util.ArrayList@f1922f8
      mHttpSessionListeners = class java.util.ArrayList@32fda098
      mHttpSessionIdListeners = class java.util.ArrayList@12e3cdd3
      mHttpSessionAttributeListenersJ2eeNames = class java.util.ArrayList@6e1d4924
      mHttpSessionListenersJ2eeNames = class java.util.ArrayList@28d5a8fd
      mHttpSessionIdListenersJ2eeNames = class java.util.ArrayList@77f3241f
      mLocalHost = null
      _refCount = 1
      currentThreadSacHashtable = null
      methodClassName = "SessionContext"
      ANONYMOUS_USER = "anonymous"
      wasHttpSessionObserver = class com.ibm.ws.session.WasHttpSessionObserver@7b72f267
      wasHttpSessionAttributeObserver = null
      _invalidator = class com.ibm.ws.session.SessionInvalidatorWithThreadPool@7fa2c044
      _storer = class com.ibm.ws.session.EOSSessionStorer@7a350d0d
      wasHttpAppSessionObserver = null
      mHttpAppSessionListeners = null
      cmvcInfo = "CMVC Version 1.9 6/24/07 11:12:24"
      _loggedVersion = true
      CREATE_CORE_SESSION_MANAGER = 0
      GET_REQUESTED_SESSION_ID = 1
      GET_IHTTP_SESSION = 2
      SESSION_PRE_INVOKE = 3
      SESSION_POST_INVOKE = 4
      STOP = 5
      STOP_LISTENERS = 6
      IS_VALID = 7
      ENCODE_URL = 8
      SHOULD_ENCODE_URL = 9
      IS_PROTOCOL_SWITCH = 10
      GET_LOCAL_HOST = 11
      ADD_HTTP_SESSION_ATTRIBUTE_LISTENER = 12
      ADD_HTTP_SESSION_LISTENER = 13
      GET_SESSION_AFFINITY_CONTEXT = 14
      CHECK_SECURITY = 15
      INVALIDATE = 16
      CHECK_SESSSIONID_IS_RIGHT_LENGTH = 17
      LOCK_SESSION = 18
      UNLOCK_SESSION = 19
      ADD_HTTP_SESSION_ID_LISTENER = 20
      methodNames = class java.lang.String[21]
    eventSource = class com.ibm.ws.webcontainer.webapp.WebAppEventSource@3fa80fdc
      _invocationListeners = class com.ibm.ws.webcontainer.util.EventListeners@2b6315d0
      _servletListeners = class com.ibm.ws.webcontainer.util.EventListeners@20343e16
      _errorListeners = class com.ibm.ws.webcontainer.util.EventListeners@72ab3db
      _applicationListeners = class com.ibm.ws.webcontainer.util.EventListeners@39093034
      _filterInvocationListeners = class com.ibm.ws.webcontainer.util.EventListeners@41f53a75
      _filterListeners = class com.ibm.ws.webcontainer.util.EventListeners@4191c2a7
      _filterErrorListeners = class com.ibm.ws.webcontainer.util.EventListeners@403068d3
    nls = class com.ibm.ejs.ras.TraceNLS@41f0cead
      resolver = class com.ibm.ws.logging.internal.TraceNLSResolver@43435141
      finder = null
      ivBundleName = "com.ibm.ws.webcontainer.resources.Messages"
      caller = class java.lang.Class@778225d3
    liberty_nls = class com.ibm.ejs.ras.TraceNLS@188d6553
      resolver = class com.ibm.ws.logging.internal.TraceNLSResolver@43435141
      finder = null
      ivBundleName = "com.ibm.ws.webcontainer.resources.LShimMessages"
      caller = class java.lang.Class@778225d3
    error_nls = class com.ibm.ejs.ras.TraceNLS@44fe7f92
      resolver = class com.ibm.ws.logging.internal.TraceNLSResolver@43435141
      finder = null
      ivBundleName = "com.ibm.ws.webcontainer.resources.ErrorPage"
      caller = class java.lang.Class@778225d3
    sessionListeners = class java.util.ArrayList@637fbf51
      serialVersionUID = 8683452581122892189
      DEFAULT_CAPACITY = 10
      EMPTY_ELEMENTDATA = class java.lang.Object[0]
      DEFAULTCAPACITY_EMPTY_ELEMENTDATA = class java.lang.Object[0]
      elementData = class java.lang.Object[10]
      size = 2
      MAX_ARRAY_SIZE = 2147483639
      modCount = 6
      MAX_ARRAY_SIZE = 2147483639
    sessionIdListeners = class java.util.ArrayList@54aaceb4
      serialVersionUID = 8683452581122892189
      DEFAULT_CAPACITY = 10
      EMPTY_ELEMENTDATA = class java.lang.Object[0]
      DEFAULTCAPACITY_EMPTY_ELEMENTDATA = class java.lang.Object[0]
      elementData = class java.lang.Object[0]
      size = 0
      MAX_ARRAY_SIZE = 2147483639
      modCount = 0
      MAX_ARRAY_SIZE = 2147483639
    sessionAttrListeners = class java.util.ArrayList@62993aa4
      serialVersionUID = 8683452581122892189
      DEFAULT_CAPACITY = 10
      EMPTY_ELEMENTDATA = class java.lang.Object[0]
      DEFAULTCAPACITY_EMPTY_ELEMENTDATA = class java.lang.Object[0]
      elementData = class java.lang.Object[10]
      size = 1
      MAX_ARRAY_SIZE = 2147483639
      modCount = 4
      MAX_ARRAY_SIZE = 2147483639
    addedSessionListeners = class java.util.ArrayList@55accb8a
      serialVersionUID = 8683452581122892189
      DEFAULT_CAPACITY = 10
      EMPTY_ELEMENTDATA = class java.lang.Object[0]
      DEFAULTCAPACITY_EMPTY_ELEMENTDATA = class java.lang.Object[0]
      elementData = class java.lang.Object[0]
      size = 0
      MAX_ARRAY_SIZE = 2147483639
      modCount = 0
      MAX_ARRAY_SIZE = 2147483639
    addedSessionAttrListeners = class java.util.ArrayList@4bb76359
      serialVersionUID = 8683452581122892189
      DEFAULT_CAPACITY = 10
      EMPTY_ELEMENTDATA = class java.lang.Object[0]
      DEFAULTCAPACITY_EMPTY_ELEMENTDATA = class java.lang.Object[0]
      elementData = class java.lang.Object[0]
      size = 0
      MAX_ARRAY_SIZE = 2147483639
      modCount = 0
      MAX_ARRAY_SIZE = 2147483639
    servletContextListeners = class java.util.ArrayList@496adbf5
      serialVersionUID = 8683452581122892189
      DEFAULT_CAPACITY = 10
      EMPTY_ELEMENTDATA = class java.lang.Object[0]
      DEFAULTCAPACITY_EMPTY_ELEMENTDATA = class java.lang.Object[0]
      elementData = class java.lang.Object[10]
      size = 3
      MAX_ARRAY_SIZE = 2147483639
      modCount = 10
      MAX_ARRAY_SIZE = 2147483639
    servletContextLAttrListeners = class java.util.ArrayList@620d8466
      serialVersionUID = 8683452581122892189
      DEFAULT_CAPACITY = 10
      EMPTY_ELEMENTDATA = class java.lang.Object[0]
      DEFAULTCAPACITY_EMPTY_ELEMENTDATA = class java.lang.Object[0]
      elementData = class java.lang.Object[10]
      size = 1
      MAX_ARRAY_SIZE = 2147483639
      modCount = 4
      MAX_ARRAY_SIZE = 2147483639
    servletRequestListeners = class java.util.ArrayList@514ee336
      serialVersionUID = 8683452581122892189
      DEFAULT_CAPACITY = 10
      EMPTY_ELEMENTDATA = class java.lang.Object[0]
      DEFAULTCAPACITY_EMPTY_ELEMENTDATA = class java.lang.Object[0]
      elementData = class java.lang.Object[10]
      size = 1
      MAX_ARRAY_SIZE = 2147483639
      modCount = 4
      MAX_ARRAY_SIZE = 2147483639
    servletRequestLAttrListeners = class java.util.ArrayList@2113ffed
      serialVersionUID = 8683452581122892189
      DEFAULT_CAPACITY = 10
      EMPTY_ELEMENTDATA = class java.lang.Object[0]
      DEFAULTCAPACITY_EMPTY_ELEMENTDATA = class java.lang.Object[0]
      elementData = class java.lang.Object[10]
      size = 1
      MAX_ARRAY_SIZE = 2147483639
      modCount = 4
      MAX_ARRAY_SIZE = 2147483639
    prependSlashToResource = false
    destroyed = true
    webAppNameSpaceCollab = class com.ibm.ws.webcontainer.osgi.collaborator.WebAppNameSpaceCollaboratorImpl@663e847f
      cmdai = class com.ibm.ws.threadContext.ComponentMetaDataAccessorImpl@660a5cfb
    txCollab = class com.ibm.ws.transaction.services.WebAppTransactionCollaboratorImpl@1997a18b
      tc = class com.ibm.websphere.ras.TraceComponent@2f266653
      ltCurrentRef = class com.ibm.wsspi.kernel.service.utils.AtomicServiceReference@6bf8e628
      tranMgrRef = class com.ibm.wsspi.kernel.service.utils.AtomicServiceReference@3d845527
      userTranRef = class com.ibm.wsspi.kernel.service.utils.AtomicServiceReference@42485dcb
      uowCallbackRef = class com.ibm.wsspi.kernel.service.utils.AtomicServiceReference@5c170f82
      serialVersionUID = -8319003162899973281
    sessionActivationListeners = class java.util.ArrayList@3eb93d49
      serialVersionUID = 8683452581122892189
      DEFAULT_CAPACITY = 10
      EMPTY_ELEMENTDATA = class java.lang.Object[0]
      DEFAULTCAPACITY_EMPTY_ELEMENTDATA = class java.lang.Object[0]
      elementData = class java.lang.Object[0]
      size = 0
      MAX_ARRAY_SIZE = 2147483639
      modCount = 2
      MAX_ARRAY_SIZE = 2147483639
    sessionBindingListeners = class java.util.ArrayList@3099a04c
      serialVersionUID = 8683452581122892189
      DEFAULT_CAPACITY = 10
      EMPTY_ELEMENTDATA = class java.lang.Object[0]
      DEFAULTCAPACITY_EMPTY_ELEMENTDATA = class java.lang.Object[0]
      elementData = class java.lang.Object[0]
      size = 0
      MAX_ARRAY_SIZE = 2147483639
      modCount = 2
      MAX_ARRAY_SIZE = 2147483639
    scratchdir = null
    jspClassLoaderLimit = 0
    jspClassLoaderExclusionList = null
    jspClassLoadersMap = null
    jspClassLoaderLimitTrackIF = false
    defaultExtProc = null
    directoryBrowsingServlet = null
    cdiContexts = class java.util.concurrent.ConcurrentHashMap@1668a23a
      serialVersionUID = 7249069246763182397
      MAXIMUM_CAPACITY = 1073741824
      DEFAULT_CAPACITY = 16
      MAX_ARRAY_SIZE = 2147483639
      DEFAULT_CONCURRENCY_LEVEL = 16
      LOAD_FACTOR = 0.75
      TREEIFY_THRESHOLD = 8
      UNTREEIFY_THRESHOLD = 6
      MIN_TREEIFY_CAPACITY = 64
      MIN_TRANSFER_STRIDE = 16
      RESIZE_STAMP_BITS = 16
      MAX_RESIZERS = 65535
      RESIZE_STAMP_SHIFT = 16
      MOVED = -1
      TREEBIN = -2
      RESERVED = -3
      HASH_BITS = 2147483647
      NCPU = 4
      serialPersistentFields = class java.io.ObjectStreamField[3]
      table = null
      nextTable = null
      baseCount = 0
      sizeCtl = 0
      transferIndex = 0
      cellsBusy = 0
      counterCells = null
      keySet = null
      values = null
      entrySet = null
      U = class sun.misc.Unsafe@14bf712f
      SIZECTL = 20
      TRANSFERINDEX = 32
      BASECOUNT = 24
      CELLSBUSY = 36
      CELLVALUE = 144
      ABASE = 16
      ASHIFT = 2
      keySet = null
      values = null
    moduleConfig = class com.ibm.ws.webcontainer.osgi.container.DeployedModule@283acb8d
      tc = class com.ibm.websphere.ras.TraceComponent@1106042e
      loader = class com.ibm.ws.classloading.internal.ThreadContextClassLoader@62dacc89
      webApp = class com.ibm.ws.webcontainer40.osgi.webapp.WebApp40@5d5abaf8
      webAppConfig = class com.ibm.ws.webcontainer.osgi.webapp.WebAppConfiguration@11630f7
      contextRootAdded = null
      properContextRoot = "/web_war_exploded"
      mappingContextRoot = "/web_war_exploded/*"
      serialVersionUID = -2104814060051592457
      $$$tc$$$ = class com.ibm.websphere.ras.TraceComponent@552b873
    extensionFactories = class java.util.ArrayList@5f9ee8b6
      serialVersionUID = 8683452581122892189
      DEFAULT_CAPACITY = 10
      EMPTY_ELEMENTDATA = class java.lang.Object[0]
      DEFAULTCAPACITY_EMPTY_ELEMENTDATA = class java.lang.Object[0]
      elementData = class java.lang.Object[10]
      size = 4
      MAX_ARRAY_SIZE = 2147483639
      modCount = 8
      MAX_ARRAY_SIZE = 2147483639
    initialized = false
    lock = class com.ibm.ws.webcontainer.webapp.WebApp$1@22f8a8c9
      this$0 = class com.ibm.ws.webcontainer40.osgi.webapp.WebApp40@5d5abaf8
    afterServletContextCreated = false
    redirectContextRoot = false
    errorExceptionTypeFirst = false
    initFilterBeforeServletInit = false
    sortedServletConfigs = class java.util.ArrayList@5ed591b2
      serialVersionUID = 8683452581122892189
      DEFAULT_CAPACITY = 10
      EMPTY_ELEMENTDATA = class java.lang.Object[0]
      DEFAULTCAPACITY_EMPTY_ELEMENTDATA = class java.lang.Object[0]
      elementData = class java.lang.Object[10]
      size = 1
      MAX_ARRAY_SIZE = 2147483639
      modCount = 1
      MAX_ARRAY_SIZE = 2147483639
    effectiveMajorVersion = 2
    effectiveMinorVersion = 5
    canAddServletContextListener = true
    withinContextInitOfProgAddListener = false
    lastProgAddListenerInitialized = null
    webInfLibClassloader = null
    metaInfCache = class com.ibm.ws.webcontainer.webapp.WebApp$2@7152a7de
      this$0 = class com.ibm.ws.webcontainer40.osgi.webapp.WebApp40@5d5abaf8
      serialVersionUID = 3801124242820219131
      head = null
      tail = null
      accessOrder = true
      serialVersionUID = 362498820763181265
      DEFAULT_INITIAL_CAPACITY = 16
      MAXIMUM_CAPACITY = 1073741824
      DEFAULT_LOAD_FACTOR = 0.75
      TREEIFY_THRESHOLD = 8
      UNTREEIFY_THRESHOLD = 6
      MIN_TREEIFY_CAPACITY = 64
      table = null
      entrySet = null
      size = 0
      modCount = 0
      threshold = 32
      loadFactor = 1.0
      keySet = null
      values = null
    useMetaInfCache = true
    SUN_CONFIGURE_LISTENER_CLASSNAME = "com.sun.faces.config.ConfigureListener"
    MYFACES_LIFECYCLE_LISTENER_CLASSNAME = "org.apache.myfaces.webapp.StartupServletContextListener"
    JSF_IMPL_ENABLED_PARAM = "com.ibm.ws.jsf.JSF_IMPL_ENABLED"
    JSF_IMPL_ENABLED_CUSTOM = "Custom"
    JSF_IMPL_ENABLED_NONE = "None"
    staticDocRoot = class com.ibm.ws.webcontainer.util.DocumentRootUtils@fca7cda
      logger = class com.ibm.ws.logging.internal.WsLogger@732316a8
      CLASS_NAME = "com.ibm.ws.webcontainer.util.DocumentRootUtils"
      useContentLength = false
      matchedFile = null
      matchedZipFile = null
      matchedEntry = null
      matchedURL = null
      edrRoot = null
      pfedrRoot = null
      ctxt = class com.ibm.ws.webcontainer40.osgi.webapp.WebApp40@5d5abaf8
      baseDir = null
      edr = null
      pfedr = null
      metaInfRes = null
      searchpfEDR = false
      searchEDR = false
      searchMetaInfRes = true
      matchFromEDR = false
      matchFromMetaInfRes = false
      matchIsADirectory = false
      appConfig = class com.ibm.ws.webcontainer.osgi.webapp.WebAppConfiguration@11630f7
      attributeType = "staticFile"
      STATIC_FILE = "staticFile"
      JSP = "jsp"
      PFEDR = "preFragmentExtendedDocumentRoot"
      EDR = "extendedDocumentRoot"
    jspDocRoot = class com.ibm.ws.webcontainer.util.DocumentRootUtils@2739fecd
      logger = class com.ibm.ws.logging.internal.WsLogger@732316a8
      CLASS_NAME = "com.ibm.ws.webcontainer.util.DocumentRootUtils"
      useContentLength = false
      matchedFile = null
      matchedZipFile = null
      matchedEntry = null
      matchedURL = null
      edrRoot = null
      pfedrRoot = null
      ctxt = class com.ibm.ws.webcontainer40.osgi.webapp.WebApp40@5d5abaf8
      baseDir = null
      edr = null
      pfedr = null
      metaInfRes = null
      searchpfEDR = false
      searchEDR = false
      searchMetaInfRes = true
      matchFromEDR = false
      matchFromMetaInfRes = false
      matchIsADirectory = false
      appConfig = class com.ibm.ws.webcontainer.osgi.webapp.WebAppConfiguration@11630f7
      attributeType = "jsp"
      STATIC_FILE = "staticFile"
      JSP = "jsp"
      PFEDR = "preFragmentExtendedDocumentRoot"
      EDR = "extendedDocumentRoot"
    container = class com.ibm.ws.adaptable.module.internal.AdaptableContainerImpl@e55341
      root = class com.ibm.ws.adaptable.module.internal.AdaptableContainerImpl@e55341
      rootOverlay = class com.ibm.ws.artifact.overlay.internal.DirectoryBasedOverlayContainerImpl@1c88e63
      factoryHolder = class com.ibm.ws.adaptable.module.internal.AdaptableModuleFactoryImpl@b67b909
      delegate = class com.ibm.ws.artifact.overlay.internal.DirectoryBasedOverlayContainerImpl@1c88e63
      notifier = class com.ibm.ws.adaptable.module.internal.NotifierImpl@780534a4
      serialVersionUID = -5621513278641113667
      $$$tc$$$ = class com.ibm.websphere.ras.TraceComponent@2be4bba7
    metaInfResourceFinder = class com.ibm.ws.webcontainer.util.MetaInfResourceFinder@4060a403
      jarResourceContainers = class java.util.ArrayList@18490344
      container = class com.ibm.ws.adaptable.module.internal.AdaptableContainerImpl@e55341
    postConstructMethods = class com.ibm.ws.webcontainer.webapp.WebApp$AnnotatedMethods@24688786
      annotationClass = class java.lang.Class@7bab3648
      noOpClassNames = class java.util.HashSet@70faf86b
      annotatedMethodNames = class java.util.concurrent.ConcurrentHashMap@4598c340
      EMPTY_METHODS = class java.lang.reflect.Method[0]
    preDestroyMethods = class com.ibm.ws.webcontainer.webapp.WebApp$AnnotatedMethods@7818137d
      annotationClass = class java.lang.Class@36618744
      noOpClassNames = class java.util.HashSet@2b6293b2
      annotatedMethodNames = class java.util.concurrent.ConcurrentHashMap@7be1e6b9
      EMPTY_METHODS = class java.lang.reflect.Method[0]
    OBJ_EMPTY = class java.lang.Object[0]
    CLASS_EMPTY = class java.lang.Class[0]
    DEFAULT_JSP_EXTENSIONS = class java.util.ArrayList@103f5525
      serialVersionUID = 8683452581122892189
      DEFAULT_CAPACITY = 10
      EMPTY_ELEMENTDATA = class java.lang.Object[0]
      DEFAULTCAPACITY_EMPTY_ELEMENTDATA = class java.lang.Object[0]
      elementData = class java.lang.Object[10]
      size = 4
      MAX_ARRAY_SIZE = 2147483639
      modCount = 4
      MAX_ARRAY_SIZE = 2147483639
    DEFER_SERVLET_REQUEST_LISTENER_DESTROY_ON_ERROR = false
    DO_ACCEPT_PARTIAL = true
    DO_NOT_ACCEPT_PARTIAL = false
    DO_ACCEPT_EXCLUDED = true
    DO_NOT_ACCEPT_EXCLUDED = false
    commands = class java.util.ArrayList@350e521b
      serialVersionUID = 8683452581122892189
      DEFAULT_CAPACITY = 10
      EMPTY_ELEMENTDATA = class java.lang.Object[0]
      DEFAULTCAPACITY_EMPTY_ELEMENTDATA = class java.lang.Object[0]
      elementData = class java.lang.Object[3]
      size = 0
      MAX_ARRAY_SIZE = 2147483639
      modCount = 0
      MAX_ARRAY_SIZE = 2147483639
    requestMapper = class com.ibm.wsspi.webcontainer.util.URIMapper@db52c3c
      matcher = class com.ibm.wsspi.webcontainer40.util.URIMatcher40@b53bf4a
    parent = class com.ibm.ws.webcontainer.osgi.webapp.WebGroup@67c9c6d2
      tc = class com.ibm.websphere.ras.TraceComponent@544ce536
      logger = class com.ibm.ws.logging.internal.WsLogger@2cdebf47
      CLASS_NAME = "com.ibm.ws.webcontainer.webapp.WebGroup"
      sessUrlRewritePrefix = ";jsessionid="
      qMark = "?"
      config = class com.ibm.ws.webcontainer.osgi.webapp.WebGroupConfiguration@1b89a474
      webApp = class com.ibm.ws.webcontainer40.osgi.webapp.WebApp40@5d5abaf8
      commands = class java.util.ArrayList@5a54bce0
      requestMapper = null
      parent = class com.ibm.ws.webcontainer.osgi.DynamicVirtualHost@72e4209
      name = "/web_war_exploded/*"
      isAlive = true
      subElements = class java.util.HashMap@5059c31b
      attributes = null
      config = null
      serialVersionUID = -8271459000149267764
      $$$tc$$$ = class com.ibm.websphere.ras.TraceComponent@554bdda1
    name = "web_war_exploded"
    isAlive = true
    subElements = null
    attributes = class java.util.concurrent.ConcurrentHashMap@20f67781
      serialVersionUID = 7249069246763182397
      MAXIMUM_CAPACITY = 1073741824
      DEFAULT_CAPACITY = 16
      MAX_ARRAY_SIZE = 2147483639
      DEFAULT_CONCURRENCY_LEVEL = 16
      LOAD_FACTOR = 0.75
      TREEIFY_THRESHOLD = 8
      UNTREEIFY_THRESHOLD = 6
      MIN_TREEIFY_CAPACITY = 64
      MIN_TRANSFER_STRIDE = 16
      RESIZE_STAMP_BITS = 16
      MAX_RESIZERS = 65535
      RESIZE_STAMP_SHIFT = 16
      MOVED = -1
      TREEBIN = -2
      RESERVED = -3
      HASH_BITS = 2147483647
      NCPU = 4
      serialPersistentFields = class java.io.ObjectStreamField[3]
      table = class java.util.concurrent.ConcurrentHashMap$Node[32]
      nextTable = null
      baseCount = 17
      sizeCtl = 24
      transferIndex = 0
      cellsBusy = 0
      counterCells = null
      keySet = null
      values = null
      entrySet = null
      U = class sun.misc.Unsafe@14bf712f
      SIZECTL = 20
      TRANSFERINDEX = 32
      BASECOUNT = 24
      CELLSBUSY = 36
      CELLVALUE = 144
      ABASE = 16
      ASHIFT = 2
      keySet = null
      values = null
    config = null
    serialVersionUID = -8271459000149267764
    $$$tc$$$ = class com.ibm.websphere.ras.TraceComponent@554bdda1
      strings[0] = "TraceComponent[com.ibm.ws.container.AbstractContainer,class com.ibm.ws.container.AbstractContainer,[],null,null]"

