------Start of DE processing------ = [10/28/18 20:05:48:235 CST]
Exception = com.ibm.wsspi.adaptable.module.UnableToAdaptException
Source = com.ibm.ws.app.manager.war.internal.WARApplicationHandlerImpl
probeid = 50
Stack Dump = com.ibm.wsspi.adaptable.module.UnableToAdaptException: com.ibm.ws.javaee.ddmodel.DDParser$ParseException: CWWKC2272E: An error occurred while parsing the /WEB-INF/web.xml deployment descriptor on line 5. The error message was: ParseError at [row,col]:[5,2]
Message: The value of attribute "xsi:schemaLocation" associated with an element type "web-app" must not contain the '<' character.
	at com.ibm.ws.javaee.ddmodel.web.WebAppEntryAdapter.adapt(WebAppEntryAdapter.java:61)
	at com.ibm.ws.javaee.ddmodel.web.WebAppEntryAdapter.adapt(WebAppEntryAdapter.java:26)
	at com.ibm.ws.adaptable.module.internal.AdapterFactoryServiceImpl.adapt(AdapterFactoryServiceImpl.java:227)
	at com.ibm.ws.adaptable.module.internal.AdaptableEntryImpl.adapt(AdaptableEntryImpl.java:121)
	at com.ibm.ws.javaee.ddmodel.web.WebAppAdapter.adapt(WebAppAdapter.java:38)
	at com.ibm.ws.javaee.ddmodel.web.WebAppAdapter.adapt(WebAppAdapter.java:24)
	at com.ibm.ws.adaptable.module.internal.AdapterFactoryServiceImpl.adapt(AdapterFactoryServiceImpl.java:196)
	at com.ibm.ws.adaptable.module.internal.AdaptableContainerImpl.adapt(AdaptableContainerImpl.java:170)
	at com.ibm.ws.app.manager.module.internal.SimpleDeployedAppInfoBase$ModuleContainerInfoBase.<init>(SimpleDeployedAppInfoBase.java:153)
	at com.ibm.ws.app.manager.module.internal.SimpleDeployedAppInfoBase$WebModuleContainerInfo.<init>(SimpleDeployedAppInfoBase.java:320)
	at com.ibm.ws.app.manager.war.internal.WARDeployedAppInfo.<init>(WARDeployedAppInfo.java:64)
	at com.ibm.ws.app.manager.war.internal.WARDeployedAppInfoFactoryImpl.createDeployedAppInfo(WARDeployedAppInfoFactoryImpl.java:118)
	at com.ibm.ws.app.manager.war.internal.WARDeployedAppInfoFactoryImpl.createDeployedAppInfo(WARDeployedAppInfoFactoryImpl.java:33)
	at com.ibm.ws.app.manager.war.internal.WARApplicationHandlerImpl.setUpApplicationMonitoring(WARApplicationHandlerImpl.java:49)
	at com.ibm.ws.app.manager.internal.statemachine.StartAction.execute(StartAction.java:136)
	at com.ibm.ws.app.manager.internal.statemachine.ApplicationStateMachineImpl.enterState(ApplicationStateMachineImpl.java:1258)
	at com.ibm.ws.app.manager.internal.statemachine.ApplicationStateMachineImpl.run(ApplicationStateMachineImpl.java:873)
	at java.util.concurrent.ThreadPoolExecutor.runWorker(ThreadPoolExecutor.java:1149)
	at java.util.concurrent.ThreadPoolExecutor$Worker.run(ThreadPoolExecutor.java:624)
	at java.lang.Thread.run(Thread.java:748)
Caused by: com.ibm.ws.javaee.ddmodel.DDParser$ParseException: CWWKC2272E: An error occurred while parsing the /WEB-INF/web.xml deployment descriptor on line 5. The error message was: ParseError at [row,col]:[5,2]
Message: The value of attribute "xsi:schemaLocation" associated with an element type "web-app" must not contain the '<' character.
	at com.ibm.ws.javaee.ddmodel.DDParser.parseToRootElement(DDParser.java:418)
	at com.ibm.ws.javaee.ddmodel.DDParser.parseRootElement(DDParser.java:572)
	at com.ibm.ws.javaee.ddmodel.web.WebAppDDParser.parse(WebAppDDParser.java:32)
	at com.ibm.ws.javaee.ddmodel.web.WebAppEntryAdapter.adapt(WebAppEntryAdapter.java:59)
	... 19 more
Caused by: javax.xml.stream.XMLStreamException: ParseError at [row,col]:[5,2]
Message: The value of attribute "xsi:schemaLocation" associated with an element type "web-app" must not contain the '<' character.
	at com.sun.org.apache.xerces.internal.impl.XMLStreamReaderImpl.next(XMLStreamReaderImpl.java:604)
	at com.ibm.ws.javaee.ddmodel.DDParser.parseToRootElement(DDParser.java:415)
	... 22 more

Dump of callerThis
Object type = com.ibm.ws.app.manager.war.internal.WARApplicationHandlerImpl
  futureMonitor = class com.ibm.ws.threading.internal.FutureMonitorImpl@5072035a
    _monitor = class java.util.concurrent.ConcurrentLinkedQueue@6c5d915e
      serialVersionUID = 196745693267521676
      head = class java.util.concurrent.ConcurrentLinkedQueue$Node@6725c4c6
      tail = class java.util.concurrent.ConcurrentLinkedQueue$Node@6725c4c6
      UNSAFE = class sun.misc.Unsafe@a6af45d
      headOffset = 12
      tailOffset = 16
      MAX_ARRAY_SIZE = 2147483639
    _executor = class com.ibm.ws.threading.internal.ScheduledExecutorImpl@6310bba8
      threadGroupName = "Scheduled Executor Thread Group"
      executor = class com.ibm.ws.threading.internal.ExecutorServiceImpl@3ab8c5f4
      serialVersionUID = -9110693807503469597
      $$$tc$$$ = class com.ibm.websphere.ras.TraceComponent@38fe768e
      continueExistingPeriodicTasksAfterShutdown = false
      executeExistingDelayedTasksAfterShutdown = true
      removeOnCancel = false
      sequencer = class java.util.concurrent.atomic.AtomicLong@29ebaae6
      ctl = class java.util.concurrent.atomic.AtomicInteger@7774fb51
      COUNT_BITS = 29
      CAPACITY = 536870911
      RUNNING = -536870912
      SHUTDOWN = 0
      STOP = 536870912
      TIDYING = 1073741824
      TERMINATED = 1610612736
      workQueue = class java.util.concurrent.ScheduledThreadPoolExecutor$DelayedWorkQueue@253b0816
      mainLock = class java.util.concurrent.locks.ReentrantLock@59d0fe20
      workers = class java.util.HashSet@2d18d366
      termination = class java.util.concurrent.locks.AbstractQueuedSynchronizer$ConditionObject@7d660be7
      largestPoolSize = 1
      completedTaskCount = 0
      threadFactory = class com.ibm.ws.threading.internal.ThreadFactoryImpl@e0d7e5
      handler = class java.util.concurrent.ThreadPoolExecutor$AbortPolicy@5e1f0827
      keepAliveTime = 0
      allowCoreThreadTimeOut = false
      corePoolSize = 1
      maximumPoolSize = 2147483647
      defaultHandler = class java.util.concurrent.ThreadPoolExecutor$AbortPolicy@5e1f0827
      shutdownPerm = class java.lang.RuntimePermission@35777361
      acc = null
      ONLY_ONE = true
      $assertionsDisabled = true
    _threadRunning = class java.util.concurrent.atomic.AtomicBoolean@1a78bfe3
      serialVersionUID = 4654671469794556979
      unsafe = class sun.misc.Unsafe@a6af45d
      valueOffset = 12
      value = 0
    _thread = class com.ibm.ws.threading.internal.FutureMonitorImpl$1@67f26e07
      this$0 = class com.ibm.ws.threading.internal.FutureMonitorImpl@5072035a
      serialVersionUID = 2422512430832938099
      $$$tc$$$ = class com.ibm.websphere.ras.TraceComponent@f4a808a
    serialVersionUID = 2765238413969174390
    $$$tc$$$ = class com.ibm.websphere.ras.TraceComponent@403bdc18
      strings[0] = "TraceComponent[com.ibm.ws.threading.internal.FutureMonitorImpl,class com.ibm.ws.threading.internal.FutureMonitorImpl,[Threading],com.ibm.ws.threading.internal.resources.ThreadingMessages,null]"
  deployedAppFactory = class com.ibm.ws.app.manager.war.internal.WARDeployedAppInfoFactoryImpl@3cba58c8
    tc = class com.ibm.websphere.ras.TraceComponent@5a8ea686
      strings[0] = "TraceComponent[com.ibm.ws.app.manager.war.internal.WARDeployedAppInfoFactoryImpl,class com.ibm.ws.app.manager.war.internal.WARDeployedAppInfoFactoryImpl,[webcontainer, applications, app.manager],com.ibm.ws.app.manager.war.internal.resources.Messages,null]"
    webModuleHandler = class com.ibm.ws.app.manager.web.internal.WebModuleHandlerImpl@5a21ea
      serialVersionUID = 4795602325763828210
      $$$tc$$$ = class com.ibm.websphere.ras.TraceComponent@439bdd7a
      futureMonitor = class com.ibm.ws.threading.internal.FutureMonitorImpl@5072035a
      metaDataService = class com.ibm.ws.container.service.metadata.internal.MetaDataServiceImpl@48ae8b3d
      stateChangeService = class com.ibm.ws.container.service.state.internal.StateChangeServiceImpl@44207a37
      moduleRuntimeContainer = class com.ibm.ws.webcontainer.osgi.WebContainer@3ceea92e
      firstFailure = null
      serialVersionUID = -4563697739413190872
      $$$tc$$$ = class com.ibm.websphere.ras.TraceComponent@7830ad45
    applicationManager = class com.ibm.ws.app.manager.ApplicationManager@421f2296
      expandApps = true
      useJandex = false
      startTimeout = 30
      stopTimeout = 30
      serialVersionUID = -5714171545272003139
      $$$tc$$$ = class com.ibm.websphere.ras.TraceComponent@258c1947
    zipUtils = class com.ibm.ws.app.manager.war.internal.ZipUtils@2b7815c
      tc = class com.ibm.websphere.ras.TraceComponent@20a79c8b
      WAR_EXTENSION = ".war"
      serialVersionUID = -7574063014509395349
    timestamps = class java.util.HashMap@6c25e5da
      serialVersionUID = 362498820763181265
      DEFAULT_INITIAL_CAPACITY = 16
      MAXIMUM_CAPACITY = 1073741824
      DEFAULT_LOAD_FACTOR = 0.75
      TREEIFY_THRESHOLD = 8
      UNTREEIFY_THRESHOLD = 6
      MIN_TREEIFY_CAPACITY = 64
      table = null
      entrySet = null
      size = 0
      modCount = 0
      threshold = 0
      loadFactor = 0.75
      keySet = null
      values = null
    serialVersionUID = -5572482233301532271
    SERVER_APPS_DIR = "${server.config.dir}/apps/"
    EXPANDED_APPS_DIR = "${server.config.dir}/apps/expanded/"
    XML_SUFFIX = ".xml"
    bundleContext = class org.eclipse.osgi.internal.framework.BundleContextImpl@468f1657
      findHookName = "org.osgi.framework.hooks.bundle.FindHook"
      valid = true
      bundle = class org.eclipse.osgi.internal.framework.EquinoxBundle@560c2c93
      container = class org.eclipse.osgi.internal.framework.EquinoxContainer@4f092e29
      debug = class org.eclipse.osgi.internal.debug.Debug@6f1cb5ca
      servicesInUse = class java.util.HashMap@2376ff71
      activator = null
      contextLock = class java.lang.Object@2421ed7a
    applicationInfoFactory = class com.ibm.ws.container.service.app.deploy.internal.ApplicationInfoFactoryImpl@3d21dcc5
      j2eeNameFactory = class com.ibm.wsspi.kernel.service.utils.AtomicServiceReference@22dfe7b1
      names = class java.util.HashSet@28e7b4c5
      serialVersionUID = 7443990212682384945
      $$$tc$$$ = class com.ibm.websphere.ras.TraceComponent@71086b3b
    futureMonitor = class com.ibm.ws.threading.internal.FutureMonitorImpl@5072035a
    classLoadingService = class com.ibm.ws.classloading.internal.ClassLoadingServiceImpl@6115265
      tc = class com.ibm.websphere.ras.TraceComponent@3c4afdd3
      leakDetectionMap = class java.util.HashMap@10007de2
      TCCL_LOCK_WAIT = 15000
      REFERENCE_GENERATORS = "generators"
      bundleContext = class org.eclipse.osgi.internal.framework.BundleContextImpl@65cd6f33
      aclStore = class com.ibm.ws.classloading.internal.util.CanonicalStore@502d7e69
      tcclStore = class com.ibm.ws.classloading.internal.util.CanonicalStore@561e7a8c
      tcclStoreLock = class java.util.concurrent.locks.ReentrantLock@1f700eb8
      digraph = class org.eclipse.equinox.internal.region.StandardRegionDigraph@c0c9fd9
      redefiner = class com.ibm.ws.classloading.internal.util.ClassRedefiner@37e97607
      listener = class com.ibm.ws.classloading.internal.ClassLoadingServiceImpl$1@1286a06c
      classloaders = class java.util.Collections$SynchronizedMap@d9c794a
      resourceProviders = class com.ibm.ws.classloading.internal.CompositeResourceProvider@6506cd77
      rememberedBundles = class java.util.concurrent.ConcurrentHashMap@1923c69e
      collectedBundles = class java.lang.ref.ReferenceQueue@3e019016
      generatorRefs = class com.ibm.wsspi.kernel.service.utils.ConcurrentServiceReferenceSet@5039e8b5
      generatorManager = class com.ibm.ws.classloading.internal.ClassGeneratorManager@387fab0
      appExtLibs = class java.util.concurrent.CopyOnWriteArrayList@417cb68
      metaInfServicesProviders = class java.util.concurrent.ConcurrentHashMap@36a46adc
      metaInfServicesRefs = class com.ibm.wsspi.kernel.service.utils.ConcurrentServiceReferenceMap@294750fd
      protectionDomainMap = class java.util.HashMap@15a96d1f
      metadataIdentifierService = class com.ibm.ws.container.service.metadata.internal.MetaDataServiceImpl@48ae8b3d
      serialVersionUID = 3750725462702355330
    globalSharedLibrary = class com.ibm.ws.library.internal.SharedLibraryImpl@38129e9a
      tc = class com.ibm.websphere.ras.TraceComponent@2eb41f
      EMPTY_LIBRARY_LISTENERS = interface com.ibm.wsspi.library.LibraryChangeListener[0]
      deleted = false
      libraryListenersTracker = class org.osgi.util.tracker.ServiceTracker@2aa0018f
      libraryReg = class org.eclipse.osgi.internal.serviceregistry.ServiceRegistrationImpl@419eb372
      ctx = class org.eclipse.osgi.internal.framework.BundleContextImpl@65cd6f33
      classLoadingService = class com.ibm.ws.classloading.internal.ClassLoadingServiceImpl@6115265
      configAdmin = class com.ibm.ws.config.admin.internal.ConfigurationAdminImpl@636ae3e9
      resolvedBasePath = "C:/Users/maria/OneDrive/Escritorio/Computadores/2 semestre/Datos 1/Proyecto2/Game of Thrones/wlp-webProfile8-18.0.0.3/wlp/usr/servers/server1/"
      generationLock = class com.ibm.ws.library.internal.SharedLibraryImpl$1@1561f493
      currentGeneration = class com.ibm.ws.library.internal.LibraryGeneration@7d2fbe45
      nextGeneration = class com.ibm.ws.library.internal.LibraryGeneration@7d2fbe45
      artifactContainerFactory = class com.ibm.ws.library.internal.SharedLibraryFactory$1@57296416
      packageExporter = class com.ibm.ws.library.internal.LibraryPackageExporter@6368a0b1
      serialVersionUID = 6288237618632180389
    globalSharedLibraryPid = "com.ibm.ws.classloading.sharedlibrary_28"
    configAdmin = class com.ibm.ws.config.admin.internal.ConfigurationAdminImpl@7bdaa777
      tc = class com.ibm.websphere.ras.TraceComponent@33d20ccf
      bundle = class org.eclipse.osgi.internal.framework.EquinoxBundle@560c2c93
      caFactory = class com.ibm.ws.config.admin.internal.ConfigAdminServiceFactory@592be3db
      serialVersionUID = 3160799878770679122
    metaDataService = class com.ibm.ws.container.service.metadata.internal.MetaDataServiceImpl@48ae8b3d
      applicationMetaDataManager = class com.ibm.ws.container.service.metadata.internal.ApplicationMetaDataManager@3846b168
      moduleMetaDataManager = class com.ibm.ws.container.service.metadata.internal.ModuleMetaDataManager@2b4aba74
      componentMetaDataManager = class com.ibm.ws.container.service.metadata.internal.ComponentMetaDataManager@71dc9ad1
      methodMetaDataManager = class com.ibm.ws.container.service.metadata.internal.MethodMetaDataManager@2ef2ae32
      appModuleNameToModuleContainer = class java.util.concurrent.ConcurrentHashMap@23328775
      jeeNameToComponentMetaData = class java.util.concurrent.ConcurrentHashMap@5d55107d
      deferredMetaDataFactories = class com.ibm.wsspi.kernel.service.utils.ConcurrentServiceReferenceSet@48ca0314
      deferredMetaDataInitializers = class com.ibm.wsspi.kernel.service.utils.ConcurrentServiceReferenceMap@7372a701
      serialVersionUID = -2494605732980966097
      $$$tc$$$ = class com.ibm.websphere.ras.TraceComponent@b4355d2
    stateChangeService = class com.ibm.ws.container.service.state.internal.StateChangeServiceImpl@44207a37
      applicationStateManager = class com.ibm.ws.container.service.state.internal.ApplicationStateManager@444c9f35
      moduleStateManager = class com.ibm.ws.container.service.state.internal.ModuleStateManager@316fa939
      serialVersionUID = -537917915330350560
      $$$tc$$$ = class com.ibm.websphere.ras.TraceComponent@22990fbe
    allModuleTypes = class java.lang.String[4]
      String[0] = "ejb"
      String[1] = "web"
      String[2] = "client"
      String[3] = "connector"
    moduleMetaDataExtenders = class java.util.concurrent.ConcurrentHashMap@46a53902
      serialVersionUID = 7249069246763182397
      MAXIMUM_CAPACITY = 1073741824
      DEFAULT_CAPACITY = 16
      MAX_ARRAY_SIZE = 2147483639
      DEFAULT_CONCURRENCY_LEVEL = 16
      LOAD_FACTOR = 0.75
      TREEIFY_THRESHOLD = 8
      UNTREEIFY_THRESHOLD = 6
      MIN_TREEIFY_CAPACITY = 64
      MIN_TRANSFER_STRIDE = 16
      RESIZE_STAMP_BITS = 16
      MAX_RESIZERS = 65535
      RESIZE_STAMP_SHIFT = 16
      MOVED = -1
      TREEBIN = -2
      RESERVED = -3
      HASH_BITS = 2147483647
      NCPU = 4
      serialPersistentFields = class java.io.ObjectStreamField[3]
      table = class java.util.concurrent.ConcurrentHashMap$Node[16]
      nextTable = null
      baseCount = 4
      sizeCtl = 12
      transferIndex = 0
      cellsBusy = 0
      counterCells = null
      keySet = null
      values = null
      entrySet = null
      U = class sun.misc.Unsafe@a6af45d
      SIZECTL = 20
      TRANSFERINDEX = 32
      BASECOUNT = 24
      CELLSBUSY = 36
      CELLVALUE = 144
      ABASE = 16
      ASHIFT = 2
      keySet = null
      values = null
    nestedModuleMetaDataFactories = class java.util.concurrent.ConcurrentHashMap@7a6eb588
      serialVersionUID = 7249069246763182397
      MAXIMUM_CAPACITY = 1073741824
      DEFAULT_CAPACITY = 16
      MAX_ARRAY_SIZE = 2147483639
      DEFAULT_CONCURRENCY_LEVEL = 16
      LOAD_FACTOR = 0.75
      TREEIFY_THRESHOLD = 8
      UNTREEIFY_THRESHOLD = 6
      MIN_TREEIFY_CAPACITY = 64
      MIN_TRANSFER_STRIDE = 16
      RESIZE_STAMP_BITS = 16
      MAX_RESIZERS = 65535
      RESIZE_STAMP_SHIFT = 16
      MOVED = -1
      TREEBIN = -2
      RESERVED = -3
      HASH_BITS = 2147483647
      NCPU = 4
      serialPersistentFields = class java.io.ObjectStreamField[3]
      table = class java.util.concurrent.ConcurrentHashMap$Node[16]
      nextTable = null
      baseCount = 4
      sizeCtl = 12
      transferIndex = 0
      cellsBusy = 0
      counterCells = null
      keySet = null
      values = null
      entrySet = null
      U = class sun.misc.Unsafe@a6af45d
      SIZECTL = 20
      TRANSFERINDEX = 32
      BASECOUNT = 24
      CELLSBUSY = 36
      CELLVALUE = 144
      ABASE = 16
      ASHIFT = 2
      keySet = null
      values = null
    permissionManager = class com.ibm.ws.security.java2sec.PermissionManager@3dd89930
      tc = class com.ibm.websphere.ras.TraceComponent@7f1ad253
      classLoadingService = class com.ibm.ws.classloading.internal.ClassLoadingServiceImpl@6115265
      DEFAULT_SERVER_RESTRICTABLE_PERMISSIONS = class java.security.Permission[4]
      DEFAULT_CLIENT_RESTRICTABLE_PERMISSIONS = class java.security.Permission[3]
      isServer = true
      wsjarUrlStreamHandlerAvailable = true
      restrictablePermissions = class java.util.ArrayList@111af8a5
      grantedPermissions = class java.util.ArrayList@7f33ae92
      KEY_PERMISSION = "permission"
      INCORRECT_PERMISSION_CONFIGURATION = "INCORRECT_PERMISSION_CONFIGURATION"
      PERMISSION_CLASSNOTFOUND = "PERMISSION_CLASSNOTFOUND"
      SERVER_XML = "server.xml"
      CLIENT_XML = "client.xml"
      originationFile = "server.xml"
      permissions = class com.ibm.wsspi.kernel.service.utils.ConcurrentServiceReferenceSet@30fd442a
      codeBasePermissionMap = class java.util.HashMap@4c74ef4a
      permissionXMLPermissionMap = class java.util.HashMap@a6de9b1
      serialVersionUID = -1314772785255050069
    locAdmin = class com.ibm.ws.kernel.service.location.internal.WsLocationAdminImpl@3dfd50e
      tc = class com.ibm.websphere.ras.TraceComponent@2ca9e22
      LOC_INTERNAL_LIB_DIR = "wlp.lib.dir"
      LOC_AREA_NAME_APPS = "shared/apps/"
      LOC_AREA_NAME_CONFIG = "shared/config/"
      LOC_AREA_NAME_RESC = "shared/resources/"
      LOC_AREA_NAME_STATE = "logs/state/"
      LOC_AREA_NAME_SERVERS = "servers/"
      LOC_AREA_NAME_CLIENTS = "clients/"
      LOC_AREA_NAME_WORKING = "workarea/"
      LOC_AREA_NAME_EXTENSION = "extension/"
      instance = class com.ibm.ws.staticvalue.StaticValue$FinalSingleton@796a41c6
      installRoot = class com.ibm.ws.kernel.service.location.internal.SymbolicRootResource@65ff8329
      installParentRoot = class com.ibm.ws.kernel.service.location.internal.SymbolicRootResource@4334ca0f
      userRoot = class com.ibm.ws.kernel.service.location.internal.SymbolicRootResource@26bc147
      usrExtensionRoot = class com.ibm.ws.kernel.service.location.internal.SymbolicRootResource@29a4c4bd
      serverConfigDir = class com.ibm.ws.kernel.service.location.internal.SymbolicRootResource@30dbec6b
      serverOutputDir = class com.ibm.ws.kernel.service.location.internal.SymbolicRootResource@30dbec6b
      bootstrapLib = class com.ibm.ws.kernel.service.location.internal.LocalFileResource@55da2ccd
      serverWorkarea = class com.ibm.ws.kernel.service.location.internal.LocalFileResource@967aec8
      serverState = class com.ibm.ws.kernel.service.location.internal.LocalFileResource@6e90275
      sharedAppsRoot = class com.ibm.ws.kernel.service.location.internal.SymbolicRootResource@693e0e77
      sharedConfigRoot = class com.ibm.ws.kernel.service.location.internal.SymbolicRootResource@6d86fbd9
      sharedResourceRoot = class com.ibm.ws.kernel.service.location.internal.SymbolicRootResource@59a3094f
      tmpRoot = class com.ibm.ws.kernel.service.location.internal.SymbolicRootResource@171752a4
      serverName = "server1"
      resourcePaths = class java.util.ArrayList@ec3ab87
      resourceGroups = class java.util.HashMap@54c1d1b5
      commonRoot = class com.ibm.ws.kernel.service.location.internal.VirtualRootResource@15695313
      serialVersionUID = 7766352982799267432
    artifactFactory = class com.ibm.ws.artifact.internal.ArtifactContainerFactoryService@b664d41
      CATEGORY_PROP_NAME = "category"
      ENTRY_KEY = "com.ibm.wsspi.artifact.ArtifactEntry"
      helperMap = class com.ibm.wsspi.kernel.service.utils.ConcurrentServiceReferenceSetMap@26bf0646
      contributorMap = class com.ibm.wsspi.kernel.service.utils.ConcurrentServiceReferenceSetMap@7b2ad6d0
      helperCategoryMap = class com.ibm.wsspi.kernel.service.utils.ConcurrentServiceReferenceSetMap@2927889f
      contributorCategoryMap = class com.ibm.wsspi.kernel.service.utils.ConcurrentServiceReferenceSetMap@70523ac9
      categories = class java.util.Collections$SynchronizedSet@2e019fb3
      baseProperties = class org.apache.felix.scr.impl.helper.ReadOnlyDictionary@3b050f5
      serialVersionUID = -3101641399269402013
      $$$tc$$$ = class com.ibm.websphere.ras.TraceComponent@23c4692
    moduleFactory = class com.ibm.ws.adaptable.module.internal.AdaptableModuleFactoryImpl@6706f8e5
      adapterFactoryService = class com.ibm.ws.adaptable.module.internal.AdapterFactoryServiceImpl@5f4201d3
      containerFactory = class com.ibm.ws.artifact.internal.ArtifactContainerFactoryService@b664d41
      overlayContainerFactory = class com.ibm.ws.artifact.overlay.internal.OverlayContainerFactoryImpl@1fa7c5f9
      serialVersionUID = 4200251809856292987
      $$$tc$$$ = class com.ibm.websphere.ras.TraceComponent@7c2efed6
    serialVersionUID = 508852145960443474
    $$$tc$$$ = class com.ibm.websphere.ras.TraceComponent@446599f0
      strings[0] = "TraceComponent[com.ibm.ws.app.manager.module.internal.DeployedAppInfoFactoryBase,class com.ibm.ws.app.manager.module.internal.DeployedAppInfoFactoryBase,[applications, app.manager],,null]"
  serialVersionUID = 4622845147410944782
  $$$tc$$$ = class com.ibm.websphere.ras.TraceComponent@6d1f16f5
    strings[0] = "TraceComponent[com.ibm.ws.app.manager.war.internal.WARApplicationHandlerImpl,class com.ibm.ws.app.manager.war.internal.WARApplicationHandlerImpl,[webcontainer, applications, app.manager],com.ibm.ws.app.manager.war.internal.resources.Messages,null]"

Dump of objectArray[0]
Object type = com.ibm.ws.app.manager.internal.ApplicationInstallInfo
  _config = class com.ibm.ws.app.manager.internal.ApplicationConfig@1476e098
    tc = class com.ibm.websphere.ras.TraceComponent@7cbd7b73
      strings[0] = "TraceComponent[com.ibm.ws.app.manager.internal.ApplicationConfig,class com.ibm.ws.app.manager.internal.ApplicationConfig,[applications, app.manager],com.ibm.ws.app.manager.internal.resources.AppManagerMessages,null]"
    _configPid = "com.ibm.ws.app.manager_4"
    _config = class com.ibm.ws.config.admin.ConfigurationDictionary@31213fe1
      serialVersionUID = 7966152868712543805
      simpleTypes = class java.util.Arrays$ArrayList@5140cef8
      primitiveArrayTypes = class java.util.Arrays$ArrayList@34ec96ed
      simpleArrayTypes = class java.util.Arrays$ArrayList@1b55f1ba
      extendedTypes = class java.util.Arrays$ArrayList@afa63fd
      CASE_INSENSITIVE = class com.ibm.ws.config.admin.ConfigurationDictionary$CaseInsensitive@5d1a5b54
      properties = class java.util.Collections$SynchronizedMap@d91e5e4
    _applicationManager = class com.ibm.ws.app.manager.ApplicationManager@421f2296
      expandApps = true
      useJandex = false
      startTimeout = 30
      stopTimeout = 30
      serialVersionUID = -5714171545272003139
      $$$tc$$$ = class com.ibm.websphere.ras.TraceComponent@258c1947
    _location = "C:/Users/maria/OneDrive/Escritorio/Computadores/2 semestre/Datos 1/Proyecto2/Game of Thrones/out/artifacts/web_war_exploded"
    _type = "war"
    _name = "web_war_exploded"
    _notificationBroadcasterSupport = class javax.management.NotificationBroadcasterSupport@40132e98
      listenerList = class java.util.concurrent.CopyOnWriteArrayList@6f0e5333
      executor = class com.ibm.ws.threading.internal.ExecutorServiceImpl@3ab8c5f4
      notifInfo = class javax.management.MBeanNotificationInfo[2]
      defaultExecutor = class javax.management.NotificationBroadcasterSupport$1@3c705eed
      NO_NOTIFICATION_INFO = class javax.management.MBeanNotificationInfo[0]
      logger = class com.sun.jmx.remote.util.ClassLogger@57fee8a3
    ONE_TIME_JANDEX_MSGS_DISPLAYED = true
  _handlerInfo = class java.util.concurrent.atomic.AtomicReference@5ba1d6d9
    serialVersionUID = -1848883965231344442
    unsafe = class sun.misc.Unsafe@a6af45d
    valueOffset = 12
    value = null
  _container = class java.util.concurrent.atomic.AtomicReference@47f24ee7
    serialVersionUID = -1848883965231344442
    unsafe = class sun.misc.Unsafe@a6af45d
      theUnsafe = class sun.misc.Unsafe@a6af45d
      INVALID_FIELD_OFFSET = -1
      ARRAY_BOOLEAN_BASE_OFFSET = 16
      ARRAY_BYTE_BASE_OFFSET = 16
      ARRAY_SHORT_BASE_OFFSET = 16
      ARRAY_CHAR_BASE_OFFSET = 16
      ARRAY_INT_BASE_OFFSET = 16
      ARRAY_LONG_BASE_OFFSET = 16
      ARRAY_FLOAT_BASE_OFFSET = 16
      ARRAY_DOUBLE_BASE_OFFSET = 16
      ARRAY_OBJECT_BASE_OFFSET = 16
      ARRAY_BOOLEAN_INDEX_SCALE = 1
      ARRAY_BYTE_INDEX_SCALE = 1
      ARRAY_SHORT_INDEX_SCALE = 2
      ARRAY_CHAR_INDEX_SCALE = 2
      ARRAY_INT_INDEX_SCALE = 4
      ARRAY_LONG_INDEX_SCALE = 8
      ARRAY_FLOAT_INDEX_SCALE = 4
      ARRAY_DOUBLE_INDEX_SCALE = 8
      ARRAY_OBJECT_INDEX_SCALE = 4
      ADDRESS_SIZE = 8
    valueOffset = 12
    value = class com.ibm.ws.adaptable.module.internal.AdaptableContainerImpl@6c046370
      root = class com.ibm.ws.adaptable.module.internal.AdaptableContainerImpl@6c046370
      rootOverlay = class com.ibm.ws.artifact.overlay.internal.DirectoryBasedOverlayContainerImpl@1c311c88
      factoryHolder = class com.ibm.ws.adaptable.module.internal.AdaptableModuleFactoryImpl@6706f8e5
      delegate = class com.ibm.ws.artifact.overlay.internal.DirectoryBasedOverlayContainerImpl@1c311c88
      notifier = null
      serialVersionUID = -5621513278641113667
      $$$tc$$$ = class com.ibm.websphere.ras.TraceComponent@540f36d4
  _resolvedLocation = class java.util.concurrent.atomic.AtomicReference@3bb4d38c
    serialVersionUID = -1848883965231344442
    unsafe = class sun.misc.Unsafe@a6af45d
    valueOffset = 12
    value = class com.ibm.ws.kernel.service.location.internal.LocalFileResource@187776bc
      strings[0] = "LocalFileResource[DIRECTORY;@-935665642;<undefined>;C:/Users/maria/OneDrive/Escritorio/Computadores/2 semestre/Datos 1/Proyecto2/Game of Thrones/out/artifacts/web_war_exploded/]"
  _handler = class com.ibm.ws.app.manager.war.internal.WARApplicationHandlerImpl@62640c63
    futureMonitor = class com.ibm.ws.threading.internal.FutureMonitorImpl@5072035a
      _monitor = class java.util.concurrent.ConcurrentLinkedQueue@6c5d915e
      _executor = class com.ibm.ws.threading.internal.ScheduledExecutorImpl@6310bba8
      _threadRunning = class java.util.concurrent.atomic.AtomicBoolean@1a78bfe3
      _thread = class com.ibm.ws.threading.internal.FutureMonitorImpl$1@67f26e07
      serialVersionUID = 2765238413969174390
      $$$tc$$$ = class com.ibm.websphere.ras.TraceComponent@403bdc18
    deployedAppFactory = class com.ibm.ws.app.manager.war.internal.WARDeployedAppInfoFactoryImpl@3cba58c8
      tc = class com.ibm.websphere.ras.TraceComponent@5a8ea686
      webModuleHandler = class com.ibm.ws.app.manager.web.internal.WebModuleHandlerImpl@5a21ea
      applicationManager = class com.ibm.ws.app.manager.ApplicationManager@421f2296
      zipUtils = class com.ibm.ws.app.manager.war.internal.ZipUtils@2b7815c
      timestamps = class java.util.HashMap@6c25e5da
      serialVersionUID = -5572482233301532271
      SERVER_APPS_DIR = "${server.config.dir}/apps/"
      EXPANDED_APPS_DIR = "${server.config.dir}/apps/expanded/"
      XML_SUFFIX = ".xml"
      bundleContext = class org.eclipse.osgi.internal.framework.BundleContextImpl@468f1657
      applicationInfoFactory = class com.ibm.ws.container.service.app.deploy.internal.ApplicationInfoFactoryImpl@3d21dcc5
      futureMonitor = class com.ibm.ws.threading.internal.FutureMonitorImpl@5072035a
      classLoadingService = class com.ibm.ws.classloading.internal.ClassLoadingServiceImpl@6115265
      globalSharedLibrary = class com.ibm.ws.library.internal.SharedLibraryImpl@38129e9a
      globalSharedLibraryPid = "com.ibm.ws.classloading.sharedlibrary_28"
      configAdmin = class com.ibm.ws.config.admin.internal.ConfigurationAdminImpl@7bdaa777
      metaDataService = class com.ibm.ws.container.service.metadata.internal.MetaDataServiceImpl@48ae8b3d
      stateChangeService = class com.ibm.ws.container.service.state.internal.StateChangeServiceImpl@44207a37
      allModuleTypes = class java.lang.String[4]
      moduleMetaDataExtenders = class java.util.concurrent.ConcurrentHashMap@46a53902
      nestedModuleMetaDataFactories = class java.util.concurrent.ConcurrentHashMap@7a6eb588
      permissionManager = class com.ibm.ws.security.java2sec.PermissionManager@3dd89930
      locAdmin = class com.ibm.ws.kernel.service.location.internal.WsLocationAdminImpl@3dfd50e
      artifactFactory = class com.ibm.ws.artifact.internal.ArtifactContainerFactoryService@b664d41
      moduleFactory = class com.ibm.ws.adaptable.module.internal.AdaptableModuleFactoryImpl@6706f8e5
      serialVersionUID = 508852145960443474
      $$$tc$$$ = class com.ibm.websphere.ras.TraceComponent@446599f0
    serialVersionUID = 4622845147410944782
    $$$tc$$$ = class com.ibm.websphere.ras.TraceComponent@6d1f16f5
      strings[0] = "TraceComponent[com.ibm.ws.app.manager.war.internal.WARApplicationHandlerImpl,class com.ibm.ws.app.manager.war.internal.WARApplicationHandlerImpl,[webcontainer, applications, app.manager],com.ibm.ws.app.manager.war.internal.resources.Messages,null]"
  _ami = class java.util.concurrent.atomic.AtomicReference@18658642
    serialVersionUID = -1848883965231344442
    unsafe = class sun.misc.Unsafe@a6af45d
    valueOffset = 12
    value = null
  _updateHandler = class com.ibm.ws.app.manager.internal.statemachine.ApplicationStateMachineImpl@4d279c89
    _tc = class com.ibm.websphere.ras.TraceComponent@6d383b42
      strings[0] = "TraceComponent[com.ibm.ws.app.manager.internal.statemachine.ApplicationStateMachineImpl,class com.ibm.ws.app.manager.internal.statemachine.ApplicationStateMachineImpl,[applications, app.manager],com.ibm.ws.app.manager.internal.resources.AppManagerMessages,null]"
    EMPTY_FUTURE_ARRAY = interface java.util.concurrent.Future[0]
    asmSequenceNumber = class java.util.concurrent.atomic.AtomicLong@71565ed5
      serialVersionUID = 1927816293512124184
      unsafe = class sun.misc.Unsafe@a6af45d
      valueOffset = 16
      VM_SUPPORTS_LONG_CAS = true
      value = 1
      serialVersionUID = -8742448824652078965
    _qscaCounter = class java.util.concurrent.atomic.AtomicInteger@49b0a929
      serialVersionUID = 6214790243416807050
      unsafe = class sun.misc.Unsafe@a6af45d
      valueOffset = 12
      value = 1
      serialVersionUID = -8742448824652078965
    _failedThrowable = null
    _interruptibleLock = class com.ibm.ws.app.manager.internal.statemachine.ApplicationStateMachineImpl$2@108e3969
      this$0 = class com.ibm.ws.app.manager.internal.statemachine.ApplicationStateMachineImpl@4d279c89
      serialVersionUID = 1428897424970146289
      $$$tc$$$ = class com.ibm.websphere.ras.TraceComponent@7ba60773
    _interruptible = false
    _performingQueuedActions = true
    _queuedActions = class java.util.concurrent.ConcurrentLinkedQueue@6019ae2a
      serialVersionUID = 196745693267521676
      head = class java.util.concurrent.ConcurrentLinkedQueue$Node@c3a6e71
      tail = class java.util.concurrent.ConcurrentLinkedQueue$Node@43384519
      UNSAFE = class sun.misc.Unsafe@a6af45d
      headOffset = 12
      tailOffset = 16
      MAX_ARRAY_SIZE = 2147483639
    _callbackState = class java.util.concurrent.atomic.AtomicReference@23faf40a
      serialVersionUID = -1848883965231344442
      unsafe = class sun.misc.Unsafe@a6af45d
      valueOffset = 12
      value = class com.ibm.ws.app.manager.internal.statemachine.ApplicationStateMachineImpl$CallbackState@77fec9ae
    blockAppStartingFutures = class java.util.Collections$SetFromMap@6f4fe8bd
      m = class java.util.concurrent.ConcurrentHashMap@5b572ff2
      s = class java.util.concurrent.ConcurrentHashMap$KeySetView@d0875c7
      serialVersionUID = 2454657854757543876
      MAX_ARRAY_SIZE = 2147483639
    waitingForAppHandlerFuture = class java.util.concurrent.atomic.AtomicReference@eebd14c
      serialVersionUID = -1848883965231344442
      unsafe = class sun.misc.Unsafe@a6af45d
      valueOffset = 12
      value = class com.ibm.ws.app.manager.internal.ApplicationDependency@2403eef3
    waitingForExplicitStartFuture = class java.util.concurrent.atomic.AtomicReference@232e5645
      serialVersionUID = -1848883965231344442
      unsafe = class sun.misc.Unsafe@a6af45d
      valueOffset = 12
      value = null
    completionListener = class java.util.concurrent.atomic.AtomicReference@5780ac8e
      serialVersionUID = -1848883965231344442
      unsafe = class sun.misc.Unsafe@a6af45d
      valueOffset = 12
      value = null
    _notifyAppStopped = class java.util.concurrent.ConcurrentLinkedQueue@479abcc3
      serialVersionUID = 196745693267521676
      head = class java.util.concurrent.ConcurrentLinkedQueue$Node@361517a4
      tail = class java.util.concurrent.ConcurrentLinkedQueue$Node@8acb0bd
      UNSAFE = class sun.misc.Unsafe@a6af45d
      headOffset = 12
      tailOffset = 16
      MAX_ARRAY_SIZE = 2147483639
    _notifyAppStarting = class java.util.concurrent.ConcurrentLinkedQueue@172b74cd
      serialVersionUID = 196745693267521676
      head = class java.util.concurrent.ConcurrentLinkedQueue$Node@2f8fda4f
      tail = class java.util.concurrent.ConcurrentLinkedQueue$Node@97b029e
      UNSAFE = class sun.misc.Unsafe@a6af45d
      headOffset = 12
      tailOffset = 16
      MAX_ARRAY_SIZE = 2147483639
    _notifyAppInstallCalled = class java.util.concurrent.ConcurrentLinkedQueue@46e69413
      serialVersionUID = 196745693267521676
      head = class java.util.concurrent.ConcurrentLinkedQueue$Node@21f2da33
      tail = class java.util.concurrent.ConcurrentLinkedQueue$Node@21f2da33
      UNSAFE = class sun.misc.Unsafe@a6af45d
      headOffset = 12
      tailOffset = 16
      MAX_ARRAY_SIZE = 2147483639
    _notifyAppStarted = class java.util.concurrent.ConcurrentLinkedQueue@14d0a49d
      serialVersionUID = 196745693267521676
      head = class java.util.concurrent.ConcurrentLinkedQueue$Node@4a74aea4
      tail = class java.util.concurrent.ConcurrentLinkedQueue$Node@4a74aea4
      UNSAFE = class sun.misc.Unsafe@a6af45d
      headOffset = 12
      tailOffset = 16
      MAX_ARRAY_SIZE = 2147483639
    _notifyAppRemoved = class java.util.concurrent.ConcurrentLinkedQueue@6be6e60
      serialVersionUID = 196745693267521676
      head = class java.util.concurrent.ConcurrentLinkedQueue$Node@475970d7
      tail = class java.util.concurrent.ConcurrentLinkedQueue$Node@475970d7
      UNSAFE = class sun.misc.Unsafe@a6af45d
      headOffset = 12
      tailOffset = 16
      MAX_ARRAY_SIZE = 2147483639
    _stateLock = class com.ibm.ws.app.manager.internal.statemachine.ApplicationStateMachineImpl$3@4a7fef66
      this$0 = class com.ibm.ws.app.manager.internal.statemachine.ApplicationStateMachineImpl@4d279c89
      serialVersionUID = -2844785999478513305
      $$$tc$$$ = class com.ibm.websphere.ras.TraceComponent@2f63b71b
    _internalState = class java.util.concurrent.atomic.AtomicReference@384bbc36
      serialVersionUID = -1848883965231344442
      unsafe = class sun.misc.Unsafe@a6af45d
      valueOffset = 12
      value = class com.ibm.ws.app.manager.internal.statemachine.ApplicationStateMachineImpl$InternalState@6f9a2587
    _currentAction = class java.util.concurrent.atomic.AtomicReference@29ae13ee
      serialVersionUID = -1848883965231344442
      unsafe = class sun.misc.Unsafe@a6af45d
      valueOffset = 12
      value = class com.ibm.ws.app.manager.internal.statemachine.StartAction@39fd1dcd
    _rfa = class java.util.concurrent.atomic.AtomicReference@5c16a5d5
      serialVersionUID = -1848883965231344442
      unsafe = class sun.misc.Unsafe@a6af45d
      valueOffset = 12
      value = null
    _appInstallInfo = class java.util.concurrent.atomic.AtomicReference@692765ee
      serialVersionUID = -1848883965231344442
      unsafe = class sun.misc.Unsafe@a6af45d
      valueOffset = 12
      value = class com.ibm.ws.app.manager.internal.ApplicationInstallInfo@472b6c96
    _update = class java.util.concurrent.atomic.AtomicBoolean@c68def0
      serialVersionUID = 4654671469794556979
      unsafe = class sun.misc.Unsafe@a6af45d
      valueOffset = 12
      value = 1
    _appConfig = class java.util.concurrent.atomic.AtomicReference@55808df0
      serialVersionUID = -1848883965231344442
      unsafe = class sun.misc.Unsafe@a6af45d
      valueOffset = 12
      value = class com.ibm.ws.app.manager.internal.ApplicationConfig@1476e098
    _nextAppConfig = class java.util.concurrent.atomic.AtomicReference@3cd1a298
      serialVersionUID = -1848883965231344442
      unsafe = class sun.misc.Unsafe@a6af45d
      valueOffset = 12
      value = null
    _appContainer = class java.util.concurrent.atomic.AtomicReference@6e0ba8f9
      serialVersionUID = -1848883965231344442
      unsafe = class sun.misc.Unsafe@a6af45d
      valueOffset = 12
      value = null
    _resolvedLocation = class java.util.concurrent.atomic.AtomicReference@24de6496
      serialVersionUID = -1848883965231344442
      unsafe = class sun.misc.Unsafe@a6af45d
      valueOffset = 12
      value = null
    _handler = class java.util.concurrent.atomic.AtomicReference@75e082f0
      serialVersionUID = -1848883965231344442
      unsafe = class sun.misc.Unsafe@a6af45d
      valueOffset = 12
      value = class com.ibm.ws.app.manager.war.internal.WARApplicationHandlerImpl@62640c63
    _asmSeqNo = 0
    _ctx = class org.eclipse.osgi.internal.framework.BundleContextImpl@6a40196c
      findHookName = "org.osgi.framework.hooks.bundle.FindHook"
      valid = true
      bundle = class org.eclipse.osgi.internal.framework.EquinoxBundle@a4efe89
      container = class org.eclipse.osgi.internal.framework.EquinoxContainer@4f092e29
      debug = class org.eclipse.osgi.internal.debug.Debug@6f1cb5ca
      servicesInUse = class java.util.HashMap@750f159e
      activator = null
      contextLock = class java.lang.Object@24318653
    _locAdmin = class com.ibm.ws.kernel.service.location.internal.WsLocationAdminImpl@3dfd50e
      tc = class com.ibm.websphere.ras.TraceComponent@2ca9e22
      LOC_INTERNAL_LIB_DIR = "wlp.lib.dir"
      LOC_AREA_NAME_APPS = "shared/apps/"
      LOC_AREA_NAME_CONFIG = "shared/config/"
      LOC_AREA_NAME_RESC = "shared/resources/"
      LOC_AREA_NAME_STATE = "logs/state/"
      LOC_AREA_NAME_SERVERS = "servers/"
      LOC_AREA_NAME_CLIENTS = "clients/"
      LOC_AREA_NAME_WORKING = "workarea/"
      LOC_AREA_NAME_EXTENSION = "extension/"
      instance = class com.ibm.ws.staticvalue.StaticValue$FinalSingleton@796a41c6
      installRoot = class com.ibm.ws.kernel.service.location.internal.SymbolicRootResource@65ff8329
      installParentRoot = class com.ibm.ws.kernel.service.location.internal.SymbolicRootResource@4334ca0f
      userRoot = class com.ibm.ws.kernel.service.location.internal.SymbolicRootResource@26bc147
      usrExtensionRoot = class com.ibm.ws.kernel.service.location.internal.SymbolicRootResource@29a4c4bd
      serverConfigDir = class com.ibm.ws.kernel.service.location.internal.SymbolicRootResource@30dbec6b
      serverOutputDir = class com.ibm.ws.kernel.service.location.internal.SymbolicRootResource@30dbec6b
      bootstrapLib = class com.ibm.ws.kernel.service.location.internal.LocalFileResource@55da2ccd
      serverWorkarea = class com.ibm.ws.kernel.service.location.internal.LocalFileResource@967aec8
      serverState = class com.ibm.ws.kernel.service.location.internal.LocalFileResource@6e90275
      sharedAppsRoot = class com.ibm.ws.kernel.service.location.internal.SymbolicRootResource@693e0e77
      sharedConfigRoot = class com.ibm.ws.kernel.service.location.internal.SymbolicRootResource@6d86fbd9
      sharedResourceRoot = class com.ibm.ws.kernel.service.location.internal.SymbolicRootResource@59a3094f
      tmpRoot = class com.ibm.ws.kernel.service.location.internal.SymbolicRootResource@171752a4
      serverName = "server1"
      resourcePaths = class java.util.ArrayList@ec3ab87
      resourceGroups = class java.util.HashMap@54c1d1b5
      commonRoot = class com.ibm.ws.kernel.service.location.internal.VirtualRootResource@15695313
      serialVersionUID = 7766352982799267432
    _futureMonitor = class com.ibm.ws.threading.internal.FutureMonitorImpl@5072035a
    _artifactFactory = class com.ibm.ws.artifact.internal.ArtifactContainerFactoryService@b664d41
      CATEGORY_PROP_NAME = "category"
      ENTRY_KEY = "com.ibm.wsspi.artifact.ArtifactEntry"
      helperMap = class com.ibm.wsspi.kernel.service.utils.ConcurrentServiceReferenceSetMap@26bf0646
      contributorMap = class com.ibm.wsspi.kernel.service.utils.ConcurrentServiceReferenceSetMap@7b2ad6d0
      helperCategoryMap = class com.ibm.wsspi.kernel.service.utils.ConcurrentServiceReferenceSetMap@2927889f
      contributorCategoryMap = class com.ibm.wsspi.kernel.service.utils.ConcurrentServiceReferenceSetMap@70523ac9
      categories = class java.util.Collections$SynchronizedSet@2e019fb3
      baseProperties = class org.apache.felix.scr.impl.helper.ReadOnlyDictionary@3b050f5
      serialVersionUID = -3101641399269402013
      $$$tc$$$ = class com.ibm.websphere.ras.TraceComponent@23c4692
    _moduleFactory = class com.ibm.ws.adaptable.module.internal.AdaptableModuleFactoryImpl@6706f8e5
      adapterFactoryService = class com.ibm.ws.adaptable.module.internal.AdapterFactoryServiceImpl@5f4201d3
      containerFactory = class com.ibm.ws.artifact.internal.ArtifactContainerFactoryService@b664d41
      overlayContainerFactory = class com.ibm.ws.artifact.overlay.internal.OverlayContainerFactoryImpl@1fa7c5f9
      serialVersionUID = 4200251809856292987
      $$$tc$$$ = class com.ibm.websphere.ras.TraceComponent@7c2efed6
    _executorService = class com.ibm.ws.threading.internal.ExecutorServiceImpl@3ab8c5f4
      threadPool = class java.util.concurrent.ThreadPoolExecutor@25e9dcd3
      threadPoolController = class com.ibm.ws.threading.internal.ThreadPoolController@3494da91
      poolName = "Default Executor"
      componentConfig = class org.apache.felix.scr.impl.helper.ReadOnlyDictionary@6fa70d58
      interceptorsActive = false
      interceptors = class java.util.concurrent.CopyOnWriteArraySet@55f99374
      threadFactory = null
      serialVersionUID = -5569391535960693817
      $$$tc$$$ = class com.ibm.websphere.ras.TraceComponent@63813666
    _scheduledExecutorService = class com.ibm.ws.threading.internal.ScheduledExecutorImpl@6310bba8
      threadGroupName = "Scheduled Executor Thread Group"
      executor = class com.ibm.ws.threading.internal.ExecutorServiceImpl@3ab8c5f4
      serialVersionUID = -9110693807503469597
      $$$tc$$$ = class com.ibm.websphere.ras.TraceComponent@38fe768e
      continueExistingPeriodicTasksAfterShutdown = false
      executeExistingDelayedTasksAfterShutdown = true
      removeOnCancel = false
      sequencer = class java.util.concurrent.atomic.AtomicLong@29ebaae6
      ctl = class java.util.concurrent.atomic.AtomicInteger@7774fb51
      COUNT_BITS = 29
      CAPACITY = 536870911
      RUNNING = -536870912
      SHUTDOWN = 0
      STOP = 536870912
      TIDYING = 1073741824
      TERMINATED = 1610612736
      workQueue = class java.util.concurrent.ScheduledThreadPoolExecutor$DelayedWorkQueue@253b0816
      mainLock = class java.util.concurrent.locks.ReentrantLock@59d0fe20
      workers = class java.util.HashSet@2d18d366
      termination = class java.util.concurrent.locks.AbstractQueuedSynchronizer$ConditionObject@7d660be7
      largestPoolSize = 1
      completedTaskCount = 0
      threadFactory = class com.ibm.ws.threading.internal.ThreadFactoryImpl@e0d7e5
      handler = class java.util.concurrent.ThreadPoolExecutor$AbortPolicy@5e1f0827
      keepAliveTime = 0
      allowCoreThreadTimeOut = false
      corePoolSize = 1
      maximumPoolSize = 2147483647
      defaultHandler = class java.util.concurrent.ThreadPoolExecutor$AbortPolicy@5e1f0827
      shutdownPerm = class java.lang.RuntimePermission@35777361
      acc = null
      ONLY_ONE = true
      $assertionsDisabled = true
    _asmHelper = class com.ibm.ws.app.manager.internal.ApplicationConfigurator$NamedApplication@69e1c84e
      appName = "web_war_exploded"
      configPid = "com.ibm.ws.app.manager_4"
      bundleContext = class org.eclipse.osgi.internal.framework.BundleContextImpl@6a40196c
      mbeanNotifier = class javax.management.NotificationBroadcasterSupport@40132e98
      sequence = class java.util.concurrent.atomic.AtomicLong@61640118
      appConfig = class com.ibm.ws.app.manager.internal.ApplicationConfig@1476e098
      asm = class com.ibm.ws.app.manager.internal.statemachine.ApplicationStateMachineImpl@4d279c89
      appTypeSupport = class com.ibm.ws.app.manager.internal.ApplicationConfigurator$ApplicationTypeSupport@6cca4b4f
      appRecycleContext = null
      appStateRef = class java.util.concurrent.atomic.AtomicReference@44615b9b
      appReg = class com.ibm.ws.app.manager.internal.lifecycle.ServiceReg@460ee607
      mbeanReg = class com.ibm.ws.app.manager.internal.lifecycle.ServiceReg@723531f
      dynamicMBean = class java.util.concurrent.atomic.AtomicReference@398de087
      serialVersionUID = -2429219244222002679
      $$$tc$$$ = class com.ibm.websphere.ras.TraceComponent@5eabf6e2
    _appMonitor = class com.ibm.ws.app.manager.internal.monitor.ApplicationMonitor@44143bb6
      tc = class com.ibm.websphere.ras.TraceComponent@190366f6
      _config = class java.util.concurrent.atomic.AtomicReference@59eff7af
      _executorService = class java.util.concurrent.atomic.AtomicReference@342b9d77
      _appListeners = class java.util.concurrent.ConcurrentHashMap@235cc93b
      serialVersionUID = -6677716415972806660
    enterStateCalled = class java.util.concurrent.atomic.AtomicBoolean@776b0fad
      serialVersionUID = 4654671469794556979
      unsafe = class sun.misc.Unsafe@a6af45d
      valueOffset = 12
      value = 1
    serialVersionUID = -1399093980790866556
    serialVersionUID = 5501066335104962649
    $$$tc$$$ = class com.ibm.websphere.ras.TraceComponent@6fdf45af
      strings[0] = "TraceComponent[com.ibm.ws.app.manager.internal.statemachine.ApplicationStateMachine,class com.ibm.ws.app.manager.internal.statemachine.ApplicationStateMachine,[applications, app.manager],com.ibm.ws.app.manager.internal.resources.AppManagerMessages,null]"
  serialVersionUID = 2630639237123415755
  $$$tc$$$ = class com.ibm.websphere.ras.TraceComponent@332699a9
    strings[0] = "TraceComponent[com.ibm.ws.app.manager.internal.ApplicationInstallInfo,class com.ibm.ws.app.manager.internal.ApplicationInstallInfo,[applications, app.manager],com.ibm.ws.app.manager.internal.resources.AppManagerMessages,null]"

