------Start of DE processing------ = [10/28/18 11:24:05:592 CST]
Exception = java.lang.NoClassDefFoundError
Source = com.ibm.ws.webcontainer.osgi.DynamicVirtualHost
probeid = startWebApp
Stack Dump = java.lang.NoClassDefFoundError: com/google/common/base/Function
	at org.glassfish.jersey.internal.ServiceFinder.<clinit>(ServiceFinder.java:165)
	at org.glassfish.jersey.servlet.internal.ServletContainerProviderFactory.getAllServletContainerProviders(ServletContainerProviderFactory.java:66)
	at org.glassfish.jersey.servlet.init.JerseyServletContainerInitializer.onStartup(JerseyServletContainerInitializer.java:132)
	at com.ibm.ws.webcontainer.webapp.WebApp.initializeServletContainerInitializers(WebApp.java:2487)
	at com.ibm.ws.webcontainer.webapp.WebApp.initialize(WebApp.java:994)
	at com.ibm.ws.webcontainer.webapp.WebApp.initialize(WebApp.java:6566)
	at com.ibm.ws.webcontainer.osgi.DynamicVirtualHost.startWebApp(DynamicVirtualHost.java:467)
	at com.ibm.ws.webcontainer.osgi.DynamicVirtualHost.startWebApplication(DynamicVirtualHost.java:462)
	at com.ibm.ws.webcontainer.osgi.WebContainer.startWebApplication(WebContainer.java:1132)
	at com.ibm.ws.webcontainer.osgi.WebContainer.access$000(WebContainer.java:108)
	at com.ibm.ws.webcontainer.osgi.WebContainer$3.run(WebContainer.java:944)
	at java.util.concurrent.Executors$RunnableAdapter.call(Executors.java:511)
	at java.util.concurrent.FutureTask.run(FutureTask.java:266)
	at java.util.concurrent.ThreadPoolExecutor.runWorker(ThreadPoolExecutor.java:1149)
	at java.util.concurrent.ThreadPoolExecutor$Worker.run(ThreadPoolExecutor.java:624)
	at java.lang.Thread.run(Thread.java:748)
Caused by: java.lang.ClassNotFoundException: com.google.common.base.Function
	at com.ibm.ws.classloading.internal.AppClassLoader.findClassCommonLibraryClassLoaders(AppClassLoader.java:504)
	at com.ibm.ws.classloading.internal.AppClassLoader.findClass(AppClassLoader.java:276)
	at java.lang.ClassLoader.loadClass(ClassLoader.java:424)
	at com.ibm.ws.classloading.internal.AppClassLoader.findOrDelegateLoadClass(AppClassLoader.java:482)
	at com.ibm.ws.classloading.internal.AppClassLoader.loadClass(AppClassLoader.java:443)
	at java.lang.ClassLoader.loadClass(ClassLoader.java:357)
	... 16 more

Dump of callerThis
Object type = [Ljava.lang.Object;
  Object[0] = class com.ibm.ws.webcontainer.osgi.DynamicVirtualHost@29f47424
    tc = class com.ibm.websphere.ras.TraceComponent@25fb450e
      strings[0] = "TraceComponent[com.ibm.ws.webcontainer.osgi.DynamicVirtualHost,class com.ibm.ws.webcontainer.osgi.DynamicVirtualHost,[webcontainer],com.ibm.ws.webcontainer.resources.LShimMessages,null]"
    CLASS_NAME = "com.ibm.ws.webcontainer.osgi.DynamicVirtualHost"
    webContainerParent = class com.ibm.ws.webcontainer.osgi.WebContainer@4d4d2e2e
      tc = class com.ibm.websphere.ras.TraceComponent@6bf8f4f7
      CLASS_NAME = "com.ibm.ws.webcontainer.osgi.WebContainer"
      initialized = true
      eventService = class com.ibm.ws.event.internal.EventEngineImpl@e8079d4
      futureMonitor = class com.ibm.ws.threading.internal.FutureMonitorImpl@20d1b223
      classLoadingSRRef = class com.ibm.wsspi.kernel.service.utils.AtomicServiceReference@119e2c1d
      sessionHelperSRRef = class com.ibm.wsspi.kernel.service.utils.AtomicServiceReference@2bcaecb6
      cacheManagerSRRef = class com.ibm.wsspi.kernel.service.utils.AtomicServiceReference@26097ec2
      injectionEngineSRRef = class com.ibm.wsspi.kernel.service.utils.AtomicServiceReference@b64808a
      managedObjectServiceSRRef = class com.ibm.wsspi.kernel.service.utils.AtomicServiceReference@6bfaab3f
      backgroundWebAppStartFutures = class com.ibm.ws.webcontainer.util.OneTimeUseArrayList@172945aa
      REFERENCE_WEB_MBEAN_RUNTIME = "webMBeanRuntime"
      webMBeanRuntimeServiceRef = class com.ibm.wsspi.kernel.service.utils.AtomicServiceReference@7a3bc6e3
      servletContainerInitializers = class com.ibm.wsspi.kernel.service.utils.ConcurrentServiceReferenceSet@55f479fe
      es = class com.ibm.ws.threading.internal.ExecutorServiceImpl@6b69932c
      locationServiceRef = class java.util.concurrent.atomic.AtomicReference@36b09ffe
      transferContextServiceRef = class com.ibm.wsspi.kernel.service.utils.ConcurrentServiceReferenceSet@12184b15
      encodingServiceRef = class java.util.concurrent.atomic.AtomicReference@6455eb21
      instance = class java.util.concurrent.atomic.AtomicReference@4302f474
      vhostManager = class com.ibm.ws.webcontainer.osgi.DynamicVirtualHostManager@33ef7fc1
      metaDataService = class com.ibm.ws.container.service.metadata.internal.MetaDataServiceImpl@608dd323
      j2eeNameFactory = class com.ibm.ws.container.service.metadata.internal.J2EENameFactoryImpl@29323c5f
      context = class org.apache.felix.scr.impl.manager.ComponentContextImpl@75c600b6
      contextRoots = class java.util.Collections$SynchronizedSet@18c5998e
      pendingContextRoots = class java.util.HashMap@3533cca0
      deployedModuleMap = class java.util.concurrent.ConcurrentHashMap@7deabcb0
      connContextPool = class com.ibm.ws.webcontainer40.osgi.srt.factory.SRTConnectionContextPool40Impl@386cc00b
      DEFAULT_PORT = "*"
      DEFAULT_VHOST_NAME = "default_host"
      cachedServerInfo = "IBM WebSphere Liberty/18.0.0.3"
      lock = class com.ibm.ws.webcontainer.osgi.WebContainer$1@c512761
      webAppFactory = class com.ibm.ws.webcontainer40.osgi.webapp.factory.WebAppFactory40Impl@272cbc87
      requestFactory = class com.ibm.ws.webcontainer40.osgi.response.factory.IRequestResponseFactory40Impl@f0b8bee
      responseFactory = class com.ibm.ws.webcontainer40.osgi.response.factory.IRequestResponseFactory40Impl@f0b8bee
      asyncContextFactory = class com.ibm.ws.webcontainer40.async.factory.AsyncContextFactory40Impl@51397e9c
      DEFAULT_MAX_VERSION = 30
      versionRef = class org.eclipse.osgi.internal.serviceregistry.ServiceReferenceImpl@54d631f5
      serverStopping = class com.ibm.ws.staticvalue.StaticValue$FinalSingleton@165c676c
      modulesStarting = 0
      uriMatcherFactory = class com.ibm.wsspi.webcontainer40.util.factory.URIMatcherFactory40Impl@71ffdc85
      SPEC_LEVEL_UNLOADED = -1
      SPEC_LEVEL_30 = 30
      SPEC_LEVEL_31 = 31
      SPEC_LEVEL_40 = 40
      DEFAULT_SPEC_LEVEL = 30
      loadedContainerSpecLevel = 40
      ISO = "ISO-8859-1"
      encoding = "UTF-8"
      decode = true
      wcconfig = class com.ibm.ws.webcontainer.osgi.WebContainerConfiguration@21ef614c
      applicationListeners = class java.util.ArrayList@6aa89ab3
      servletListeners = class java.util.ArrayList@3e5d72c6
      servletErrorListeners = class java.util.ArrayList@31498a7c
      servletInvocationListeners = class java.util.ArrayList@4f223dbb
      filterInvocationListeners = class java.util.ArrayList@54b7f0a7
      filterErrorListeners = class java.util.ArrayList@6f083763
      filterListeners = class java.util.ArrayList@575434fe
      servletRequestListeners = class java.util.ArrayList@9c5044a
      servletRequestAttributeListeners = class java.util.ArrayList@621cef1d
      servletContextListeners = class java.util.ArrayList@4c817f12
      servletContextAttributeListeners = class java.util.ArrayList@3a0441b8
      sessionListeners = class java.util.ArrayList@1b42f5e6
      sessionIdListeners = class java.util.ArrayList@1ea38594
      sessionAttributeListeners = class java.util.ArrayList@599d10bd
      DEFAULT_HOST = "default_host"
      _initialized = true
      logger = class com.ibm.ws.logging.internal.WsLogger@69d5c287
      CLASS_NAME = "com.ibm.ws.webcontainer.internal.WebContainer"
      nls = class com.ibm.ejs.ras.TraceNLS@418c93b7
      self = class java.util.concurrent.atomic.AtomicReference@4dedb3a5
      _cipherToBit = class java.util.HashMap@4f6000a9
      cacheKeyStringBuilder = class com.ibm.ws.util.WSThreadLocal@7ec9f900
      listenersInitialized = true
      webConProperties = class java.util.Properties@5bfdcc45
      sessionRegistry = null
      isStopped = false
      readWriteLockForStopping = class java.util.concurrent.locks.ReentrantReadWriteLock@103b9bf7
      urlPrefix = ";jsessionid="
      extensionFactories = class java.util.ArrayList@c468356
      postInitExtensionFactories = null
      httpResponseListeners = class java.util.ArrayList@6ddcf9e6
      servletContainerInitializers = class java.util.ServiceLoader@35b2fafd
      auditManager = class com.ibm.websphere.security.audit.context.AuditManager@58ac2dbe
      threadLocal = class java.lang.ThreadLocal@1404e17f
      invocationCacheSize = 500
      decodePlusSign = true
      _cacheMap = class java.util.concurrent.ConcurrentHashMap@1e9d39d0
      _cacheSize = class java.util.concurrent.atomic.AtomicInteger@3cda5dec
      vHostCompatFlag = false
      platformHelper = class com.ibm.ws.webcontainer.PlatformHelper@5225614
      isDefaultTempDir = true
      tempDir = null
      servletCachingInitNeeded = true
      appInstallBegun = true
      cacheServletWrapperFactory = class com.ibm.ws.webcontainer40.servlet.factory.CacheServletWrapperFactory40Impl@361e50d6
      commands = class java.util.ArrayList@413aac7c
      requestMapper = class com.ibm.ws.webcontainer.util.VirtualHostContextRootMapper@2f61bc8a
      parent = null
      name = "Was.webcontainer"
      isAlive = true
      subElements = class java.util.HashMap@3864cd84
      attributes = null
      config = null
      serialVersionUID = -8271459000149267764
      $$$tc$$$ = class com.ibm.websphere.ras.TraceComponent@429b86e3
    dhostConfig = class com.ibm.ws.webcontainer.osgi.DynamicVirtualHostConfiguration@55b849cc
      tc = class com.ibm.websphere.ras.TraceComponent@1bed9346
      name = "default_host"
      activeContexts = class java.util.HashSet@59371c86
      tc = class com.ibm.websphere.ras.TraceComponent@70c8b1
      config = class com.ibm.ws.http.internal.VirtualHostImpl@1437b8b5
      _id = "default_host"
      _attributes = null
      serialVersionUID = 7511545662945734886
      $$$tc$$$ = class com.ibm.websphere.ras.TraceComponent@1448cec
    predefinedMatcher = null
    normalizeRequestURI = false
    logger = class com.ibm.ws.logging.internal.WsLogger@69d5c287
      tc = class com.ibm.websphere.ras.TraceComponent@25da52b7
      ivCachedResourceBundleName = "com.ibm.ws.webcontainer.resources.Messages"
      ivCachedResourceBundle = class com.ibm.ws.webcontainer.resources.Messages@5123ad00
      ivComponent = null
      ivOrganization = null
      ivProduct = null
      ivMinimumLocalizationLevelIntValue = 625
      ivTC = class com.ibm.websphere.ras.TraceComponent@ad62a35
      loggerRegistrationComponent = class java.lang.ThreadLocal@3797f522
      emptyHandlers = class java.util.logging.Handler[0]
      offValue = 2147483647
      SYSTEM_LOGGER_RB_NAME = "sun.util.logging.resources.logging"
      SYSTEM_BUNDLE = class java.util.logging.Logger$LoggerBundle@1b4e2314
      NO_RESOURCE_BUNDLE = class java.util.logging.Logger$LoggerBundle@3f1c6b56
      manager = class com.ibm.ws.kernel.boot.logging.WsLogManager@739b8a18
      name = "com.ibm.ws.webcontainer"
      handlers = class java.util.concurrent.CopyOnWriteArrayList@2b3a69a7
      loggerBundle = class java.util.logging.Logger$LoggerBundle@2b086879
      useParentHandlers = true
      filter = null
      anonymous = false
      catalog = class com.ibm.ws.webcontainer.resources.Messages@5123ad00
      catalogName = "com.ibm.ws.webcontainer.resources.Messages"
      catalogLocale = class java.util.Locale@3be9fa91
      treeLock = class java.lang.Object@140d7cbe
      parent = class java.util.logging.Logger@266a18dd
      kids = class java.util.ArrayList@17b8f789
      levelObject = class java.util.logging.Level@64cc80ac
      levelValue = 800
      callersClassLoaderRef = class java.lang.ref.WeakReference@6fb7c388
      isSystemLogger = false
      GLOBAL_LOGGER_NAME = "global"
      global = class java.util.logging.Logger@6c5587cc
      $assertionsDisabled = true
    CLASS_NAME = "com.ibm.ws.webcontainer.VirtualHost"
    vHostConfig = class com.ibm.ws.webcontainer.osgi.DynamicVirtualHostConfiguration@55b849cc
    commands = class java.util.ArrayList@31c332d8
      serialVersionUID = 8683452581122892189
      DEFAULT_CAPACITY = 10
      EMPTY_ELEMENTDATA = class java.lang.Object[0]
      DEFAULTCAPACITY_EMPTY_ELEMENTDATA = class java.lang.Object[0]
      elementData = class java.lang.Object[3]
      size = 0
      MAX_ARRAY_SIZE = 2147483639
      modCount = 0
      MAX_ARRAY_SIZE = 2147483639
    requestMapper = class com.ibm.wsspi.webcontainer.util.URIMapper@64ec6144
      matcher = class com.ibm.wsspi.webcontainer40.util.URIMatcher40@7879f064
    parent = class com.ibm.ws.webcontainer.osgi.WebContainer@4d4d2e2e
    name = "default_host"
    isAlive = true
    subElements = class java.util.HashMap@72547cd0
      serialVersionUID = 362498820763181265
      DEFAULT_INITIAL_CAPACITY = 16
      MAXIMUM_CAPACITY = 1073741824
      DEFAULT_LOAD_FACTOR = 0.75
      TREEIFY_THRESHOLD = 8
      UNTREEIFY_THRESHOLD = 6
      MIN_TREEIFY_CAPACITY = 64
      table = class java.util.HashMap$Node[16]
      entrySet = null
      size = 1
      modCount = 1
      threshold = 12
      loadFactor = 0.75
      keySet = null
      values = null
    attributes = null
    config = null
    serialVersionUID = -8271459000149267764
    $$$tc$$$ = class com.ibm.websphere.ras.TraceComponent@429b86e3
      strings[0] = "TraceComponent[com.ibm.ws.container.AbstractContainer,class com.ibm.ws.container.AbstractContainer,[],null,null]"
  Object[1] = class com.ibm.ws.webcontainer40.osgi.webapp.WebApp40@4d4ce34f
    tc = class com.ibm.websphere.ras.TraceComponent@78824e5d
      strings[0] = "TraceComponent[com.ibm.ws.webcontainer40.osgi.webapp.WebApp40,class com.ibm.ws.webcontainer40.osgi.webapp.WebApp40,[webcontainer],com.ibm.ws.webcontainer31.resources.Messages,null]"
    servlet40NLS = class com.ibm.ejs.ras.TraceNLS@787cfd7e
      resolver = class com.ibm.ws.logging.internal.TraceNLSResolver@701a9d86
      finder = null
      ivBundleName = "com.ibm.ws.webcontainer40.resources.Messages"
      caller = class java.lang.Class@5c648482
    CLASS_NAME = "com.ibm.ws.webcontainer40.osgi.webapp.WebApp40"
    defaultSessionTimeout = 30
    tc = class com.ibm.websphere.ras.TraceComponent@597a61d6
      strings[0] = "TraceComponent[com.ibm.ws.webcontainer31.osgi.webapp.WebApp31,class com.ibm.ws.webcontainer31.osgi.webapp.WebApp31,[webcontainer],com.ibm.ws.webcontainer31.resources.Messages,null]"
    CLASS_NAME = "com.ibm.ws.webcontainer31.osgi.webapp.WebApp31"
    servlet31NLS = class com.ibm.ejs.ras.TraceNLS@3daa9b31
      resolver = class com.ibm.ws.logging.internal.TraceNLSResolver@701a9d86
      finder = null
      ivBundleName = "com.ibm.ws.webcontainer31.resources.Messages"
      caller = class java.lang.Class@3acb2b6d
    validListenerClasses = class java.lang.Class[7]
      Class[0] = class java.lang.Class@cab81e6
      Class[1] = class java.lang.Class@6d311527
      Class[2] = class java.lang.Class@21e721a5
      Class[3] = class java.lang.Class@291231f9
      Class[4] = class java.lang.Class@79e6218c
      Class[5] = class java.lang.Class@1c9b9bba
      Class[6] = class java.lang.Class@25f5b119
    wsocServHandler = class com.ibm.ws.wsoc.external.WsocHandlerImpl@6ae47c41
      tc = class com.ibm.websphere.ras.TraceComponent@51df8e63
      noMoreAddsCalled = false
      serialVersionUID = -2067291126638824067
    tc = class com.ibm.websphere.ras.TraceComponent@4bd577dc
      strings[0] = "TraceComponent[com.ibm.ws.webcontainer.osgi.webapp.WebApp,class com.ibm.ws.webcontainer.osgi.webapp.WebApp,[webcontainer],com.ibm.ws.webcontainer.resources.LShimMessages,null]"
    CLASS_NAME = "com.ibm.ws.webcontainer.osgi.webapp.WebApp"
    metaDataService = class com.ibm.ws.container.service.metadata.internal.MetaDataServiceImpl@608dd323
      applicationMetaDataManager = class com.ibm.ws.container.service.metadata.internal.ApplicationMetaDataManager@2d8265fd
      moduleMetaDataManager = class com.ibm.ws.container.service.metadata.internal.ModuleMetaDataManager@104efcd1
      componentMetaDataManager = class com.ibm.ws.container.service.metadata.internal.ComponentMetaDataManager@11af6712
      methodMetaDataManager = class com.ibm.ws.container.service.metadata.internal.MethodMetaDataManager@6b69d614
      appModuleNameToModuleContainer = class java.util.concurrent.ConcurrentHashMap@55faeb09
      jeeNameToComponentMetaData = class java.util.concurrent.ConcurrentHashMap@32352d13
      deferredMetaDataFactories = class com.ibm.wsspi.kernel.service.utils.ConcurrentServiceReferenceSet@58485bb0
      deferredMetaDataInitializers = class com.ibm.wsspi.kernel.service.utils.ConcurrentServiceReferenceMap@7d34ffdb
      serialVersionUID = -2494605732980966097
      $$$tc$$$ = class com.ibm.websphere.ras.TraceComponent@5c5f56e3
    namespacePopulated = false
    referenceContext = class com.ibm.ws.injectionengine.osgi.internal.OSGiReferenceContextImpl@11c624a5
      scopeData = class com.ibm.ws.injectionengine.osgi.internal.OSGiInjectionScopeData@517a395b
      serialVersionUID = 521511923892134915
      $$$tc$$$ = class com.ibm.websphere.ras.TraceComponent@161210c5
      CLASS_NAME = "com.ibm.ws.injectionengine.ReferenceContextImpl"
      tc = class com.ibm.websphere.ras.TraceComponent@1c101870
      ivInjectionEngine = class com.ibm.ws.injectionengine.osgi.internal.OSGiInjectionEngineImpl@254c8b8
      ivProviders = class java.util.ArrayList@4ad2cc61
      ivComponentJavaContext = null
      ivComponentNameSpace = null
      ivJavaColonCompEnvMap = class java.util.LinkedHashMap@54c43052
      ivEjbContext10 = class java.util.Properties@6d504536
      ivResourceRefConfigList = null
      isAlreadyProcessed = true
      ivProcessFailure = null
      ivInjectionTargetMap = class java.util.concurrent.ConcurrentHashMap@28209de5
      svInjTarMapCacheSize = 256
      ivDeclaredInjectionTargets = class java.util.HashMap@74cdfd44
      ivProcessedInjectionClasses = class java.util.HashSet@17e052f
      ivProcessedInjectionBindings = class java.util.LinkedHashSet@6ee889c3
      ivAnyProcessDynamic = true
      ivCheckAppConfig = false
    j2eeNameFactory = class com.ibm.ws.container.service.metadata.internal.J2EENameFactoryImpl@29323c5f
      serialVersionUID = 3486344295038028821
      $$$tc$$$ = class com.ibm.websphere.ras.TraceComponent@7c59a36f
    moduleLoader = class com.ibm.ws.classloading.internal.AppClassLoader@39671bbd
      tc = class com.ibm.websphere.ras.TraceComponent@2ffcc7f3
      PARENT_FIRST_SEARCH_ORDER = class java.util.Collections$UnmodifiableRandomAccessList@393546d8
      CLASS_LOADING_TRACE_PREFIX = "com.ibm.ws.class.load."
      DEFAULT_PACKAGE = "default.package"
      perPackageClassLoadingTraceComponents = class java.util.concurrent.ConcurrentHashMap@7dafb7a6
      config = class com.ibm.ws.classloading.internal.ClassLoaderConfigurationImpl@6308d66a
      privateLibraries = null
      delegateLoaders = class com.ibm.ws.classloading.internal.util.CompositeIterable@7bc1d42f
      nativeLibraryFiles = class java.util.ArrayList@68d14e09
      transformers = class java.util.ArrayList@68c3c632
      apiAccess = class com.ibm.ws.classloading.internal.GatewayClassLoader@22472459
      generator = class com.ibm.ws.classloading.internal.ClassGeneratorManager@4d5de6c6
      protectionDomains = class java.util.concurrent.ConcurrentHashMap@38c833ee
      parent = class com.ibm.ws.classloading.internal.GatewayClassLoader@22472459
      serialVersionUID = 952643806680066297
      tc = class com.ibm.websphere.ras.TraceComponent@21c6b385
      EMPTY_URL_ARRAY = class java.net.URL[0]
      smartClassPath = class com.ibm.ws.classloading.internal.ContainerClassLoader$SmartClassPathImpl@2c0f3cdd
      nativeLibraryContainers = class java.util.ArrayList@e46944c
      redefiner = class com.ibm.ws.classloading.internal.util.ClassRedefiner@77689129
      mapCreationQueue = class java.util.concurrent.Executors$FinalizableDelegatedExecutorService@71fa486f
      serialVersionUID = 7249739282446266343
      serialVersionUID = -7411549862368381758
      $$$tc$$$ = class com.ibm.websphere.ras.TraceComponent@8d1b157
      serialVersionUID = -4868702105808481416
      $$$tc$$$ = class com.ibm.websphere.ras.TraceComponent@224eafca
      serialVersionUID = 2596921220292114344
      $$$tc$$$ = class com.ibm.websphere.ras.TraceComponent@f9982c8
      initialized = true
      pdcache = class java.util.HashMap@1e987f79
      debug = null
      parent = class com.ibm.ws.classloading.internal.GatewayClassLoader@22472459
      parallelLockMap = null
      package2certs = class java.util.Hashtable@2dca545a
      nocerts = class java.security.cert.Certificate[0]
      classes = class java.util.Vector@e50d8bc
      defaultDomain = class java.security.ProtectionDomain@19dbe68c
      domains = class java.util.HashSet@44e53179
      packages = class java.util.HashMap@3bf2d53b
      scl = class sun.misc.Launcher$AppClassLoader@18b4aac2
      sclSet = true
      loadedLibraryNames = class java.util.Vector@26f39316
      systemNativeLibraries = class java.util.Vector@96ba040
      nativeLibraries = class java.util.Vector@567f4af9
      nativeLibraryContext = class java.util.Stack@40eb0549
      usr_paths = class java.lang.String[23]
      sys_paths = class java.lang.String[1]
      assertionLock = class com.ibm.ws.classloading.internal.AppClassLoader@39671bbd
      defaultAssertionStatus = false
      packageAssertionStatus = null
      classAssertionStatus = null
    webAppConfig = class com.ibm.ws.webcontainer.osgi.webapp.WebAppConfiguration@94a74e1
      webModuleMetaData = class com.ibm.ws.webcontainer.osgi.metadata.WebModuleMetaDataImpl@38e12661
      webComponentMetaData = class com.ibm.ws.webcontainer.osgi.metadata.WebComponentMetaDataImpl@4c83fc8e
      dVirtualHost = class com.ibm.ws.webcontainer.osgi.DynamicVirtualHost@29f47424
      orderedLibPaths = class java.util.Collections$UnmodifiableRandomAccessList@670e920e
      bundleHeaders = null
      cdiEnabled = false
      CLASS_NAME = "com.ibm.ws.webcontainer.webapp.WebAppConfiguration"
      logger = class com.ibm.ws.logging.internal.WsLogger@f912987
      tc = class com.ibm.websphere.ras.TraceComponent@2b8b8005
      nls = class com.ibm.ejs.ras.TraceNLS@359c8932
      version = 25
      contextRoot = "/web_war_exploded"
      isDefaultContextRootUsed = true
      sessionTimeout = 0
      moduleSessionTimeoutSet = false
      moduleSessionTrackingModeSet = false
      sessionCookieConfig = class com.ibm.ws.session.SessionCookieConfigImpl@38fac2f
      hasProgrammaticCookieConfig = false
      sessionDefaultTrackingModeSet = class java.util.RegularEnumSet@32ec4011
      sessionManagerConfig = class com.ibm.ws.session.SessionManagerConfig@6158ad4e
      displayName = "web_war_exploded"
      description = null
      reloadInterval = 0
      distributable = false
      denyUncoveredHttpMethods = false
      reloadingEnabled = false
      serveServletsByClassnameEnabled = null
      defaultErrorPage = null
      additionalClassPath = null
      fileServingEnabled = null
      directoryBrowsingEnabled = null
      autoRequestEncoding = false
      autoResponseEncoding = false
      autoLoadFilters = false
      requestListeners = null
      requestAttributeListeners = null
      sessionListeners = null
      localeMap = null
      moduleName = "web_war_exploded"
      j2eeModuleName = "web_war_exploded"
      moduleId = null
      isSyncToThreadEnabled = false
      encodeDispatchedRequestURI = false
      isSystemApp = false
      ardEnabled = false
      ardDispatchType = null
      listeners = class java.util.ArrayList@30dc7d4e
      welcomeFileList = class java.util.ArrayList@4ecc51ae
      servletMappings = class java.util.HashMap@1e707cae
      lastIndexBeforeDeclaredFilters = 1
      filterMappings = class java.util.ArrayList@3a6690f3
      servletInfo = class java.util.concurrent.ConcurrentHashMap@6903acfc
      filterInfo = class java.util.HashMap@456ec153
      mimeMappings = class java.util.HashMap@5866505c
      mimeFilters = null
      isMimeFilteringEnabled = false
      theWebGroup = null
      jspAttributes = class java.util.HashMap@5689a2ab
      fileServingAttributes = class java.util.HashMap@229990ca
      invokerAttributes = class java.util.HashMap@11ceb993
      contextParams = class java.util.HashMap@7bc0ff46
      virtualHost = "default_host"
      exceptionErrorPages = class java.util.HashMap@60c7966f
      codeErrorPages = class java.util.HashMap@eb6557d
      tagLibList = null
      precompileJsps = false
      webApp = class com.ibm.ws.webcontainer40.osgi.webapp.WebApp40@4d4ce34f
      virtualHostList = class java.util.Collections$EmptyList@6a506719
      appStartupWeight = 0
      moduleStartupWeight = 0
      metaDataComplete = false
      classesToScan = class java.util.ArrayList@16169fda
      uriFilterMappingInfos = null
      servletFilterMappingInfos = null
      dynamicServletRegistrationMap = null
      applicationName = "web_war_exploded"
      libBinPathList = class java.util.ArrayList@4abe0799
      webXmlDefinedListeners = class java.util.HashSet@769fbe0e
      allRefs = class java.util.EnumMap@1f1e676b
      allRefBindings = class java.util.EnumMap@3d54c31d
      envEntryValues = class java.util.HashMap@7ec99e1
      resourceRefConfigList = null
      disallowAllFileServingProp = null
      disallowServeServletsByClassnameProp = null
      disableStaticMappingCache = false
      jspCachedLocations = class java.util.HashMap@c8828dc
      primedSTSHeader = "NoValue"
      enablemultireadofpostdata = false
      requestEncoding = null
      responseEncoding = null
      NULLSERVLETNAME = "com.ibm.ws.webcontainer.NullServletName"
      _id = "WebAppGeneratedId1"
      _attributes = null
      serialVersionUID = 7511545662945734886
      $$$tc$$$ = class com.ibm.websphere.ras.TraceComponent@1448cec
    extensionProcessingDisabled = false
    managedObjectService = class com.ibm.ws.cdi.impl.managedobject.CDIManagedObjectService@78d17755
      cdiServiceRef = class com.ibm.wsspi.kernel.service.utils.AtomicServiceReference@519c9e8a
      defaultMOSRef = class com.ibm.wsspi.kernel.service.utils.AtomicServiceReference@f3530e0
      cdiRuntime = null
      serialVersionUID = 6431825704414919683
      $$$tc$$$ = class com.ibm.websphere.ras.TraceComponent@5f7ab512
    GenPluginCfgMB = null
    internalServletMetaData = interface com.ibm.wsspi.webcontainer.metadata.WebComponentMetaData[2]
      WebComponentMetaData[0] = null
      WebComponentMetaData[1] = null
    loginProcessor = null
    logoutProcessor = null
    collabHelper = class com.ibm.ws.webcontainer.osgi.collaborator.CollaboratorHelperImpl@19d7e484
      webAppInvCollabs = class java.util.Collections$UnmodifiableSet@71435a7
      securityDomainForApp = null
      logger = class com.ibm.ws.logging.internal.WsLogger@71ce6968
      staticDefaultSecurityCollaborator = class com.ibm.ws.webcontainer.collaborator.WebAppSecurityCollaborator@18a5514c
      logger = class com.ibm.ws.logging.internal.WsLogger@7060f05f
      CLASS_NAME = "com.ibm.wsspi.webcontainer.collaborator.CollaboratorHelper"
      webApp = class com.ibm.ws.webcontainer40.osgi.webapp.WebApp40@4d4ce34f
      securityCollaborator = null
      nameSpaceCollaborator = class com.ibm.ws.webcontainer.osgi.collaborator.WebAppNameSpaceCollaboratorImpl@2c86abb5
      transactionCollaborator = class com.ibm.ws.transaction.services.WebAppTransactionCollaboratorImpl@28060adc
      connectionCollaborator = class com.ibm.ws.webcontainer.collaborator.ConnectionCollaborator@182de69b
      allCollabEnum = class java.util.RegularEnumSet@15bc12dc
      servlet_23_or_greater = true
      DEFER_SERVLET_REQUEST_LISTENER_DESTROY_ON_ERROR = false
    envObject = class com.ibm.ws.util.WSThreadLocal@10810430
      tc = class com.ibm.ejs.ras.TraceComponent@3f5fd585
      count = 7
      index = 3
      SUSPECTED_MISUSAGE_THRESHOLD = 200
      threadLocalHashCode = 693320325
      nextHashCode = class java.util.concurrent.atomic.AtomicInteger@7e5d4472
      HASH_INCREMENT = 1640531527
    orderedLibPaths = class java.util.Collections$UnmodifiableRandomAccessList@670e920e
      serialVersionUID = -2542308836966382001
      serialVersionUID = -283967356065247728
      list = class java.util.ArrayList@540b23da
      serialVersionUID = 1820017752578914078
      c = class java.util.ArrayList@540b23da
    perm = class com.ibm.websphere.security.WebSphereRuntimePermission@6e259909
      serialVersionUID = -3306242789188168337
      $$$tc$$$ = class com.ibm.websphere.ras.TraceComponent@56549f24
      serialVersionUID = 6279438298436773498
      wildcard = false
      path = "accessServletContext"
      exitVM = false
      serialVersionUID = -5636570222231596674
      name = "accessServletContext"
    WELCOME_FILE_LIST = "com.ibm.ws.webcontainer.config.WelcomeFileList"
    DIR_BROWSING_MAPPING = "__dirBrowsing__1540747437205"
    FILTER_PROXY_MAPPING = "/__filterProxy__1540747437205"
    logger = class com.ibm.ws.logging.internal.WsLogger@f912987
      tc = class com.ibm.websphere.ras.TraceComponent@25da52b7
      ivCachedResourceBundleName = "com.ibm.ws.webcontainer.resources.Messages"
      ivCachedResourceBundle = class com.ibm.ws.webcontainer.resources.Messages@5123ad00
      ivComponent = null
      ivOrganization = null
      ivProduct = null
      ivMinimumLocalizationLevelIntValue = 625
      ivTC = class com.ibm.websphere.ras.TraceComponent@12eafdf7
      loggerRegistrationComponent = class java.lang.ThreadLocal@3797f522
      emptyHandlers = class java.util.logging.Handler[0]
      offValue = 2147483647
      SYSTEM_LOGGER_RB_NAME = "sun.util.logging.resources.logging"
      SYSTEM_BUNDLE = class java.util.logging.Logger$LoggerBundle@1b4e2314
      NO_RESOURCE_BUNDLE = class java.util.logging.Logger$LoggerBundle@3f1c6b56
      manager = class com.ibm.ws.kernel.boot.logging.WsLogManager@739b8a18
      name = "com.ibm.ws.webcontainer.webapp"
      handlers = class java.util.concurrent.CopyOnWriteArrayList@dcfafdc
      loggerBundle = class java.util.logging.Logger$LoggerBundle@67737bf2
      useParentHandlers = true
      filter = null
      anonymous = false
      catalog = class com.ibm.ws.webcontainer.resources.Messages@5123ad00
      catalogName = "com.ibm.ws.webcontainer.resources.Messages"
      catalogLocale = class java.util.Locale@3be9fa91
      treeLock = class java.lang.Object@140d7cbe
      parent = class com.ibm.ws.logging.internal.WsLogger@69d5c287
      kids = null
      levelObject = class java.util.logging.Level@64cc80ac
      levelValue = 800
      callersClassLoaderRef = class java.lang.ref.WeakReference@181ccb2c
      isSystemLogger = false
      GLOBAL_LOGGER_NAME = "global"
      global = class java.util.logging.Logger@6c5587cc
      $assertionsDisabled = true
    CLASS_NAME = "com.ibm.ws.webcontainer.webapp.WebApp"
    loader = class com.ibm.ws.classloading.internal.ThreadContextClassLoader@14948f20
      tc = class com.ibm.websphere.ras.TraceComponent@356a347
      bundle = class java.util.concurrent.atomic.AtomicReference@81d165e
      key = "WebModule:web_war_exploded#web_war_exploded"
      refCount = class java.util.concurrent.atomic.AtomicInteger@1c77adfb
      appLoader = class com.ibm.ws.classloading.internal.AppClassLoader@39671bbd
      clSvc = class com.ibm.ws.classloading.internal.ClassLoadingServiceImpl@55c15fae
      serialVersionUID = 846416563800781557
      followOnClassLoaders = class java.util.ArrayList@328cf245
      serialVersionUID = -5107316606107305512
      $$$tc$$$ = class com.ibm.websphere.ras.TraceComponent@3a862dc1
      serialVersionUID = -4868702105808481416
      $$$tc$$$ = class com.ibm.websphere.ras.TraceComponent@224eafca
      serialVersionUID = 2596921220292114344
      $$$tc$$$ = class com.ibm.websphere.ras.TraceComponent@f9982c8
      initialized = true
      pdcache = class java.util.HashMap@357d64b
      debug = null
      parent = class com.ibm.ws.classloading.internal.GatewayClassLoader@6e3fb6f4
      parallelLockMap = null
      package2certs = class java.util.Hashtable@569c12be
      nocerts = class java.security.cert.Certificate[0]
      classes = class java.util.Vector@695aa8ae
      defaultDomain = class java.security.ProtectionDomain@11b7c008
      domains = class java.util.HashSet@2cefb9fb
      packages = class java.util.HashMap@1ad0573a
      scl = class sun.misc.Launcher$AppClassLoader@18b4aac2
      sclSet = true
      loadedLibraryNames = class java.util.Vector@26f39316
      systemNativeLibraries = class java.util.Vector@96ba040
      nativeLibraries = class java.util.Vector@581ae0f7
      nativeLibraryContext = class java.util.Stack@40eb0549
      usr_paths = class java.lang.String[23]
      sys_paths = class java.lang.String[1]
      assertionLock = class com.ibm.ws.classloading.internal.ThreadContextClassLoader@14948f20
      defaultAssertionStatus = false
      packageAssertionStatus = null
      classAssertionStatus = null
    facade = class com.ibm.ws.webcontainer40.facade.ServletContextFacade40@617c9a14
      context = class com.ibm.ws.webcontainer40.osgi.webapp.WebApp40@4d4ce34f
    features = class java.util.ArrayList@39bc5749
      serialVersionUID = 8683452581122892189
      DEFAULT_CAPACITY = 10
      EMPTY_ELEMENTDATA = class java.lang.Object[0]
      DEFAULTCAPACITY_EMPTY_ELEMENTDATA = class java.lang.Object[0]
      elementData = class java.lang.Object[0]
      size = 0
      MAX_ARRAY_SIZE = 2147483639
      modCount = 0
      MAX_ARRAY_SIZE = 2147483639
    applicationName = "web_war_exploded"
    config = class com.ibm.ws.webcontainer.osgi.webapp.WebAppConfiguration@94a74e1
    securityEnabledForApp = null
    webExtensionProcessor = class com.ibm.ws.webcontainer.osgi.extension.WebExtensionProcessor@1fe9773e
      webApp = class com.ibm.ws.webcontainer40.osgi.webapp.WebApp40@4d4ce34f
      extensionContext = class com.ibm.ws.webcontainer40.osgi.webapp.WebApp40@4d4ce34f
    production = true
    isServlet23 = true
    contextPath = "/web_war_exploded"
    internalServletList = class [Ljava.lang.String;[2]
      String[][0] = class java.lang.String[2]
      String[][1] = class java.lang.String[2]
    BY_NAME_ONLY = "/_1540747437206_/"
    filterManager = null
    documentRoot = null
    SERVLET_API_VERSION = "Servlet 2.5"
    disableServletAuditLogging = -1
    serverInfo = "IBM WebSphere Liberty/18.0.0.3"
    sessionCtx = class com.ibm.ws.webcontainer31.session.impl.HttpSessionContext31Impl@2738a707
      methodClassName = "HttpSessionContextImpl"
      _smc = class com.ibm.ws.session.SessionManagerConfig@6158ad4e
      sessionStoreService = null
      _sap = class com.ibm.ws.session.SessionApplicationParameters@5950dafc
      _coreHttpSessionManager = class com.ibm.ws.session.SessionManager@1e6c5b08
      _coreHttpAppSessionManager = null
      _sam = class com.ibm.ws.webcontainer.session.impl.SessionAffinityManagerImpl@11d9c7c
      isSIPApplication = false
      sessionAttributeListener = true
      sessionListener = true
      mHttpSessionAttributeListeners = class java.util.ArrayList@1c09ca3d
      mHttpSessionListeners = class java.util.ArrayList@43d1647a
      mHttpSessionIdListeners = class java.util.ArrayList@3f99d313
      mHttpSessionAttributeListenersJ2eeNames = class java.util.ArrayList@520a56e0
      mHttpSessionListenersJ2eeNames = class java.util.ArrayList@8026be
      mHttpSessionIdListenersJ2eeNames = class java.util.ArrayList@483a7060
      mLocalHost = null
      _refCount = 1
      currentThreadSacHashtable = null
      methodClassName = "SessionContext"
      ANONYMOUS_USER = "anonymous"
      wasHttpSessionObserver = class com.ibm.ws.session.WasHttpSessionObserver@39ca233f
      wasHttpSessionAttributeObserver = null
      _invalidator = class com.ibm.ws.session.SessionInvalidatorWithThreadPool@3977cfb0
      _storer = class com.ibm.ws.session.EOSSessionStorer@3843abf6
      wasHttpAppSessionObserver = null
      mHttpAppSessionListeners = null
      cmvcInfo = "CMVC Version 1.9 6/24/07 11:12:24"
      _loggedVersion = true
      CREATE_CORE_SESSION_MANAGER = 0
      GET_REQUESTED_SESSION_ID = 1
      GET_IHTTP_SESSION = 2
      SESSION_PRE_INVOKE = 3
      SESSION_POST_INVOKE = 4
      STOP = 5
      STOP_LISTENERS = 6
      IS_VALID = 7
      ENCODE_URL = 8
      SHOULD_ENCODE_URL = 9
      IS_PROTOCOL_SWITCH = 10
      GET_LOCAL_HOST = 11
      ADD_HTTP_SESSION_ATTRIBUTE_LISTENER = 12
      ADD_HTTP_SESSION_LISTENER = 13
      GET_SESSION_AFFINITY_CONTEXT = 14
      CHECK_SECURITY = 15
      INVALIDATE = 16
      CHECK_SESSSIONID_IS_RIGHT_LENGTH = 17
      LOCK_SESSION = 18
      UNLOCK_SESSION = 19
      ADD_HTTP_SESSION_ID_LISTENER = 20
      methodNames = class java.lang.String[21]
    eventSource = class com.ibm.ws.webcontainer.webapp.WebAppEventSource@1c9b2d5d
      _invocationListeners = class com.ibm.ws.webcontainer.util.EventListeners@757b78b8
      _servletListeners = class com.ibm.ws.webcontainer.util.EventListeners@5981adcd
      _errorListeners = class com.ibm.ws.webcontainer.util.EventListeners@2c0cfb3a
      _applicationListeners = class com.ibm.ws.webcontainer.util.EventListeners@3426cfbd
      _filterInvocationListeners = class com.ibm.ws.webcontainer.util.EventListeners@36c6de9f
      _filterListeners = class com.ibm.ws.webcontainer.util.EventListeners@627df24f
      _filterErrorListeners = class com.ibm.ws.webcontainer.util.EventListeners@29630011
    nls = class com.ibm.ejs.ras.TraceNLS@47c63798
      resolver = class com.ibm.ws.logging.internal.TraceNLSResolver@701a9d86
      finder = null
      ivBundleName = "com.ibm.ws.webcontainer.resources.Messages"
      caller = class java.lang.Class@1290fad
    liberty_nls = class com.ibm.ejs.ras.TraceNLS@3f008754
      resolver = class com.ibm.ws.logging.internal.TraceNLSResolver@701a9d86
      finder = null
      ivBundleName = "com.ibm.ws.webcontainer.resources.LShimMessages"
      caller = class java.lang.Class@1290fad
    error_nls = class com.ibm.ejs.ras.TraceNLS@2c0dec58
      resolver = class com.ibm.ws.logging.internal.TraceNLSResolver@701a9d86
      finder = null
      ivBundleName = "com.ibm.ws.webcontainer.resources.ErrorPage"
      caller = class java.lang.Class@1290fad
    sessionListeners = class java.util.ArrayList@6ea2d501
      serialVersionUID = 8683452581122892189
      DEFAULT_CAPACITY = 10
      EMPTY_ELEMENTDATA = class java.lang.Object[0]
      DEFAULTCAPACITY_EMPTY_ELEMENTDATA = class java.lang.Object[0]
      elementData = class java.lang.Object[10]
      size = 2
      MAX_ARRAY_SIZE = 2147483639
      modCount = 6
      MAX_ARRAY_SIZE = 2147483639
    sessionIdListeners = class java.util.ArrayList@c40474d
      serialVersionUID = 8683452581122892189
      DEFAULT_CAPACITY = 10
      EMPTY_ELEMENTDATA = class java.lang.Object[0]
      DEFAULTCAPACITY_EMPTY_ELEMENTDATA = class java.lang.Object[0]
      elementData = class java.lang.Object[0]
      size = 0
      MAX_ARRAY_SIZE = 2147483639
      modCount = 0
      MAX_ARRAY_SIZE = 2147483639
    sessionAttrListeners = class java.util.ArrayList@37c14bb6
      serialVersionUID = 8683452581122892189
      DEFAULT_CAPACITY = 10
      EMPTY_ELEMENTDATA = class java.lang.Object[0]
      DEFAULTCAPACITY_EMPTY_ELEMENTDATA = class java.lang.Object[0]
      elementData = class java.lang.Object[10]
      size = 1
      MAX_ARRAY_SIZE = 2147483639
      modCount = 4
      MAX_ARRAY_SIZE = 2147483639
    addedSessionListeners = class java.util.ArrayList@74ed0e3a
      serialVersionUID = 8683452581122892189
      DEFAULT_CAPACITY = 10
      EMPTY_ELEMENTDATA = class java.lang.Object[0]
      DEFAULTCAPACITY_EMPTY_ELEMENTDATA = class java.lang.Object[0]
      elementData = class java.lang.Object[0]
      size = 0
      MAX_ARRAY_SIZE = 2147483639
      modCount = 0
      MAX_ARRAY_SIZE = 2147483639
    addedSessionAttrListeners = class java.util.ArrayList@c9fd77b
      serialVersionUID = 8683452581122892189
      DEFAULT_CAPACITY = 10
      EMPTY_ELEMENTDATA = class java.lang.Object[0]
      DEFAULTCAPACITY_EMPTY_ELEMENTDATA = class java.lang.Object[0]
      elementData = class java.lang.Object[0]
      size = 0
      MAX_ARRAY_SIZE = 2147483639
      modCount = 0
      MAX_ARRAY_SIZE = 2147483639
    servletContextListeners = class java.util.ArrayList@26b838a
      serialVersionUID = 8683452581122892189
      DEFAULT_CAPACITY = 10
      EMPTY_ELEMENTDATA = class java.lang.Object[0]
      DEFAULTCAPACITY_EMPTY_ELEMENTDATA = class java.lang.Object[0]
      elementData = class java.lang.Object[10]
      size = 3
      MAX_ARRAY_SIZE = 2147483639
      modCount = 10
      MAX_ARRAY_SIZE = 2147483639
    servletContextLAttrListeners = class java.util.ArrayList@13c2e8d9
      serialVersionUID = 8683452581122892189
      DEFAULT_CAPACITY = 10
      EMPTY_ELEMENTDATA = class java.lang.Object[0]
      DEFAULTCAPACITY_EMPTY_ELEMENTDATA = class java.lang.Object[0]
      elementData = class java.lang.Object[10]
      size = 1
      MAX_ARRAY_SIZE = 2147483639
      modCount = 4
      MAX_ARRAY_SIZE = 2147483639
    servletRequestListeners = class java.util.ArrayList@1fbe0ae4
      serialVersionUID = 8683452581122892189
      DEFAULT_CAPACITY = 10
      EMPTY_ELEMENTDATA = class java.lang.Object[0]
      DEFAULTCAPACITY_EMPTY_ELEMENTDATA = class java.lang.Object[0]
      elementData = class java.lang.Object[10]
      size = 1
      MAX_ARRAY_SIZE = 2147483639
      modCount = 4
      MAX_ARRAY_SIZE = 2147483639
    servletRequestLAttrListeners = class java.util.ArrayList@5a8a2d8b
      serialVersionUID = 8683452581122892189
      DEFAULT_CAPACITY = 10
      EMPTY_ELEMENTDATA = class java.lang.Object[0]
      DEFAULTCAPACITY_EMPTY_ELEMENTDATA = class java.lang.Object[0]
      elementData = class java.lang.Object[10]
      size = 1
      MAX_ARRAY_SIZE = 2147483639
      modCount = 4
      MAX_ARRAY_SIZE = 2147483639
    prependSlashToResource = false
    destroyed = true
    webAppNameSpaceCollab = class com.ibm.ws.webcontainer.osgi.collaborator.WebAppNameSpaceCollaboratorImpl@2c86abb5
      cmdai = class com.ibm.ws.threadContext.ComponentMetaDataAccessorImpl@7c0f6152
    txCollab = class com.ibm.ws.transaction.services.WebAppTransactionCollaboratorImpl@28060adc
      tc = class com.ibm.websphere.ras.TraceComponent@33ca652a
      ltCurrentRef = class com.ibm.wsspi.kernel.service.utils.AtomicServiceReference@23767b6b
      tranMgrRef = class com.ibm.wsspi.kernel.service.utils.AtomicServiceReference@54e39552
      userTranRef = class com.ibm.wsspi.kernel.service.utils.AtomicServiceReference@78e735b5
      uowCallbackRef = class com.ibm.wsspi.kernel.service.utils.AtomicServiceReference@6bef659a
      serialVersionUID = -8319003162899973281
    sessionActivationListeners = class java.util.ArrayList@4780cc12
      serialVersionUID = 8683452581122892189
      DEFAULT_CAPACITY = 10
      EMPTY_ELEMENTDATA = class java.lang.Object[0]
      DEFAULTCAPACITY_EMPTY_ELEMENTDATA = class java.lang.Object[0]
      elementData = class java.lang.Object[0]
      size = 0
      MAX_ARRAY_SIZE = 2147483639
      modCount = 2
      MAX_ARRAY_SIZE = 2147483639
    sessionBindingListeners = class java.util.ArrayList@4c6d571c
      serialVersionUID = 8683452581122892189
      DEFAULT_CAPACITY = 10
      EMPTY_ELEMENTDATA = class java.lang.Object[0]
      DEFAULTCAPACITY_EMPTY_ELEMENTDATA = class java.lang.Object[0]
      elementData = class java.lang.Object[0]
      size = 0
      MAX_ARRAY_SIZE = 2147483639
      modCount = 2
      MAX_ARRAY_SIZE = 2147483639
    scratchdir = null
    jspClassLoaderLimit = 0
    jspClassLoaderExclusionList = null
    jspClassLoadersMap = null
    jspClassLoaderLimitTrackIF = false
    defaultExtProc = null
    directoryBrowsingServlet = null
    cdiContexts = class java.util.concurrent.ConcurrentHashMap@55af8627
      serialVersionUID = 7249069246763182397
      MAXIMUM_CAPACITY = 1073741824
      DEFAULT_CAPACITY = 16
      MAX_ARRAY_SIZE = 2147483639
      DEFAULT_CONCURRENCY_LEVEL = 16
      LOAD_FACTOR = 0.75
      TREEIFY_THRESHOLD = 8
      UNTREEIFY_THRESHOLD = 6
      MIN_TREEIFY_CAPACITY = 64
      MIN_TRANSFER_STRIDE = 16
      RESIZE_STAMP_BITS = 16
      MAX_RESIZERS = 65535
      RESIZE_STAMP_SHIFT = 16
      MOVED = -1
      TREEBIN = -2
      RESERVED = -3
      HASH_BITS = 2147483647
      NCPU = 4
      serialPersistentFields = class java.io.ObjectStreamField[3]
      table = null
      nextTable = null
      baseCount = 0
      sizeCtl = 0
      transferIndex = 0
      cellsBusy = 0
      counterCells = null
      keySet = null
      values = null
      entrySet = null
      U = class sun.misc.Unsafe@76152d96
      SIZECTL = 20
      TRANSFERINDEX = 32
      BASECOUNT = 24
      CELLSBUSY = 36
      CELLVALUE = 144
      ABASE = 16
      ASHIFT = 2
      keySet = null
      values = null
    moduleConfig = class com.ibm.ws.webcontainer.osgi.container.DeployedModule@4de736a4
      tc = class com.ibm.websphere.ras.TraceComponent@6d3d54a
      loader = class com.ibm.ws.classloading.internal.ThreadContextClassLoader@14948f20
      webApp = class com.ibm.ws.webcontainer40.osgi.webapp.WebApp40@4d4ce34f
      webAppConfig = class com.ibm.ws.webcontainer.osgi.webapp.WebAppConfiguration@94a74e1
      contextRootAdded = null
      properContextRoot = "/web_war_exploded"
      mappingContextRoot = "/web_war_exploded/*"
      serialVersionUID = -2104814060051592457
      $$$tc$$$ = class com.ibm.websphere.ras.TraceComponent@45380ada
    extensionFactories = class java.util.ArrayList@c468356
      serialVersionUID = 8683452581122892189
      DEFAULT_CAPACITY = 10
      EMPTY_ELEMENTDATA = class java.lang.Object[0]
      DEFAULTCAPACITY_EMPTY_ELEMENTDATA = class java.lang.Object[0]
      elementData = class java.lang.Object[10]
      size = 4
      MAX_ARRAY_SIZE = 2147483639
      modCount = 8
      MAX_ARRAY_SIZE = 2147483639
    initialized = false
    lock = class com.ibm.ws.webcontainer.webapp.WebApp$1@2ab5e075
      this$0 = class com.ibm.ws.webcontainer40.osgi.webapp.WebApp40@4d4ce34f
    afterServletContextCreated = false
    redirectContextRoot = false
    errorExceptionTypeFirst = false
    initFilterBeforeServletInit = false
    sortedServletConfigs = class java.util.ArrayList@302c5ba
      serialVersionUID = 8683452581122892189
      DEFAULT_CAPACITY = 10
      EMPTY_ELEMENTDATA = class java.lang.Object[0]
      DEFAULTCAPACITY_EMPTY_ELEMENTDATA = class java.lang.Object[0]
      elementData = class java.lang.Object[10]
      size = 1
      MAX_ARRAY_SIZE = 2147483639
      modCount = 1
      MAX_ARRAY_SIZE = 2147483639
    effectiveMajorVersion = 2
    effectiveMinorVersion = 5
    canAddServletContextListener = true
    withinContextInitOfProgAddListener = false
    lastProgAddListenerInitialized = null
    webInfLibClassloader = null
    metaInfCache = class com.ibm.ws.webcontainer.webapp.WebApp$2@77248168
      this$0 = class com.ibm.ws.webcontainer40.osgi.webapp.WebApp40@4d4ce34f
      serialVersionUID = 3801124242820219131
      head = null
      tail = null
      accessOrder = true
      serialVersionUID = 362498820763181265
      DEFAULT_INITIAL_CAPACITY = 16
      MAXIMUM_CAPACITY = 1073741824
      DEFAULT_LOAD_FACTOR = 0.75
      TREEIFY_THRESHOLD = 8
      UNTREEIFY_THRESHOLD = 6
      MIN_TREEIFY_CAPACITY = 64
      table = null
      entrySet = null
      size = 0
      modCount = 0
      threshold = 32
      loadFactor = 1.0
      keySet = null
      values = null
    useMetaInfCache = true
    SUN_CONFIGURE_LISTENER_CLASSNAME = "com.sun.faces.config.ConfigureListener"
    MYFACES_LIFECYCLE_LISTENER_CLASSNAME = "org.apache.myfaces.webapp.StartupServletContextListener"
    JSF_IMPL_ENABLED_PARAM = "com.ibm.ws.jsf.JSF_IMPL_ENABLED"
    JSF_IMPL_ENABLED_CUSTOM = "Custom"
    JSF_IMPL_ENABLED_NONE = "None"
    staticDocRoot = class com.ibm.ws.webcontainer.util.DocumentRootUtils@4f40e0e9
      logger = class com.ibm.ws.logging.internal.WsLogger@3090d6b8
      CLASS_NAME = "com.ibm.ws.webcontainer.util.DocumentRootUtils"
      useContentLength = false
      matchedFile = null
      matchedZipFile = null
      matchedEntry = null
      matchedURL = null
      edrRoot = null
      pfedrRoot = null
      ctxt = class com.ibm.ws.webcontainer40.osgi.webapp.WebApp40@4d4ce34f
      baseDir = null
      edr = null
      pfedr = null
      metaInfRes = null
      searchpfEDR = false
      searchEDR = false
      searchMetaInfRes = true
      matchFromEDR = false
      matchFromMetaInfRes = false
      matchIsADirectory = false
      appConfig = class com.ibm.ws.webcontainer.osgi.webapp.WebAppConfiguration@94a74e1
      attributeType = "staticFile"
      STATIC_FILE = "staticFile"
      JSP = "jsp"
      PFEDR = "preFragmentExtendedDocumentRoot"
      EDR = "extendedDocumentRoot"
    jspDocRoot = class com.ibm.ws.webcontainer.util.DocumentRootUtils@4a73173c
      logger = class com.ibm.ws.logging.internal.WsLogger@3090d6b8
      CLASS_NAME = "com.ibm.ws.webcontainer.util.DocumentRootUtils"
      useContentLength = false
      matchedFile = null
      matchedZipFile = null
      matchedEntry = null
      matchedURL = null
      edrRoot = null
      pfedrRoot = null
      ctxt = class com.ibm.ws.webcontainer40.osgi.webapp.WebApp40@4d4ce34f
      baseDir = null
      edr = null
      pfedr = null
      metaInfRes = null
      searchpfEDR = false
      searchEDR = false
      searchMetaInfRes = true
      matchFromEDR = false
      matchFromMetaInfRes = false
      matchIsADirectory = false
      appConfig = class com.ibm.ws.webcontainer.osgi.webapp.WebAppConfiguration@94a74e1
      attributeType = "jsp"
      STATIC_FILE = "staticFile"
      JSP = "jsp"
      PFEDR = "preFragmentExtendedDocumentRoot"
      EDR = "extendedDocumentRoot"
    container = class com.ibm.ws.adaptable.module.internal.AdaptableContainerImpl@24040f81
      root = class com.ibm.ws.adaptable.module.internal.AdaptableContainerImpl@24040f81
      rootOverlay = class com.ibm.ws.artifact.overlay.internal.DirectoryBasedOverlayContainerImpl@1103b850
      factoryHolder = class com.ibm.ws.adaptable.module.internal.AdaptableModuleFactoryImpl@24de0c34
      delegate = class com.ibm.ws.artifact.overlay.internal.DirectoryBasedOverlayContainerImpl@1103b850
      notifier = class com.ibm.ws.adaptable.module.internal.NotifierImpl@24a8a7f
      serialVersionUID = -5621513278641113667
      $$$tc$$$ = class com.ibm.websphere.ras.TraceComponent@a7ae95d
    metaInfResourceFinder = class com.ibm.ws.webcontainer.util.MetaInfResourceFinder@5f4934dd
      jarResourceContainers = class java.util.ArrayList@480837de
      container = class com.ibm.ws.adaptable.module.internal.AdaptableContainerImpl@24040f81
    postConstructMethods = class com.ibm.ws.webcontainer.webapp.WebApp$AnnotatedMethods@c35c19d
      annotationClass = class java.lang.Class@5232fbc9
      noOpClassNames = class java.util.HashSet@40aa0859
      annotatedMethodNames = class java.util.concurrent.ConcurrentHashMap@77672af8
      EMPTY_METHODS = class java.lang.reflect.Method[0]
    preDestroyMethods = class com.ibm.ws.webcontainer.webapp.WebApp$AnnotatedMethods@443a3f5a
      annotationClass = class java.lang.Class@7bd2e6af
      noOpClassNames = class java.util.HashSet@33d3b582
      annotatedMethodNames = class java.util.concurrent.ConcurrentHashMap@72d874d0
      EMPTY_METHODS = class java.lang.reflect.Method[0]
    OBJ_EMPTY = class java.lang.Object[0]
    CLASS_EMPTY = class java.lang.Class[0]
    DEFAULT_JSP_EXTENSIONS = class java.util.ArrayList@16a21a16
      serialVersionUID = 8683452581122892189
      DEFAULT_CAPACITY = 10
      EMPTY_ELEMENTDATA = class java.lang.Object[0]
      DEFAULTCAPACITY_EMPTY_ELEMENTDATA = class java.lang.Object[0]
      elementData = class java.lang.Object[10]
      size = 4
      MAX_ARRAY_SIZE = 2147483639
      modCount = 4
      MAX_ARRAY_SIZE = 2147483639
    DEFER_SERVLET_REQUEST_LISTENER_DESTROY_ON_ERROR = false
    DO_ACCEPT_PARTIAL = true
    DO_NOT_ACCEPT_PARTIAL = false
    DO_ACCEPT_EXCLUDED = true
    DO_NOT_ACCEPT_EXCLUDED = false
    commands = class java.util.ArrayList@db3bc3
      serialVersionUID = 8683452581122892189
      DEFAULT_CAPACITY = 10
      EMPTY_ELEMENTDATA = class java.lang.Object[0]
      DEFAULTCAPACITY_EMPTY_ELEMENTDATA = class java.lang.Object[0]
      elementData = class java.lang.Object[3]
      size = 0
      MAX_ARRAY_SIZE = 2147483639
      modCount = 0
      MAX_ARRAY_SIZE = 2147483639
    requestMapper = class com.ibm.wsspi.webcontainer.util.URIMapper@22c02b6c
      matcher = class com.ibm.wsspi.webcontainer40.util.URIMatcher40@51457f2c
    parent = class com.ibm.ws.webcontainer.osgi.webapp.WebGroup@37150081
      tc = class com.ibm.websphere.ras.TraceComponent@33f0d61c
      logger = class com.ibm.ws.logging.internal.WsLogger@f912987
      CLASS_NAME = "com.ibm.ws.webcontainer.webapp.WebGroup"
      sessUrlRewritePrefix = ";jsessionid="
      qMark = "?"
      config = class com.ibm.ws.webcontainer.osgi.webapp.WebGroupConfiguration@3a361a8c
      webApp = class com.ibm.ws.webcontainer40.osgi.webapp.WebApp40@4d4ce34f
      commands = class java.util.ArrayList@33096cd3
      requestMapper = null
      parent = class com.ibm.ws.webcontainer.osgi.DynamicVirtualHost@29f47424
      name = "/web_war_exploded/*"
      isAlive = true
      subElements = class java.util.HashMap@5290e80c
      attributes = null
      config = null
      serialVersionUID = -8271459000149267764
      $$$tc$$$ = class com.ibm.websphere.ras.TraceComponent@429b86e3
    name = "web_war_exploded"
    isAlive = true
    subElements = null
    attributes = class java.util.concurrent.ConcurrentHashMap@31e1dedf
      serialVersionUID = 7249069246763182397
      MAXIMUM_CAPACITY = 1073741824
      DEFAULT_CAPACITY = 16
      MAX_ARRAY_SIZE = 2147483639
      DEFAULT_CONCURRENCY_LEVEL = 16
      LOAD_FACTOR = 0.75
      TREEIFY_THRESHOLD = 8
      UNTREEIFY_THRESHOLD = 6
      MIN_TREEIFY_CAPACITY = 64
      MIN_TRANSFER_STRIDE = 16
      RESIZE_STAMP_BITS = 16
      MAX_RESIZERS = 65535
      RESIZE_STAMP_SHIFT = 16
      MOVED = -1
      TREEBIN = -2
      RESERVED = -3
      HASH_BITS = 2147483647
      NCPU = 4
      serialPersistentFields = class java.io.ObjectStreamField[3]
      table = class java.util.concurrent.ConcurrentHashMap$Node[32]
      nextTable = null
      baseCount = 17
      sizeCtl = 24
      transferIndex = 0
      cellsBusy = 0
      counterCells = null
      keySet = null
      values = null
      entrySet = null
      U = class sun.misc.Unsafe@76152d96
      SIZECTL = 20
      TRANSFERINDEX = 32
      BASECOUNT = 24
      CELLSBUSY = 36
      CELLVALUE = 144
      ABASE = 16
      ASHIFT = 2
      keySet = null
      values = null
    config = null
    serialVersionUID = -8271459000149267764
    $$$tc$$$ = class com.ibm.websphere.ras.TraceComponent@429b86e3

