------Start of DE processing------ = [10/19/18 23:09:25:465 CST]
Exception = com.ibm.ws.container.service.metadata.MetaDataException
Source = com.ibm.ws.app.manager.module.internal.DeployedAppInfoBase
probeid = 371
Stack Dump = com.ibm.ws.container.service.metadata.MetaDataException: com.ibm.wsspi.adaptable.module.UnableToAdaptException: SRVE9016E: Unable to insert mapping [/Login] for servlet named [Login]. The URL pattern is already defined for servlet named [Prueba1].
	at com.ibm.ws.webcontainer.osgi.WebContainer.createModuleMetaData(WebContainer.java:848)
	at com.ibm.ws.app.manager.module.internal.ModuleHandlerBase.createModuleMetaData(ModuleHandlerBase.java:63)
	at com.ibm.ws.app.manager.module.internal.SimpleDeployedAppInfoBase$ModuleContainerInfoBase.createModuleMetaData(SimpleDeployedAppInfoBase.java:168)
	at com.ibm.ws.app.manager.module.internal.DeployedAppInfoBase.preDeployApp(DeployedAppInfoBase.java:368)
	at com.ibm.ws.app.manager.module.internal.DeployedAppInfoBase.deployApp(DeployedAppInfoBase.java:412)
	at com.ibm.ws.app.manager.war.internal.WARApplicationHandlerImpl.install(WARApplicationHandlerImpl.java:65)
	at com.ibm.ws.app.manager.internal.statemachine.StartAction.execute(StartAction.java:140)
	at com.ibm.ws.app.manager.internal.statemachine.ApplicationStateMachineImpl.enterState(ApplicationStateMachineImpl.java:1258)
	at com.ibm.ws.app.manager.internal.statemachine.ApplicationStateMachineImpl.run(ApplicationStateMachineImpl.java:873)
	at java.util.concurrent.ThreadPoolExecutor.runWorker(ThreadPoolExecutor.java:1149)
	at java.util.concurrent.ThreadPoolExecutor$Worker.run(ThreadPoolExecutor.java:624)
	at java.lang.Thread.run(Thread.java:748)
Caused by: com.ibm.wsspi.adaptable.module.UnableToAdaptException: SRVE9016E: Unable to insert mapping [/Login] for servlet named [Login]. The URL pattern is already defined for servlet named [Prueba1].
	at com.ibm.ws.webcontainer.osgi.container.config.WebAppConfiguratorHelper.configureWebServletAnnotation(WebAppConfiguratorHelper.java:2668)
	at com.ibm.ws.webcontainer.osgi.container.config.WebAppConfiguratorHelper.configureServletAnnotation(WebAppConfiguratorHelper.java:2439)
	at com.ibm.ws.webcontainer.osgi.container.config.WebAppConfiguratorHelper.configureFromAnnotations(WebAppConfiguratorHelper.java:807)
	at com.ibm.ws.webcontainer.osgi.container.config.WebAppConfigurator.configure(WebAppConfigurator.java:422)
	at com.ibm.ws.webcontainer.osgi.container.config.WebAppConfigurationAdapter.adapt(WebAppConfigurationAdapter.java:119)
	at com.ibm.ws.webcontainer.osgi.container.config.WebAppConfigurationAdapter.adapt(WebAppConfigurationAdapter.java:43)
	at com.ibm.ws.adaptable.module.internal.AdapterFactoryServiceImpl.adapt(AdapterFactoryServiceImpl.java:196)
	at com.ibm.ws.adaptable.module.internal.AdaptableContainerImpl.adapt(AdaptableContainerImpl.java:170)
	at com.ibm.ws.webcontainer.osgi.WebContainer.createModuleMetaData(WebContainer.java:833)
	... 11 more

Dump of callerThis
Object type = com.ibm.ws.app.manager.war.internal.WARDeployedAppInfo
  CONTEXT_ROOT = "context-root"
  webModuleHandler = class com.ibm.ws.app.manager.web.internal.WebModuleHandlerImpl@1b0b08f7
    serialVersionUID = 4795602325763828210
    $$$tc$$$ = class com.ibm.websphere.ras.TraceComponent@70f1c4cf
      strings[0] = "TraceComponent[com.ibm.ws.app.manager.web.internal.WebModuleHandlerImpl,class com.ibm.ws.app.manager.web.internal.WebModuleHandlerImpl,[webcontainer, applications, app.manager],com.ibm.ws.app.manager.war.internal.resources.Messages,null]"
    futureMonitor = class com.ibm.ws.threading.internal.FutureMonitorImpl@75b49853
    metaDataService = class com.ibm.ws.container.service.metadata.internal.MetaDataServiceImpl@a39342
    stateChangeService = class com.ibm.ws.container.service.state.internal.StateChangeServiceImpl@2214ec1
    moduleRuntimeContainer = class com.ibm.ws.webcontainer.osgi.WebContainer@e9a8b63
      tc = class com.ibm.websphere.ras.TraceComponent@2394c6dc
      CLASS_NAME = "com.ibm.ws.webcontainer.osgi.WebContainer"
      initialized = true
      eventService = class com.ibm.ws.event.internal.EventEngineImpl@1342189d
      futureMonitor = class com.ibm.ws.threading.internal.FutureMonitorImpl@75b49853
      classLoadingSRRef = class com.ibm.wsspi.kernel.service.utils.AtomicServiceReference@5a4a296d
      sessionHelperSRRef = class com.ibm.wsspi.kernel.service.utils.AtomicServiceReference@65506ed8
      cacheManagerSRRef = class com.ibm.wsspi.kernel.service.utils.AtomicServiceReference@66d5041f
      injectionEngineSRRef = class com.ibm.wsspi.kernel.service.utils.AtomicServiceReference@37726e96
      managedObjectServiceSRRef = class com.ibm.wsspi.kernel.service.utils.AtomicServiceReference@3cf82854
      backgroundWebAppStartFutures = class com.ibm.ws.webcontainer.util.OneTimeUseArrayList@5ab8b7bd
      REFERENCE_WEB_MBEAN_RUNTIME = "webMBeanRuntime"
      webMBeanRuntimeServiceRef = class com.ibm.wsspi.kernel.service.utils.AtomicServiceReference@1403a509
      servletContainerInitializers = class com.ibm.wsspi.kernel.service.utils.ConcurrentServiceReferenceSet@30a16fc1
      es = class com.ibm.ws.threading.internal.ExecutorServiceImpl@4d665b09
      locationServiceRef = class java.util.concurrent.atomic.AtomicReference@527c0847
      transferContextServiceRef = class com.ibm.wsspi.kernel.service.utils.ConcurrentServiceReferenceSet@5bdec4ec
      encodingServiceRef = class java.util.concurrent.atomic.AtomicReference@603a6731
      instance = class java.util.concurrent.atomic.AtomicReference@1ffbd62c
      vhostManager = class com.ibm.ws.webcontainer.osgi.DynamicVirtualHostManager@2d77cba4
      metaDataService = class com.ibm.ws.container.service.metadata.internal.MetaDataServiceImpl@a39342
      j2eeNameFactory = class com.ibm.ws.container.service.metadata.internal.J2EENameFactoryImpl@33937f88
      context = class org.apache.felix.scr.impl.manager.ComponentContextImpl@72988560
      contextRoots = class java.util.Collections$SynchronizedSet@61214a7c
      pendingContextRoots = class java.util.HashMap@7d04ec99
      deployedModuleMap = class java.util.concurrent.ConcurrentHashMap@55c3a38e
      connContextPool = class com.ibm.ws.webcontainer40.osgi.srt.factory.SRTConnectionContextPool40Impl@63c69fd3
      DEFAULT_PORT = "*"
      DEFAULT_VHOST_NAME = "default_host"
      cachedServerInfo = null
      lock = class com.ibm.ws.webcontainer.osgi.WebContainer$1@85f5b7d
      webAppFactory = class com.ibm.ws.webcontainer40.osgi.webapp.factory.WebAppFactory40Impl@52e51ecb
      requestFactory = class com.ibm.ws.webcontainer40.osgi.response.factory.IRequestResponseFactory40Impl@1a7208ca
      responseFactory = class com.ibm.ws.webcontainer40.osgi.response.factory.IRequestResponseFactory40Impl@1a7208ca
      asyncContextFactory = class com.ibm.ws.webcontainer40.async.factory.AsyncContextFactory40Impl@4d9d2450
      DEFAULT_MAX_VERSION = 30
      versionRef = class org.eclipse.osgi.internal.serviceregistry.ServiceReferenceImpl@3feb1a2d
      serverStopping = class com.ibm.ws.staticvalue.StaticValue$FinalSingleton@4502585d
      modulesStarting = 0
      uriMatcherFactory = class com.ibm.wsspi.webcontainer40.util.factory.URIMatcherFactory40Impl@4f3c3c6f
      SPEC_LEVEL_UNLOADED = -1
      SPEC_LEVEL_30 = 30
      SPEC_LEVEL_31 = 31
      SPEC_LEVEL_40 = 40
      DEFAULT_SPEC_LEVEL = 30
      loadedContainerSpecLevel = 40
      ISO = "ISO-8859-1"
      encoding = "UTF-8"
      decode = true
      wcconfig = class com.ibm.ws.webcontainer.osgi.WebContainerConfiguration@cfa7b47
      applicationListeners = class java.util.ArrayList@5b6d0a35
      servletListeners = class java.util.ArrayList@751c9a73
      servletErrorListeners = class java.util.ArrayList@279a1e62
      servletInvocationListeners = class java.util.ArrayList@78657995
      filterInvocationListeners = class java.util.ArrayList@4b6af80e
      filterErrorListeners = class java.util.ArrayList@5ab42c12
      filterListeners = class java.util.ArrayList@2d2a5028
      servletRequestListeners = class java.util.ArrayList@7e502dc9
      servletRequestAttributeListeners = class java.util.ArrayList@62661085
      servletContextListeners = class java.util.ArrayList@19c97467
      servletContextAttributeListeners = class java.util.ArrayList@661dcc66
      sessionListeners = class java.util.ArrayList@195c9b09
      sessionIdListeners = class java.util.ArrayList@4bec429f
      sessionAttributeListeners = class java.util.ArrayList@19d46dc9
      DEFAULT_HOST = "default_host"
      _initialized = true
      logger = class com.ibm.ws.logging.internal.WsLogger@1122ec69
      CLASS_NAME = "com.ibm.ws.webcontainer.internal.WebContainer"
      nls = class com.ibm.ejs.ras.TraceNLS@6c5ba997
      self = class java.util.concurrent.atomic.AtomicReference@458ae639
      _cipherToBit = class java.util.HashMap@7f8a7164
      cacheKeyStringBuilder = class com.ibm.ws.util.WSThreadLocal@794d8b58
      listenersInitialized = false
      webConProperties = class java.util.Properties@48eb82f7
      sessionRegistry = null
      isStopped = false
      readWriteLockForStopping = class java.util.concurrent.locks.ReentrantReadWriteLock@5a420efd
      urlPrefix = ";jsessionid="
      extensionFactories = class java.util.ArrayList@76ef4580
      postInitExtensionFactories = null
      httpResponseListeners = class java.util.ArrayList@63ed174e
      servletContainerInitializers = class java.util.ServiceLoader@7785ddfe
      auditManager = class com.ibm.websphere.security.audit.context.AuditManager@3d7a1015
      threadLocal = class java.lang.ThreadLocal@31b5917f
      invocationCacheSize = 500
      decodePlusSign = true
      _cacheMap = class java.util.concurrent.ConcurrentHashMap@3ae9a760
      _cacheSize = class java.util.concurrent.atomic.AtomicInteger@635ae7ee
      vHostCompatFlag = false
      platformHelper = class com.ibm.ws.webcontainer.PlatformHelper@e4db928
      isDefaultTempDir = true
      tempDir = null
      servletCachingInitNeeded = true
      appInstallBegun = false
      cacheServletWrapperFactory = class com.ibm.ws.webcontainer40.servlet.factory.CacheServletWrapperFactory40Impl@13eeeff7
      commands = class java.util.ArrayList@501a66bd
      requestMapper = class com.ibm.ws.webcontainer.util.VirtualHostContextRootMapper@33fd016f
      parent = null
      name = "Was.webcontainer"
      isAlive = true
      subElements = null
      attributes = null
      config = null
      serialVersionUID = -8271459000149267764
      $$$tc$$$ = class com.ibm.websphere.ras.TraceComponent@65f58e4c
    firstFailure = null
    serialVersionUID = -4563697739413190872
    $$$tc$$$ = class com.ibm.websphere.ras.TraceComponent@249c04fe
      strings[0] = "TraceComponent[com.ibm.ws.app.manager.module.internal.ModuleHandlerBase,class com.ibm.ws.app.manager.module.internal.ModuleHandlerBase,[applications, app.manager],,null]"
  webContainerModuleInfo = class com.ibm.ws.app.manager.module.internal.SimpleDeployedAppInfoBase$WebModuleContainerInfo@1ffaf4b4
    contextRoot = null
    defaultContextRoot = "web_war_exploded"
    serialVersionUID = -8158961796913348204
    $$$tc$$$ = class com.ibm.websphere.ras.TraceComponent@575b9864
      strings[0] = "TraceComponent[com.ibm.ws.app.manager.module.internal.SimpleDeployedAppInfoBase$WebModuleContainerInfo,class com.ibm.ws.app.manager.module.internal.SimpleDeployedAppInfoBase$WebModuleContainerInfo,[applications, app.manager],,null]"
    moduleHandler = class com.ibm.ws.app.manager.web.internal.WebModuleHandlerImpl@1b0b08f7
    moduleMetaDataExtenders = class java.util.concurrent.CopyOnWriteArrayList@1837803d
      serialVersionUID = 8673264195747942595
      lock = class java.util.concurrent.locks.ReentrantLock@7ffea88c
      array = class java.lang.Object[2]
      UNSAFE = class sun.misc.Unsafe@73adcc20
      lockOffset = 12
    nestedModuleMetaDataFactories = class java.util.concurrent.CopyOnWriteArrayList@4d095026
      serialVersionUID = 8673264195747942595
      lock = class java.util.concurrent.locks.ReentrantLock@59afb93d
      array = class java.lang.Object[1]
      UNSAFE = class sun.misc.Unsafe@73adcc20
      lockOffset = 12
    nestedModules = null
    moduleName = "web_war_exploded"
    moduleDD = class com.ibm.ws.javaee.ddmodel.web.common.WebAppType@7b1ef5e7
      version = class com.ibm.ws.javaee.ddmodel.TokenType@d88b807
      metadata_complete = null
      module_name = null
      absolute_ordering = null
      serialVersionUID = 4092807504738198665
      $$$tc$$$ = class com.ibm.websphere.ras.TraceComponent@6b20c6ce
      description = null
      display_name = null
      icon = null
      distributable = null
      context_param = null
      filter = null
      filter_mapping = null
      listener = null
      servlet = class com.ibm.ws.javaee.ddmodel.web.common.ServletType$ListType@60a1c107
      servlet_mapping = class com.ibm.ws.javaee.ddmodel.web.common.ServletMappingType$ListType@3229eaa7
      session_config = null
      mime_mapping = null
      welcome_file_list = null
      error_page = null
      jsp_config = null
      security_constraint = null
      deny_uncovered_http_methods = null
      login_config = null
      security_role = null
      message_destination = null
      locale_encoding_mapping_list = null
      default_context_path = null
      request_encoding = null
      response_encoding = null
      servletNameToServletMap = null
      filterNameToFilterMap = null
      ejbRefNameToEJBLocalRefMap = null
      ejbRefNameToEJBRefMap = null
      resourceEnvRefNameToResourceEnvRefMap = null
      messageDestinationRefNameToMessageDestinationRefMap = null
      resRefNameToResourceRefMap = null
      envEntryNameToEnvEntryMap = null
      roleNameToSecurityRoleMap = null
      roleLinkToSecurityRoleRefMap = null
      handlerNameToHandlerMap = null
      path = "WEB-INF/web.xml"
      idMap = class com.ibm.ws.javaee.ddmodel.DDParser$ComponentIDMap@28602fc9
      serialVersionUID = 5321339975883512588
      $$$tc$$$ = class com.ibm.websphere.ras.TraceComponent@2724f5c5
      post_construct = null
      pre_destroy = null
      serialVersionUID = 1102064201943992836
      $$$tc$$$ = class com.ibm.websphere.ras.TraceComponent@6bb4ff90
      env_entry = null
      ejb_ref = null
      ejb_local_ref = null
      resource_ref = null
      resource_env_ref = null
      message_destination_ref = null
      persistence_context_ref = null
      persistence_unit_ref = null
      data_source = null
      jms_connection_factory = null
      jms_destination = null
      mail_session = null
      connection_factory = null
      administered_object = null
      serialVersionUID = 8931982405528922228
      $$$tc$$$ = class com.ibm.websphere.ras.TraceComponent@9b7ac0b
      service_ref = null
      serialVersionUID = -6199862059825607270
      $$$tc$$$ = class com.ibm.websphere.ras.TraceComponent@28f9431e
      nilled = false
      serialVersionUID = -2826386306561723362
      $$$tc$$$ = class com.ibm.websphere.ras.TraceComponent@739c3782
    moduleInfo = class com.ibm.ws.app.manager.module.internal.WebModuleInfoImpl@4e197727
      contextRoot = "/web_war_exploded"
      isDefaultContextRootUsed = true
      serialVersionUID = -1540279394520440503
      $$$tc$$$ = class com.ibm.websphere.ras.TraceComponent@2dcb5b95
      tc = class com.ibm.websphere.ras.TraceComponent@1bc2e91f
      appInfo = class com.ibm.ws.container.service.app.deploy.internal.ApplicationInfoImpl@26ac5eba
      moduleName = "web_war_exploded"
      path = "web_war_exploded"
      moduleContainer = class com.ibm.ws.adaptable.module.internal.AdaptableContainerImpl@7f05755a
      altDDEntry = null
      moduleClassesContainers = class java.util.ArrayList@24b6d1
      classLoaderFactory = class com.ibm.ws.app.manager.war.internal.WARDeployedAppInfo@40008ca3
      containerInfoType = class com.ibm.ws.container.service.app.deploy.ContainerInfo$Type@372ab573
      classLoader = class com.ibm.ws.classloading.internal.AppClassLoader@3247bca6
      moduleMetaData = null
      nestedModuleMetaDataTypes = null
      nestedModuleMetaDataValues = null
      serialVersionUID = 3986734351620206554
    serialVersionUID = 8693907776607441911
    $$$tc$$$ = class com.ibm.websphere.ras.TraceComponent@2939fb2f
      strings[0] = "TraceComponent[com.ibm.ws.app.manager.module.internal.SimpleDeployedAppInfoBase$ModuleContainerInfoBase,class com.ibm.ws.app.manager.module.internal.SimpleDeployedAppInfoBase$ModuleContainerInfoBase,[applications, app.manager],,null]"
    type = class com.ibm.ws.container.service.app.deploy.ContainerInfo$Type@372ab573
      MANIFEST_CLASSPATH = class com.ibm.ws.container.service.app.deploy.ContainerInfo$Type@6b5dbb4d
      WEB_INF_CLASSES = class com.ibm.ws.container.service.app.deploy.ContainerInfo$Type@3b5856b0
      WEB_INF_LIB = class com.ibm.ws.container.service.app.deploy.ContainerInfo$Type@5372a0f4
      EAR_LIB = class com.ibm.ws.container.service.app.deploy.ContainerInfo$Type@6c864913
      WEB_MODULE = class com.ibm.ws.container.service.app.deploy.ContainerInfo$Type@372ab573
      EJB_MODULE = class com.ibm.ws.container.service.app.deploy.ContainerInfo$Type@6a07101d
      CLIENT_MODULE = class com.ibm.ws.container.service.app.deploy.ContainerInfo$Type@1313263b
      RAR_MODULE = class com.ibm.ws.container.service.app.deploy.ContainerInfo$Type@55a041ad
      JAR_MODULE = class com.ibm.ws.container.service.app.deploy.ContainerInfo$Type@b3054db
      SHARED_LIB = class com.ibm.ws.container.service.app.deploy.ContainerInfo$Type@59e52a58
      $VALUES = class com.ibm.ws.container.service.app.deploy.ContainerInfo$Type[10]
      $$$tc$$$ = class com.ibm.websphere.ras.TraceComponent@11dbff5e
      name = "WEB_MODULE"
      ordinal = 4
    name = "web_war_exploded"
    container = class com.ibm.ws.adaptable.module.internal.AdaptableContainerImpl@7f05755a
      root = class com.ibm.ws.adaptable.module.internal.AdaptableContainerImpl@7f05755a
      rootOverlay = class com.ibm.ws.artifact.overlay.internal.DirectoryBasedOverlayContainerImpl@3c7031bf
      factoryHolder = class com.ibm.ws.adaptable.module.internal.AdaptableModuleFactoryImpl@30f75b47
      delegate = class com.ibm.ws.artifact.overlay.internal.DirectoryBasedOverlayContainerImpl@3c7031bf
      notifier = class com.ibm.ws.adaptable.module.internal.NotifierImpl@650b3e63
      serialVersionUID = -5621513278641113667
      $$$tc$$$ = class com.ibm.websphere.ras.TraceComponent@4c8641e7
    altDDEntry = null
    classesContainerInfo = class java.util.ArrayList@24b6d1
      serialVersionUID = 8683452581122892189
      DEFAULT_CAPACITY = 10
      EMPTY_ELEMENTDATA = class java.lang.Object[0]
      DEFAULTCAPACITY_EMPTY_ELEMENTDATA = class java.lang.Object[0]
      elementData = class java.lang.Object[10]
      size = 2
      MAX_ARRAY_SIZE = 2147483639
      modCount = 3
      MAX_ARRAY_SIZE = 2147483639
    serialVersionUID = 7427332431485745589
    $$$tc$$$ = class com.ibm.websphere.ras.TraceComponent@3a30ee48
      strings[0] = "TraceComponent[com.ibm.ws.app.manager.module.internal.SimpleDeployedAppInfoBase$ExtendedContainerInfo,class com.ibm.ws.app.manager.module.internal.SimpleDeployedAppInfoBase$ExtendedContainerInfo,[applications, app.manager],,null]"
  DYNAMIC_IMPORT_PACKAGE_LIST = class java.util.Collections$UnmodifiableRandomAccessList@7a272d5b
    serialVersionUID = -2542308836966382001
    serialVersionUID = -283967356065247728
    list = class java.util.Arrays$ArrayList@562f4fd6
      serialVersionUID = -2764017481108945198
      a = class java.lang.String[1]
      modCount = 0
      MAX_ARRAY_SIZE = 2147483639
    serialVersionUID = 1820017752578914078
    c = class java.util.Arrays$ArrayList@562f4fd6
  serialVersionUID = -6153587016903242961
  $$$tc$$$ = class com.ibm.websphere.ras.TraceComponent@3af38ac5
    strings[0] = "TraceComponent[com.ibm.ws.app.manager.war.internal.WARDeployedAppInfo,class com.ibm.ws.app.manager.war.internal.WARDeployedAppInfo,[webcontainer, applications, app.manager],com.ibm.ws.app.manager.war.internal.resources.Messages,null]"
  _tc = class com.ibm.websphere.ras.TraceComponent@b281d33
    strings[0] = "TraceComponent[com.ibm.ws.app.manager.module.internal.DeployedAppInfoBase,class com.ibm.ws.app.manager.module.internal.DeployedAppInfoBase,[app.manager],com.ibm.ws.app.manager.module.internal.resources.Messages,null]"
  PERMISSION_XML = "permissions.xml"
  applicationInformation = class com.ibm.ws.app.manager.internal.ApplicationInstallInfo@608b0711
    _config = class com.ibm.ws.app.manager.internal.ApplicationConfig@44b2efeb
      tc = class com.ibm.websphere.ras.TraceComponent@60819eb9
      _configPid = "com.ibm.ws.app.manager_45"
      _config = class com.ibm.ws.config.admin.ConfigurationDictionary@5b05a862
      _applicationManager = class com.ibm.ws.app.manager.ApplicationManager@473e982c
      _location = "C:/Users/maria/OneDrive/Escritorio/Computadores/2 semestre/Datos 1/Proyecto2/Prueba server/out/artifacts/web_war_exploded"
      _type = "war"
      _name = "web_war_exploded"
      _notificationBroadcasterSupport = null
      ONE_TIME_JANDEX_MSGS_DISPLAYED = true
    _handlerInfo = class java.util.concurrent.atomic.AtomicReference@6bd05f25
      serialVersionUID = -1848883965231344442
      unsafe = class sun.misc.Unsafe@73adcc20
      valueOffset = 12
      value = class com.ibm.ws.app.manager.war.internal.WARDeployedAppInfo@40008ca3
    _container = class java.util.concurrent.atomic.AtomicReference@28eb6dbd
      serialVersionUID = -1848883965231344442
      unsafe = class sun.misc.Unsafe@73adcc20
      valueOffset = 12
      value = class com.ibm.ws.adaptable.module.internal.AdaptableContainerImpl@7f05755a
    _resolvedLocation = class java.util.concurrent.atomic.AtomicReference@18a91824
      serialVersionUID = -1848883965231344442
      unsafe = class sun.misc.Unsafe@73adcc20
      valueOffset = 12
      value = class com.ibm.ws.kernel.service.location.internal.LocalFileResource@68c66f37
    _handler = class com.ibm.ws.app.manager.war.internal.WARApplicationHandlerImpl@4b37716d
      futureMonitor = class com.ibm.ws.threading.internal.FutureMonitorImpl@75b49853
      deployedAppFactory = class com.ibm.ws.app.manager.war.internal.WARDeployedAppInfoFactoryImpl@51a11941
      serialVersionUID = 4622845147410944782
      $$$tc$$$ = class com.ibm.websphere.ras.TraceComponent@500e1f2b
    _ami = class java.util.concurrent.atomic.AtomicReference@22773659
      serialVersionUID = -1848883965231344442
      unsafe = class sun.misc.Unsafe@73adcc20
      valueOffset = 12
      value = class com.ibm.wsspi.application.handler.DefaultApplicationMonitoringInformation@5373785f
    _updateHandler = class com.ibm.ws.app.manager.internal.statemachine.ApplicationStateMachineImpl@5182212f
      _tc = class com.ibm.websphere.ras.TraceComponent@5e6d54ab
      EMPTY_FUTURE_ARRAY = interface java.util.concurrent.Future[0]
      asmSequenceNumber = class java.util.concurrent.atomic.AtomicLong@7c98fa01
      _qscaCounter = class java.util.concurrent.atomic.AtomicInteger@2f3bf1bb
      _failedThrowable = null
      _interruptibleLock = class com.ibm.ws.app.manager.internal.statemachine.ApplicationStateMachineImpl$2@3d862fcb
      _interruptible = false
      _performingQueuedActions = true
      _queuedActions = class java.util.concurrent.ConcurrentLinkedQueue@2eb29b7b
      _callbackState = class java.util.concurrent.atomic.AtomicReference@1541345e
      blockAppStartingFutures = class java.util.Collections$SetFromMap@6507a964
      waitingForAppHandlerFuture = class java.util.concurrent.atomic.AtomicReference@69733a78
      waitingForExplicitStartFuture = class java.util.concurrent.atomic.AtomicReference@53201d6e
      completionListener = class java.util.concurrent.atomic.AtomicReference@4fdf3090
      _notifyAppStopped = class java.util.concurrent.ConcurrentLinkedQueue@174bfc86
      _notifyAppStarting = class java.util.concurrent.ConcurrentLinkedQueue@671bb4ed
      _notifyAppInstallCalled = class java.util.concurrent.ConcurrentLinkedQueue@34831e0d
      _notifyAppStarted = class java.util.concurrent.ConcurrentLinkedQueue@26ef3bd
      _notifyAppRemoved = class java.util.concurrent.ConcurrentLinkedQueue@4a0980ba
      _stateLock = class com.ibm.ws.app.manager.internal.statemachine.ApplicationStateMachineImpl$3@700fe9ca
      _internalState = class java.util.concurrent.atomic.AtomicReference@5c50f2b0
      _currentAction = class java.util.concurrent.atomic.AtomicReference@2956019c
      _rfa = class java.util.concurrent.atomic.AtomicReference@2f5c585c
      _appInstallInfo = class java.util.concurrent.atomic.AtomicReference@2092a5c4
      _update = class java.util.concurrent.atomic.AtomicBoolean@7b0c0614
      _appConfig = class java.util.concurrent.atomic.AtomicReference@62cfa208
      _nextAppConfig = class java.util.concurrent.atomic.AtomicReference@2f9c88b5
      _appContainer = class java.util.concurrent.atomic.AtomicReference@1a15a407
      _resolvedLocation = class java.util.concurrent.atomic.AtomicReference@1b22df7
      _handler = class java.util.concurrent.atomic.AtomicReference@1e72102b
      _asmSeqNo = 0
      _ctx = class org.eclipse.osgi.internal.framework.BundleContextImpl@3c2d8149
      _locAdmin = class com.ibm.ws.kernel.service.location.internal.WsLocationAdminImpl@595c328a
      _futureMonitor = class com.ibm.ws.threading.internal.FutureMonitorImpl@75b49853
      _artifactFactory = class com.ibm.ws.artifact.internal.ArtifactContainerFactoryService@15c47dd1
      _moduleFactory = class com.ibm.ws.adaptable.module.internal.AdaptableModuleFactoryImpl@30f75b47
      _executorService = class com.ibm.ws.threading.internal.ExecutorServiceImpl@4d665b09
      _scheduledExecutorService = class com.ibm.ws.threading.internal.ScheduledExecutorImpl@1538bdb3
      _asmHelper = class com.ibm.ws.app.manager.internal.ApplicationConfigurator$NamedApplication@364e4420
      _appMonitor = class com.ibm.ws.app.manager.internal.monitor.ApplicationMonitor@55e0ea70
      enterStateCalled = class java.util.concurrent.atomic.AtomicBoolean@62e24957
      serialVersionUID = -1399093980790866556
      serialVersionUID = 5501066335104962649
      $$$tc$$$ = class com.ibm.websphere.ras.TraceComponent@3a3610cb
    serialVersionUID = 2630639237123415755
    $$$tc$$$ = class com.ibm.websphere.ras.TraceComponent@729d7ad9
      strings[0] = "TraceComponent[com.ibm.ws.app.manager.internal.ApplicationInstallInfo,class com.ibm.ws.app.manager.internal.ApplicationInstallInfo,[applications, app.manager],com.ibm.ws.app.manager.internal.resources.AppManagerMessages,null]"
  location = "C:\Users\maria\OneDrive\Escritorio\Computadores\2 semestre\Datos 1\Proyecto2\Prueba server\out\artifacts\web_war_exploded"
  classLoadingService = class com.ibm.ws.classloading.internal.ClassLoadingServiceImpl@9b91ad
    tc = class com.ibm.websphere.ras.TraceComponent@6cee0a66
      strings[0] = "TraceComponent[com.ibm.ws.classloading.internal.ClassLoadingServiceImpl,class com.ibm.ws.classloading.internal.ClassLoadingServiceImpl,[ClassLoadingService],com.ibm.ws.classloading.internal.resources.ClassLoadingServiceMessages,null]"
    leakDetectionMap = class java.util.HashMap@11631aea
      serialVersionUID = 362498820763181265
      DEFAULT_INITIAL_CAPACITY = 16
      MAXIMUM_CAPACITY = 1073741824
      DEFAULT_LOAD_FACTOR = 0.75
      TREEIFY_THRESHOLD = 8
      UNTREEIFY_THRESHOLD = 6
      MIN_TREEIFY_CAPACITY = 64
      table = null
      entrySet = null
      size = 0
      modCount = 0
      threshold = 0
      loadFactor = 0.75
      keySet = null
      values = null
    TCCL_LOCK_WAIT = 15000
    REFERENCE_GENERATORS = "generators"
    bundleContext = class org.eclipse.osgi.internal.framework.BundleContextImpl@3fbff2f7
    aclStore = class com.ibm.ws.classloading.internal.util.CanonicalStore@1a4e1a82
      map = class java.util.concurrent.ConcurrentHashMap@7cd2a85f
      q = class com.ibm.ws.classloading.internal.util.RefQueue@2e337edf
      serialVersionUID = 6715157558227169968
      $$$tc$$$ = class com.ibm.websphere.ras.TraceComponent@59cb62c2
    tcclStore = class com.ibm.ws.classloading.internal.util.CanonicalStore@10743a65
      map = class java.util.concurrent.ConcurrentHashMap@6e0bed5f
      q = class com.ibm.ws.classloading.internal.util.RefQueue@64bb92da
      serialVersionUID = 6715157558227169968
      $$$tc$$$ = class com.ibm.websphere.ras.TraceComponent@59cb62c2
    tcclStoreLock = class java.util.concurrent.locks.ReentrantLock@73301f02
      serialVersionUID = 7373984872572414699
      sync = class java.util.concurrent.locks.ReentrantLock$NonfairSync@1374f29b
    digraph = class org.eclipse.equinox.internal.region.StandardRegionDigraph@7a8defc4
      EMPTY_EDGE_SET = class java.util.Collections$UnmodifiableSet@58dc34e2
      monitor = class java.lang.Object@21e75afc
      regions = class java.util.HashMap@21aabbcb
      bundleIdToRegionMapping = class org.eclipse.equinox.internal.region.StandardBundleIdToRegionMapping@5d344c07
      edges = class java.util.HashMap@64760867
      bundleContext = class org.eclipse.osgi.internal.framework.BundleContextImpl@528c868
      threadLocal = class java.lang.ThreadLocal@7f5d9eaf
      subgraphTraverser = class org.eclipse.equinox.internal.region.SubgraphTraverser@bdd166c
      bundleCollisionHook = class org.eclipse.equinox.internal.region.hook.RegionBundleCollisionHook@74f63764
      bundleEventHook = class org.eclipse.equinox.internal.region.hook.RegionBundleEventHook@20973cad
      bundleFindHook = class org.eclipse.equinox.internal.region.hook.RegionBundleFindHook@332c76f6
      serviceEventHook = class org.eclipse.equinox.internal.region.hook.RegionServiceEventHook@50a16889
      serviceFindHook = class org.eclipse.equinox.internal.region.hook.RegionServiceFindHook@152928ee
      resolverHookFactory = class org.eclipse.equinox.internal.region.hook.RegionResolverHookFactory@cc20cb2
      origin = null
      originUpdateCount = -1
      updateCount = class java.util.concurrent.atomic.AtomicLong@5c09401a
      defaultRegion = null
    redefiner = class com.ibm.ws.classloading.internal.util.ClassRedefiner@6b7983a4
      tc = class com.ibm.websphere.ras.TraceComponent@373a246c
      LS = "
"
      inst = class com.ibm.ws.kernel.launch.internal.TraceInstrumentation@1b2725b4
      serialVersionUID = 2420101865139508526
    listener = class com.ibm.ws.classloading.internal.ClassLoadingServiceImpl$1@10fd701d
      this$0 = class com.ibm.ws.classloading.internal.ClassLoadingServiceImpl@9b91ad
      serialVersionUID = -9159707349812113172
      $$$tc$$$ = class com.ibm.websphere.ras.TraceComponent@197252c1
    classloaders = class java.util.Collections$SynchronizedMap@216bd775
      serialVersionUID = 1978198479659022715
      m = class java.util.HashMap@5624f403
      mutex = class java.util.Collections$SynchronizedMap@216bd775
      keySet = null
      entrySet = null
      values = null
    resourceProviders = class com.ibm.ws.classloading.internal.CompositeResourceProvider@52500455
      lockFactory = class java.util.concurrent.locks.ReentrantReadWriteLock@5cfd04de
      providerMap = class com.ibm.ws.classloading.internal.util.MultiMap@779bb874
      serialVersionUID = -5576435894946156347
      $$$tc$$$ = class com.ibm.websphere.ras.TraceComponent@2528fe84
    rememberedBundles = class java.util.concurrent.ConcurrentHashMap@47b63214
      serialVersionUID = 7249069246763182397
      MAXIMUM_CAPACITY = 1073741824
      DEFAULT_CAPACITY = 16
      MAX_ARRAY_SIZE = 2147483639
      DEFAULT_CONCURRENCY_LEVEL = 16
      LOAD_FACTOR = 0.75
      TREEIFY_THRESHOLD = 8
      UNTREEIFY_THRESHOLD = 6
      MIN_TREEIFY_CAPACITY = 64
      MIN_TRANSFER_STRIDE = 16
      RESIZE_STAMP_BITS = 16
      MAX_RESIZERS = 65535
      RESIZE_STAMP_SHIFT = 16
      MOVED = -1
      TREEBIN = -2
      RESERVED = -3
      HASH_BITS = 2147483647
      NCPU = 4
      serialPersistentFields = class java.io.ObjectStreamField[3]
      table = class java.util.concurrent.ConcurrentHashMap$Node[16]
      nextTable = null
      baseCount = 2
      sizeCtl = 12
      transferIndex = 0
      cellsBusy = 0
      counterCells = null
      keySet = null
      values = null
      entrySet = null
      U = class sun.misc.Unsafe@73adcc20
      SIZECTL = 20
      TRANSFERINDEX = 32
      BASECOUNT = 24
      CELLSBUSY = 36
      CELLVALUE = 144
      ABASE = 16
      ASHIFT = 2
      keySet = null
      values = null
    collectedBundles = class java.lang.ref.ReferenceQueue@3cb0df67
      NULL = class java.lang.ref.ReferenceQueue$Null@677b08d
      ENQUEUED = class java.lang.ref.ReferenceQueue$Null@54a5a84e
      lock = class java.lang.ref.ReferenceQueue$Lock@3ddc72d5
      head = null
      queueLength = 0
      $assertionsDisabled = true
    generatorRefs = class com.ibm.wsspi.kernel.service.utils.ConcurrentServiceReferenceSet@190ed7a8
      referenceName = "generators"
      contextRef = class java.util.concurrent.atomic.AtomicReference@7f016952
      elementMap = class java.util.LinkedHashMap@37c7297
      elementSet = class java.util.concurrent.ConcurrentSkipListSet@6c4f407c
      elementSetUnsorted = false
      serialVersionUID = 756240983881166148
      $$$tc$$$ = class com.ibm.websphere.ras.TraceComponent@70437a8
    generatorManager = class com.ibm.ws.classloading.internal.ClassGeneratorManager@11100b05
      tc = class com.ibm.websphere.ras.TraceComponent@1adebca
      generatorRefs = class com.ibm.wsspi.kernel.service.utils.ConcurrentServiceReferenceSet@190ed7a8
      serialVersionUID = 4152663586056483310
    appExtLibs = class java.util.concurrent.CopyOnWriteArrayList@439f77fb
      serialVersionUID = 8673264195747942595
      lock = class java.util.concurrent.locks.ReentrantLock@4d4a1078
      array = class java.lang.Object[0]
      UNSAFE = class sun.misc.Unsafe@73adcc20
      lockOffset = 12
    metaInfServicesProviders = class java.util.concurrent.ConcurrentHashMap@113fb171
      serialVersionUID = 7249069246763182397
      MAXIMUM_CAPACITY = 1073741824
      DEFAULT_CAPACITY = 16
      MAX_ARRAY_SIZE = 2147483639
      DEFAULT_CONCURRENCY_LEVEL = 16
      LOAD_FACTOR = 0.75
      TREEIFY_THRESHOLD = 8
      UNTREEIFY_THRESHOLD = 6
      MIN_TREEIFY_CAPACITY = 64
      MIN_TRANSFER_STRIDE = 16
      RESIZE_STAMP_BITS = 16
      MAX_RESIZERS = 65535
      RESIZE_STAMP_SHIFT = 16
      MOVED = -1
      TREEBIN = -2
      RESERVED = -3
      HASH_BITS = 2147483647
      NCPU = 4
      serialPersistentFields = class java.io.ObjectStreamField[3]
      table = null
      nextTable = null
      baseCount = 0
      sizeCtl = 0
      transferIndex = 0
      cellsBusy = 0
      counterCells = null
      keySet = null
      values = null
      entrySet = null
      U = class sun.misc.Unsafe@73adcc20
      SIZECTL = 20
      TRANSFERINDEX = 32
      BASECOUNT = 24
      CELLSBUSY = 36
      CELLVALUE = 144
      ABASE = 16
      ASHIFT = 2
      keySet = null
      values = null
    metaInfServicesRefs = class com.ibm.wsspi.kernel.service.utils.ConcurrentServiceReferenceMap@67ef07d0
      referenceName = "MetaInfServicesProvider"
      context = class org.apache.felix.scr.impl.manager.ComponentContextImpl@35e8d74d
      elementMap = class java.util.concurrent.ConcurrentHashMap@59544b
      serialVersionUID = 6980924785166233786
      $$$tc$$$ = class com.ibm.websphere.ras.TraceComponent@64d901a4
    protectionDomainMap = class java.util.HashMap@5d1eb7ad
      serialVersionUID = 362498820763181265
      DEFAULT_INITIAL_CAPACITY = 16
      MAXIMUM_CAPACITY = 1073741824
      DEFAULT_LOAD_FACTOR = 0.75
      TREEIFY_THRESHOLD = 8
      UNTREEIFY_THRESHOLD = 6
      MIN_TREEIFY_CAPACITY = 64
      table = null
      entrySet = null
      size = 0
      modCount = 0
      threshold = 0
      loadFactor = 0.75
      keySet = null
      values = null
    metadataIdentifierService = class com.ibm.ws.container.service.metadata.internal.MetaDataServiceImpl@a39342
    serialVersionUID = 3750725462702355330
  globalSharedLibrary = class com.ibm.ws.library.internal.SharedLibraryImpl@488c9a5e
    tc = class com.ibm.websphere.ras.TraceComponent@6f364a8
      strings[0] = "TraceComponent[com.ibm.ws.library.internal.SharedLibraryImpl,class com.ibm.ws.library.internal.SharedLibraryImpl,[SharedLibrary],com.ibm.ws.classloading.internal.resources.ClassLoadingServiceMessages,null]"
    EMPTY_LIBRARY_LISTENERS = interface com.ibm.wsspi.library.LibraryChangeListener[0]
    deleted = false
    libraryListenersTracker = class org.osgi.util.tracker.ServiceTracker@126cd469
      DEBUG = false
      context = class org.eclipse.osgi.internal.framework.BundleContextImpl@3fbff2f7
      filter = class org.eclipse.osgi.internal.framework.FilterImpl@575f925f
      customizer = class org.osgi.util.tracker.ServiceTracker@126cd469
      listenerFilter = "(&(objectClass=com.ibm.wsspi.library.LibraryChangeListener)(|(library=global)(libraryRef=*com.ibm.ws.classloading.sharedlibrary_13*)))"
      trackClass = null
      trackReference = null
      tracked = class org.osgi.util.tracker.ServiceTracker$Tracked@197233f8
      cachedReference = null
      cachedService = null
    libraryReg = class org.eclipse.osgi.internal.serviceregistry.ServiceRegistrationImpl@190f8eb
      registry = class org.eclipse.osgi.internal.serviceregistry.ServiceRegistry@20289a27
      context = class org.eclipse.osgi.internal.framework.BundleContextImpl@3fbff2f7
      bundle = class org.eclipse.osgi.internal.framework.EquinoxBundle@7afeab63
      clazzes = class java.lang.String[1]
      service = class com.ibm.ws.library.internal.SharedLibraryImpl@488c9a5e
      reference = class org.eclipse.osgi.internal.serviceregistry.ServiceReferenceImpl@41999d12
      contextsUsing = class java.util.ArrayList@7826170d
      properties = class java.util.Collections$UnmodifiableMap@43252cac
      serviceid = 249
      serviceranking = 0
      registrationLock = class java.lang.Object@4746ef48
      state = 0
      REGISTERED = 0
      UNREGISTERING = 1
      UNREGISTERED = 2
      FRAMEWORK_SET_SERVICE_PROPERTIES_COUNT = 4
      $assertionsDisabled = true
    ctx = class org.eclipse.osgi.internal.framework.BundleContextImpl@3fbff2f7
      findHookName = "org.osgi.framework.hooks.bundle.FindHook"
      valid = true
      bundle = class org.eclipse.osgi.internal.framework.EquinoxBundle@7afeab63
      container = class org.eclipse.osgi.internal.framework.EquinoxContainer@370897bc
      debug = class org.eclipse.osgi.internal.debug.Debug@7862e202
      servicesInUse = class java.util.HashMap@ff27b2
      activator = null
      contextLock = class java.lang.Object@614c3023
    classLoadingService = class com.ibm.ws.classloading.internal.ClassLoadingServiceImpl@9b91ad
    configAdmin = class com.ibm.ws.config.admin.internal.ConfigurationAdminImpl@74504bed
      tc = class com.ibm.websphere.ras.TraceComponent@3fa4f016
      bundle = class org.eclipse.osgi.internal.framework.EquinoxBundle@7afeab63
      caFactory = class com.ibm.ws.config.admin.internal.ConfigAdminServiceFactory@3cd3c83f
      serialVersionUID = 3160799878770679122
    resolvedBasePath = "C:/Users/maria/OneDrive/Escritorio/Computadores/2 semestre/Datos 1/Proyecto2/wlp-webProfile8-18.0.0.3/wlp/usr/servers/server1/"
    generationLock = class com.ibm.ws.library.internal.SharedLibraryImpl$1@5e0ad8ad
      this$0 = class com.ibm.ws.library.internal.SharedLibraryImpl@488c9a5e
      serialVersionUID = 2483639803450672373
      $$$tc$$$ = class com.ibm.websphere.ras.TraceComponent@27227746
    currentGeneration = class com.ibm.ws.library.internal.LibraryGeneration@4bc8e754
      tc = class com.ibm.websphere.ras.TraceComponent@13baaa12
      nextInt = class java.util.concurrent.atomic.AtomicInteger@6737605
      libraryId = "global"
      genId = 0
      libraryProps = class java.util.Hashtable@6762a5e2
      filesetRefs = class java.util.Collections$UnmodifiableRandomAccessList@3c06d1ee
      apiTypeVisibility = class java.util.RegularEnumSet@734d7307
      files = class java.util.Collections$EmptyList@c72ecac
      folders = class java.util.ArrayList@6e93e035
      fileAndFolderContainers = class java.util.Collections$EmptyList@c72ecac
      filesets = class java.util.concurrent.ArrayBlockingQueue@1c2c15b0
      filesetListenerRegs = class java.util.concurrent.ConcurrentLinkedQueue@16af2e7a
      cancelled = false
      library = class com.ibm.ws.library.internal.SharedLibraryImpl@488c9a5e
      serialVersionUID = 6965220007121905717
    nextGeneration = class com.ibm.ws.library.internal.LibraryGeneration@4bc8e754
    artifactContainerFactory = class com.ibm.ws.library.internal.SharedLibraryFactory$1@3f73bdd8
      this$0 = class com.ibm.ws.library.internal.SharedLibraryFactory@754cec63
      serialVersionUID = 7730244564205089330
      $$$tc$$$ = class com.ibm.websphere.ras.TraceComponent@2c024591
    packageExporter = class com.ibm.ws.library.internal.LibraryPackageExporter@498a96f8
      EXPORTER_POSTFIX = "_library_exporter"
      REGION_EXPORT_TO_LIBERTY = "liberty.library.export.to.liberty"
      REGION_EXPORT_TO_OSGI_APPS = "liberty.library.export.to.osgi.app"
      REGION_KERNEL = "org.eclipse.equinox.region.kernel"
      counter = class java.util.concurrent.atomic.AtomicLong@66522751
      context = class org.eclipse.osgi.internal.framework.BundleContextImpl@3fbff2f7
      digraph = class org.eclipse.equinox.internal.region.StandardRegionDigraph@7a8defc4
      bundleToLibrary = class java.util.concurrent.ConcurrentHashMap@3a74428
      libraryToVisibility = class java.util.concurrent.ConcurrentHashMap@7599c429
      serialVersionUID = 8074378969667956573
      $$$tc$$$ = class com.ibm.websphere.ras.TraceComponent@2064f83
    serialVersionUID = 6288237618632180389
  sharedLibDeploymentInfo = class com.ibm.ws.app.manager.module.internal.DeployedAppInfoBase$SharedLibDeploymentInfo@b822be1
    bundleContext = class org.eclipse.osgi.internal.framework.BundleContextImpl@45b575d8
      findHookName = "org.osgi.framework.hooks.bundle.FindHook"
      valid = true
      bundle = class org.eclipse.osgi.internal.framework.EquinoxBundle@4e3a0752
      container = class org.eclipse.osgi.internal.framework.EquinoxContainer@370897bc
      debug = class org.eclipse.osgi.internal.debug.Debug@7862e202
      servicesInUse = class java.util.HashMap@116e8fdc
      activator = null
      contextLock = class java.lang.Object@1f4d20bd
    locAdmin = class com.ibm.ws.kernel.service.location.internal.WsLocationAdminImpl@595c328a
      tc = class com.ibm.websphere.ras.TraceComponent@1292be52
      LOC_INTERNAL_LIB_DIR = "wlp.lib.dir"
      LOC_AREA_NAME_APPS = "shared/apps/"
      LOC_AREA_NAME_CONFIG = "shared/config/"
      LOC_AREA_NAME_RESC = "shared/resources/"
      LOC_AREA_NAME_STATE = "logs/state/"
      LOC_AREA_NAME_SERVERS = "servers/"
      LOC_AREA_NAME_CLIENTS = "clients/"
      LOC_AREA_NAME_WORKING = "workarea/"
      LOC_AREA_NAME_EXTENSION = "extension/"
      instance = class com.ibm.ws.staticvalue.StaticValue$FinalSingleton@4d334dfe
      installRoot = class com.ibm.ws.kernel.service.location.internal.SymbolicRootResource@6f0ca4fd
      installParentRoot = class com.ibm.ws.kernel.service.location.internal.SymbolicRootResource@72acd2b2
      userRoot = class com.ibm.ws.kernel.service.location.internal.SymbolicRootResource@5cc9c763
      usrExtensionRoot = class com.ibm.ws.kernel.service.location.internal.SymbolicRootResource@b422db9
      serverConfigDir = class com.ibm.ws.kernel.service.location.internal.SymbolicRootResource@1e35b60
      serverOutputDir = class com.ibm.ws.kernel.service.location.internal.SymbolicRootResource@1e35b60
      bootstrapLib = class com.ibm.ws.kernel.service.location.internal.LocalFileResource@15ce20ac
      serverWorkarea = class com.ibm.ws.kernel.service.location.internal.LocalFileResource@72e0fa9
      serverState = class com.ibm.ws.kernel.service.location.internal.LocalFileResource@1d9bc510
      sharedAppsRoot = class com.ibm.ws.kernel.service.location.internal.SymbolicRootResource@6b8b598
      sharedConfigRoot = class com.ibm.ws.kernel.service.location.internal.SymbolicRootResource@62172ea3
      sharedResourceRoot = class com.ibm.ws.kernel.service.location.internal.SymbolicRootResource@1533260f
      tmpRoot = class com.ibm.ws.kernel.service.location.internal.SymbolicRootResource@56c3c2fc
      serverName = "server1"
      resourcePaths = class java.util.ArrayList@1594b9c9
      resourceGroups = class java.util.HashMap@4eadffee
      commonRoot = class com.ibm.ws.kernel.service.location.internal.VirtualRootResource@42a2bb6a
      serialVersionUID = 7766352982799267432
    artifactFactory = class com.ibm.ws.artifact.internal.ArtifactContainerFactoryService@15c47dd1
      CATEGORY_PROP_NAME = "category"
      ENTRY_KEY = "com.ibm.wsspi.artifact.ArtifactEntry"
      helperMap = class com.ibm.wsspi.kernel.service.utils.ConcurrentServiceReferenceSetMap@29908d0d
      contributorMap = class com.ibm.wsspi.kernel.service.utils.ConcurrentServiceReferenceSetMap@18c0fc75
      helperCategoryMap = class com.ibm.wsspi.kernel.service.utils.ConcurrentServiceReferenceSetMap@205590f5
      contributorCategoryMap = class com.ibm.wsspi.kernel.service.utils.ConcurrentServiceReferenceSetMap@68936af2
      categories = class java.util.Collections$SynchronizedSet@45c66a08
      baseProperties = class org.apache.felix.scr.impl.helper.ReadOnlyDictionary@5afa1591
      serialVersionUID = -3101641399269402013
      $$$tc$$$ = class com.ibm.websphere.ras.TraceComponent@2f05be09
    moduleFactory = class com.ibm.ws.adaptable.module.internal.AdaptableModuleFactoryImpl@30f75b47
      adapterFactoryService = class com.ibm.ws.adaptable.module.internal.AdapterFactoryServiceImpl@641e990a
      containerFactory = class com.ibm.ws.artifact.internal.ArtifactContainerFactoryService@15c47dd1
      overlayContainerFactory = class com.ibm.ws.artifact.overlay.internal.OverlayContainerFactoryImpl@73191d7d
      serialVersionUID = 4200251809856292987
      $$$tc$$$ = class com.ibm.websphere.ras.TraceComponent@481bc2b1
    classesContainerInfo = class java.util.ArrayList@2c6e3d77
      serialVersionUID = 8683452581122892189
      DEFAULT_CAPACITY = 10
      EMPTY_ELEMENTDATA = class java.lang.Object[0]
      DEFAULTCAPACITY_EMPTY_ELEMENTDATA = class java.lang.Object[0]
      elementData = class java.lang.Object[0]
      size = 0
      MAX_ARRAY_SIZE = 2147483639
      modCount = 0
      MAX_ARRAY_SIZE = 2147483639
    serialVersionUID = -9033256786848720484
    $$$tc$$$ = class com.ibm.websphere.ras.TraceComponent@7ef40a8c
      strings[0] = "TraceComponent[com.ibm.ws.app.manager.module.internal.DeployedAppInfoBase$SharedLibDeploymentInfo,class com.ibm.ws.app.manager.module.internal.DeployedAppInfoBase$SharedLibDeploymentInfo,[applications, app.manager],,null]"
  futureMonitor = class com.ibm.ws.threading.internal.FutureMonitorImpl@75b49853
    _monitor = class java.util.concurrent.ConcurrentLinkedQueue@2cdda37d
      serialVersionUID = 196745693267521676
      head = class java.util.concurrent.ConcurrentLinkedQueue$Node@76e5e1f0
      tail = class java.util.concurrent.ConcurrentLinkedQueue$Node@76e5e1f0
      UNSAFE = class sun.misc.Unsafe@73adcc20
      headOffset = 12
      tailOffset = 16
      MAX_ARRAY_SIZE = 2147483639
    _executor = class com.ibm.ws.threading.internal.ScheduledExecutorImpl@1538bdb3
      threadGroupName = "Scheduled Executor Thread Group"
      executor = class com.ibm.ws.threading.internal.ExecutorServiceImpl@4d665b09
      serialVersionUID = -9110693807503469597
      $$$tc$$$ = class com.ibm.websphere.ras.TraceComponent@745b9bd4
      continueExistingPeriodicTasksAfterShutdown = false
      executeExistingDelayedTasksAfterShutdown = true
      removeOnCancel = false
      sequencer = class java.util.concurrent.atomic.AtomicLong@5584202d
      ctl = class java.util.concurrent.atomic.AtomicInteger@4c9e00d5
      COUNT_BITS = 29
      CAPACITY = 536870911
      RUNNING = -536870912
      SHUTDOWN = 0
      STOP = 536870912
      TIDYING = 1073741824
      TERMINATED = 1610612736
      workQueue = class java.util.concurrent.ScheduledThreadPoolExecutor$DelayedWorkQueue@3b3adc00
      mainLock = class java.util.concurrent.locks.ReentrantLock@277af023
      workers = class java.util.HashSet@538b29a9
      termination = class java.util.concurrent.locks.AbstractQueuedSynchronizer$ConditionObject@6faf03a5
      largestPoolSize = 1
      completedTaskCount = 0
      threadFactory = class com.ibm.ws.threading.internal.ThreadFactoryImpl@298088c
      handler = class java.util.concurrent.ThreadPoolExecutor$AbortPolicy@72130b14
      keepAliveTime = 0
      allowCoreThreadTimeOut = false
      corePoolSize = 1
      maximumPoolSize = 2147483647
      defaultHandler = class java.util.concurrent.ThreadPoolExecutor$AbortPolicy@72130b14
      shutdownPerm = class java.lang.RuntimePermission@785fb29e
      acc = null
      ONLY_ONE = true
      $assertionsDisabled = true
    _threadRunning = class java.util.concurrent.atomic.AtomicBoolean@28fe3107
      serialVersionUID = 4654671469794556979
      unsafe = class sun.misc.Unsafe@73adcc20
      valueOffset = 12
      value = 0
    _thread = class com.ibm.ws.threading.internal.FutureMonitorImpl$1@74550db5
      this$0 = class com.ibm.ws.threading.internal.FutureMonitorImpl@75b49853
      serialVersionUID = 2422512430832938099
      $$$tc$$$ = class com.ibm.websphere.ras.TraceComponent@760fd716
    serialVersionUID = 2765238413969174390
    $$$tc$$$ = class com.ibm.websphere.ras.TraceComponent@479016bc
      strings[0] = "TraceComponent[com.ibm.ws.threading.internal.FutureMonitorImpl,class com.ibm.ws.threading.internal.FutureMonitorImpl,[Threading],com.ibm.ws.threading.internal.resources.ThreadingMessages,null]"
  configAdmin = class com.ibm.ws.config.admin.internal.ConfigurationAdminImpl@6b5aa72c
    tc = class com.ibm.websphere.ras.TraceComponent@3fa4f016
      strings[0] = "TraceComponent[com.ibm.ws.config.admin.internal.ConfigurationAdminImpl,class com.ibm.ws.config.admin.internal.ConfigurationAdminImpl,[config],com.ibm.ws.config.internal.resources.ConfigMessages,null]"
    bundle = class org.eclipse.osgi.internal.framework.EquinoxBundle@4e3a0752
      equinoxContainer = class org.eclipse.osgi.internal.framework.EquinoxContainer@370897bc
      module = class org.eclipse.osgi.internal.framework.EquinoxBundle$EquinoxModule@ab57ad2
      monitor = class java.lang.Object@c3a97f3
      context = class org.eclipse.osgi.internal.framework.BundleContextImpl@45b575d8
      signerInfos = null
      $SWITCH_TABLE$org$eclipse$osgi$container$Module$State = {1,2,3,4,5,6,7} /* array length = 7 */
    caFactory = class com.ibm.ws.config.admin.internal.ConfigAdminServiceFactory@3cd3c83f
      tc = class com.ibm.websphere.ras.TraceComponent@64a0c5f8
      configurationPermission = class org.osgi.service.cm.ConfigurationPermission@494e9200
      INDEX_DICTIONARY = 0
      INDEX_LOCATION = 1
      INDEX_METATYPE_PROCESSED = 2
      INDEX_IN_OVERRIDES_FILE = 3
      INDEX_REFERENCES = 4
      INDEX_UNIQUES = 5
      bundleContext = class org.eclipse.osgi.internal.framework.BundleContextImpl@142247a3
      msTracker = class com.ibm.ws.config.admin.internal.ManagedServiceTracker@1c5b808f
      msfTracker = class com.ibm.ws.config.admin.internal.ManagedServiceFactoryTracker@4c2cf96
      pluginManager = class com.ibm.ws.config.admin.internal.PluginManager@78b5bd71
      configurationStore = class com.ibm.ws.config.admin.internal.ConfigurationStore@4556fef5
      updateQueue = class com.ibm.ws.config.admin.internal.UpdateQueue@5c95128
      ced = class com.ibm.ws.config.admin.internal.ConfigEventDispatcher@17658078
      idMap = class java.util.Collections$SynchronizedMap@42eef9d0
      referenceMap = class java.util.Collections$SynchronizedMap@30bd062e
      variableRegistryTracker = class org.osgi.util.tracker.ServiceTracker@7f324100
      variableRegistry = class com.ibm.ws.kernel.service.location.internal.VariableRegistryHelper@44ef68de
      configurationAdminRef = class org.eclipse.osgi.internal.serviceregistry.ServiceRegistrationImpl@3bbb8380
      serialVersionUID = 6695202270027014725
    serialVersionUID = 3160799878770679122
  libraryConfigHelper = class com.ibm.ws.classloading.ClassLoaderConfigHelper@37904513
    tc = class com.ibm.websphere.ras.TraceComponent@36d6f80a
      strings[0] = "TraceComponent[com.ibm.ws.classloading.ClassLoaderConfigHelper,class com.ibm.ws.classloading.ClassLoaderConfigHelper,[ClassLoadingService],com.ibm.ws.classloading.internal.resources.ClassLoadingServiceMessages,null]"
    DEFAULT_API_TYPES = class java.util.RegularEnumSet@1e9ec6c1
      serialVersionUID = 3411599620347842686
      elements = 23
      elementType = class java.lang.Class@418b0ea2
      universe = class com.ibm.wsspi.classloading.ApiType[5]
      ZERO_LENGTH_ENUM_ARRAY = class java.lang.Enum[0]
      MAX_ARRAY_SIZE = 2147483639
    sharedLibraries = class java.util.Collections$EmptyList@c72ecac
      serialVersionUID = 8842843931221139166
      modCount = 0
      MAX_ARRAY_SIZE = 2147483639
    commonLibraries = class java.util.Collections$EmptyList@c72ecac
    classProviders = class java.util.Collections$EmptyList@c72ecac
    sharedLibrariesPids = null
    commonLibrariesPids = null
    isDelegateLast = false
    apiTypes = class java.util.RegularEnumSet@1e9ec6c1
    classLoaderConfigProps = null
    serialVersionUID = 7643888529935916418
  isDelegateLast = false
  permissionManager = class com.ibm.ws.security.java2sec.PermissionManager@1be267d5
    tc = class com.ibm.websphere.ras.TraceComponent@697d0850
      strings[0] = "TraceComponent[com.ibm.ws.security.java2sec.PermissionManager,class com.ibm.ws.security.java2sec.PermissionManager,[Java2SecurityUtil],com.ibm.ws.security.java2sec.resources.Java2SecurityUtilMessages,null]"
    classLoadingService = class com.ibm.ws.classloading.internal.ClassLoadingServiceImpl@9b91ad
    DEFAULT_SERVER_RESTRICTABLE_PERMISSIONS = class java.security.Permission[4]
      Permission[0] = class java.lang.RuntimePermission@6adcdb49
      Permission[1] = class java.lang.RuntimePermission@1cec38c8
      Permission[2] = class java.security.SecurityPermission@2f202c81
      Permission[3] = class javax.security.auth.AuthPermission@76124335
    DEFAULT_CLIENT_RESTRICTABLE_PERMISSIONS = class java.security.Permission[3]
      Permission[0] = class java.lang.RuntimePermission@71fa29ea
      Permission[1] = class java.security.SecurityPermission@292ecd8d
      Permission[2] = class javax.security.auth.AuthPermission@44f9a3e9
    isServer = true
    wsjarUrlStreamHandlerAvailable = true
    restrictablePermissions = class java.util.ArrayList@1610f5ce
      serialVersionUID = 8683452581122892189
      DEFAULT_CAPACITY = 10
      EMPTY_ELEMENTDATA = class java.lang.Object[0]
      DEFAULTCAPACITY_EMPTY_ELEMENTDATA = class java.lang.Object[0]
      elementData = class java.lang.Object[10]
      size = 4
      MAX_ARRAY_SIZE = 2147483639
      modCount = 4
      MAX_ARRAY_SIZE = 2147483639
    grantedPermissions = class java.util.ArrayList@3e1b8b7e
      serialVersionUID = 8683452581122892189
      DEFAULT_CAPACITY = 10
      EMPTY_ELEMENTDATA = class java.lang.Object[0]
      DEFAULTCAPACITY_EMPTY_ELEMENTDATA = class java.lang.Object[0]
      elementData = class java.lang.Object[10]
      size = 1
      MAX_ARRAY_SIZE = 2147483639
      modCount = 1
      MAX_ARRAY_SIZE = 2147483639
    KEY_PERMISSION = "permission"
    INCORRECT_PERMISSION_CONFIGURATION = "INCORRECT_PERMISSION_CONFIGURATION"
    PERMISSION_CLASSNOTFOUND = "PERMISSION_CLASSNOTFOUND"
    SERVER_XML = "server.xml"
    CLIENT_XML = "client.xml"
    originationFile = "server.xml"
    permissions = class com.ibm.wsspi.kernel.service.utils.ConcurrentServiceReferenceSet@6ad3e304
      referenceName = "permission"
      contextRef = class java.util.concurrent.atomic.AtomicReference@8ac3637
      elementMap = class java.util.LinkedHashMap@f550347
      elementSet = class java.util.concurrent.ConcurrentSkipListSet@764b2d3b
      elementSetUnsorted = false
      serialVersionUID = 756240983881166148
      $$$tc$$$ = class com.ibm.websphere.ras.TraceComponent@70437a8
    codeBasePermissionMap = class java.util.HashMap@166417ce
      serialVersionUID = 362498820763181265
      DEFAULT_INITIAL_CAPACITY = 16
      MAXIMUM_CAPACITY = 1073741824
      DEFAULT_LOAD_FACTOR = 0.75
      TREEIFY_THRESHOLD = 8
      UNTREEIFY_THRESHOLD = 6
      MIN_TREEIFY_CAPACITY = 64
      table = null
      entrySet = null
      size = 0
      modCount = 0
      threshold = 0
      loadFactor = 0.75
      keySet = class java.util.HashMap$KeySet@39e2ef3
      values = null
    permissionXMLPermissionMap = class java.util.HashMap@74b3e49
      serialVersionUID = 362498820763181265
      DEFAULT_INITIAL_CAPACITY = 16
      MAXIMUM_CAPACITY = 1073741824
      DEFAULT_LOAD_FACTOR = 0.75
      TREEIFY_THRESHOLD = 8
      UNTREEIFY_THRESHOLD = 6
      MIN_TREEIFY_CAPACITY = 64
      table = null
      entrySet = null
      size = 0
      modCount = 0
      threshold = 0
      loadFactor = 0.75
      keySet = null
      values = null
    serialVersionUID = -1314772785255050069
  permissionsConfig = null
  serialVersionUID = -6908382869835671687
  appInfo = class com.ibm.ws.container.service.app.deploy.internal.ApplicationInfoImpl@26ac5eba
    appName = "web_war_exploded"
    appMetaData = class com.ibm.ws.container.service.app.deploy.internal.ApplicationMetaDataImpl@3b6ba620
      j2eeName = class com.ibm.ws.container.service.metadata.internal.J2EENameImpl@22f0efa2
      serialVersionUID = -7906531148367236579
      $$$tc$$$ = class com.ibm.websphere.ras.TraceComponent@21552b8f
      tc = class com.ibm.websphere.ras.TraceComponent@50f30d35
      NUM_STATIC_SLOTS = 4
      ID_UNINITIALIZED = -1
      id = 0
      metaDataInterface = class java.lang.Class@4d05c2a3
      staticSlots = class java.lang.Object[4]
      dynamicSlots = class java.lang.Object[4]
    appContainer = class com.ibm.ws.adaptable.module.internal.AdaptableContainerImpl@7f05755a
    configHelper = class com.ibm.ws.app.manager.module.ApplicationNestedConfigHelper@7c48ac5c
      appInfo = class com.ibm.ws.app.manager.internal.ApplicationInstallInfo@608b0711
      serialVersionUID = -3174031738676705046
      $$$tc$$$ = class com.ibm.websphere.ras.TraceComponent@7c39cfa1
    applicationInformation = class com.ibm.ws.app.manager.internal.ApplicationInstallInfo@608b0711
    serialVersionUID = -505303337196743781
    $$$tc$$$ = class com.ibm.websphere.ras.TraceComponent@1d4d934f
      strings[0] = "TraceComponent[com.ibm.ws.container.service.app.deploy.internal.ApplicationInfoImpl,class com.ibm.ws.container.service.app.deploy.internal.ApplicationInfoImpl,[container.service],com.ibm.ws.container.service.resources.Messages,null]"
  modulesDeployed = class java.util.ArrayList@3ff83ea4
    serialVersionUID = 8683452581122892189
    DEFAULT_CAPACITY = 10
    EMPTY_ELEMENTDATA = class java.lang.Object[0]
    DEFAULTCAPACITY_EMPTY_ELEMENTDATA = class java.lang.Object[0]
    elementData = class java.lang.Object[0]
    size = 0
    MAX_ARRAY_SIZE = 2147483639
    modCount = 0
    MAX_ARRAY_SIZE = 2147483639
  starting = false
  started = false
  appInfoFactory = class com.ibm.ws.container.service.app.deploy.internal.ApplicationInfoFactoryImpl@a755c95
    j2eeNameFactory = class com.ibm.wsspi.kernel.service.utils.AtomicServiceReference@3460e975
      referenceName = "j2eeNameFactory"
      tuple = class java.util.concurrent.atomic.AtomicReference@20cd086d
      serialVersionUID = 2226592364007985000
      $$$tc$$$ = class com.ibm.websphere.ras.TraceComponent@5216553c
    names = class java.util.HashSet@29d550f1
      serialVersionUID = -5024744406713321676
      map = class java.util.HashMap@2593c0cf
      PRESENT = class java.lang.Object@4f375bb9
      MAX_ARRAY_SIZE = 2147483639
    serialVersionUID = 7443990212682384945
    $$$tc$$$ = class com.ibm.websphere.ras.TraceComponent@74c96f6e
      strings[0] = "TraceComponent[com.ibm.ws.container.service.app.deploy.internal.ApplicationInfoFactoryImpl,class com.ibm.ws.container.service.app.deploy.internal.ApplicationInfoFactoryImpl,[container.service],com.ibm.ws.container.service.resources.Messages,null]"
  metaDataService = class com.ibm.ws.container.service.metadata.internal.MetaDataServiceImpl@a39342
    applicationMetaDataManager = class com.ibm.ws.container.service.metadata.internal.ApplicationMetaDataManager@1521314a
      serialVersionUID = 1843747281024490904
      $$$tc$$$ = class com.ibm.websphere.ras.TraceComponent@b490a97
      listeners = class com.ibm.wsspi.kernel.service.utils.ConcurrentServiceReferenceSet@6ee690c7
      metaDataIDs = class com.ibm.ws.container.service.metadata.internal.IndexList@60e8be93
      metaDatas = class java.util.ArrayList@15f7dba4
      slotIDs = class com.ibm.ws.container.service.metadata.internal.IndexList@4bf22422
      serialVersionUID = 5464421863354792977
      $$$tc$$$ = class com.ibm.websphere.ras.TraceComponent@59c88e6a
    moduleMetaDataManager = class com.ibm.ws.container.service.metadata.internal.ModuleMetaDataManager@1f17c0e8
      serialVersionUID = 2513574389899327209
      $$$tc$$$ = class com.ibm.websphere.ras.TraceComponent@41e20e57
      listeners = class com.ibm.wsspi.kernel.service.utils.ConcurrentServiceReferenceSet@67a57497
      metaDataIDs = class com.ibm.ws.container.service.metadata.internal.IndexList@218ce253
      metaDatas = class java.util.ArrayList@7d7c479a
      slotIDs = class com.ibm.ws.container.service.metadata.internal.IndexList@19c9101
      serialVersionUID = 5464421863354792977
      $$$tc$$$ = class com.ibm.websphere.ras.TraceComponent@59c88e6a
    componentMetaDataManager = class com.ibm.ws.container.service.metadata.internal.ComponentMetaDataManager@29604a3d
      serialVersionUID = 8629793739641703882
      $$$tc$$$ = class com.ibm.websphere.ras.TraceComponent@42d459c2
      listeners = class com.ibm.wsspi.kernel.service.utils.ConcurrentServiceReferenceSet@5927c0c2
      metaDataIDs = class com.ibm.ws.container.service.metadata.internal.IndexList@7e6cd68d
      metaDatas = class java.util.ArrayList@5c5d3c87
      slotIDs = class com.ibm.ws.container.service.metadata.internal.IndexList@fdfa296
      serialVersionUID = 5464421863354792977
      $$$tc$$$ = class com.ibm.websphere.ras.TraceComponent@59c88e6a
    methodMetaDataManager = class com.ibm.ws.container.service.metadata.internal.MethodMetaDataManager@2fd29950
      serialVersionUID = -3308748211841563417
      $$$tc$$$ = class com.ibm.websphere.ras.TraceComponent@b3c373d
      listeners = class com.ibm.wsspi.kernel.service.utils.ConcurrentServiceReferenceSet@2d269959
      metaDataIDs = class com.ibm.ws.container.service.metadata.internal.IndexList@38b8d018
      metaDatas = class java.util.ArrayList@74143dc7
      slotIDs = class com.ibm.ws.container.service.metadata.internal.IndexList@792d40ef
      serialVersionUID = 5464421863354792977
      $$$tc$$$ = class com.ibm.websphere.ras.TraceComponent@59c88e6a
    appModuleNameToModuleContainer = class java.util.concurrent.ConcurrentHashMap@33654681
      serialVersionUID = 7249069246763182397
      MAXIMUM_CAPACITY = 1073741824
      DEFAULT_CAPACITY = 16
      MAX_ARRAY_SIZE = 2147483639
      DEFAULT_CONCURRENCY_LEVEL = 16
      LOAD_FACTOR = 0.75
      TREEIFY_THRESHOLD = 8
      UNTREEIFY_THRESHOLD = 6
      MIN_TREEIFY_CAPACITY = 64
      MIN_TRANSFER_STRIDE = 16
      RESIZE_STAMP_BITS = 16
      MAX_RESIZERS = 65535
      RESIZE_STAMP_SHIFT = 16
      MOVED = -1
      TREEBIN = -2
      RESERVED = -3
      HASH_BITS = 2147483647
      NCPU = 4
      serialPersistentFields = class java.io.ObjectStreamField[3]
      table = null
      nextTable = null
      baseCount = 0
      sizeCtl = 0
      transferIndex = 0
      cellsBusy = 0
      counterCells = null
      keySet = null
      values = null
      entrySet = null
      U = class sun.misc.Unsafe@73adcc20
      SIZECTL = 20
      TRANSFERINDEX = 32
      BASECOUNT = 24
      CELLSBUSY = 36
      CELLVALUE = 144
      ABASE = 16
      ASHIFT = 2
      keySet = null
      values = null
    jeeNameToComponentMetaData = class java.util.concurrent.ConcurrentHashMap@12d4c085
      serialVersionUID = 7249069246763182397
      MAXIMUM_CAPACITY = 1073741824
      DEFAULT_CAPACITY = 16
      MAX_ARRAY_SIZE = 2147483639
      DEFAULT_CONCURRENCY_LEVEL = 16
      LOAD_FACTOR = 0.75
      TREEIFY_THRESHOLD = 8
      UNTREEIFY_THRESHOLD = 6
      MIN_TREEIFY_CAPACITY = 64
      MIN_TRANSFER_STRIDE = 16
      RESIZE_STAMP_BITS = 16
      MAX_RESIZERS = 65535
      RESIZE_STAMP_SHIFT = 16
      MOVED = -1
      TREEBIN = -2
      RESERVED = -3
      HASH_BITS = 2147483647
      NCPU = 4
      serialPersistentFields = class java.io.ObjectStreamField[3]
      table = null
      nextTable = null
      baseCount = 0
      sizeCtl = 0
      transferIndex = 0
      cellsBusy = 0
      counterCells = null
      keySet = null
      values = null
      entrySet = null
      U = class sun.misc.Unsafe@73adcc20
      SIZECTL = 20
      TRANSFERINDEX = 32
      BASECOUNT = 24
      CELLSBUSY = 36
      CELLVALUE = 144
      ABASE = 16
      ASHIFT = 2
      keySet = null
      values = null
    deferredMetaDataFactories = class com.ibm.wsspi.kernel.service.utils.ConcurrentServiceReferenceSet@394e5140
      referenceName = "deferredMetaDataFactory"
      contextRef = class java.util.concurrent.atomic.AtomicReference@3b23a699
      elementMap = class java.util.LinkedHashMap@2e687e5d
      elementSet = class java.util.concurrent.ConcurrentSkipListSet@d5672ae
      elementSetUnsorted = false
      serialVersionUID = 756240983881166148
      $$$tc$$$ = class com.ibm.websphere.ras.TraceComponent@70437a8
    deferredMetaDataInitializers = class com.ibm.wsspi.kernel.service.utils.ConcurrentServiceReferenceMap@26d4720
      referenceName = "deferredMetaDataFactory"
      context = class org.apache.felix.scr.impl.manager.ComponentContextImpl@3dc4aad
      elementMap = class java.util.concurrent.ConcurrentHashMap@21ee90a5
      serialVersionUID = 6980924785166233786
      $$$tc$$$ = class com.ibm.websphere.ras.TraceComponent@64d901a4
    serialVersionUID = -2494605732980966097
    $$$tc$$$ = class com.ibm.websphere.ras.TraceComponent@711ad01d
      strings[0] = "TraceComponent[com.ibm.ws.container.service.metadata.internal.MetaDataServiceImpl,class com.ibm.ws.container.service.metadata.internal.MetaDataServiceImpl,[Runtime],,null]"
  stateChangeService = class com.ibm.ws.container.service.state.internal.StateChangeServiceImpl@2214ec1
    applicationStateManager = class com.ibm.ws.container.service.state.internal.ApplicationStateManager@b7ddafa
      serialVersionUID = -6685368059484454124
      $$$tc$$$ = class com.ibm.websphere.ras.TraceComponent@509a094a
      listeners = class com.ibm.wsspi.kernel.service.utils.ConcurrentServiceReferenceSet@26c639a
      serialVersionUID = 2284273176985484160
      $$$tc$$$ = class com.ibm.websphere.ras.TraceComponent@5fd3293b
    moduleStateManager = class com.ibm.ws.container.service.state.internal.ModuleStateManager@ad74ce8
      serialVersionUID = -5540260902341249963
      $$$tc$$$ = class com.ibm.websphere.ras.TraceComponent@53842bcb
      listeners = class com.ibm.wsspi.kernel.service.utils.ConcurrentServiceReferenceSet@1bc1dcb
      serialVersionUID = 2284273176985484160
      $$$tc$$$ = class com.ibm.websphere.ras.TraceComponent@5fd3293b
    serialVersionUID = -537917915330350560
    $$$tc$$$ = class com.ibm.websphere.ras.TraceComponent@1208617e
      strings[0] = "TraceComponent[com.ibm.ws.container.service.state.internal.StateChangeServiceImpl,class com.ibm.ws.container.service.state.internal.StateChangeServiceImpl,[Runtime],,null]"
  moduleClassesInfo = class com.ibm.ws.app.manager.module.internal.SimpleDeployedAppInfoBase$ModuleClassesInfoProvider@2ffafa3c
    entryContainerInfosMap = class java.util.HashMap@7b4ae772
      serialVersionUID = 362498820763181265
      DEFAULT_INITIAL_CAPACITY = 16
      MAXIMUM_CAPACITY = 1073741824
      DEFAULT_LOAD_FACTOR = 0.75
      TREEIFY_THRESHOLD = 8
      UNTREEIFY_THRESHOLD = 6
      MIN_TREEIFY_CAPACITY = 64
      table = null
      entrySet = null
      size = 0
      modCount = 0
      threshold = 0
      loadFactor = 0.75
      keySet = null
      values = null
    serialVersionUID = -70332790531324534
    $$$tc$$$ = class com.ibm.websphere.ras.TraceComponent@7de15020
      strings[0] = "TraceComponent[com.ibm.ws.app.manager.module.internal.SimpleDeployedAppInfoBase$ModuleClassesInfoProvider,class com.ibm.ws.app.manager.module.internal.SimpleDeployedAppInfoBase$ModuleClassesInfoProvider,[applications, app.manager],,null]"
  moduleContainerInfos = class java.util.ArrayList@5109ec79
    serialVersionUID = 8683452581122892189
    DEFAULT_CAPACITY = 10
    EMPTY_ELEMENTDATA = class java.lang.Object[0]
    DEFAULTCAPACITY_EMPTY_ELEMENTDATA = class java.lang.Object[0]
    elementData = class java.lang.Object[10]
      Object[0] = class com.ibm.ws.app.manager.module.internal.SimpleDeployedAppInfoBase$WebModuleContainerInfo@1ffaf4b4
      Object[1] = null
      Object[2] = null
      Object[3] = null
      Object[4] = null
      Object[5] = null
      Object[6] = null
      Object[7] = null
      Object[8] = null
      Object[9] = null
    size = 1
    MAX_ARRAY_SIZE = 2147483639
    modCount = 1
    MAX_ARRAY_SIZE = 2147483639
  activeModuleHandlers = class java.util.IdentityHashMap@71389339
    DEFAULT_CAPACITY = 32
    MINIMUM_CAPACITY = 4
    MAXIMUM_CAPACITY = 536870912
    table = class java.lang.Object[16]
      Object[0] = null
      Object[1] = null
      Object[2] = null
      Object[3] = null
      Object[4] = null
      Object[5] = null
      Object[6] = null
      Object[7] = null
      Object[8] = null
      Object[9] = null
      Object[10] = null
      Object[11] = null
      Object[12] = null
      Object[13] = null
      Object[14] = null
      Object[15] = null
    size = 0
    modCount = 0
    NULL_KEY = class java.lang.Object@11bb2b82
    entrySet = null
    serialVersionUID = 8188218128353913216
    keySet = null
    values = null
  serialVersionUID = 7078125893012250887
  $$$tc$$$ = class com.ibm.websphere.ras.TraceComponent@23259f65
    strings[0] = "TraceComponent[com.ibm.ws.app.manager.module.internal.SimpleDeployedAppInfoBase,class com.ibm.ws.app.manager.module.internal.SimpleDeployedAppInfoBase,[applications, app.manager],,null]"

Dump of objectArray[0]
Object type = com.ibm.ws.threading.internal.NonCancelableResultFuture
  _done = false
  _result = null
  _failure = null
  _listeners = class java.util.concurrent.ConcurrentLinkedQueue@2f6beca8
    serialVersionUID = 196745693267521676
    head = class java.util.concurrent.ConcurrentLinkedQueue$Node@21016b71
      item = null
      next = null
      UNSAFE = class sun.misc.Unsafe@73adcc20
      itemOffset = 12
      nextOffset = 16
    tail = class java.util.concurrent.ConcurrentLinkedQueue$Node@21016b71
    UNSAFE = class sun.misc.Unsafe@73adcc20
      theUnsafe = class sun.misc.Unsafe@73adcc20
      INVALID_FIELD_OFFSET = -1
      ARRAY_BOOLEAN_BASE_OFFSET = 16
      ARRAY_BYTE_BASE_OFFSET = 16
      ARRAY_SHORT_BASE_OFFSET = 16
      ARRAY_CHAR_BASE_OFFSET = 16
      ARRAY_INT_BASE_OFFSET = 16
      ARRAY_LONG_BASE_OFFSET = 16
      ARRAY_FLOAT_BASE_OFFSET = 16
      ARRAY_DOUBLE_BASE_OFFSET = 16
      ARRAY_OBJECT_BASE_OFFSET = 16
      ARRAY_BOOLEAN_INDEX_SCALE = 1
      ARRAY_BYTE_INDEX_SCALE = 1
      ARRAY_SHORT_INDEX_SCALE = 2
      ARRAY_CHAR_INDEX_SCALE = 2
      ARRAY_INT_INDEX_SCALE = 4
      ARRAY_LONG_INDEX_SCALE = 8
      ARRAY_FLOAT_INDEX_SCALE = 4
      ARRAY_DOUBLE_INDEX_SCALE = 8
      ARRAY_OBJECT_INDEX_SCALE = 4
      ADDRESS_SIZE = 8
    headOffset = 12
    tailOffset = 16
    MAX_ARRAY_SIZE = 2147483639
  _notifiedListeners = class java.util.concurrent.atomic.AtomicBoolean@4550aa26
    serialVersionUID = 4654671469794556979
    unsafe = class sun.misc.Unsafe@73adcc20
    valueOffset = 12
    value = 0
  serialVersionUID = -296387658814354272
  $$$tc$$$ = class com.ibm.websphere.ras.TraceComponent@334104d8
    strings[0] = "TraceComponent[com.ibm.ws.threading.internal.NonCancelableResultFuture,class com.ibm.ws.threading.internal.NonCancelableResultFuture,[Threading],com.ibm.ws.threading.internal.resources.ThreadingMessages,null]"

