------Start of DE processing------ = [10/28/18 19:58:58:804 CST]
Exception = java.lang.IllegalStateException
Source = com.ibm.ws.app.manager.internal.statemachine.StartAction
probeid = 145
Stack Dump = java.lang.IllegalStateException: com.ibm.wsspi.adaptable.module.UnableToAdaptException: com.ibm.ws.javaee.ddmodel.DDParser$ParseException: CWWKC2272E: An error occurred while parsing the /WEB-INF/web.xml deployment descriptor on line 5. The error message was: ParseError at [row,col]:[5,2]
Message: The value of attribute "xsi:schemaLocation" associated with an element type "web-app" must not contain the '<' character.
	at com.ibm.ws.app.manager.war.internal.WARApplicationHandlerImpl.setUpApplicationMonitoring(WARApplicationHandlerImpl.java:51)
	at com.ibm.ws.app.manager.internal.statemachine.StartAction.execute(StartAction.java:136)
	at com.ibm.ws.app.manager.internal.statemachine.ApplicationStateMachineImpl.enterState(ApplicationStateMachineImpl.java:1258)
	at com.ibm.ws.app.manager.internal.statemachine.ApplicationStateMachineImpl.run(ApplicationStateMachineImpl.java:873)
	at java.util.concurrent.ThreadPoolExecutor.runWorker(ThreadPoolExecutor.java:1149)
	at java.util.concurrent.ThreadPoolExecutor$Worker.run(ThreadPoolExecutor.java:624)
	at java.lang.Thread.run(Thread.java:748)
Caused by: com.ibm.wsspi.adaptable.module.UnableToAdaptException: com.ibm.ws.javaee.ddmodel.DDParser$ParseException: CWWKC2272E: An error occurred while parsing the /WEB-INF/web.xml deployment descriptor on line 5. The error message was: ParseError at [row,col]:[5,2]
Message: The value of attribute "xsi:schemaLocation" associated with an element type "web-app" must not contain the '<' character.
	at com.ibm.ws.javaee.ddmodel.web.WebAppEntryAdapter.adapt(WebAppEntryAdapter.java:61)
	at com.ibm.ws.javaee.ddmodel.web.WebAppEntryAdapter.adapt(WebAppEntryAdapter.java:26)
	at com.ibm.ws.adaptable.module.internal.AdapterFactoryServiceImpl.adapt(AdapterFactoryServiceImpl.java:227)
	at com.ibm.ws.adaptable.module.internal.AdaptableEntryImpl.adapt(AdaptableEntryImpl.java:121)
	at com.ibm.ws.javaee.ddmodel.web.WebAppAdapter.adapt(WebAppAdapter.java:38)
	at com.ibm.ws.javaee.ddmodel.web.WebAppAdapter.adapt(WebAppAdapter.java:24)
	at com.ibm.ws.adaptable.module.internal.AdapterFactoryServiceImpl.adapt(AdapterFactoryServiceImpl.java:196)
	at com.ibm.ws.adaptable.module.internal.AdaptableContainerImpl.adapt(AdaptableContainerImpl.java:170)
	at com.ibm.ws.app.manager.module.internal.SimpleDeployedAppInfoBase$ModuleContainerInfoBase.<init>(SimpleDeployedAppInfoBase.java:153)
	at com.ibm.ws.app.manager.module.internal.SimpleDeployedAppInfoBase$WebModuleContainerInfo.<init>(SimpleDeployedAppInfoBase.java:320)
	at com.ibm.ws.app.manager.war.internal.WARDeployedAppInfo.<init>(WARDeployedAppInfo.java:64)
	at com.ibm.ws.app.manager.war.internal.WARDeployedAppInfoFactoryImpl.createDeployedAppInfo(WARDeployedAppInfoFactoryImpl.java:118)
	at com.ibm.ws.app.manager.war.internal.WARDeployedAppInfoFactoryImpl.createDeployedAppInfo(WARDeployedAppInfoFactoryImpl.java:33)
	at com.ibm.ws.app.manager.war.internal.WARApplicationHandlerImpl.setUpApplicationMonitoring(WARApplicationHandlerImpl.java:49)
	... 6 more
Caused by: com.ibm.ws.javaee.ddmodel.DDParser$ParseException: CWWKC2272E: An error occurred while parsing the /WEB-INF/web.xml deployment descriptor on line 5. The error message was: ParseError at [row,col]:[5,2]
Message: The value of attribute "xsi:schemaLocation" associated with an element type "web-app" must not contain the '<' character.
	at com.ibm.ws.javaee.ddmodel.DDParser.parseToRootElement(DDParser.java:418)
	at com.ibm.ws.javaee.ddmodel.DDParser.parseRootElement(DDParser.java:572)
	at com.ibm.ws.javaee.ddmodel.web.WebAppDDParser.parse(WebAppDDParser.java:32)
	at com.ibm.ws.javaee.ddmodel.web.WebAppEntryAdapter.adapt(WebAppEntryAdapter.java:59)
	... 19 more
Caused by: javax.xml.stream.XMLStreamException: ParseError at [row,col]:[5,2]
Message: The value of attribute "xsi:schemaLocation" associated with an element type "web-app" must not contain the '<' character.
	at com.sun.org.apache.xerces.internal.impl.XMLStreamReaderImpl.next(XMLStreamReaderImpl.java:604)
	at com.ibm.ws.javaee.ddmodel.DDParser.parseToRootElement(DDParser.java:415)
	... 22 more

Dump of callerThis
Object type = com.ibm.ws.app.manager.internal.statemachine.StartAction
  _tc = class com.ibm.websphere.ras.TraceComponent@883d718
    strings[0] = "TraceComponent[com.ibm.ws.app.manager.internal.statemachine.StartAction,class com.ibm.ws.app.manager.internal.statemachine.StartAction,[applications, app.manager],com.ibm.ws.app.manager.internal.resources.AppManagerMessages,null]"
  _config = class com.ibm.ws.app.manager.internal.ApplicationConfig@4eaaeeaf
    tc = class com.ibm.websphere.ras.TraceComponent@6c096bb
      strings[0] = "TraceComponent[com.ibm.ws.app.manager.internal.ApplicationConfig,class com.ibm.ws.app.manager.internal.ApplicationConfig,[applications, app.manager],com.ibm.ws.app.manager.internal.resources.AppManagerMessages,null]"
    _configPid = "com.ibm.ws.app.manager_4"
    _config = class com.ibm.ws.config.admin.ConfigurationDictionary@76490984
      serialVersionUID = 7966152868712543805
      simpleTypes = class java.util.Arrays$ArrayList@278596d6
      primitiveArrayTypes = class java.util.Arrays$ArrayList@42f3a831
      simpleArrayTypes = class java.util.Arrays$ArrayList@3a611924
      extendedTypes = class java.util.Arrays$ArrayList@4ceef636
      CASE_INSENSITIVE = class com.ibm.ws.config.admin.ConfigurationDictionary$CaseInsensitive@4756ea5b
      properties = class java.util.Collections$SynchronizedMap@18bb60a0
    _applicationManager = class com.ibm.ws.app.manager.ApplicationManager@1f66e0f4
      expandApps = true
      useJandex = false
      startTimeout = 30
      stopTimeout = 30
      serialVersionUID = -5714171545272003139
      $$$tc$$$ = class com.ibm.websphere.ras.TraceComponent@3d92830a
    _location = "C:/Users/maria/OneDrive/Escritorio/Computadores/2 semestre/Datos 1/Proyecto2/Game of Thrones/out/artifacts/web_war_exploded"
    _type = "war"
    _name = "web_war_exploded"
    _notificationBroadcasterSupport = class javax.management.NotificationBroadcasterSupport@7d6823b4
      listenerList = class java.util.concurrent.CopyOnWriteArrayList@56da7754
      executor = class com.ibm.ws.threading.internal.ExecutorServiceImpl@2cdd73cf
      notifInfo = class javax.management.MBeanNotificationInfo[2]
      defaultExecutor = class javax.management.NotificationBroadcasterSupport$1@7bf476d6
      NO_NOTIFICATION_INFO = class javax.management.MBeanNotificationInfo[0]
      logger = class com.sun.jmx.remote.util.ClassLogger@57a63a96
    ONE_TIME_JANDEX_MSGS_DISPLAYED = true
  _aii = class com.ibm.ws.app.manager.internal.ApplicationInstallInfo@722cd6d5
    _config = class com.ibm.ws.app.manager.internal.ApplicationConfig@4eaaeeaf
    _handlerInfo = class java.util.concurrent.atomic.AtomicReference@77b526d4
      serialVersionUID = -1848883965231344442
      unsafe = class sun.misc.Unsafe@11aebf90
      valueOffset = 12
      value = null
    _container = class java.util.concurrent.atomic.AtomicReference@633bcc89
      serialVersionUID = -1848883965231344442
      unsafe = class sun.misc.Unsafe@11aebf90
      valueOffset = 12
      value = class com.ibm.ws.adaptable.module.internal.AdaptableContainerImpl@65e1c1cf
    _resolvedLocation = class java.util.concurrent.atomic.AtomicReference@40585a01
      serialVersionUID = -1848883965231344442
      unsafe = class sun.misc.Unsafe@11aebf90
      valueOffset = 12
      value = class com.ibm.ws.kernel.service.location.internal.LocalFileResource@1d63a017
    _handler = class com.ibm.ws.app.manager.war.internal.WARApplicationHandlerImpl@720d653c
      futureMonitor = class com.ibm.ws.threading.internal.FutureMonitorImpl@388ff56
      deployedAppFactory = class com.ibm.ws.app.manager.war.internal.WARDeployedAppInfoFactoryImpl@8e106d0
      serialVersionUID = 4622845147410944782
      $$$tc$$$ = class com.ibm.websphere.ras.TraceComponent@19e2e596
    _ami = class java.util.concurrent.atomic.AtomicReference@591e1b33
      serialVersionUID = -1848883965231344442
      unsafe = class sun.misc.Unsafe@11aebf90
      valueOffset = 12
      value = null
    _updateHandler = class com.ibm.ws.app.manager.internal.statemachine.ApplicationStateMachineImpl@7430542
      _tc = class com.ibm.websphere.ras.TraceComponent@15974d73
      EMPTY_FUTURE_ARRAY = interface java.util.concurrent.Future[0]
      asmSequenceNumber = class java.util.concurrent.atomic.AtomicLong@38ab13a0
      _qscaCounter = class java.util.concurrent.atomic.AtomicInteger@11455005
      _failedThrowable = null
      _interruptibleLock = class com.ibm.ws.app.manager.internal.statemachine.ApplicationStateMachineImpl$2@e332e7a
      _interruptible = false
      _performingQueuedActions = true
      _queuedActions = class java.util.concurrent.ConcurrentLinkedQueue@3ad39dfd
      _callbackState = class java.util.concurrent.atomic.AtomicReference@5a85af14
      blockAppStartingFutures = class java.util.Collections$SetFromMap@617b0939
      waitingForAppHandlerFuture = class java.util.concurrent.atomic.AtomicReference@76acab92
      waitingForExplicitStartFuture = class java.util.concurrent.atomic.AtomicReference@50b6eccf
      completionListener = class java.util.concurrent.atomic.AtomicReference@27bc14c2
      _notifyAppStopped = class java.util.concurrent.ConcurrentLinkedQueue@1eb7f3cd
      _notifyAppStarting = class java.util.concurrent.ConcurrentLinkedQueue@d542bb2
      _notifyAppInstallCalled = class java.util.concurrent.ConcurrentLinkedQueue@6a637e43
      _notifyAppStarted = class java.util.concurrent.ConcurrentLinkedQueue@2d3e6dc9
      _notifyAppRemoved = class java.util.concurrent.ConcurrentLinkedQueue@c36da38
      _stateLock = class com.ibm.ws.app.manager.internal.statemachine.ApplicationStateMachineImpl$3@201369b7
      _internalState = class java.util.concurrent.atomic.AtomicReference@51f39a90
      _currentAction = class java.util.concurrent.atomic.AtomicReference@f7de542
      _rfa = class java.util.concurrent.atomic.AtomicReference@3520098f
      _appInstallInfo = class java.util.concurrent.atomic.AtomicReference@ec5804d
      _update = class java.util.concurrent.atomic.AtomicBoolean@432fac1f
      _appConfig = class java.util.concurrent.atomic.AtomicReference@231806cd
      _nextAppConfig = class java.util.concurrent.atomic.AtomicReference@16411f50
      _appContainer = class java.util.concurrent.atomic.AtomicReference@3424323d
      _resolvedLocation = class java.util.concurrent.atomic.AtomicReference@a553ff2
      _handler = class java.util.concurrent.atomic.AtomicReference@69986e1b
      _asmSeqNo = 0
      _ctx = class org.eclipse.osgi.internal.framework.BundleContextImpl@178034c0
      _locAdmin = class com.ibm.ws.kernel.service.location.internal.WsLocationAdminImpl@17600397
      _futureMonitor = class com.ibm.ws.threading.internal.FutureMonitorImpl@388ff56
      _artifactFactory = class com.ibm.ws.artifact.internal.ArtifactContainerFactoryService@45a8af1e
      _moduleFactory = class com.ibm.ws.adaptable.module.internal.AdaptableModuleFactoryImpl@4f5a9b4c
      _executorService = class com.ibm.ws.threading.internal.ExecutorServiceImpl@2cdd73cf
      _scheduledExecutorService = class com.ibm.ws.threading.internal.ScheduledExecutorImpl@14bd541f
      _asmHelper = class com.ibm.ws.app.manager.internal.ApplicationConfigurator$NamedApplication@11d59f99
      _appMonitor = class com.ibm.ws.app.manager.internal.monitor.ApplicationMonitor@773d47e7
      enterStateCalled = class java.util.concurrent.atomic.AtomicBoolean@621d26e7
      serialVersionUID = -1399093980790866556
      serialVersionUID = 5501066335104962649
      $$$tc$$$ = class com.ibm.websphere.ras.TraceComponent@66b1cb13
    serialVersionUID = 2630639237123415755
    $$$tc$$$ = class com.ibm.websphere.ras.TraceComponent@550b1ec4
      strings[0] = "TraceComponent[com.ibm.ws.app.manager.internal.ApplicationInstallInfo,class com.ibm.ws.app.manager.internal.ApplicationInstallInfo,[applications, app.manager],com.ibm.ws.app.manager.internal.resources.AppManagerMessages,null]"
  _callback = class java.util.concurrent.atomic.AtomicReference@3f1684b
    serialVersionUID = -1848883965231344442
    unsafe = class sun.misc.Unsafe@11aebf90
    valueOffset = 12
    value = class com.ibm.ws.app.manager.internal.statemachine.ApplicationStateMachineImpl$StartActionCallback@64ea4889
      immediateCallbackResult = class java.util.concurrent.atomic.AtomicReference@6d516233
      this$0 = class com.ibm.ws.app.manager.internal.statemachine.ApplicationStateMachineImpl@7430542
      serialVersionUID = 6735534421474643855
      $$$tc$$$ = class com.ibm.websphere.ras.TraceComponent@d05aea8
  _monitor = class com.ibm.ws.threading.internal.FutureMonitorImpl@388ff56
    _monitor = class java.util.concurrent.ConcurrentLinkedQueue@3541d8b7
      serialVersionUID = 196745693267521676
      head = class java.util.concurrent.ConcurrentLinkedQueue$Node@5a183ea3
      tail = class java.util.concurrent.ConcurrentLinkedQueue$Node@5a183ea3
      UNSAFE = class sun.misc.Unsafe@11aebf90
      headOffset = 12
      tailOffset = 16
      MAX_ARRAY_SIZE = 2147483639
    _executor = class com.ibm.ws.threading.internal.ScheduledExecutorImpl@14bd541f
      threadGroupName = "Scheduled Executor Thread Group"
      executor = class com.ibm.ws.threading.internal.ExecutorServiceImpl@2cdd73cf
      serialVersionUID = -9110693807503469597
      $$$tc$$$ = class com.ibm.websphere.ras.TraceComponent@6b90918d
      continueExistingPeriodicTasksAfterShutdown = false
      executeExistingDelayedTasksAfterShutdown = true
      removeOnCancel = false
      sequencer = class java.util.concurrent.atomic.AtomicLong@3fc02874
      ctl = class java.util.concurrent.atomic.AtomicInteger@57dafff7
      COUNT_BITS = 29
      CAPACITY = 536870911
      RUNNING = -536870912
      SHUTDOWN = 0
      STOP = 536870912
      TIDYING = 1073741824
      TERMINATED = 1610612736
      workQueue = class java.util.concurrent.ScheduledThreadPoolExecutor$DelayedWorkQueue@300b024e
      mainLock = class java.util.concurrent.locks.ReentrantLock@770f4c8b
      workers = class java.util.HashSet@49324996
      termination = class java.util.concurrent.locks.AbstractQueuedSynchronizer$ConditionObject@49973200
      largestPoolSize = 1
      completedTaskCount = 0
      threadFactory = class com.ibm.ws.threading.internal.ThreadFactoryImpl@21e6500e
      handler = class java.util.concurrent.ThreadPoolExecutor$AbortPolicy@2c802bad
      keepAliveTime = 0
      allowCoreThreadTimeOut = false
      corePoolSize = 1
      maximumPoolSize = 2147483647
      defaultHandler = class java.util.concurrent.ThreadPoolExecutor$AbortPolicy@2c802bad
      shutdownPerm = class java.lang.RuntimePermission@77a5a952
      acc = null
      ONLY_ONE = true
      $assertionsDisabled = true
    _threadRunning = class java.util.concurrent.atomic.AtomicBoolean@6e5c9d1c
      serialVersionUID = 4654671469794556979
      unsafe = class sun.misc.Unsafe@11aebf90
      valueOffset = 12
      value = 0
    _thread = class com.ibm.ws.threading.internal.FutureMonitorImpl$1@79b747fb
      this$0 = class com.ibm.ws.threading.internal.FutureMonitorImpl@388ff56
      serialVersionUID = 2422512430832938099
      $$$tc$$$ = class com.ibm.websphere.ras.TraceComponent@7a140a9d
    serialVersionUID = 2765238413969174390
    $$$tc$$$ = class com.ibm.websphere.ras.TraceComponent@2031acbd
      strings[0] = "TraceComponent[com.ibm.ws.threading.internal.FutureMonitorImpl,class com.ibm.ws.threading.internal.FutureMonitorImpl,[Threading],com.ibm.ws.threading.internal.resources.ThreadingMessages,null]"
  _startTime = class java.util.concurrent.atomic.AtomicLong@337bb4cc
    serialVersionUID = 1927816293512124184
    unsafe = class sun.misc.Unsafe@11aebf90
    valueOffset = 16
    VM_SUPPORTS_LONG_CAS = true
    value = 1540778338399
    serialVersionUID = -8742448824652078965
  _appMonitor = class com.ibm.ws.app.manager.internal.monitor.ApplicationMonitor@773d47e7
    tc = class com.ibm.websphere.ras.TraceComponent@5b5e683c
      strings[0] = "TraceComponent[com.ibm.ws.app.manager.internal.monitor.ApplicationMonitor,class com.ibm.ws.app.manager.internal.monitor.ApplicationMonitor,[applications, app.manager],com.ibm.ws.app.manager.internal.resources.AppManagerMessages,null]"
    _config = class java.util.concurrent.atomic.AtomicReference@61b1cadf
      serialVersionUID = -1848883965231344442
      unsafe = class sun.misc.Unsafe@11aebf90
      valueOffset = 12
      value = class com.ibm.ws.app.manager.internal.monitor.ApplicationMonitorConfig@7b53459c
    _executorService = class java.util.concurrent.atomic.AtomicReference@224c1829
      serialVersionUID = -1848883965231344442
      unsafe = class sun.misc.Unsafe@11aebf90
      valueOffset = 12
      value = class com.ibm.ws.threading.internal.ScheduledExecutorImpl@14bd541f
    _appListeners = class java.util.concurrent.ConcurrentHashMap@7dd1a78
      serialVersionUID = 7249069246763182397
      MAXIMUM_CAPACITY = 1073741824
      DEFAULT_CAPACITY = 16
      MAX_ARRAY_SIZE = 2147483639
      DEFAULT_CONCURRENCY_LEVEL = 16
      LOAD_FACTOR = 0.75
      TREEIFY_THRESHOLD = 8
      UNTREEIFY_THRESHOLD = 6
      MIN_TREEIFY_CAPACITY = 64
      MIN_TRANSFER_STRIDE = 16
      RESIZE_STAMP_BITS = 16
      MAX_RESIZERS = 65535
      RESIZE_STAMP_SHIFT = 16
      MOVED = -1
      TREEBIN = -2
      RESERVED = -3
      HASH_BITS = 2147483647
      NCPU = 4
      serialPersistentFields = class java.io.ObjectStreamField[3]
      table = null
      nextTable = null
      baseCount = 0
      sizeCtl = 0
      transferIndex = 0
      cellsBusy = 0
      counterCells = null
      keySet = null
      values = class java.util.concurrent.ConcurrentHashMap$ValuesView@674d21c8
      entrySet = null
      U = class sun.misc.Unsafe@11aebf90
      SIZECTL = 20
      TRANSFERINDEX = 32
      BASECOUNT = 24
      CELLSBUSY = 36
      CELLVALUE = 144
      ABASE = 16
      ASHIFT = 2
      keySet = null
      values = null
    serialVersionUID = -6677716415972806660
  _update = false
  _slowMessageAction = class java.util.concurrent.atomic.AtomicReference@5b840930
    serialVersionUID = -1848883965231344442
    unsafe = class sun.misc.Unsafe@11aebf90
      theUnsafe = class sun.misc.Unsafe@11aebf90
      INVALID_FIELD_OFFSET = -1
      ARRAY_BOOLEAN_BASE_OFFSET = 16
      ARRAY_BYTE_BASE_OFFSET = 16
      ARRAY_SHORT_BASE_OFFSET = 16
      ARRAY_CHAR_BASE_OFFSET = 16
      ARRAY_INT_BASE_OFFSET = 16
      ARRAY_LONG_BASE_OFFSET = 16
      ARRAY_FLOAT_BASE_OFFSET = 16
      ARRAY_DOUBLE_BASE_OFFSET = 16
      ARRAY_OBJECT_BASE_OFFSET = 16
      ARRAY_BOOLEAN_INDEX_SCALE = 1
      ARRAY_BYTE_INDEX_SCALE = 1
      ARRAY_SHORT_INDEX_SCALE = 2
      ARRAY_CHAR_INDEX_SCALE = 2
      ARRAY_INT_INDEX_SCALE = 4
      ARRAY_LONG_INDEX_SCALE = 8
      ARRAY_FLOAT_INDEX_SCALE = 4
      ARRAY_DOUBLE_INDEX_SCALE = 8
      ARRAY_OBJECT_INDEX_SCALE = 4
      ADDRESS_SIZE = 8
    valueOffset = 12
    value = class com.ibm.ws.threading.internal.SchedulingHelper@6ffccf1
      m_callable = class java.util.concurrent.Executors$RunnableAdapter@58ed56bc
      m_isDone = false
      m_cancelResult = false
      m_schedFuture = class java.util.concurrent.ScheduledThreadPoolExecutor$ScheduledFutureTask@25128cd2
      m_coordinationLatch = class java.util.concurrent.CountDownLatch@130a36f9
      m_executor = class com.ibm.ws.threading.internal.ExecutorServiceImpl@2cdd73cf
      m_defaultFuture = null
      m_pendingException = null
      m_scheduledExecutorQueue = class java.util.concurrent.ScheduledThreadPoolExecutor$DelayedWorkQueue@300b024e
      serialVersionUID = 2955063284661034074
      $$$tc$$$ = class com.ibm.websphere.ras.TraceComponent@2e83b20f
  _listener = class com.ibm.ws.app.manager.internal.statemachine.StartAction$1@7a73ed8a
    this$0 = class com.ibm.ws.app.manager.internal.statemachine.StartAction@61603de9
    serialVersionUID = 276196939532533882
    $$$tc$$$ = class com.ibm.websphere.ras.TraceComponent@76ebb4ac
      strings[0] = "TraceComponent[com.ibm.ws.app.manager.internal.statemachine.StartAction$1,class com.ibm.ws.app.manager.internal.statemachine.StartAction$1,[applications, app.manager],com.ibm.ws.app.manager.internal.resources.AppManagerMessages,null]"
  serialVersionUID = 673965255474898916

Dump of objectArray[0]
Object type = com.ibm.ws.threading.internal.ScheduledExecutorImpl
  threadGroupName = "Scheduled Executor Thread Group"
  executor = class com.ibm.ws.threading.internal.ExecutorServiceImpl@2cdd73cf
    threadPool = class java.util.concurrent.ThreadPoolExecutor@2137b268
      ctl = class java.util.concurrent.atomic.AtomicInteger@36e68f0f
      COUNT_BITS = 29
      CAPACITY = 536870911
      RUNNING = -536870912
      SHUTDOWN = 0
      STOP = 536870912
      TIDYING = 1073741824
      TERMINATED = 1610612736
      workQueue = class com.ibm.ws.threading.internal.BoundedBuffer@47fba9ef
      mainLock = class java.util.concurrent.locks.ReentrantLock@631b0487
      workers = class java.util.HashSet@39ee7b55
      termination = class java.util.concurrent.locks.AbstractQueuedSynchronizer$ConditionObject@3bf21590
      largestPoolSize = 28
      completedTaskCount = 99
      threadFactory = class com.ibm.ws.threading.internal.ThreadFactoryImpl@21dc67d0
      handler = class com.ibm.ws.threading.internal.ExecutorServiceImpl$ExpandPolicy@1a586050
      keepAliveTime = 60000000000
      allowCoreThreadTimeOut = false
      corePoolSize = 8
      maximumPoolSize = 8
      defaultHandler = class java.util.concurrent.ThreadPoolExecutor$AbortPolicy@2c802bad
      shutdownPerm = class java.lang.RuntimePermission@77a5a952
      acc = null
      ONLY_ONE = true
      $assertionsDisabled = true
    threadPoolController = class com.ibm.ws.threading.internal.ThreadPoolController@2cd9b2d4
      tc = class com.ibm.websphere.ras.TraceComponent@6b8a7896
      interval = 1500
      hangInterval = 250
      hangResolutionCountdown = 0
      hangResolutionCycles = 3
      hangBufferPoolSize = 0
      controllerCyclesWithoutHang = 0
      noHangCyclesThreshold = 8
      compareRange = 4
      NUMBER_CPUS = 4
      controllerCycle = 45
      distributionReset = false
      poolIncrement = 4
      poolDecrement = 4
      poolChangeBasis = 4
      poolIncrementBoundLow = 64
      poolIncrementBoundMedium = 256
      poolIncrementMax = 16
      poolIncrementMin = 1
      POOL_INCREMENT_MIN_DEFAULT = 1
      POOL_INCREMENT_MAX_DEFAULT = 16
      minimumDesiredPoolSizeAdjustments = 10
      targetPoolSize = 8
      consecutiveTargetPoolSizeWrong = 0
      MAX_CONSECUTIVE_TARGET_POOLSIZE_WRONG = 3
      highCpu = 90
      dataAgePruneLevel = 5.0
      compareSpanPruneMultiplier = 2
      tputRatioPruneLevel = 5.0
      poolTputRatioHigh = 5.0
      poolTputRatioLow = 3.0
      compareSpanRatioMultiplier = 2
      growScoreFilterLevel = 0.5
      shrinkScoreFilterLevel = 0.5
      resetDistroStdDevEwmaRatio = 0.1
      resetDistroNewTputEwmaRatio = 0.5
      resetDistroConsecutiveOutliers = 5.0
      processCpuUtil = 13.020833333333334
      systemCpuUtil = 86.20532957730637
      cpuUtil = 86.20532957730637
      MAX_INTERVALS_WITHOUT_CHANGE = 5
      EMPTY_QUEUE_SHRINK_MAGIC_PER_INTERVAL = 0.04
      IDLE_INTERVALS_BEFORE_PAUSE = 3
      MAX_OUTLIER_AFTER_CHANGE_BEFORE_RESET = 10
      MAX_THREADS_TO_BREAK_HANG = 1000
      executorService = class com.ibm.ws.threading.internal.ExecutorServiceImpl@2cdd73cf
      lastAction = class com.ibm.ws.threading.internal.ThreadPoolController$LastAction@7f19e24b
      timer = class java.util.Timer@36863369
      activeTask = class com.ibm.ws.threading.internal.IntervalTask@5669df25
      paused = false
      lastTimerPop = 1540778338233
      previousCompleted = 201
      previousThroughput = 6.0
      consecutiveQueueEmptyCount = 22
      consecutiveNoAdjustment = 0
      consecutiveOutlierAfterAdjustment = 2
      consecutiveIdleCount = 0
      maxThreads = 2147483647
      coreThreads = 8
      threadRange = 2147483639
      threadPool = class java.util.concurrent.ThreadPoolExecutor@2137b268
      threadStats = class java.util.TreeMap@4491a356
      poolSizeWhenHangDetected = -1
      hangIntervalCounter = 0
      hangMaxThreadsMessageEmitted = false
      serialVersionUID = 1232639342914721961
    poolName = "Default Executor"
    componentConfig = class org.apache.felix.scr.impl.helper.ReadOnlyDictionary@7983810d
      m_delegate = class java.util.Hashtable@72c861bf
      m_serviceReference = null
    interceptorsActive = false
    interceptors = class java.util.concurrent.CopyOnWriteArraySet@3c977889
      serialVersionUID = 5457747651344034263
      al = class java.util.concurrent.CopyOnWriteArrayList@76f09468
      MAX_ARRAY_SIZE = 2147483639
    threadFactory = null
    serialVersionUID = -5569391535960693817
    $$$tc$$$ = class com.ibm.websphere.ras.TraceComponent@56204dcb
      strings[0] = "TraceComponent[com.ibm.ws.threading.internal.ExecutorServiceImpl,class com.ibm.ws.threading.internal.ExecutorServiceImpl,[Threading],com.ibm.ws.threading.internal.resources.ThreadingMessages,null]"
  serialVersionUID = -9110693807503469597
  $$$tc$$$ = class com.ibm.websphere.ras.TraceComponent@6b90918d
    strings[0] = "TraceComponent[com.ibm.ws.threading.internal.ScheduledExecutorImpl,class com.ibm.ws.threading.internal.ScheduledExecutorImpl,[Threading],com.ibm.ws.threading.internal.resources.ThreadingMessages,null]"
  continueExistingPeriodicTasksAfterShutdown = false
  executeExistingDelayedTasksAfterShutdown = true
  removeOnCancel = false
  sequencer = class java.util.concurrent.atomic.AtomicLong@3fc02874
    serialVersionUID = 1927816293512124184
    unsafe = class sun.misc.Unsafe@11aebf90
      theUnsafe = class sun.misc.Unsafe@11aebf90
      INVALID_FIELD_OFFSET = -1
      ARRAY_BOOLEAN_BASE_OFFSET = 16
      ARRAY_BYTE_BASE_OFFSET = 16
      ARRAY_SHORT_BASE_OFFSET = 16
      ARRAY_CHAR_BASE_OFFSET = 16
      ARRAY_INT_BASE_OFFSET = 16
      ARRAY_LONG_BASE_OFFSET = 16
      ARRAY_FLOAT_BASE_OFFSET = 16
      ARRAY_DOUBLE_BASE_OFFSET = 16
      ARRAY_OBJECT_BASE_OFFSET = 16
      ARRAY_BOOLEAN_INDEX_SCALE = 1
      ARRAY_BYTE_INDEX_SCALE = 1
      ARRAY_SHORT_INDEX_SCALE = 2
      ARRAY_CHAR_INDEX_SCALE = 2
      ARRAY_INT_INDEX_SCALE = 4
      ARRAY_LONG_INDEX_SCALE = 8
      ARRAY_FLOAT_INDEX_SCALE = 4
      ARRAY_DOUBLE_INDEX_SCALE = 8
      ARRAY_OBJECT_INDEX_SCALE = 4
      ADDRESS_SIZE = 8
    valueOffset = 16
    VM_SUPPORTS_LONG_CAS = true
    value = 221
    serialVersionUID = -8742448824652078965
  ctl = class java.util.concurrent.atomic.AtomicInteger@57dafff7
    serialVersionUID = 6214790243416807050
    unsafe = class sun.misc.Unsafe@11aebf90
    valueOffset = 12
    value = -536870911
    serialVersionUID = -8742448824652078965
  COUNT_BITS = 29
  CAPACITY = 536870911
  RUNNING = -536870912
  SHUTDOWN = 0
  STOP = 536870912
  TIDYING = 1073741824
  TERMINATED = 1610612736
  workQueue = class java.util.concurrent.ScheduledThreadPoolExecutor$DelayedWorkQueue@300b024e
    INITIAL_CAPACITY = 16
    queue = interface java.util.concurrent.RunnableScheduledFuture[16]
      RunnableScheduledFuture[0] = class com.ibm.ws.threading.internal.SchedulingHelper@27734877
      RunnableScheduledFuture[1] = class com.ibm.ws.threading.internal.SchedulingHelper@7dbb3cf8
      RunnableScheduledFuture[2] = class com.ibm.ws.threading.internal.SchedulingHelper@5a549f38
      RunnableScheduledFuture[3] = class com.ibm.ws.threading.internal.SchedulingHelper@4a0f1ccf
      RunnableScheduledFuture[4] = class com.ibm.ws.threading.internal.SchedulingHelper@7702c509
      RunnableScheduledFuture[5] = class com.ibm.ws.threading.internal.SchedulingHelper@53fa7bed
      RunnableScheduledFuture[6] = class com.ibm.ws.threading.internal.SchedulingHelper@2da983f5
      RunnableScheduledFuture[7] = class com.ibm.ws.threading.internal.SchedulingHelper@1ff21beb
      RunnableScheduledFuture[8] = class com.ibm.ws.threading.internal.SchedulingHelper@7e39bf91
      RunnableScheduledFuture[9] = class com.ibm.ws.threading.internal.SchedulingHelper@7e9c96a8
      RunnableScheduledFuture[10] = class com.ibm.ws.threading.internal.SchedulingHelper@1fcb04a5
      RunnableScheduledFuture[11] = class com.ibm.ws.threading.internal.SchedulingHelper@6ffccf1
      RunnableScheduledFuture[12] = null
      RunnableScheduledFuture[13] = null
      RunnableScheduledFuture[14] = null
      RunnableScheduledFuture[15] = null
    lock = class java.util.concurrent.locks.ReentrantLock@75760abb
      serialVersionUID = 7373984872572414699
      sync = class java.util.concurrent.locks.ReentrantLock$NonfairSync@3554b3fe
    size = 12
    leader = class java.lang.Thread@3fa51dc5
      name = "Scheduled Executor-thread-1"
      priority = 5
      threadQ = null
      eetop = 424634368
      single_step = false
      daemon = true
      stillborn = false
      target = class java.util.concurrent.ThreadPoolExecutor$Worker@58fc4af
      group = class java.lang.ThreadGroup@6b4ca779
      contextClassLoader = class org.eclipse.osgi.internal.framework.ContextFinder@dd2899a
      inheritedAccessControlContext = class java.security.AccessControlContext@5ebe0c6a
      threadInitNumber = 20
      threadLocals = class java.lang.ThreadLocal$ThreadLocalMap@6fe051f8
      inheritableThreadLocals = null
      stackSize = 0
      nativeParkEventPointer = 442302480
      tid = 23
      threadSeqNumber = 93
      threadStatus = 673
      parkBlocker = class java.util.concurrent.locks.AbstractQueuedSynchronizer$ConditionObject@70e3e2a8
      blocker = null
      blockerLock = class java.lang.Object@4e792518
      MIN_PRIORITY = 1
      NORM_PRIORITY = 5
      MAX_PRIORITY = 10
      EMPTY_STACK_TRACE = class java.lang.StackTraceElement[0]
      SUBCLASS_IMPLEMENTATION_PERMISSION = class java.lang.RuntimePermission@46f7cf33
      uncaughtExceptionHandler = null
      defaultUncaughtExceptionHandler = null
      threadLocalRandomSeed = 0
      threadLocalRandomProbe = 0
      threadLocalRandomSecondarySeed = 0
    available = class java.util.concurrent.locks.AbstractQueuedSynchronizer$ConditionObject@70e3e2a8
      serialVersionUID = 1173984872572414699
      firstWaiter = class java.util.concurrent.locks.AbstractQueuedSynchronizer$Node@6028fc13
      lastWaiter = class java.util.concurrent.locks.AbstractQueuedSynchronizer$Node@6028fc13
      REINTERRUPT = 1
      THROW_IE = -1
      this$0 = class java.util.concurrent.locks.ReentrantLock$NonfairSync@3554b3fe
    MAX_ARRAY_SIZE = 2147483639
  mainLock = class java.util.concurrent.locks.ReentrantLock@770f4c8b
    serialVersionUID = 7373984872572414699
    sync = class java.util.concurrent.locks.ReentrantLock$NonfairSync@3d8e4248
      serialVersionUID = 7316153563782823691
      serialVersionUID = -5179523762034025860
      serialVersionUID = 7373984972572414691
      head = null
      tail = null
      state = 0
      spinForTimeoutThreshold = 1000
      unsafe = class sun.misc.Unsafe@11aebf90
      stateOffset = 16
      headOffset = 20
      tailOffset = 24
      waitStatusOffset = 12
      nextOffset = 20
      serialVersionUID = 3737899427754241961
      exclusiveOwnerThread = null
  workers = class java.util.HashSet@49324996
    serialVersionUID = -5024744406713321676
    map = class java.util.HashMap@57a53ad8
      serialVersionUID = 362498820763181265
      DEFAULT_INITIAL_CAPACITY = 16
      MAXIMUM_CAPACITY = 1073741824
      DEFAULT_LOAD_FACTOR = 0.75
      TREEIFY_THRESHOLD = 8
      UNTREEIFY_THRESHOLD = 6
      MIN_TREEIFY_CAPACITY = 64
      table = class java.util.HashMap$Node[16]
      entrySet = null
      size = 1
      modCount = 1
      threshold = 12
      loadFactor = 0.75
      keySet = null
      values = null
    PRESENT = class java.lang.Object@496b3f88
    MAX_ARRAY_SIZE = 2147483639
  termination = class java.util.concurrent.locks.AbstractQueuedSynchronizer$ConditionObject@49973200
    serialVersionUID = 1173984872572414699
    firstWaiter = null
    lastWaiter = null
    REINTERRUPT = 1
    THROW_IE = -1
    this$0 = class java.util.concurrent.locks.ReentrantLock$NonfairSync@3d8e4248
  largestPoolSize = 1
  completedTaskCount = 0
  threadFactory = class com.ibm.ws.threading.internal.ThreadFactoryImpl@21e6500e
    tc = class com.ibm.websphere.ras.TraceComponent@6bf8493b
      strings[0] = "TraceComponent[com.ibm.ws.threading.internal.ThreadFactoryImpl,class com.ibm.ws.threading.internal.ThreadFactoryImpl,[Threading],com.ibm.ws.threading.internal.resources.ThreadingMessages,null]"
    TRACE_ENABLED_AT_STARTUP = false
    createdThreadCount = class java.util.concurrent.atomic.AtomicInteger@7eafc805
      serialVersionUID = 6214790243416807050
      unsafe = class sun.misc.Unsafe@11aebf90
      valueOffset = 12
      value = 1
      serialVersionUID = -8742448824652078965
    executorName = "Scheduled Executor"
    threadGroup = class java.lang.ThreadGroup@6b4ca779
      parent = class java.lang.ThreadGroup@239f895f
      name = "Scheduled Executor Thread Group"
      maxPriority = 10
      destroyed = false
      daemon = false
      vmAllowSuspension = false
      nUnstartedThreads = 0
      nthreads = 1
      threads = class java.lang.Thread[4]
      ngroups = 0
      groups = null
    contextClassLoader = class org.eclipse.osgi.internal.framework.ContextFinder@dd2899a
      cycleDetector = class java.lang.ThreadLocal@2d001ef
      finderClassLoader = class com.ibm.ws.kernel.internal.classloader.BootstrapChildFirstJarClassloader@6e2c634b
      contextFinder = class org.eclipse.osgi.internal.framework.ContextFinder$Finder@7aa6c8d1
      THIS = class java.lang.Class@3899782c
      parentContextClassLoader = class sun.misc.Launcher$AppClassLoader@18b4aac2
      parent = class sun.misc.Launcher$AppClassLoader@18b4aac2
      parallelLockMap = null
      package2certs = class java.util.Hashtable@30de6bc0
      nocerts = class java.security.cert.Certificate[0]
      classes = class java.util.Vector@45e34c
      defaultDomain = class java.security.ProtectionDomain@29845d2
      domains = class java.util.HashSet@4e34e510
      packages = class java.util.HashMap@d77077d
      scl = class sun.misc.Launcher$AppClassLoader@18b4aac2
      sclSet = true
      loadedLibraryNames = class java.util.Vector@2207ca1c
      systemNativeLibraries = class java.util.Vector@6271bd5b
      nativeLibraries = class java.util.Vector@b84c860
      nativeLibraryContext = class java.util.Stack@3efd7a82
      usr_paths = class java.lang.String[23]
      sys_paths = class java.lang.String[1]
      assertionLock = class org.eclipse.osgi.internal.framework.ContextFinder@dd2899a
      defaultAssertionStatus = false
      packageAssertionStatus = null
      classAssertionStatus = null
    serialVersionUID = -3600085245630848128
  handler = class java.util.concurrent.ThreadPoolExecutor$AbortPolicy@2c802bad
  keepAliveTime = 0
  allowCoreThreadTimeOut = false
  corePoolSize = 1
  maximumPoolSize = 2147483647
  defaultHandler = class java.util.concurrent.ThreadPoolExecutor$AbortPolicy@2c802bad
  shutdownPerm = class java.lang.RuntimePermission@77a5a952
    serialVersionUID = 7399184964622342223
    serialVersionUID = 6279438298436773498
    wildcard = false
    path = "modifyThread"
    exitVM = false
    serialVersionUID = -5636570222231596674
    name = "modifyThread"
  acc = null
  ONLY_ONE = true
  $assertionsDisabled = true

