------Start of DE processing------ = [10/27/18 18:50:31:801 CST]
Exception = java.lang.NoClassDefFoundError
Source = com.ibm.ws.webcontainer.osgi.DynamicVirtualHost
probeid = startWebApp
Stack Dump = java.lang.NoClassDefFoundError: com/google/common/base/Function
	at org.glassfish.jersey.internal.ServiceFinder.<clinit>(ServiceFinder.java:165)
	at org.glassfish.jersey.servlet.internal.ServletContainerProviderFactory.getAllServletContainerProviders(ServletContainerProviderFactory.java:66)
	at org.glassfish.jersey.servlet.init.JerseyServletContainerInitializer.onStartup(JerseyServletContainerInitializer.java:132)
	at com.ibm.ws.webcontainer.webapp.WebApp.initializeServletContainerInitializers(WebApp.java:2487)
	at com.ibm.ws.webcontainer.webapp.WebApp.initialize(WebApp.java:994)
	at com.ibm.ws.webcontainer.webapp.WebApp.initialize(WebApp.java:6566)
	at com.ibm.ws.webcontainer.osgi.DynamicVirtualHost.startWebApp(DynamicVirtualHost.java:467)
	at com.ibm.ws.webcontainer.osgi.DynamicVirtualHost.startWebApplication(DynamicVirtualHost.java:462)
	at com.ibm.ws.webcontainer.osgi.WebContainer.startWebApplication(WebContainer.java:1132)
	at com.ibm.ws.webcontainer.osgi.WebContainer.access$000(WebContainer.java:108)
	at com.ibm.ws.webcontainer.osgi.WebContainer$3.run(WebContainer.java:944)
	at java.util.concurrent.Executors$RunnableAdapter.call(Executors.java:511)
	at java.util.concurrent.FutureTask.run(FutureTask.java:266)
	at java.util.concurrent.ThreadPoolExecutor.runWorker(ThreadPoolExecutor.java:1149)
	at java.util.concurrent.ThreadPoolExecutor$Worker.run(ThreadPoolExecutor.java:624)
	at java.lang.Thread.run(Thread.java:748)
Caused by: java.lang.ClassNotFoundException: com.google.common.base.Function
	at com.ibm.ws.classloading.internal.AppClassLoader.findClassCommonLibraryClassLoaders(AppClassLoader.java:504)
	at com.ibm.ws.classloading.internal.AppClassLoader.findClass(AppClassLoader.java:276)
	at java.lang.ClassLoader.loadClass(ClassLoader.java:424)
	at com.ibm.ws.classloading.internal.AppClassLoader.findOrDelegateLoadClass(AppClassLoader.java:482)
	at com.ibm.ws.classloading.internal.AppClassLoader.loadClass(AppClassLoader.java:443)
	at java.lang.ClassLoader.loadClass(ClassLoader.java:357)
	... 16 more

Dump of callerThis
Object type = [Ljava.lang.Object;
  Object[0] = class com.ibm.ws.webcontainer.osgi.DynamicVirtualHost@764a3d51
    tc = class com.ibm.websphere.ras.TraceComponent@3a843bda
      strings[0] = "TraceComponent[com.ibm.ws.webcontainer.osgi.DynamicVirtualHost,class com.ibm.ws.webcontainer.osgi.DynamicVirtualHost,[webcontainer],com.ibm.ws.webcontainer.resources.LShimMessages,null]"
    CLASS_NAME = "com.ibm.ws.webcontainer.osgi.DynamicVirtualHost"
    webContainerParent = class com.ibm.ws.webcontainer.osgi.WebContainer@20a5597c
      tc = class com.ibm.websphere.ras.TraceComponent@74e30b1b
      CLASS_NAME = "com.ibm.ws.webcontainer.osgi.WebContainer"
      initialized = true
      eventService = class com.ibm.ws.event.internal.EventEngineImpl@654c784
      futureMonitor = class com.ibm.ws.threading.internal.FutureMonitorImpl@192aef6a
      classLoadingSRRef = class com.ibm.wsspi.kernel.service.utils.AtomicServiceReference@2e165bae
      sessionHelperSRRef = class com.ibm.wsspi.kernel.service.utils.AtomicServiceReference@24a12f1
      cacheManagerSRRef = class com.ibm.wsspi.kernel.service.utils.AtomicServiceReference@22828ddb
      injectionEngineSRRef = class com.ibm.wsspi.kernel.service.utils.AtomicServiceReference@6c9d675e
      managedObjectServiceSRRef = class com.ibm.wsspi.kernel.service.utils.AtomicServiceReference@70ca8a48
      backgroundWebAppStartFutures = class com.ibm.ws.webcontainer.util.OneTimeUseArrayList@22c5d33a
      REFERENCE_WEB_MBEAN_RUNTIME = "webMBeanRuntime"
      webMBeanRuntimeServiceRef = class com.ibm.wsspi.kernel.service.utils.AtomicServiceReference@141f6eec
      servletContainerInitializers = class com.ibm.wsspi.kernel.service.utils.ConcurrentServiceReferenceSet@133f5ca6
      es = class com.ibm.ws.threading.internal.ExecutorServiceImpl@37031c43
      locationServiceRef = class java.util.concurrent.atomic.AtomicReference@3b53459a
      transferContextServiceRef = class com.ibm.wsspi.kernel.service.utils.ConcurrentServiceReferenceSet@54d42412
      encodingServiceRef = class java.util.concurrent.atomic.AtomicReference@3d678842
      instance = class java.util.concurrent.atomic.AtomicReference@12a97aa9
      vhostManager = class com.ibm.ws.webcontainer.osgi.DynamicVirtualHostManager@337782f3
      metaDataService = class com.ibm.ws.container.service.metadata.internal.MetaDataServiceImpl@73a5d692
      j2eeNameFactory = class com.ibm.ws.container.service.metadata.internal.J2EENameFactoryImpl@51e60ce6
      context = class org.apache.felix.scr.impl.manager.ComponentContextImpl@46f6c43b
      contextRoots = class java.util.Collections$SynchronizedSet@4752713f
      pendingContextRoots = class java.util.HashMap@1ef7274e
      deployedModuleMap = class java.util.concurrent.ConcurrentHashMap@11185e79
      connContextPool = class com.ibm.ws.webcontainer40.osgi.srt.factory.SRTConnectionContextPool40Impl@613f877d
      DEFAULT_PORT = "*"
      DEFAULT_VHOST_NAME = "default_host"
      cachedServerInfo = "IBM WebSphere Liberty/18.0.0.3"
      lock = class com.ibm.ws.webcontainer.osgi.WebContainer$1@35b0d9ec
      webAppFactory = class com.ibm.ws.webcontainer40.osgi.webapp.factory.WebAppFactory40Impl@12da4543
      requestFactory = class com.ibm.ws.webcontainer40.osgi.response.factory.IRequestResponseFactory40Impl@41622af7
      responseFactory = class com.ibm.ws.webcontainer40.osgi.response.factory.IRequestResponseFactory40Impl@41622af7
      asyncContextFactory = class com.ibm.ws.webcontainer40.async.factory.AsyncContextFactory40Impl@5cfb59c9
      DEFAULT_MAX_VERSION = 30
      versionRef = class org.eclipse.osgi.internal.serviceregistry.ServiceReferenceImpl@6f379403
      serverStopping = class com.ibm.ws.staticvalue.StaticValue$FinalSingleton@2f8724fb
      modulesStarting = 0
      uriMatcherFactory = class com.ibm.wsspi.webcontainer40.util.factory.URIMatcherFactory40Impl@7f62966e
      SPEC_LEVEL_UNLOADED = -1
      SPEC_LEVEL_30 = 30
      SPEC_LEVEL_31 = 31
      SPEC_LEVEL_40 = 40
      DEFAULT_SPEC_LEVEL = 30
      loadedContainerSpecLevel = 40
      ISO = "ISO-8859-1"
      encoding = "UTF-8"
      decode = true
      wcconfig = class com.ibm.ws.webcontainer.osgi.WebContainerConfiguration@ddeecbb
      applicationListeners = class java.util.ArrayList@5e065363
      servletListeners = class java.util.ArrayList@405f6256
      servletErrorListeners = class java.util.ArrayList@9fed372
      servletInvocationListeners = class java.util.ArrayList@73bf5dc2
      filterInvocationListeners = class java.util.ArrayList@1f4e959d
      filterErrorListeners = class java.util.ArrayList@243819f0
      filterListeners = class java.util.ArrayList@5ba22b46
      servletRequestListeners = class java.util.ArrayList@52fa3cbd
      servletRequestAttributeListeners = class java.util.ArrayList@39f3a902
      servletContextListeners = class java.util.ArrayList@5d60d055
      servletContextAttributeListeners = class java.util.ArrayList@17d228a4
      sessionListeners = class java.util.ArrayList@144ef137
      sessionIdListeners = class java.util.ArrayList@30d1f105
      sessionAttributeListeners = class java.util.ArrayList@6be86d32
      DEFAULT_HOST = "default_host"
      _initialized = true
      logger = class com.ibm.ws.logging.internal.WsLogger@3af940af
      CLASS_NAME = "com.ibm.ws.webcontainer.internal.WebContainer"
      nls = class com.ibm.ejs.ras.TraceNLS@6d79efe3
      self = class java.util.concurrent.atomic.AtomicReference@edd7c32
      _cipherToBit = class java.util.HashMap@313bed35
      cacheKeyStringBuilder = class com.ibm.ws.util.WSThreadLocal@191297dd
      listenersInitialized = true
      webConProperties = class java.util.Properties@79d1bd5a
      sessionRegistry = null
      isStopped = false
      readWriteLockForStopping = class java.util.concurrent.locks.ReentrantReadWriteLock@2a15b9ef
      urlPrefix = ";jsessionid="
      extensionFactories = class java.util.ArrayList@3f3e2eae
      postInitExtensionFactories = null
      httpResponseListeners = class java.util.ArrayList@3c23f0aa
      servletContainerInitializers = class java.util.ServiceLoader@5799c0a6
      auditManager = class com.ibm.websphere.security.audit.context.AuditManager@23d69c62
      threadLocal = class java.lang.ThreadLocal@240b8336
      invocationCacheSize = 500
      decodePlusSign = true
      _cacheMap = class java.util.concurrent.ConcurrentHashMap@78e81bd
      _cacheSize = class java.util.concurrent.atomic.AtomicInteger@1e8bed1a
      vHostCompatFlag = false
      platformHelper = class com.ibm.ws.webcontainer.PlatformHelper@9294725
      isDefaultTempDir = true
      tempDir = null
      servletCachingInitNeeded = true
      appInstallBegun = true
      cacheServletWrapperFactory = class com.ibm.ws.webcontainer40.servlet.factory.CacheServletWrapperFactory40Impl@71436705
      commands = class java.util.ArrayList@2b383f9
      requestMapper = class com.ibm.ws.webcontainer.util.VirtualHostContextRootMapper@43915d88
      parent = null
      name = "Was.webcontainer"
      isAlive = true
      subElements = class java.util.HashMap@c23ab0
      attributes = null
      config = null
      serialVersionUID = -8271459000149267764
      $$$tc$$$ = class com.ibm.websphere.ras.TraceComponent@7fdac804
    dhostConfig = class com.ibm.ws.webcontainer.osgi.DynamicVirtualHostConfiguration@13db5fa3
      tc = class com.ibm.websphere.ras.TraceComponent@1ddb5f
      name = "default_host"
      activeContexts = class java.util.HashSet@79ae19a3
      tc = class com.ibm.websphere.ras.TraceComponent@490ed82b
      config = class com.ibm.ws.http.internal.VirtualHostImpl@136abdfc
      _id = "default_host"
      _attributes = null
      serialVersionUID = 7511545662945734886
      $$$tc$$$ = class com.ibm.websphere.ras.TraceComponent@496954a3
    predefinedMatcher = null
    normalizeRequestURI = false
    logger = class com.ibm.ws.logging.internal.WsLogger@3af940af
      tc = class com.ibm.websphere.ras.TraceComponent@4eac20d8
      ivCachedResourceBundleName = "com.ibm.ws.webcontainer.resources.Messages"
      ivCachedResourceBundle = class com.ibm.ws.webcontainer.resources.Messages@1638e630
      ivComponent = null
      ivOrganization = null
      ivProduct = null
      ivMinimumLocalizationLevelIntValue = 625
      ivTC = class com.ibm.websphere.ras.TraceComponent@737cb748
      loggerRegistrationComponent = class java.lang.ThreadLocal@736f022e
      emptyHandlers = class java.util.logging.Handler[0]
      offValue = 2147483647
      SYSTEM_LOGGER_RB_NAME = "sun.util.logging.resources.logging"
      SYSTEM_BUNDLE = class java.util.logging.Logger$LoggerBundle@2a72d85f
      NO_RESOURCE_BUNDLE = class java.util.logging.Logger$LoggerBundle@7baaa247
      manager = class com.ibm.ws.kernel.boot.logging.WsLogManager@705fa16e
      name = "com.ibm.ws.webcontainer"
      handlers = class java.util.concurrent.CopyOnWriteArrayList@1e785b82
      loggerBundle = class java.util.logging.Logger$LoggerBundle@430c85da
      useParentHandlers = true
      filter = null
      anonymous = false
      catalog = class com.ibm.ws.webcontainer.resources.Messages@1638e630
      catalogName = "com.ibm.ws.webcontainer.resources.Messages"
      catalogLocale = class java.util.Locale@7303f5df
      treeLock = class java.lang.Object@7e5a7e00
      parent = class java.util.logging.Logger@4e6a216d
      kids = class java.util.ArrayList@7da9545d
      levelObject = class java.util.logging.Level@55ef4f07
      levelValue = 800
      callersClassLoaderRef = class java.lang.ref.WeakReference@2151b421
      isSystemLogger = false
      GLOBAL_LOGGER_NAME = "global"
      global = class java.util.logging.Logger@4aaddd49
      $assertionsDisabled = true
    CLASS_NAME = "com.ibm.ws.webcontainer.VirtualHost"
    vHostConfig = class com.ibm.ws.webcontainer.osgi.DynamicVirtualHostConfiguration@13db5fa3
    commands = class java.util.ArrayList@309d8035
      serialVersionUID = 8683452581122892189
      DEFAULT_CAPACITY = 10
      EMPTY_ELEMENTDATA = class java.lang.Object[0]
      DEFAULTCAPACITY_EMPTY_ELEMENTDATA = class java.lang.Object[0]
      elementData = class java.lang.Object[3]
      size = 0
      MAX_ARRAY_SIZE = 2147483639
      modCount = 0
      MAX_ARRAY_SIZE = 2147483639
    requestMapper = class com.ibm.wsspi.webcontainer.util.URIMapper@79f2f7c2
      matcher = class com.ibm.wsspi.webcontainer40.util.URIMatcher40@1c24736a
    parent = class com.ibm.ws.webcontainer.osgi.WebContainer@20a5597c
    name = "default_host"
    isAlive = true
    subElements = class java.util.HashMap@54563c8d
      serialVersionUID = 362498820763181265
      DEFAULT_INITIAL_CAPACITY = 16
      MAXIMUM_CAPACITY = 1073741824
      DEFAULT_LOAD_FACTOR = 0.75
      TREEIFY_THRESHOLD = 8
      UNTREEIFY_THRESHOLD = 6
      MIN_TREEIFY_CAPACITY = 64
      table = class java.util.HashMap$Node[16]
      entrySet = null
      size = 1
      modCount = 1
      threshold = 12
      loadFactor = 0.75
      keySet = null
      values = null
    attributes = null
    config = null
    serialVersionUID = -8271459000149267764
    $$$tc$$$ = class com.ibm.websphere.ras.TraceComponent@7fdac804
  Object[1] = class com.ibm.ws.webcontainer40.osgi.webapp.WebApp40@786194c7
    tc = class com.ibm.websphere.ras.TraceComponent@3afa685f
      strings[0] = "TraceComponent[com.ibm.ws.webcontainer40.osgi.webapp.WebApp40,class com.ibm.ws.webcontainer40.osgi.webapp.WebApp40,[webcontainer],com.ibm.ws.webcontainer31.resources.Messages,null]"
    servlet40NLS = class com.ibm.ejs.ras.TraceNLS@16c33bf8
      resolver = class com.ibm.ws.logging.internal.TraceNLSResolver@27291c28
      finder = null
      ivBundleName = "com.ibm.ws.webcontainer40.resources.Messages"
      caller = class java.lang.Class@189c08ab
    CLASS_NAME = "com.ibm.ws.webcontainer40.osgi.webapp.WebApp40"
    defaultSessionTimeout = 30
    tc = class com.ibm.websphere.ras.TraceComponent@2b3453db
      strings[0] = "TraceComponent[com.ibm.ws.webcontainer31.osgi.webapp.WebApp31,class com.ibm.ws.webcontainer31.osgi.webapp.WebApp31,[webcontainer],com.ibm.ws.webcontainer31.resources.Messages,null]"
    CLASS_NAME = "com.ibm.ws.webcontainer31.osgi.webapp.WebApp31"
    servlet31NLS = class com.ibm.ejs.ras.TraceNLS@375ac346
      resolver = class com.ibm.ws.logging.internal.TraceNLSResolver@27291c28
      finder = null
      ivBundleName = "com.ibm.ws.webcontainer31.resources.Messages"
      caller = class java.lang.Class@6e62a0db
    validListenerClasses = class java.lang.Class[7]
      Class[0] = class java.lang.Class@3502867
      Class[1] = class java.lang.Class@18ba9070
      Class[2] = class java.lang.Class@50b4ce57
      Class[3] = class java.lang.Class@64b77320
      Class[4] = class java.lang.Class@66266cc1
      Class[5] = class java.lang.Class@2ad34965
      Class[6] = class java.lang.Class@34f018f1
    wsocServHandler = class com.ibm.ws.wsoc.external.WsocHandlerImpl@699b66f7
      tc = class com.ibm.websphere.ras.TraceComponent@9e80854
      noMoreAddsCalled = false
      serialVersionUID = -2067291126638824067
    tc = class com.ibm.websphere.ras.TraceComponent@5bfef5a6
      strings[0] = "TraceComponent[com.ibm.ws.webcontainer.osgi.webapp.WebApp,class com.ibm.ws.webcontainer.osgi.webapp.WebApp,[webcontainer],com.ibm.ws.webcontainer.resources.LShimMessages,null]"
    CLASS_NAME = "com.ibm.ws.webcontainer.osgi.webapp.WebApp"
    metaDataService = class com.ibm.ws.container.service.metadata.internal.MetaDataServiceImpl@73a5d692
      applicationMetaDataManager = class com.ibm.ws.container.service.metadata.internal.ApplicationMetaDataManager@4552f90f
      moduleMetaDataManager = class com.ibm.ws.container.service.metadata.internal.ModuleMetaDataManager@566b2fe5
      componentMetaDataManager = class com.ibm.ws.container.service.metadata.internal.ComponentMetaDataManager@21ce38b7
      methodMetaDataManager = class com.ibm.ws.container.service.metadata.internal.MethodMetaDataManager@57087011
      appModuleNameToModuleContainer = class java.util.concurrent.ConcurrentHashMap@23b5f2e0
      jeeNameToComponentMetaData = class java.util.concurrent.ConcurrentHashMap@15861cfa
      deferredMetaDataFactories = class com.ibm.wsspi.kernel.service.utils.ConcurrentServiceReferenceSet@45dd957d
      deferredMetaDataInitializers = class com.ibm.wsspi.kernel.service.utils.ConcurrentServiceReferenceMap@37d47dcd
      serialVersionUID = -2494605732980966097
      $$$tc$$$ = class com.ibm.websphere.ras.TraceComponent@52976d6c
    namespacePopulated = false
    referenceContext = class com.ibm.ws.injectionengine.osgi.internal.OSGiReferenceContextImpl@72cf8df4
      scopeData = class com.ibm.ws.injectionengine.osgi.internal.OSGiInjectionScopeData@4814fcef
      serialVersionUID = 521511923892134915
      $$$tc$$$ = class com.ibm.websphere.ras.TraceComponent@66e51ee5
      CLASS_NAME = "com.ibm.ws.injectionengine.ReferenceContextImpl"
      tc = class com.ibm.websphere.ras.TraceComponent@797c084d
      ivInjectionEngine = class com.ibm.ws.injectionengine.osgi.internal.OSGiInjectionEngineImpl@c0cd2f
      ivProviders = class java.util.ArrayList@72e1d8e0
      ivComponentJavaContext = null
      ivComponentNameSpace = null
      ivJavaColonCompEnvMap = class java.util.LinkedHashMap@31a489c3
      ivEjbContext10 = class java.util.Properties@258aa02f
      ivResourceRefConfigList = null
      isAlreadyProcessed = true
      ivProcessFailure = null
      ivInjectionTargetMap = class java.util.concurrent.ConcurrentHashMap@46ff59ab
      svInjTarMapCacheSize = 256
      ivDeclaredInjectionTargets = class java.util.HashMap@3aa5af4c
      ivProcessedInjectionClasses = class java.util.HashSet@2f5ad34a
      ivProcessedInjectionBindings = class java.util.LinkedHashSet@74320332
      ivAnyProcessDynamic = true
      ivCheckAppConfig = false
    j2eeNameFactory = class com.ibm.ws.container.service.metadata.internal.J2EENameFactoryImpl@51e60ce6
      serialVersionUID = 3486344295038028821
      $$$tc$$$ = class com.ibm.websphere.ras.TraceComponent@10846f5f
    moduleLoader = class com.ibm.ws.classloading.internal.AppClassLoader@7c226bf8
      tc = class com.ibm.websphere.ras.TraceComponent@26a343e4
      PARENT_FIRST_SEARCH_ORDER = class java.util.Collections$UnmodifiableRandomAccessList@6ad31ee2
      CLASS_LOADING_TRACE_PREFIX = "com.ibm.ws.class.load."
      DEFAULT_PACKAGE = "default.package"
      perPackageClassLoadingTraceComponents = class java.util.concurrent.ConcurrentHashMap@74e1e40a
      config = class com.ibm.ws.classloading.internal.ClassLoaderConfigurationImpl@3dd58a03
      privateLibraries = null
      delegateLoaders = class com.ibm.ws.classloading.internal.util.CompositeIterable@2c5320b3
      nativeLibraryFiles = class java.util.ArrayList@5e051fd5
      transformers = class java.util.ArrayList@25bf71ab
      apiAccess = class com.ibm.ws.classloading.internal.GatewayClassLoader@35559d46
      generator = class com.ibm.ws.classloading.internal.ClassGeneratorManager@34ab728d
      protectionDomains = class java.util.concurrent.ConcurrentHashMap@1c89a13
      parent = class com.ibm.ws.classloading.internal.GatewayClassLoader@35559d46
      serialVersionUID = 952643806680066297
      tc = class com.ibm.websphere.ras.TraceComponent@7286102f
      EMPTY_URL_ARRAY = class java.net.URL[0]
      smartClassPath = class com.ibm.ws.classloading.internal.ContainerClassLoader$SmartClassPathImpl@3b3675eb
      nativeLibraryContainers = class java.util.ArrayList@5e6fb253
      redefiner = class com.ibm.ws.classloading.internal.util.ClassRedefiner@30d3beee
      mapCreationQueue = class java.util.concurrent.Executors$FinalizableDelegatedExecutorService@3d726b56
      serialVersionUID = 7249739282446266343
      serialVersionUID = -7411549862368381758
      $$$tc$$$ = class com.ibm.websphere.ras.TraceComponent@1ccc3f4b
      serialVersionUID = -4868702105808481416
      $$$tc$$$ = class com.ibm.websphere.ras.TraceComponent@e0af9a4
      serialVersionUID = 2596921220292114344
      $$$tc$$$ = class com.ibm.websphere.ras.TraceComponent@3138693f
      initialized = true
      pdcache = class java.util.HashMap@16bd09fb
      debug = null
      parent = class com.ibm.ws.classloading.internal.GatewayClassLoader@35559d46
      parallelLockMap = null
      package2certs = class java.util.Hashtable@3b34f10c
      nocerts = class java.security.cert.Certificate[0]
      classes = class java.util.Vector@15b205e7
      defaultDomain = class java.security.ProtectionDomain@3ebb1d47
      domains = class java.util.HashSet@403729ba
      packages = class java.util.HashMap@5c171c21
      scl = class sun.misc.Launcher$AppClassLoader@18b4aac2
      sclSet = true
      loadedLibraryNames = class java.util.Vector@1225edfb
      systemNativeLibraries = class java.util.Vector@4dbc3193
      nativeLibraries = class java.util.Vector@598fb779
      nativeLibraryContext = class java.util.Stack@55dfe79a
      usr_paths = class java.lang.String[23]
      sys_paths = class java.lang.String[1]
      assertionLock = class com.ibm.ws.classloading.internal.AppClassLoader@7c226bf8
      defaultAssertionStatus = false
      packageAssertionStatus = null
      classAssertionStatus = null
    webAppConfig = class com.ibm.ws.webcontainer.osgi.webapp.WebAppConfiguration@63f864f3
      webModuleMetaData = class com.ibm.ws.webcontainer.osgi.metadata.WebModuleMetaDataImpl@7767d7a6
      webComponentMetaData = class com.ibm.ws.webcontainer.osgi.metadata.WebComponentMetaDataImpl@5f81a6ec
      dVirtualHost = class com.ibm.ws.webcontainer.osgi.DynamicVirtualHost@764a3d51
      orderedLibPaths = class java.util.Collections$UnmodifiableRandomAccessList@34d71335
      bundleHeaders = null
      cdiEnabled = false
      CLASS_NAME = "com.ibm.ws.webcontainer.webapp.WebAppConfiguration"
      logger = class com.ibm.ws.logging.internal.WsLogger@401f029f
      tc = class com.ibm.websphere.ras.TraceComponent@210ae7c8
      nls = class com.ibm.ejs.ras.TraceNLS@3f97c9c4
      version = 25
      contextRoot = "/web_war_exploded"
      isDefaultContextRootUsed = true
      sessionTimeout = 0
      moduleSessionTimeoutSet = false
      moduleSessionTrackingModeSet = false
      sessionCookieConfig = class com.ibm.ws.session.SessionCookieConfigImpl@7604f377
      hasProgrammaticCookieConfig = false
      sessionDefaultTrackingModeSet = class java.util.RegularEnumSet@24e08d9d
      sessionManagerConfig = class com.ibm.ws.session.SessionManagerConfig@1cc10c52
      displayName = "web_war_exploded"
      description = null
      reloadInterval = 0
      distributable = false
      denyUncoveredHttpMethods = false
      reloadingEnabled = false
      serveServletsByClassnameEnabled = null
      defaultErrorPage = null
      additionalClassPath = null
      fileServingEnabled = null
      directoryBrowsingEnabled = null
      autoRequestEncoding = false
      autoResponseEncoding = false
      autoLoadFilters = false
      requestListeners = null
      requestAttributeListeners = null
      sessionListeners = null
      localeMap = null
      moduleName = "web_war_exploded"
      j2eeModuleName = "web_war_exploded"
      moduleId = null
      isSyncToThreadEnabled = false
      encodeDispatchedRequestURI = false
      isSystemApp = false
      ardEnabled = false
      ardDispatchType = null
      listeners = class java.util.ArrayList@1d993fe7
      welcomeFileList = class java.util.ArrayList@4c57f868
      servletMappings = class java.util.HashMap@6cfb081a
      lastIndexBeforeDeclaredFilters = 1
      filterMappings = class java.util.ArrayList@784c2a4b
      servletInfo = class java.util.concurrent.ConcurrentHashMap@2c7e54a2
      filterInfo = class java.util.HashMap@5f996dfd
      mimeMappings = class java.util.HashMap@6b1615cc
      mimeFilters = null
      isMimeFilteringEnabled = false
      theWebGroup = null
      jspAttributes = class java.util.HashMap@72916497
      fileServingAttributes = class java.util.HashMap@2c14f523
      invokerAttributes = class java.util.HashMap@38f683d9
      contextParams = class java.util.HashMap@6315497e
      virtualHost = "default_host"
      exceptionErrorPages = class java.util.HashMap@1a592c57
      codeErrorPages = class java.util.HashMap@116f6fd2
      tagLibList = null
      precompileJsps = false
      webApp = class com.ibm.ws.webcontainer40.osgi.webapp.WebApp40@786194c7
      virtualHostList = class java.util.Collections$EmptyList@1d0bce6d
      appStartupWeight = 0
      moduleStartupWeight = 0
      metaDataComplete = false
      classesToScan = class java.util.ArrayList@549c3a0b
      uriFilterMappingInfos = null
      servletFilterMappingInfos = null
      dynamicServletRegistrationMap = null
      applicationName = "web_war_exploded"
      libBinPathList = class java.util.ArrayList@7f49f5b
      webXmlDefinedListeners = class java.util.HashSet@6d8f7188
      allRefs = class java.util.EnumMap@2e34a2f2
      allRefBindings = class java.util.EnumMap@1bcd995d
      envEntryValues = class java.util.HashMap@3860d338
      resourceRefConfigList = null
      disallowAllFileServingProp = null
      disallowServeServletsByClassnameProp = null
      disableStaticMappingCache = false
      jspCachedLocations = class java.util.HashMap@2e75f68d
      primedSTSHeader = "NoValue"
      enablemultireadofpostdata = false
      requestEncoding = null
      responseEncoding = null
      NULLSERVLETNAME = "com.ibm.ws.webcontainer.NullServletName"
      _id = "WebAppGeneratedId1"
      _attributes = null
      serialVersionUID = 7511545662945734886
      $$$tc$$$ = class com.ibm.websphere.ras.TraceComponent@496954a3
    extensionProcessingDisabled = false
    managedObjectService = class com.ibm.ws.cdi.impl.managedobject.CDIManagedObjectService@52f698a4
      cdiServiceRef = class com.ibm.wsspi.kernel.service.utils.AtomicServiceReference@10159d27
      defaultMOSRef = class com.ibm.wsspi.kernel.service.utils.AtomicServiceReference@547c3c5d
      cdiRuntime = null
      serialVersionUID = 6431825704414919683
      $$$tc$$$ = class com.ibm.websphere.ras.TraceComponent@73520f9d
    GenPluginCfgMB = null
    internalServletMetaData = interface com.ibm.wsspi.webcontainer.metadata.WebComponentMetaData[2]
      WebComponentMetaData[0] = null
      WebComponentMetaData[1] = null
    loginProcessor = null
    logoutProcessor = null
    collabHelper = class com.ibm.ws.webcontainer.osgi.collaborator.CollaboratorHelperImpl@35638b18
      webAppInvCollabs = class java.util.Collections$UnmodifiableSet@6b0baab9
      securityDomainForApp = null
      logger = class com.ibm.ws.logging.internal.WsLogger@400da25b
      staticDefaultSecurityCollaborator = class com.ibm.ws.webcontainer.collaborator.WebAppSecurityCollaborator@6ce62fb
      logger = class com.ibm.ws.logging.internal.WsLogger@5c09ec9e
      CLASS_NAME = "com.ibm.wsspi.webcontainer.collaborator.CollaboratorHelper"
      webApp = class com.ibm.ws.webcontainer40.osgi.webapp.WebApp40@786194c7
      securityCollaborator = null
      nameSpaceCollaborator = class com.ibm.ws.webcontainer.osgi.collaborator.WebAppNameSpaceCollaboratorImpl@61df2658
      transactionCollaborator = class com.ibm.ws.transaction.services.WebAppTransactionCollaboratorImpl@5ff4f1c0
      connectionCollaborator = class com.ibm.ws.webcontainer.collaborator.ConnectionCollaborator@71bb923e
      allCollabEnum = class java.util.RegularEnumSet@497ff48
      servlet_23_or_greater = true
      DEFER_SERVLET_REQUEST_LISTENER_DESTROY_ON_ERROR = false
    envObject = class com.ibm.ws.util.WSThreadLocal@61c065a
      tc = class com.ibm.ejs.ras.TraceComponent@4a3ba9d
      count = 7
      index = 3
      SUSPECTED_MISUSAGE_THRESHOLD = 200
      threadLocalHashCode = 693320325
      nextHashCode = class java.util.concurrent.atomic.AtomicInteger@c739532
      HASH_INCREMENT = 1640531527
    orderedLibPaths = class java.util.Collections$UnmodifiableRandomAccessList@34d71335
      serialVersionUID = -2542308836966382001
      serialVersionUID = -283967356065247728
      list = class java.util.ArrayList@63fae49f
      serialVersionUID = 1820017752578914078
      c = class java.util.ArrayList@63fae49f
    perm = class com.ibm.websphere.security.WebSphereRuntimePermission@1ad17a95
      serialVersionUID = -3306242789188168337
      $$$tc$$$ = class com.ibm.websphere.ras.TraceComponent@69722ceb
      serialVersionUID = 6279438298436773498
      wildcard = false
      path = "accessServletContext"
      exitVM = false
      serialVersionUID = -5636570222231596674
      name = "accessServletContext"
    WELCOME_FILE_LIST = "com.ibm.ws.webcontainer.config.WelcomeFileList"
    DIR_BROWSING_MAPPING = "__dirBrowsing__1540687818685"
    FILTER_PROXY_MAPPING = "/__filterProxy__1540687818685"
    logger = class com.ibm.ws.logging.internal.WsLogger@401f029f
      tc = class com.ibm.websphere.ras.TraceComponent@4eac20d8
      ivCachedResourceBundleName = "com.ibm.ws.webcontainer.resources.Messages"
      ivCachedResourceBundle = class com.ibm.ws.webcontainer.resources.Messages@1638e630
      ivComponent = null
      ivOrganization = null
      ivProduct = null
      ivMinimumLocalizationLevelIntValue = 625
      ivTC = class com.ibm.websphere.ras.TraceComponent@48ce7fe8
      loggerRegistrationComponent = class java.lang.ThreadLocal@736f022e
      emptyHandlers = class java.util.logging.Handler[0]
      offValue = 2147483647
      SYSTEM_LOGGER_RB_NAME = "sun.util.logging.resources.logging"
      SYSTEM_BUNDLE = class java.util.logging.Logger$LoggerBundle@2a72d85f
      NO_RESOURCE_BUNDLE = class java.util.logging.Logger$LoggerBundle@7baaa247
      manager = class com.ibm.ws.kernel.boot.logging.WsLogManager@705fa16e
      name = "com.ibm.ws.webcontainer.webapp"
      handlers = class java.util.concurrent.CopyOnWriteArrayList@611940ec
      loggerBundle = class java.util.logging.Logger$LoggerBundle@5d95dcb0
      useParentHandlers = true
      filter = null
      anonymous = false
      catalog = class com.ibm.ws.webcontainer.resources.Messages@1638e630
      catalogName = "com.ibm.ws.webcontainer.resources.Messages"
      catalogLocale = class java.util.Locale@7303f5df
      treeLock = class java.lang.Object@7e5a7e00
      parent = class com.ibm.ws.logging.internal.WsLogger@3af940af
      kids = null
      levelObject = class java.util.logging.Level@55ef4f07
      levelValue = 800
      callersClassLoaderRef = class java.lang.ref.WeakReference@266c7956
      isSystemLogger = false
      GLOBAL_LOGGER_NAME = "global"
      global = class java.util.logging.Logger@4aaddd49
      $assertionsDisabled = true
    CLASS_NAME = "com.ibm.ws.webcontainer.webapp.WebApp"
    loader = class com.ibm.ws.classloading.internal.ThreadContextClassLoader@640e1f44
      tc = class com.ibm.websphere.ras.TraceComponent@2f52bfc7
      bundle = class java.util.concurrent.atomic.AtomicReference@566000a1
      key = "WebModule:web_war_exploded#web_war_exploded"
      refCount = class java.util.concurrent.atomic.AtomicInteger@46aac55a
      appLoader = class com.ibm.ws.classloading.internal.AppClassLoader@7c226bf8
      clSvc = class com.ibm.ws.classloading.internal.ClassLoadingServiceImpl@562d6f2b
      serialVersionUID = 846416563800781557
      followOnClassLoaders = class java.util.ArrayList@742c3037
      serialVersionUID = -5107316606107305512
      $$$tc$$$ = class com.ibm.websphere.ras.TraceComponent@42fda733
      serialVersionUID = -4868702105808481416
      $$$tc$$$ = class com.ibm.websphere.ras.TraceComponent@e0af9a4
      serialVersionUID = 2596921220292114344
      $$$tc$$$ = class com.ibm.websphere.ras.TraceComponent@3138693f
      initialized = true
      pdcache = class java.util.HashMap@15cafa0
      debug = null
      parent = class com.ibm.ws.classloading.internal.GatewayClassLoader@379a18ea
      parallelLockMap = null
      package2certs = class java.util.Hashtable@14648a34
      nocerts = class java.security.cert.Certificate[0]
      classes = class java.util.Vector@15062816
      defaultDomain = class java.security.ProtectionDomain@6207b834
      domains = class java.util.HashSet@6c23a7b
      packages = class java.util.HashMap@364735bd
      scl = class sun.misc.Launcher$AppClassLoader@18b4aac2
      sclSet = true
      loadedLibraryNames = class java.util.Vector@1225edfb
      systemNativeLibraries = class java.util.Vector@4dbc3193
      nativeLibraries = class java.util.Vector@5a3acbbd
      nativeLibraryContext = class java.util.Stack@55dfe79a
      usr_paths = class java.lang.String[23]
      sys_paths = class java.lang.String[1]
      assertionLock = class com.ibm.ws.classloading.internal.ThreadContextClassLoader@640e1f44
      defaultAssertionStatus = false
      packageAssertionStatus = null
      classAssertionStatus = null
    facade = class com.ibm.ws.webcontainer40.facade.ServletContextFacade40@3fb98d27
      context = class com.ibm.ws.webcontainer40.osgi.webapp.WebApp40@786194c7
    features = class java.util.ArrayList@678419dd
      serialVersionUID = 8683452581122892189
      DEFAULT_CAPACITY = 10
      EMPTY_ELEMENTDATA = class java.lang.Object[0]
      DEFAULTCAPACITY_EMPTY_ELEMENTDATA = class java.lang.Object[0]
      elementData = class java.lang.Object[0]
      size = 0
      MAX_ARRAY_SIZE = 2147483639
      modCount = 0
      MAX_ARRAY_SIZE = 2147483639
    applicationName = "web_war_exploded"
    config = class com.ibm.ws.webcontainer.osgi.webapp.WebAppConfiguration@63f864f3
    securityEnabledForApp = null
    webExtensionProcessor = class com.ibm.ws.webcontainer.osgi.extension.WebExtensionProcessor@59f1625c
      webApp = class com.ibm.ws.webcontainer40.osgi.webapp.WebApp40@786194c7
      extensionContext = class com.ibm.ws.webcontainer40.osgi.webapp.WebApp40@786194c7
    production = true
    isServlet23 = true
    contextPath = "/web_war_exploded"
    internalServletList = class [Ljava.lang.String;[2]
      String[][0] = class java.lang.String[2]
      String[][1] = class java.lang.String[2]
    BY_NAME_ONLY = "/_1540687818686_/"
    filterManager = null
    documentRoot = null
    SERVLET_API_VERSION = "Servlet 2.5"
    disableServletAuditLogging = -1
    serverInfo = "IBM WebSphere Liberty/18.0.0.3"
    sessionCtx = class com.ibm.ws.webcontainer31.session.impl.HttpSessionContext31Impl@78113ec1
      methodClassName = "HttpSessionContextImpl"
      _smc = class com.ibm.ws.session.SessionManagerConfig@1cc10c52
      sessionStoreService = null
      _sap = class com.ibm.ws.session.SessionApplicationParameters@40528c39
      _coreHttpSessionManager = class com.ibm.ws.session.SessionManager@16c6d284
      _coreHttpAppSessionManager = null
      _sam = class com.ibm.ws.webcontainer.session.impl.SessionAffinityManagerImpl@3da7e33
      isSIPApplication = false
      sessionAttributeListener = true
      sessionListener = true
      mHttpSessionAttributeListeners = class java.util.ArrayList@5468f8a1
      mHttpSessionListeners = class java.util.ArrayList@f9551
      mHttpSessionIdListeners = class java.util.ArrayList@20fd2526
      mHttpSessionAttributeListenersJ2eeNames = class java.util.ArrayList@7086ecec
      mHttpSessionListenersJ2eeNames = class java.util.ArrayList@63b8bfad
      mHttpSessionIdListenersJ2eeNames = class java.util.ArrayList@1fe11b96
      mLocalHost = null
      _refCount = 1
      currentThreadSacHashtable = null
      methodClassName = "SessionContext"
      ANONYMOUS_USER = "anonymous"
      wasHttpSessionObserver = class com.ibm.ws.session.WasHttpSessionObserver@56fcd959
      wasHttpSessionAttributeObserver = null
      _invalidator = class com.ibm.ws.session.SessionInvalidatorWithThreadPool@115aaee6
      _storer = class com.ibm.ws.session.EOSSessionStorer@37392eb7
      wasHttpAppSessionObserver = null
      mHttpAppSessionListeners = null
      cmvcInfo = "CMVC Version 1.9 6/24/07 11:12:24"
      _loggedVersion = true
      CREATE_CORE_SESSION_MANAGER = 0
      GET_REQUESTED_SESSION_ID = 1
      GET_IHTTP_SESSION = 2
      SESSION_PRE_INVOKE = 3
      SESSION_POST_INVOKE = 4
      STOP = 5
      STOP_LISTENERS = 6
      IS_VALID = 7
      ENCODE_URL = 8
      SHOULD_ENCODE_URL = 9
      IS_PROTOCOL_SWITCH = 10
      GET_LOCAL_HOST = 11
      ADD_HTTP_SESSION_ATTRIBUTE_LISTENER = 12
      ADD_HTTP_SESSION_LISTENER = 13
      GET_SESSION_AFFINITY_CONTEXT = 14
      CHECK_SECURITY = 15
      INVALIDATE = 16
      CHECK_SESSSIONID_IS_RIGHT_LENGTH = 17
      LOCK_SESSION = 18
      UNLOCK_SESSION = 19
      ADD_HTTP_SESSION_ID_LISTENER = 20
      methodNames = class java.lang.String[21]
    eventSource = class com.ibm.ws.webcontainer.webapp.WebAppEventSource@40a2d0a6
      _invocationListeners = class com.ibm.ws.webcontainer.util.EventListeners@4892fce7
      _servletListeners = class com.ibm.ws.webcontainer.util.EventListeners@d719a6a
      _errorListeners = class com.ibm.ws.webcontainer.util.EventListeners@29124918
      _applicationListeners = class com.ibm.ws.webcontainer.util.EventListeners@1e0cf548
      _filterInvocationListeners = class com.ibm.ws.webcontainer.util.EventListeners@41a657aa
      _filterListeners = class com.ibm.ws.webcontainer.util.EventListeners@4085373e
      _filterErrorListeners = class com.ibm.ws.webcontainer.util.EventListeners@7b64fcbf
    nls = class com.ibm.ejs.ras.TraceNLS@3301bd20
      resolver = class com.ibm.ws.logging.internal.TraceNLSResolver@27291c28
      finder = null
      ivBundleName = "com.ibm.ws.webcontainer.resources.Messages"
      caller = class java.lang.Class@4c150bdf
    liberty_nls = class com.ibm.ejs.ras.TraceNLS@61b0da9e
      resolver = class com.ibm.ws.logging.internal.TraceNLSResolver@27291c28
      finder = null
      ivBundleName = "com.ibm.ws.webcontainer.resources.LShimMessages"
      caller = class java.lang.Class@4c150bdf
    error_nls = class com.ibm.ejs.ras.TraceNLS@1026075f
      resolver = class com.ibm.ws.logging.internal.TraceNLSResolver@27291c28
      finder = null
      ivBundleName = "com.ibm.ws.webcontainer.resources.ErrorPage"
      caller = class java.lang.Class@4c150bdf
    sessionListeners = class java.util.ArrayList@4657c21d
      serialVersionUID = 8683452581122892189
      DEFAULT_CAPACITY = 10
      EMPTY_ELEMENTDATA = class java.lang.Object[0]
      DEFAULTCAPACITY_EMPTY_ELEMENTDATA = class java.lang.Object[0]
      elementData = class java.lang.Object[10]
      size = 2
      MAX_ARRAY_SIZE = 2147483639
      modCount = 6
      MAX_ARRAY_SIZE = 2147483639
    sessionIdListeners = class java.util.ArrayList@51f6d3a3
      serialVersionUID = 8683452581122892189
      DEFAULT_CAPACITY = 10
      EMPTY_ELEMENTDATA = class java.lang.Object[0]
      DEFAULTCAPACITY_EMPTY_ELEMENTDATA = class java.lang.Object[0]
      elementData = class java.lang.Object[0]
      size = 0
      MAX_ARRAY_SIZE = 2147483639
      modCount = 0
      MAX_ARRAY_SIZE = 2147483639
    sessionAttrListeners = class java.util.ArrayList@167b72b1
      serialVersionUID = 8683452581122892189
      DEFAULT_CAPACITY = 10
      EMPTY_ELEMENTDATA = class java.lang.Object[0]
      DEFAULTCAPACITY_EMPTY_ELEMENTDATA = class java.lang.Object[0]
      elementData = class java.lang.Object[10]
      size = 1
      MAX_ARRAY_SIZE = 2147483639
      modCount = 4
      MAX_ARRAY_SIZE = 2147483639
    addedSessionListeners = class java.util.ArrayList@4ae45b35
      serialVersionUID = 8683452581122892189
      DEFAULT_CAPACITY = 10
      EMPTY_ELEMENTDATA = class java.lang.Object[0]
      DEFAULTCAPACITY_EMPTY_ELEMENTDATA = class java.lang.Object[0]
      elementData = class java.lang.Object[0]
      size = 0
      MAX_ARRAY_SIZE = 2147483639
      modCount = 0
      MAX_ARRAY_SIZE = 2147483639
    addedSessionAttrListeners = class java.util.ArrayList@21091eaf
      serialVersionUID = 8683452581122892189
      DEFAULT_CAPACITY = 10
      EMPTY_ELEMENTDATA = class java.lang.Object[0]
      DEFAULTCAPACITY_EMPTY_ELEMENTDATA = class java.lang.Object[0]
      elementData = class java.lang.Object[0]
      size = 0
      MAX_ARRAY_SIZE = 2147483639
      modCount = 0
      MAX_ARRAY_SIZE = 2147483639
    servletContextListeners = class java.util.ArrayList@4605aae6
      serialVersionUID = 8683452581122892189
      DEFAULT_CAPACITY = 10
      EMPTY_ELEMENTDATA = class java.lang.Object[0]
      DEFAULTCAPACITY_EMPTY_ELEMENTDATA = class java.lang.Object[0]
      elementData = class java.lang.Object[10]
      size = 3
      MAX_ARRAY_SIZE = 2147483639
      modCount = 10
      MAX_ARRAY_SIZE = 2147483639
    servletContextLAttrListeners = class java.util.ArrayList@b26a66d
      serialVersionUID = 8683452581122892189
      DEFAULT_CAPACITY = 10
      EMPTY_ELEMENTDATA = class java.lang.Object[0]
      DEFAULTCAPACITY_EMPTY_ELEMENTDATA = class java.lang.Object[0]
      elementData = class java.lang.Object[10]
      size = 1
      MAX_ARRAY_SIZE = 2147483639
      modCount = 4
      MAX_ARRAY_SIZE = 2147483639
    servletRequestListeners = class java.util.ArrayList@637369cf
      serialVersionUID = 8683452581122892189
      DEFAULT_CAPACITY = 10
      EMPTY_ELEMENTDATA = class java.lang.Object[0]
      DEFAULTCAPACITY_EMPTY_ELEMENTDATA = class java.lang.Object[0]
      elementData = class java.lang.Object[10]
      size = 1
      MAX_ARRAY_SIZE = 2147483639
      modCount = 4
      MAX_ARRAY_SIZE = 2147483639
    servletRequestLAttrListeners = class java.util.ArrayList@a66ff68
      serialVersionUID = 8683452581122892189
      DEFAULT_CAPACITY = 10
      EMPTY_ELEMENTDATA = class java.lang.Object[0]
      DEFAULTCAPACITY_EMPTY_ELEMENTDATA = class java.lang.Object[0]
      elementData = class java.lang.Object[10]
      size = 1
      MAX_ARRAY_SIZE = 2147483639
      modCount = 4
      MAX_ARRAY_SIZE = 2147483639
    prependSlashToResource = false
    destroyed = true
    webAppNameSpaceCollab = class com.ibm.ws.webcontainer.osgi.collaborator.WebAppNameSpaceCollaboratorImpl@61df2658
      cmdai = class com.ibm.ws.threadContext.ComponentMetaDataAccessorImpl@445b8fbc
    txCollab = class com.ibm.ws.transaction.services.WebAppTransactionCollaboratorImpl@5ff4f1c0
      tc = class com.ibm.websphere.ras.TraceComponent@13933a72
      ltCurrentRef = class com.ibm.wsspi.kernel.service.utils.AtomicServiceReference@34a5023f
      tranMgrRef = class com.ibm.wsspi.kernel.service.utils.AtomicServiceReference@e1b9234
      userTranRef = class com.ibm.wsspi.kernel.service.utils.AtomicServiceReference@4b2b5c8d
      uowCallbackRef = class com.ibm.wsspi.kernel.service.utils.AtomicServiceReference@742bc9a1
      serialVersionUID = -8319003162899973281
    sessionActivationListeners = class java.util.ArrayList@2731d6e0
      serialVersionUID = 8683452581122892189
      DEFAULT_CAPACITY = 10
      EMPTY_ELEMENTDATA = class java.lang.Object[0]
      DEFAULTCAPACITY_EMPTY_ELEMENTDATA = class java.lang.Object[0]
      elementData = class java.lang.Object[0]
      size = 0
      MAX_ARRAY_SIZE = 2147483639
      modCount = 2
      MAX_ARRAY_SIZE = 2147483639
    sessionBindingListeners = class java.util.ArrayList@1a11e0d1
      serialVersionUID = 8683452581122892189
      DEFAULT_CAPACITY = 10
      EMPTY_ELEMENTDATA = class java.lang.Object[0]
      DEFAULTCAPACITY_EMPTY_ELEMENTDATA = class java.lang.Object[0]
      elementData = class java.lang.Object[0]
      size = 0
      MAX_ARRAY_SIZE = 2147483639
      modCount = 2
      MAX_ARRAY_SIZE = 2147483639
    scratchdir = null
    jspClassLoaderLimit = 0
    jspClassLoaderExclusionList = null
    jspClassLoadersMap = null
    jspClassLoaderLimitTrackIF = false
    defaultExtProc = null
    directoryBrowsingServlet = null
    cdiContexts = class java.util.concurrent.ConcurrentHashMap@78819f4a
      serialVersionUID = 7249069246763182397
      MAXIMUM_CAPACITY = 1073741824
      DEFAULT_CAPACITY = 16
      MAX_ARRAY_SIZE = 2147483639
      DEFAULT_CONCURRENCY_LEVEL = 16
      LOAD_FACTOR = 0.75
      TREEIFY_THRESHOLD = 8
      UNTREEIFY_THRESHOLD = 6
      MIN_TREEIFY_CAPACITY = 64
      MIN_TRANSFER_STRIDE = 16
      RESIZE_STAMP_BITS = 16
      MAX_RESIZERS = 65535
      RESIZE_STAMP_SHIFT = 16
      MOVED = -1
      TREEBIN = -2
      RESERVED = -3
      HASH_BITS = 2147483647
      NCPU = 4
      serialPersistentFields = class java.io.ObjectStreamField[3]
      table = null
      nextTable = null
      baseCount = 0
      sizeCtl = 0
      transferIndex = 0
      cellsBusy = 0
      counterCells = null
      keySet = null
      values = null
      entrySet = null
      U = class sun.misc.Unsafe@ff2d950
      SIZECTL = 20
      TRANSFERINDEX = 32
      BASECOUNT = 24
      CELLSBUSY = 36
      CELLVALUE = 144
      ABASE = 16
      ASHIFT = 2
      keySet = null
      values = null
    moduleConfig = class com.ibm.ws.webcontainer.osgi.container.DeployedModule@1f02deee
      tc = class com.ibm.websphere.ras.TraceComponent@7af0b493
      loader = class com.ibm.ws.classloading.internal.ThreadContextClassLoader@640e1f44
      webApp = class com.ibm.ws.webcontainer40.osgi.webapp.WebApp40@786194c7
      webAppConfig = class com.ibm.ws.webcontainer.osgi.webapp.WebAppConfiguration@63f864f3
      contextRootAdded = null
      properContextRoot = "/web_war_exploded"
      mappingContextRoot = "/web_war_exploded/*"
      serialVersionUID = -2104814060051592457
      $$$tc$$$ = class com.ibm.websphere.ras.TraceComponent@387c5866
    extensionFactories = class java.util.ArrayList@3f3e2eae
      serialVersionUID = 8683452581122892189
      DEFAULT_CAPACITY = 10
      EMPTY_ELEMENTDATA = class java.lang.Object[0]
      DEFAULTCAPACITY_EMPTY_ELEMENTDATA = class java.lang.Object[0]
      elementData = class java.lang.Object[10]
      size = 4
      MAX_ARRAY_SIZE = 2147483639
      modCount = 8
      MAX_ARRAY_SIZE = 2147483639
    initialized = false
    lock = class com.ibm.ws.webcontainer.webapp.WebApp$1@4781547e
      this$0 = class com.ibm.ws.webcontainer40.osgi.webapp.WebApp40@786194c7
    afterServletContextCreated = false
    redirectContextRoot = false
    errorExceptionTypeFirst = false
    initFilterBeforeServletInit = false
    sortedServletConfigs = class java.util.ArrayList@338ee80b
      serialVersionUID = 8683452581122892189
      DEFAULT_CAPACITY = 10
      EMPTY_ELEMENTDATA = class java.lang.Object[0]
      DEFAULTCAPACITY_EMPTY_ELEMENTDATA = class java.lang.Object[0]
      elementData = class java.lang.Object[10]
      size = 1
      MAX_ARRAY_SIZE = 2147483639
      modCount = 1
      MAX_ARRAY_SIZE = 2147483639
    effectiveMajorVersion = 2
    effectiveMinorVersion = 5
    canAddServletContextListener = true
    withinContextInitOfProgAddListener = false
    lastProgAddListenerInitialized = null
    webInfLibClassloader = null
    metaInfCache = class com.ibm.ws.webcontainer.webapp.WebApp$2@3af2b53a
      this$0 = class com.ibm.ws.webcontainer40.osgi.webapp.WebApp40@786194c7
      serialVersionUID = 3801124242820219131
      head = null
      tail = null
      accessOrder = true
      serialVersionUID = 362498820763181265
      DEFAULT_INITIAL_CAPACITY = 16
      MAXIMUM_CAPACITY = 1073741824
      DEFAULT_LOAD_FACTOR = 0.75
      TREEIFY_THRESHOLD = 8
      UNTREEIFY_THRESHOLD = 6
      MIN_TREEIFY_CAPACITY = 64
      table = null
      entrySet = null
      size = 0
      modCount = 0
      threshold = 32
      loadFactor = 1.0
      keySet = null
      values = null
    useMetaInfCache = true
    SUN_CONFIGURE_LISTENER_CLASSNAME = "com.sun.faces.config.ConfigureListener"
    MYFACES_LIFECYCLE_LISTENER_CLASSNAME = "org.apache.myfaces.webapp.StartupServletContextListener"
    JSF_IMPL_ENABLED_PARAM = "com.ibm.ws.jsf.JSF_IMPL_ENABLED"
    JSF_IMPL_ENABLED_CUSTOM = "Custom"
    JSF_IMPL_ENABLED_NONE = "None"
    staticDocRoot = class com.ibm.ws.webcontainer.util.DocumentRootUtils@264e82d
      logger = class com.ibm.ws.logging.internal.WsLogger@67cb5f2f
      CLASS_NAME = "com.ibm.ws.webcontainer.util.DocumentRootUtils"
      useContentLength = false
      matchedFile = null
      matchedZipFile = null
      matchedEntry = null
      matchedURL = null
      edrRoot = null
      pfedrRoot = null
      ctxt = class com.ibm.ws.webcontainer40.osgi.webapp.WebApp40@786194c7
      baseDir = null
      edr = null
      pfedr = null
      metaInfRes = null
      searchpfEDR = false
      searchEDR = false
      searchMetaInfRes = true
      matchFromEDR = false
      matchFromMetaInfRes = false
      matchIsADirectory = false
      appConfig = class com.ibm.ws.webcontainer.osgi.webapp.WebAppConfiguration@63f864f3
      attributeType = "staticFile"
      STATIC_FILE = "staticFile"
      JSP = "jsp"
      PFEDR = "preFragmentExtendedDocumentRoot"
      EDR = "extendedDocumentRoot"
    jspDocRoot = class com.ibm.ws.webcontainer.util.DocumentRootUtils@7ae67350
      logger = class com.ibm.ws.logging.internal.WsLogger@67cb5f2f
      CLASS_NAME = "com.ibm.ws.webcontainer.util.DocumentRootUtils"
      useContentLength = false
      matchedFile = null
      matchedZipFile = null
      matchedEntry = null
      matchedURL = null
      edrRoot = null
      pfedrRoot = null
      ctxt = class com.ibm.ws.webcontainer40.osgi.webapp.WebApp40@786194c7
      baseDir = null
      edr = null
      pfedr = null
      metaInfRes = null
      searchpfEDR = false
      searchEDR = false
      searchMetaInfRes = true
      matchFromEDR = false
      matchFromMetaInfRes = false
      matchIsADirectory = false
      appConfig = class com.ibm.ws.webcontainer.osgi.webapp.WebAppConfiguration@63f864f3
      attributeType = "jsp"
      STATIC_FILE = "staticFile"
      JSP = "jsp"
      PFEDR = "preFragmentExtendedDocumentRoot"
      EDR = "extendedDocumentRoot"
    container = class com.ibm.ws.adaptable.module.internal.AdaptableContainerImpl@9e63393
      root = class com.ibm.ws.adaptable.module.internal.AdaptableContainerImpl@9e63393
      rootOverlay = class com.ibm.ws.artifact.overlay.internal.DirectoryBasedOverlayContainerImpl@429971cb
      factoryHolder = class com.ibm.ws.adaptable.module.internal.AdaptableModuleFactoryImpl@5cb92548
      delegate = class com.ibm.ws.artifact.overlay.internal.DirectoryBasedOverlayContainerImpl@429971cb
      notifier = class com.ibm.ws.adaptable.module.internal.NotifierImpl@7f9015af
      serialVersionUID = -5621513278641113667
      $$$tc$$$ = class com.ibm.websphere.ras.TraceComponent@6f17a7a
    metaInfResourceFinder = class com.ibm.ws.webcontainer.util.MetaInfResourceFinder@53492c3a
      jarResourceContainers = class java.util.ArrayList@2640a951
      container = class com.ibm.ws.adaptable.module.internal.AdaptableContainerImpl@9e63393
    postConstructMethods = class com.ibm.ws.webcontainer.webapp.WebApp$AnnotatedMethods@46cb59ea
      annotationClass = class java.lang.Class@2b8f12b3
      noOpClassNames = class java.util.HashSet@2b86030
      annotatedMethodNames = class java.util.concurrent.ConcurrentHashMap@6c7f04c8
      EMPTY_METHODS = class java.lang.reflect.Method[0]
    preDestroyMethods = class com.ibm.ws.webcontainer.webapp.WebApp$AnnotatedMethods@634be49e
      annotationClass = class java.lang.Class@2a4efcf3
      noOpClassNames = class java.util.HashSet@17134f11
      annotatedMethodNames = class java.util.concurrent.ConcurrentHashMap@2bd30471
      EMPTY_METHODS = class java.lang.reflect.Method[0]
    OBJ_EMPTY = class java.lang.Object[0]
    CLASS_EMPTY = class java.lang.Class[0]
    DEFAULT_JSP_EXTENSIONS = class java.util.ArrayList@2a7e6754
      serialVersionUID = 8683452581122892189
      DEFAULT_CAPACITY = 10
      EMPTY_ELEMENTDATA = class java.lang.Object[0]
      DEFAULTCAPACITY_EMPTY_ELEMENTDATA = class java.lang.Object[0]
      elementData = class java.lang.Object[10]
      size = 4
      MAX_ARRAY_SIZE = 2147483639
      modCount = 4
      MAX_ARRAY_SIZE = 2147483639
    DEFER_SERVLET_REQUEST_LISTENER_DESTROY_ON_ERROR = false
    DO_ACCEPT_PARTIAL = true
    DO_NOT_ACCEPT_PARTIAL = false
    DO_ACCEPT_EXCLUDED = true
    DO_NOT_ACCEPT_EXCLUDED = false
    commands = class java.util.ArrayList@2cd4bd37
      serialVersionUID = 8683452581122892189
      DEFAULT_CAPACITY = 10
      EMPTY_ELEMENTDATA = class java.lang.Object[0]
      DEFAULTCAPACITY_EMPTY_ELEMENTDATA = class java.lang.Object[0]
      elementData = class java.lang.Object[3]
      size = 0
      MAX_ARRAY_SIZE = 2147483639
      modCount = 0
      MAX_ARRAY_SIZE = 2147483639
    requestMapper = class com.ibm.wsspi.webcontainer.util.URIMapper@1087d327
      matcher = class com.ibm.wsspi.webcontainer40.util.URIMatcher40@7842dd62
    parent = class com.ibm.ws.webcontainer.osgi.webapp.WebGroup@491a42a4
      tc = class com.ibm.websphere.ras.TraceComponent@a85f473
      logger = class com.ibm.ws.logging.internal.WsLogger@401f029f
      CLASS_NAME = "com.ibm.ws.webcontainer.webapp.WebGroup"
      sessUrlRewritePrefix = ";jsessionid="
      qMark = "?"
      config = class com.ibm.ws.webcontainer.osgi.webapp.WebGroupConfiguration@632fbd08
      webApp = class com.ibm.ws.webcontainer40.osgi.webapp.WebApp40@786194c7
      commands = class java.util.ArrayList@3b8f66fe
      requestMapper = null
      parent = class com.ibm.ws.webcontainer.osgi.DynamicVirtualHost@764a3d51
      name = "/web_war_exploded/*"
      isAlive = true
      subElements = class java.util.HashMap@6c94bdfb
      attributes = null
      config = null
      serialVersionUID = -8271459000149267764
      $$$tc$$$ = class com.ibm.websphere.ras.TraceComponent@7fdac804
    name = "web_war_exploded"
    isAlive = true
    subElements = null
    attributes = class java.util.concurrent.ConcurrentHashMap@1581d4a0
      serialVersionUID = 7249069246763182397
      MAXIMUM_CAPACITY = 1073741824
      DEFAULT_CAPACITY = 16
      MAX_ARRAY_SIZE = 2147483639
      DEFAULT_CONCURRENCY_LEVEL = 16
      LOAD_FACTOR = 0.75
      TREEIFY_THRESHOLD = 8
      UNTREEIFY_THRESHOLD = 6
      MIN_TREEIFY_CAPACITY = 64
      MIN_TRANSFER_STRIDE = 16
      RESIZE_STAMP_BITS = 16
      MAX_RESIZERS = 65535
      RESIZE_STAMP_SHIFT = 16
      MOVED = -1
      TREEBIN = -2
      RESERVED = -3
      HASH_BITS = 2147483647
      NCPU = 4
      serialPersistentFields = class java.io.ObjectStreamField[3]
      table = class java.util.concurrent.ConcurrentHashMap$Node[32]
      nextTable = null
      baseCount = 17
      sizeCtl = 24
      transferIndex = 0
      cellsBusy = 0
      counterCells = null
      keySet = null
      values = null
      entrySet = null
      U = class sun.misc.Unsafe@ff2d950
      SIZECTL = 20
      TRANSFERINDEX = 32
      BASECOUNT = 24
      CELLSBUSY = 36
      CELLVALUE = 144
      ABASE = 16
      ASHIFT = 2
      keySet = null
      values = null
    config = null
    serialVersionUID = -8271459000149267764
    $$$tc$$$ = class com.ibm.websphere.ras.TraceComponent@7fdac804
      strings[0] = "TraceComponent[com.ibm.ws.container.AbstractContainer,class com.ibm.ws.container.AbstractContainer,[],null,null]"

