------Start of DE processing------ = [10/14/18 8:39:20:945 CST]
Exception = com.ibm.wsspi.adaptable.module.UnableToAdaptException
Source = com.ibm.ws.app.manager.war.internal.WARApplicationHandlerImpl
probeid = 50
Stack Dump = com.ibm.wsspi.adaptable.module.UnableToAdaptException: com.ibm.ws.javaee.ddmodel.DDParser$ParseException: CWWKC2262E: The server is unable to process the 4.0 version and the http://java.sun.com/xml/ns/javaee namespace in the /WEB-INF/web.xml deployment descriptor on line 6.
	at com.ibm.ws.javaee.ddmodel.web.WebAppEntryAdapter.adapt(WebAppEntryAdapter.java:61)
	at com.ibm.ws.javaee.ddmodel.web.WebAppEntryAdapter.adapt(WebAppEntryAdapter.java:26)
	at com.ibm.ws.adaptable.module.internal.AdapterFactoryServiceImpl.adapt(AdapterFactoryServiceImpl.java:227)
	at com.ibm.ws.adaptable.module.internal.AdaptableEntryImpl.adapt(AdaptableEntryImpl.java:121)
	at com.ibm.ws.javaee.ddmodel.web.WebAppAdapter.adapt(WebAppAdapter.java:38)
	at com.ibm.ws.javaee.ddmodel.web.WebAppAdapter.adapt(WebAppAdapter.java:24)
	at com.ibm.ws.adaptable.module.internal.AdapterFactoryServiceImpl.adapt(AdapterFactoryServiceImpl.java:196)
	at com.ibm.ws.adaptable.module.internal.AdaptableContainerImpl.adapt(AdaptableContainerImpl.java:170)
	at com.ibm.ws.app.manager.module.internal.SimpleDeployedAppInfoBase$ModuleContainerInfoBase.<init>(SimpleDeployedAppInfoBase.java:153)
	at com.ibm.ws.app.manager.module.internal.SimpleDeployedAppInfoBase$WebModuleContainerInfo.<init>(SimpleDeployedAppInfoBase.java:320)
	at com.ibm.ws.app.manager.war.internal.WARDeployedAppInfo.<init>(WARDeployedAppInfo.java:64)
	at com.ibm.ws.app.manager.war.internal.WARDeployedAppInfoFactoryImpl.createDeployedAppInfo(WARDeployedAppInfoFactoryImpl.java:118)
	at com.ibm.ws.app.manager.war.internal.WARDeployedAppInfoFactoryImpl.createDeployedAppInfo(WARDeployedAppInfoFactoryImpl.java:33)
	at com.ibm.ws.app.manager.war.internal.WARApplicationHandlerImpl.setUpApplicationMonitoring(WARApplicationHandlerImpl.java:49)
	at com.ibm.ws.app.manager.internal.statemachine.StartAction.execute(StartAction.java:136)
	at com.ibm.ws.app.manager.internal.statemachine.ApplicationStateMachineImpl.enterState(ApplicationStateMachineImpl.java:1258)
	at com.ibm.ws.app.manager.internal.statemachine.ApplicationStateMachineImpl.performAction(ApplicationStateMachineImpl.java:1106)
	at com.ibm.ws.app.manager.internal.statemachine.ApplicationStateMachineImpl.run(ApplicationStateMachineImpl.java:881)
	at java.util.concurrent.ThreadPoolExecutor.runWorker(ThreadPoolExecutor.java:1149)
	at java.util.concurrent.ThreadPoolExecutor$Worker.run(ThreadPoolExecutor.java:624)
	at java.lang.Thread.run(Thread.java:748)
Caused by: com.ibm.ws.javaee.ddmodel.DDParser$ParseException: CWWKC2262E: The server is unable to process the 4.0 version and the http://java.sun.com/xml/ns/javaee namespace in the /WEB-INF/web.xml deployment descriptor on line 6.
	at com.ibm.ws.javaee.ddmodel.web.WebAppDDParser.createRootParsable(WebAppDDParser.java:99)
	at com.ibm.ws.javaee.ddmodel.DDParser.parseRootElement(DDParser.java:578)
	at com.ibm.ws.javaee.ddmodel.web.WebAppDDParser.parse(WebAppDDParser.java:32)
	at com.ibm.ws.javaee.ddmodel.web.WebAppEntryAdapter.adapt(WebAppEntryAdapter.java:59)
	... 20 more

Dump of callerThis
Object type = com.ibm.ws.app.manager.war.internal.WARApplicationHandlerImpl
  futureMonitor = class com.ibm.ws.threading.internal.FutureMonitorImpl@36fdadbc
    _monitor = class java.util.concurrent.ConcurrentLinkedQueue@33337020
      serialVersionUID = 196745693267521676
      head = class java.util.concurrent.ConcurrentLinkedQueue$Node@aad6051
      tail = class java.util.concurrent.ConcurrentLinkedQueue$Node@aad6051
      UNSAFE = class sun.misc.Unsafe@7b022c03
      headOffset = 12
      tailOffset = 16
      MAX_ARRAY_SIZE = 2147483639
    _executor = class com.ibm.ws.threading.internal.ScheduledExecutorImpl@4a8e9502
      threadGroupName = "Scheduled Executor Thread Group"
      executor = class com.ibm.ws.threading.internal.ExecutorServiceImpl@2ad29f39
      serialVersionUID = -9110693807503469597
      $$$tc$$$ = class com.ibm.websphere.ras.TraceComponent@61b578e6
      continueExistingPeriodicTasksAfterShutdown = false
      executeExistingDelayedTasksAfterShutdown = true
      removeOnCancel = false
      sequencer = class java.util.concurrent.atomic.AtomicLong@2cc8ca10
      ctl = class java.util.concurrent.atomic.AtomicInteger@75b10c8f
      COUNT_BITS = 29
      CAPACITY = 536870911
      RUNNING = -536870912
      SHUTDOWN = 0
      STOP = 536870912
      TIDYING = 1073741824
      TERMINATED = 1610612736
      workQueue = class java.util.concurrent.ScheduledThreadPoolExecutor$DelayedWorkQueue@12d27c85
      mainLock = class java.util.concurrent.locks.ReentrantLock@2c4702b1
      workers = class java.util.HashSet@46b5c563
      termination = class java.util.concurrent.locks.AbstractQueuedSynchronizer$ConditionObject@3b1d7c4e
      largestPoolSize = 1
      completedTaskCount = 0
      threadFactory = class com.ibm.ws.threading.internal.ThreadFactoryImpl@3aaa09fc
      handler = class java.util.concurrent.ThreadPoolExecutor$AbortPolicy@2e6cd692
      keepAliveTime = 0
      allowCoreThreadTimeOut = false
      corePoolSize = 1
      maximumPoolSize = 2147483647
      defaultHandler = class java.util.concurrent.ThreadPoolExecutor$AbortPolicy@2e6cd692
      shutdownPerm = class java.lang.RuntimePermission@469a80e1
      acc = null
      ONLY_ONE = true
      $assertionsDisabled = true
    _threadRunning = class java.util.concurrent.atomic.AtomicBoolean@114551a2
      serialVersionUID = 4654671469794556979
      unsafe = class sun.misc.Unsafe@7b022c03
      valueOffset = 12
      value = 0
    _thread = class com.ibm.ws.threading.internal.FutureMonitorImpl$1@7c5dfc6d
      this$0 = class com.ibm.ws.threading.internal.FutureMonitorImpl@36fdadbc
      serialVersionUID = 2422512430832938099
      $$$tc$$$ = class com.ibm.websphere.ras.TraceComponent@2195da2a
    serialVersionUID = 2765238413969174390
    $$$tc$$$ = class com.ibm.websphere.ras.TraceComponent@5c528f9b
      strings[0] = "TraceComponent[com.ibm.ws.threading.internal.FutureMonitorImpl,class com.ibm.ws.threading.internal.FutureMonitorImpl,[Threading],com.ibm.ws.threading.internal.resources.ThreadingMessages,null]"
  deployedAppFactory = class com.ibm.ws.app.manager.war.internal.WARDeployedAppInfoFactoryImpl@6ce022ad
    tc = class com.ibm.websphere.ras.TraceComponent@93701f
      strings[0] = "TraceComponent[com.ibm.ws.app.manager.war.internal.WARDeployedAppInfoFactoryImpl,class com.ibm.ws.app.manager.war.internal.WARDeployedAppInfoFactoryImpl,[webcontainer, applications, app.manager],com.ibm.ws.app.manager.war.internal.resources.Messages,null]"
    webModuleHandler = class com.ibm.ws.app.manager.web.internal.WebModuleHandlerImpl@544731b6
      serialVersionUID = 4795602325763828210
      $$$tc$$$ = class com.ibm.websphere.ras.TraceComponent@7358d51f
      futureMonitor = class com.ibm.ws.threading.internal.FutureMonitorImpl@36fdadbc
      metaDataService = class com.ibm.ws.container.service.metadata.internal.MetaDataServiceImpl@5f3c31ee
      stateChangeService = class com.ibm.ws.container.service.state.internal.StateChangeServiceImpl@337f9d26
      moduleRuntimeContainer = class com.ibm.ws.webcontainer.osgi.WebContainer@5107e495
      firstFailure = null
      serialVersionUID = -4563697739413190872
      $$$tc$$$ = class com.ibm.websphere.ras.TraceComponent@47c30869
    applicationManager = class com.ibm.ws.app.manager.ApplicationManager@6adf88b9
      expandApps = true
      useJandex = false
      startTimeout = 30
      stopTimeout = 30
      serialVersionUID = -5714171545272003139
      $$$tc$$$ = class com.ibm.websphere.ras.TraceComponent@69c9c83e
    zipUtils = class com.ibm.ws.app.manager.war.internal.ZipUtils@51ac0c01
      tc = class com.ibm.websphere.ras.TraceComponent@11dafb14
      WAR_EXTENSION = ".war"
      serialVersionUID = -7574063014509395349
    timestamps = class java.util.HashMap@42813ccd
      serialVersionUID = 362498820763181265
      DEFAULT_INITIAL_CAPACITY = 16
      MAXIMUM_CAPACITY = 1073741824
      DEFAULT_LOAD_FACTOR = 0.75
      TREEIFY_THRESHOLD = 8
      UNTREEIFY_THRESHOLD = 6
      MIN_TREEIFY_CAPACITY = 64
      table = null
      entrySet = null
      size = 0
      modCount = 0
      threshold = 0
      loadFactor = 0.75
      keySet = null
      values = null
    serialVersionUID = -5572482233301532271
    SERVER_APPS_DIR = "${server.config.dir}/apps/"
    EXPANDED_APPS_DIR = "${server.config.dir}/apps/expanded/"
    XML_SUFFIX = ".xml"
    bundleContext = class org.eclipse.osgi.internal.framework.BundleContextImpl@1ca85ff9
      findHookName = "org.osgi.framework.hooks.bundle.FindHook"
      valid = true
      bundle = class org.eclipse.osgi.internal.framework.EquinoxBundle@30567969
      container = class org.eclipse.osgi.internal.framework.EquinoxContainer@2393703f
      debug = class org.eclipse.osgi.internal.debug.Debug@2e1dec25
      servicesInUse = class java.util.HashMap@6677d6da
      activator = null
      contextLock = class java.lang.Object@25c5fb9c
    applicationInfoFactory = class com.ibm.ws.container.service.app.deploy.internal.ApplicationInfoFactoryImpl@2fa67faa
      j2eeNameFactory = class com.ibm.wsspi.kernel.service.utils.AtomicServiceReference@16356b70
      names = class java.util.HashSet@7cba75a3
      serialVersionUID = 7443990212682384945
      $$$tc$$$ = class com.ibm.websphere.ras.TraceComponent@1c3939c0
    futureMonitor = class com.ibm.ws.threading.internal.FutureMonitorImpl@36fdadbc
    classLoadingService = class com.ibm.ws.classloading.internal.ClassLoadingServiceImpl@39aab0a7
      tc = class com.ibm.websphere.ras.TraceComponent@38e58521
      leakDetectionMap = class java.util.HashMap@34aaf4e0
      TCCL_LOCK_WAIT = 15000
      REFERENCE_GENERATORS = "generators"
      bundleContext = class org.eclipse.osgi.internal.framework.BundleContextImpl@6cd855d4
      aclStore = class com.ibm.ws.classloading.internal.util.CanonicalStore@2625e71c
      tcclStore = class com.ibm.ws.classloading.internal.util.CanonicalStore@1b766643
      tcclStoreLock = class java.util.concurrent.locks.ReentrantLock@344e1fe3
      digraph = class org.eclipse.equinox.internal.region.StandardRegionDigraph@5720e07e
      redefiner = class com.ibm.ws.classloading.internal.util.ClassRedefiner@5e34f081
      listener = class com.ibm.ws.classloading.internal.ClassLoadingServiceImpl$1@76d8c17a
      classloaders = class java.util.Collections$SynchronizedMap@322d6945
      resourceProviders = class com.ibm.ws.classloading.internal.CompositeResourceProvider@625e4c6e
      rememberedBundles = class java.util.concurrent.ConcurrentHashMap@1b17185c
      collectedBundles = class java.lang.ref.ReferenceQueue@2bf4d955
      generatorRefs = class com.ibm.wsspi.kernel.service.utils.ConcurrentServiceReferenceSet@724afa2f
      generatorManager = class com.ibm.ws.classloading.internal.ClassGeneratorManager@6267e534
      appExtLibs = class java.util.concurrent.CopyOnWriteArrayList@4111d4dc
      metaInfServicesProviders = class java.util.concurrent.ConcurrentHashMap@4ca293da
      metaInfServicesRefs = class com.ibm.wsspi.kernel.service.utils.ConcurrentServiceReferenceMap@699c93e3
      protectionDomainMap = class java.util.HashMap@340f95a1
      metadataIdentifierService = class com.ibm.ws.container.service.metadata.internal.MetaDataServiceImpl@5f3c31ee
      serialVersionUID = 3750725462702355330
    globalSharedLibrary = class com.ibm.ws.library.internal.SharedLibraryImpl@8d77f97
      tc = class com.ibm.websphere.ras.TraceComponent@6d256301
      EMPTY_LIBRARY_LISTENERS = interface com.ibm.wsspi.library.LibraryChangeListener[0]
      deleted = false
      libraryListenersTracker = class org.osgi.util.tracker.ServiceTracker@28d4461
      libraryReg = class org.eclipse.osgi.internal.serviceregistry.ServiceRegistrationImpl@54cad9cf
      ctx = class org.eclipse.osgi.internal.framework.BundleContextImpl@6cd855d4
      classLoadingService = class com.ibm.ws.classloading.internal.ClassLoadingServiceImpl@39aab0a7
      configAdmin = class com.ibm.ws.config.admin.internal.ConfigurationAdminImpl@202edaa6
      resolvedBasePath = "C:/Users/maria/OneDrive/Escritorio/Computadores/2 semestre/Datos 1/Proyecto2/wlp-webProfile8-18.0.0.3/wlp/usr/servers/server1/"
      generationLock = class com.ibm.ws.library.internal.SharedLibraryImpl$1@1a1cbcf1
      currentGeneration = class com.ibm.ws.library.internal.LibraryGeneration@6bbdb43f
      nextGeneration = class com.ibm.ws.library.internal.LibraryGeneration@6bbdb43f
      artifactContainerFactory = class com.ibm.ws.library.internal.SharedLibraryFactory$1@3fb4b65
      packageExporter = class com.ibm.ws.library.internal.LibraryPackageExporter@55565a56
      serialVersionUID = 6288237618632180389
    globalSharedLibraryPid = "com.ibm.ws.classloading.sharedlibrary_13"
    configAdmin = class com.ibm.ws.config.admin.internal.ConfigurationAdminImpl@43fb5d14
      tc = class com.ibm.websphere.ras.TraceComponent@432d8acb
      bundle = class org.eclipse.osgi.internal.framework.EquinoxBundle@30567969
      caFactory = class com.ibm.ws.config.admin.internal.ConfigAdminServiceFactory@75bdd037
      serialVersionUID = 3160799878770679122
    metaDataService = class com.ibm.ws.container.service.metadata.internal.MetaDataServiceImpl@5f3c31ee
      applicationMetaDataManager = class com.ibm.ws.container.service.metadata.internal.ApplicationMetaDataManager@5c52decf
      moduleMetaDataManager = class com.ibm.ws.container.service.metadata.internal.ModuleMetaDataManager@4cb0299
      componentMetaDataManager = class com.ibm.ws.container.service.metadata.internal.ComponentMetaDataManager@ed81087
      methodMetaDataManager = class com.ibm.ws.container.service.metadata.internal.MethodMetaDataManager@687d3f32
      appModuleNameToModuleContainer = class java.util.concurrent.ConcurrentHashMap@22932054
      jeeNameToComponentMetaData = class java.util.concurrent.ConcurrentHashMap@7e902155
      deferredMetaDataFactories = class com.ibm.wsspi.kernel.service.utils.ConcurrentServiceReferenceSet@30825a28
      deferredMetaDataInitializers = class com.ibm.wsspi.kernel.service.utils.ConcurrentServiceReferenceMap@310777a5
      serialVersionUID = -2494605732980966097
      $$$tc$$$ = class com.ibm.websphere.ras.TraceComponent@7a0e4b4a
    stateChangeService = class com.ibm.ws.container.service.state.internal.StateChangeServiceImpl@337f9d26
      applicationStateManager = class com.ibm.ws.container.service.state.internal.ApplicationStateManager@57b92553
      moduleStateManager = class com.ibm.ws.container.service.state.internal.ModuleStateManager@5d09da5e
      serialVersionUID = -537917915330350560
      $$$tc$$$ = class com.ibm.websphere.ras.TraceComponent@5dfc0520
    allModuleTypes = class java.lang.String[4]
      String[0] = "ejb"
      String[1] = "web"
      String[2] = "client"
      String[3] = "connector"
    moduleMetaDataExtenders = class java.util.concurrent.ConcurrentHashMap@196d99fc
      serialVersionUID = 7249069246763182397
      MAXIMUM_CAPACITY = 1073741824
      DEFAULT_CAPACITY = 16
      MAX_ARRAY_SIZE = 2147483639
      DEFAULT_CONCURRENCY_LEVEL = 16
      LOAD_FACTOR = 0.75
      TREEIFY_THRESHOLD = 8
      UNTREEIFY_THRESHOLD = 6
      MIN_TREEIFY_CAPACITY = 64
      MIN_TRANSFER_STRIDE = 16
      RESIZE_STAMP_BITS = 16
      MAX_RESIZERS = 65535
      RESIZE_STAMP_SHIFT = 16
      MOVED = -1
      TREEBIN = -2
      RESERVED = -3
      HASH_BITS = 2147483647
      NCPU = 4
      serialPersistentFields = class java.io.ObjectStreamField[3]
      table = class java.util.concurrent.ConcurrentHashMap$Node[16]
      nextTable = null
      baseCount = 4
      sizeCtl = 12
      transferIndex = 0
      cellsBusy = 0
      counterCells = null
      keySet = null
      values = null
      entrySet = null
      U = class sun.misc.Unsafe@7b022c03
      SIZECTL = 20
      TRANSFERINDEX = 32
      BASECOUNT = 24
      CELLSBUSY = 36
      CELLVALUE = 144
      ABASE = 16
      ASHIFT = 2
      keySet = null
      values = null
    nestedModuleMetaDataFactories = class java.util.concurrent.ConcurrentHashMap@2760687e
      serialVersionUID = 7249069246763182397
      MAXIMUM_CAPACITY = 1073741824
      DEFAULT_CAPACITY = 16
      MAX_ARRAY_SIZE = 2147483639
      DEFAULT_CONCURRENCY_LEVEL = 16
      LOAD_FACTOR = 0.75
      TREEIFY_THRESHOLD = 8
      UNTREEIFY_THRESHOLD = 6
      MIN_TREEIFY_CAPACITY = 64
      MIN_TRANSFER_STRIDE = 16
      RESIZE_STAMP_BITS = 16
      MAX_RESIZERS = 65535
      RESIZE_STAMP_SHIFT = 16
      MOVED = -1
      TREEBIN = -2
      RESERVED = -3
      HASH_BITS = 2147483647
      NCPU = 4
      serialPersistentFields = class java.io.ObjectStreamField[3]
      table = class java.util.concurrent.ConcurrentHashMap$Node[16]
      nextTable = null
      baseCount = 4
      sizeCtl = 12
      transferIndex = 0
      cellsBusy = 0
      counterCells = null
      keySet = null
      values = null
      entrySet = null
      U = class sun.misc.Unsafe@7b022c03
      SIZECTL = 20
      TRANSFERINDEX = 32
      BASECOUNT = 24
      CELLSBUSY = 36
      CELLVALUE = 144
      ABASE = 16
      ASHIFT = 2
      keySet = null
      values = null
    permissionManager = class com.ibm.ws.security.java2sec.PermissionManager@68394719
      tc = class com.ibm.websphere.ras.TraceComponent@2d81fc55
      classLoadingService = class com.ibm.ws.classloading.internal.ClassLoadingServiceImpl@39aab0a7
      DEFAULT_SERVER_RESTRICTABLE_PERMISSIONS = class java.security.Permission[4]
      DEFAULT_CLIENT_RESTRICTABLE_PERMISSIONS = class java.security.Permission[3]
      isServer = true
      wsjarUrlStreamHandlerAvailable = true
      restrictablePermissions = class java.util.ArrayList@7eaa1ff
      grantedPermissions = class java.util.ArrayList@79ff2f2
      KEY_PERMISSION = "permission"
      INCORRECT_PERMISSION_CONFIGURATION = "INCORRECT_PERMISSION_CONFIGURATION"
      PERMISSION_CLASSNOTFOUND = "PERMISSION_CLASSNOTFOUND"
      SERVER_XML = "server.xml"
      CLIENT_XML = "client.xml"
      originationFile = "server.xml"
      permissions = class com.ibm.wsspi.kernel.service.utils.ConcurrentServiceReferenceSet@762ced68
      codeBasePermissionMap = class java.util.HashMap@70187b18
      permissionXMLPermissionMap = class java.util.HashMap@222fc9bd
      serialVersionUID = -1314772785255050069
    locAdmin = class com.ibm.ws.kernel.service.location.internal.WsLocationAdminImpl@53dd2ab8
      tc = class com.ibm.websphere.ras.TraceComponent@a616d51
      LOC_INTERNAL_LIB_DIR = "wlp.lib.dir"
      LOC_AREA_NAME_APPS = "shared/apps/"
      LOC_AREA_NAME_CONFIG = "shared/config/"
      LOC_AREA_NAME_RESC = "shared/resources/"
      LOC_AREA_NAME_STATE = "logs/state/"
      LOC_AREA_NAME_SERVERS = "servers/"
      LOC_AREA_NAME_CLIENTS = "clients/"
      LOC_AREA_NAME_WORKING = "workarea/"
      LOC_AREA_NAME_EXTENSION = "extension/"
      instance = class com.ibm.ws.staticvalue.StaticValue$FinalSingleton@4b8956f6
      installRoot = class com.ibm.ws.kernel.service.location.internal.SymbolicRootResource@78fa2424
      installParentRoot = class com.ibm.ws.kernel.service.location.internal.SymbolicRootResource@244478a7
      userRoot = class com.ibm.ws.kernel.service.location.internal.SymbolicRootResource@387efb0
      usrExtensionRoot = class com.ibm.ws.kernel.service.location.internal.SymbolicRootResource@2b827d0
      serverConfigDir = class com.ibm.ws.kernel.service.location.internal.SymbolicRootResource@2b4ae8a7
      serverOutputDir = class com.ibm.ws.kernel.service.location.internal.SymbolicRootResource@2b4ae8a7
      bootstrapLib = class com.ibm.ws.kernel.service.location.internal.LocalFileResource@2ccc3c29
      serverWorkarea = class com.ibm.ws.kernel.service.location.internal.LocalFileResource@108abc6f
      serverState = class com.ibm.ws.kernel.service.location.internal.LocalFileResource@534f9f09
      sharedAppsRoot = class com.ibm.ws.kernel.service.location.internal.SymbolicRootResource@2fbc4a17
      sharedConfigRoot = class com.ibm.ws.kernel.service.location.internal.SymbolicRootResource@625c06bd
      sharedResourceRoot = class com.ibm.ws.kernel.service.location.internal.SymbolicRootResource@2770a75d
      tmpRoot = class com.ibm.ws.kernel.service.location.internal.SymbolicRootResource@8e8c36d
      serverName = "server1"
      resourcePaths = class java.util.ArrayList@4549dc95
      resourceGroups = class java.util.HashMap@47a2536f
      commonRoot = class com.ibm.ws.kernel.service.location.internal.VirtualRootResource@654a4e89
      serialVersionUID = 7766352982799267432
    artifactFactory = class com.ibm.ws.artifact.internal.ArtifactContainerFactoryService@611c5e80
      CATEGORY_PROP_NAME = "category"
      ENTRY_KEY = "com.ibm.wsspi.artifact.ArtifactEntry"
      helperMap = class com.ibm.wsspi.kernel.service.utils.ConcurrentServiceReferenceSetMap@7e00a1ef
      contributorMap = class com.ibm.wsspi.kernel.service.utils.ConcurrentServiceReferenceSetMap@23c53590
      helperCategoryMap = class com.ibm.wsspi.kernel.service.utils.ConcurrentServiceReferenceSetMap@6317e046
      contributorCategoryMap = class com.ibm.wsspi.kernel.service.utils.ConcurrentServiceReferenceSetMap@91509fa
      categories = class java.util.Collections$SynchronizedSet@7261deee
      baseProperties = class org.apache.felix.scr.impl.helper.ReadOnlyDictionary@78020c87
      serialVersionUID = -3101641399269402013
      $$$tc$$$ = class com.ibm.websphere.ras.TraceComponent@1df47837
    moduleFactory = class com.ibm.ws.adaptable.module.internal.AdaptableModuleFactoryImpl@170936cf
      adapterFactoryService = class com.ibm.ws.adaptable.module.internal.AdapterFactoryServiceImpl@75c4f30f
      containerFactory = class com.ibm.ws.artifact.internal.ArtifactContainerFactoryService@611c5e80
      overlayContainerFactory = class com.ibm.ws.artifact.overlay.internal.OverlayContainerFactoryImpl@2f9bc52
      serialVersionUID = 4200251809856292987
      $$$tc$$$ = class com.ibm.websphere.ras.TraceComponent@4c0757a4
    serialVersionUID = 508852145960443474
    $$$tc$$$ = class com.ibm.websphere.ras.TraceComponent@2032a399
      strings[0] = "TraceComponent[com.ibm.ws.app.manager.module.internal.DeployedAppInfoFactoryBase,class com.ibm.ws.app.manager.module.internal.DeployedAppInfoFactoryBase,[applications, app.manager],,null]"
  serialVersionUID = 4622845147410944782
  $$$tc$$$ = class com.ibm.websphere.ras.TraceComponent@638b7f44
    strings[0] = "TraceComponent[com.ibm.ws.app.manager.war.internal.WARApplicationHandlerImpl,class com.ibm.ws.app.manager.war.internal.WARApplicationHandlerImpl,[webcontainer, applications, app.manager],com.ibm.ws.app.manager.war.internal.resources.Messages,null]"

Dump of objectArray[0]
Object type = com.ibm.ws.app.manager.internal.ApplicationInstallInfo
  _config = class com.ibm.ws.app.manager.internal.ApplicationConfig@795552c6
    tc = class com.ibm.websphere.ras.TraceComponent@66cf66a0
      strings[0] = "TraceComponent[com.ibm.ws.app.manager.internal.ApplicationConfig,class com.ibm.ws.app.manager.internal.ApplicationConfig,[applications, app.manager],com.ibm.ws.app.manager.internal.resources.AppManagerMessages,null]"
    _configPid = "com.ibm.ws.app.manager_45"
    _config = class com.ibm.ws.config.admin.ConfigurationDictionary@5a6ff4ea
      serialVersionUID = 7966152868712543805
      simpleTypes = class java.util.Arrays$ArrayList@5f55c795
      primitiveArrayTypes = class java.util.Arrays$ArrayList@4d6072a4
      simpleArrayTypes = class java.util.Arrays$ArrayList@4aa3ddec
      extendedTypes = class java.util.Arrays$ArrayList@379352c8
      CASE_INSENSITIVE = class com.ibm.ws.config.admin.ConfigurationDictionary$CaseInsensitive@5e34e366
      properties = class java.util.Collections$SynchronizedMap@468b52c0
    _applicationManager = class com.ibm.ws.app.manager.ApplicationManager@6adf88b9
      expandApps = true
      useJandex = false
      startTimeout = 30
      stopTimeout = 30
      serialVersionUID = -5714171545272003139
      $$$tc$$$ = class com.ibm.websphere.ras.TraceComponent@69c9c83e
    _location = "C:/Users/maria/IdeaProjects/HelloWorld/out/artifacts/web_war_exploded"
    _type = "war"
    _name = "web_war_exploded"
    _notificationBroadcasterSupport = class javax.management.NotificationBroadcasterSupport@4380c92a
      listenerList = class java.util.concurrent.CopyOnWriteArrayList@1fb9d65f
      executor = class com.ibm.ws.threading.internal.ExecutorServiceImpl@2ad29f39
      notifInfo = class javax.management.MBeanNotificationInfo[2]
      defaultExecutor = class javax.management.NotificationBroadcasterSupport$1@2755508e
      NO_NOTIFICATION_INFO = class javax.management.MBeanNotificationInfo[0]
      logger = class com.sun.jmx.remote.util.ClassLogger@56de5609
    ONE_TIME_JANDEX_MSGS_DISPLAYED = true
  _handlerInfo = class java.util.concurrent.atomic.AtomicReference@7cf13628
    serialVersionUID = -1848883965231344442
    unsafe = class sun.misc.Unsafe@7b022c03
      theUnsafe = class sun.misc.Unsafe@7b022c03
      INVALID_FIELD_OFFSET = -1
      ARRAY_BOOLEAN_BASE_OFFSET = 16
      ARRAY_BYTE_BASE_OFFSET = 16
      ARRAY_SHORT_BASE_OFFSET = 16
      ARRAY_CHAR_BASE_OFFSET = 16
      ARRAY_INT_BASE_OFFSET = 16
      ARRAY_LONG_BASE_OFFSET = 16
      ARRAY_FLOAT_BASE_OFFSET = 16
      ARRAY_DOUBLE_BASE_OFFSET = 16
      ARRAY_OBJECT_BASE_OFFSET = 16
      ARRAY_BOOLEAN_INDEX_SCALE = 1
      ARRAY_BYTE_INDEX_SCALE = 1
      ARRAY_SHORT_INDEX_SCALE = 2
      ARRAY_CHAR_INDEX_SCALE = 2
      ARRAY_INT_INDEX_SCALE = 4
      ARRAY_LONG_INDEX_SCALE = 8
      ARRAY_FLOAT_INDEX_SCALE = 4
      ARRAY_DOUBLE_INDEX_SCALE = 8
      ARRAY_OBJECT_INDEX_SCALE = 4
      ADDRESS_SIZE = 8
    valueOffset = 12
    value = null
  _container = class java.util.concurrent.atomic.AtomicReference@68069ffd
    serialVersionUID = -1848883965231344442
    unsafe = class sun.misc.Unsafe@7b022c03
    valueOffset = 12
    value = class com.ibm.ws.adaptable.module.internal.AdaptableContainerImpl@3a523a52
      root = class com.ibm.ws.adaptable.module.internal.AdaptableContainerImpl@3a523a52
      rootOverlay = class com.ibm.ws.artifact.overlay.internal.DirectoryBasedOverlayContainerImpl@4d7c746
      factoryHolder = class com.ibm.ws.adaptable.module.internal.AdaptableModuleFactoryImpl@170936cf
      delegate = class com.ibm.ws.artifact.overlay.internal.DirectoryBasedOverlayContainerImpl@4d7c746
      notifier = null
      serialVersionUID = -5621513278641113667
      $$$tc$$$ = class com.ibm.websphere.ras.TraceComponent@3d510ce5
  _resolvedLocation = class java.util.concurrent.atomic.AtomicReference@6f24140d
    serialVersionUID = -1848883965231344442
    unsafe = class sun.misc.Unsafe@7b022c03
    valueOffset = 12
    value = class com.ibm.ws.kernel.service.location.internal.LocalFileResource@22aece2c
      strings[0] = "LocalFileResource[DIRECTORY;@-717650414;<undefined>;C:/Users/maria/IdeaProjects/HelloWorld/out/artifacts/web_war_exploded/]"
  _handler = class com.ibm.ws.app.manager.war.internal.WARApplicationHandlerImpl@24bbbfe3
    futureMonitor = class com.ibm.ws.threading.internal.FutureMonitorImpl@36fdadbc
    deployedAppFactory = class com.ibm.ws.app.manager.war.internal.WARDeployedAppInfoFactoryImpl@6ce022ad
      tc = class com.ibm.websphere.ras.TraceComponent@93701f
      webModuleHandler = class com.ibm.ws.app.manager.web.internal.WebModuleHandlerImpl@544731b6
      applicationManager = class com.ibm.ws.app.manager.ApplicationManager@6adf88b9
      zipUtils = class com.ibm.ws.app.manager.war.internal.ZipUtils@51ac0c01
      timestamps = class java.util.HashMap@42813ccd
      serialVersionUID = -5572482233301532271
      SERVER_APPS_DIR = "${server.config.dir}/apps/"
      EXPANDED_APPS_DIR = "${server.config.dir}/apps/expanded/"
      XML_SUFFIX = ".xml"
      bundleContext = class org.eclipse.osgi.internal.framework.BundleContextImpl@1ca85ff9
      applicationInfoFactory = class com.ibm.ws.container.service.app.deploy.internal.ApplicationInfoFactoryImpl@2fa67faa
      futureMonitor = class com.ibm.ws.threading.internal.FutureMonitorImpl@36fdadbc
      classLoadingService = class com.ibm.ws.classloading.internal.ClassLoadingServiceImpl@39aab0a7
      globalSharedLibrary = class com.ibm.ws.library.internal.SharedLibraryImpl@8d77f97
      globalSharedLibraryPid = "com.ibm.ws.classloading.sharedlibrary_13"
      configAdmin = class com.ibm.ws.config.admin.internal.ConfigurationAdminImpl@43fb5d14
      metaDataService = class com.ibm.ws.container.service.metadata.internal.MetaDataServiceImpl@5f3c31ee
      stateChangeService = class com.ibm.ws.container.service.state.internal.StateChangeServiceImpl@337f9d26
      allModuleTypes = class java.lang.String[4]
      moduleMetaDataExtenders = class java.util.concurrent.ConcurrentHashMap@196d99fc
      nestedModuleMetaDataFactories = class java.util.concurrent.ConcurrentHashMap@2760687e
      permissionManager = class com.ibm.ws.security.java2sec.PermissionManager@68394719
      locAdmin = class com.ibm.ws.kernel.service.location.internal.WsLocationAdminImpl@53dd2ab8
      artifactFactory = class com.ibm.ws.artifact.internal.ArtifactContainerFactoryService@611c5e80
      moduleFactory = class com.ibm.ws.adaptable.module.internal.AdaptableModuleFactoryImpl@170936cf
      serialVersionUID = 508852145960443474
      $$$tc$$$ = class com.ibm.websphere.ras.TraceComponent@2032a399
    serialVersionUID = 4622845147410944782
    $$$tc$$$ = class com.ibm.websphere.ras.TraceComponent@638b7f44
      strings[0] = "TraceComponent[com.ibm.ws.app.manager.war.internal.WARApplicationHandlerImpl,class com.ibm.ws.app.manager.war.internal.WARApplicationHandlerImpl,[webcontainer, applications, app.manager],com.ibm.ws.app.manager.war.internal.resources.Messages,null]"
  _ami = class java.util.concurrent.atomic.AtomicReference@3cb4a84d
    serialVersionUID = -1848883965231344442
    unsafe = class sun.misc.Unsafe@7b022c03
    valueOffset = 12
    value = null
  _updateHandler = class com.ibm.ws.app.manager.internal.statemachine.ApplicationStateMachineImpl@49818985
    _tc = class com.ibm.websphere.ras.TraceComponent@1e538892
      strings[0] = "TraceComponent[com.ibm.ws.app.manager.internal.statemachine.ApplicationStateMachineImpl,class com.ibm.ws.app.manager.internal.statemachine.ApplicationStateMachineImpl,[applications, app.manager],com.ibm.ws.app.manager.internal.resources.AppManagerMessages,null]"
    EMPTY_FUTURE_ARRAY = interface java.util.concurrent.Future[0]
    asmSequenceNumber = class java.util.concurrent.atomic.AtomicLong@33e88e76
      serialVersionUID = 1927816293512124184
      unsafe = class sun.misc.Unsafe@7b022c03
      valueOffset = 16
      VM_SUPPORTS_LONG_CAS = true
      value = 1
      serialVersionUID = -8742448824652078965
    _qscaCounter = class java.util.concurrent.atomic.AtomicInteger@1605e445
      serialVersionUID = 6214790243416807050
      unsafe = class sun.misc.Unsafe@7b022c03
      valueOffset = 12
      value = 1
      serialVersionUID = -8742448824652078965
    _failedThrowable = null
    _interruptibleLock = class com.ibm.ws.app.manager.internal.statemachine.ApplicationStateMachineImpl$2@5389b636
      this$0 = class com.ibm.ws.app.manager.internal.statemachine.ApplicationStateMachineImpl@49818985
      serialVersionUID = 1428897424970146289
      $$$tc$$$ = class com.ibm.websphere.ras.TraceComponent@1e5c1a69
    _interruptible = false
    _performingQueuedActions = true
    _queuedActions = class java.util.concurrent.ConcurrentLinkedQueue@10a90264
      serialVersionUID = 196745693267521676
      head = class java.util.concurrent.ConcurrentLinkedQueue$Node@5ca80db0
      tail = class java.util.concurrent.ConcurrentLinkedQueue$Node@710001ff
      UNSAFE = class sun.misc.Unsafe@7b022c03
      headOffset = 12
      tailOffset = 16
      MAX_ARRAY_SIZE = 2147483639
    _callbackState = class java.util.concurrent.atomic.AtomicReference@6745b539
      serialVersionUID = -1848883965231344442
      unsafe = class sun.misc.Unsafe@7b022c03
      valueOffset = 12
      value = class com.ibm.ws.app.manager.internal.statemachine.ApplicationStateMachineImpl$CallbackState@4b97c095
    blockAppStartingFutures = class java.util.Collections$SetFromMap@5e5b4258
      m = class java.util.concurrent.ConcurrentHashMap@76b159be
      s = class java.util.concurrent.ConcurrentHashMap$KeySetView@2e658cc8
      serialVersionUID = 2454657854757543876
      MAX_ARRAY_SIZE = 2147483639
    waitingForAppHandlerFuture = class java.util.concurrent.atomic.AtomicReference@407d67a3
      serialVersionUID = -1848883965231344442
      unsafe = class sun.misc.Unsafe@7b022c03
      valueOffset = 12
      value = class com.ibm.ws.app.manager.internal.ApplicationDependency@501d4127
    waitingForExplicitStartFuture = class java.util.concurrent.atomic.AtomicReference@181fe7ea
      serialVersionUID = -1848883965231344442
      unsafe = class sun.misc.Unsafe@7b022c03
      valueOffset = 12
      value = null
    completionListener = class java.util.concurrent.atomic.AtomicReference@523975ad
      serialVersionUID = -1848883965231344442
      unsafe = class sun.misc.Unsafe@7b022c03
      valueOffset = 12
      value = null
    _notifyAppStopped = class java.util.concurrent.ConcurrentLinkedQueue@5674a430
      serialVersionUID = 196745693267521676
      head = class java.util.concurrent.ConcurrentLinkedQueue$Node@5e6999d2
      tail = class java.util.concurrent.ConcurrentLinkedQueue$Node@21d4d206
      UNSAFE = class sun.misc.Unsafe@7b022c03
      headOffset = 12
      tailOffset = 16
      MAX_ARRAY_SIZE = 2147483639
    _notifyAppStarting = class java.util.concurrent.ConcurrentLinkedQueue@7d1f8122
      serialVersionUID = 196745693267521676
      head = class java.util.concurrent.ConcurrentLinkedQueue$Node@46cb2849
      tail = class java.util.concurrent.ConcurrentLinkedQueue$Node@62015087
      UNSAFE = class sun.misc.Unsafe@7b022c03
      headOffset = 12
      tailOffset = 16
      MAX_ARRAY_SIZE = 2147483639
    _notifyAppInstallCalled = class java.util.concurrent.ConcurrentLinkedQueue@1ad809dc
      serialVersionUID = 196745693267521676
      head = class java.util.concurrent.ConcurrentLinkedQueue$Node@5dd4032b
      tail = class java.util.concurrent.ConcurrentLinkedQueue$Node@5dd4032b
      UNSAFE = class sun.misc.Unsafe@7b022c03
      headOffset = 12
      tailOffset = 16
      MAX_ARRAY_SIZE = 2147483639
    _notifyAppStarted = class java.util.concurrent.ConcurrentLinkedQueue@3558337
      serialVersionUID = 196745693267521676
      head = class java.util.concurrent.ConcurrentLinkedQueue$Node@18308d68
      tail = class java.util.concurrent.ConcurrentLinkedQueue$Node@18308d68
      UNSAFE = class sun.misc.Unsafe@7b022c03
      headOffset = 12
      tailOffset = 16
      MAX_ARRAY_SIZE = 2147483639
    _notifyAppRemoved = class java.util.concurrent.ConcurrentLinkedQueue@7073f249
      serialVersionUID = 196745693267521676
      head = class java.util.concurrent.ConcurrentLinkedQueue$Node@70479a3
      tail = class java.util.concurrent.ConcurrentLinkedQueue$Node@70479a3
      UNSAFE = class sun.misc.Unsafe@7b022c03
      headOffset = 12
      tailOffset = 16
      MAX_ARRAY_SIZE = 2147483639
    _stateLock = class com.ibm.ws.app.manager.internal.statemachine.ApplicationStateMachineImpl$3@71647bf4
      this$0 = class com.ibm.ws.app.manager.internal.statemachine.ApplicationStateMachineImpl@49818985
      serialVersionUID = -2844785999478513305
      $$$tc$$$ = class com.ibm.websphere.ras.TraceComponent@3ff0e0dc
    _internalState = class java.util.concurrent.atomic.AtomicReference@2b280aed
      serialVersionUID = -1848883965231344442
      unsafe = class sun.misc.Unsafe@7b022c03
      valueOffset = 12
      value = class com.ibm.ws.app.manager.internal.statemachine.ApplicationStateMachineImpl$InternalState@830fde7
    _currentAction = class java.util.concurrent.atomic.AtomicReference@4cb6884
      serialVersionUID = -1848883965231344442
      unsafe = class sun.misc.Unsafe@7b022c03
      valueOffset = 12
      value = class com.ibm.ws.app.manager.internal.statemachine.StartAction@6d01404d
    _rfa = class java.util.concurrent.atomic.AtomicReference@6bc533ee
      serialVersionUID = -1848883965231344442
      unsafe = class sun.misc.Unsafe@7b022c03
      valueOffset = 12
      value = null
    _appInstallInfo = class java.util.concurrent.atomic.AtomicReference@392c4eb9
      serialVersionUID = -1848883965231344442
      unsafe = class sun.misc.Unsafe@7b022c03
      valueOffset = 12
      value = class com.ibm.ws.app.manager.internal.ApplicationInstallInfo@6d4f259e
    _update = class java.util.concurrent.atomic.AtomicBoolean@52b84413
      serialVersionUID = 4654671469794556979
      unsafe = class sun.misc.Unsafe@7b022c03
      valueOffset = 12
      value = 1
    _appConfig = class java.util.concurrent.atomic.AtomicReference@d688988
      serialVersionUID = -1848883965231344442
      unsafe = class sun.misc.Unsafe@7b022c03
      valueOffset = 12
      value = class com.ibm.ws.app.manager.internal.ApplicationConfig@795552c6
    _nextAppConfig = class java.util.concurrent.atomic.AtomicReference@4ff09188
      serialVersionUID = -1848883965231344442
      unsafe = class sun.misc.Unsafe@7b022c03
      valueOffset = 12
      value = null
    _appContainer = class java.util.concurrent.atomic.AtomicReference@14725749
      serialVersionUID = -1848883965231344442
      unsafe = class sun.misc.Unsafe@7b022c03
      valueOffset = 12
      value = null
    _resolvedLocation = class java.util.concurrent.atomic.AtomicReference@47a1108
      serialVersionUID = -1848883965231344442
      unsafe = class sun.misc.Unsafe@7b022c03
      valueOffset = 12
      value = null
    _handler = class java.util.concurrent.atomic.AtomicReference@4d17ecc6
      serialVersionUID = -1848883965231344442
      unsafe = class sun.misc.Unsafe@7b022c03
      valueOffset = 12
      value = class com.ibm.ws.app.manager.war.internal.WARApplicationHandlerImpl@24bbbfe3
    _asmSeqNo = 0
    _ctx = class org.eclipse.osgi.internal.framework.BundleContextImpl@18f09d16
      findHookName = "org.osgi.framework.hooks.bundle.FindHook"
      valid = true
      bundle = class org.eclipse.osgi.internal.framework.EquinoxBundle@65fdd9aa
      container = class org.eclipse.osgi.internal.framework.EquinoxContainer@2393703f
      debug = class org.eclipse.osgi.internal.debug.Debug@2e1dec25
      servicesInUse = class java.util.HashMap@550b078
      activator = null
      contextLock = class java.lang.Object@39502ae1
    _locAdmin = class com.ibm.ws.kernel.service.location.internal.WsLocationAdminImpl@53dd2ab8
      tc = class com.ibm.websphere.ras.TraceComponent@a616d51
      LOC_INTERNAL_LIB_DIR = "wlp.lib.dir"
      LOC_AREA_NAME_APPS = "shared/apps/"
      LOC_AREA_NAME_CONFIG = "shared/config/"
      LOC_AREA_NAME_RESC = "shared/resources/"
      LOC_AREA_NAME_STATE = "logs/state/"
      LOC_AREA_NAME_SERVERS = "servers/"
      LOC_AREA_NAME_CLIENTS = "clients/"
      LOC_AREA_NAME_WORKING = "workarea/"
      LOC_AREA_NAME_EXTENSION = "extension/"
      instance = class com.ibm.ws.staticvalue.StaticValue$FinalSingleton@4b8956f6
      installRoot = class com.ibm.ws.kernel.service.location.internal.SymbolicRootResource@78fa2424
      installParentRoot = class com.ibm.ws.kernel.service.location.internal.SymbolicRootResource@244478a7
      userRoot = class com.ibm.ws.kernel.service.location.internal.SymbolicRootResource@387efb0
      usrExtensionRoot = class com.ibm.ws.kernel.service.location.internal.SymbolicRootResource@2b827d0
      serverConfigDir = class com.ibm.ws.kernel.service.location.internal.SymbolicRootResource@2b4ae8a7
      serverOutputDir = class com.ibm.ws.kernel.service.location.internal.SymbolicRootResource@2b4ae8a7
      bootstrapLib = class com.ibm.ws.kernel.service.location.internal.LocalFileResource@2ccc3c29
      serverWorkarea = class com.ibm.ws.kernel.service.location.internal.LocalFileResource@108abc6f
      serverState = class com.ibm.ws.kernel.service.location.internal.LocalFileResource@534f9f09
      sharedAppsRoot = class com.ibm.ws.kernel.service.location.internal.SymbolicRootResource@2fbc4a17
      sharedConfigRoot = class com.ibm.ws.kernel.service.location.internal.SymbolicRootResource@625c06bd
      sharedResourceRoot = class com.ibm.ws.kernel.service.location.internal.SymbolicRootResource@2770a75d
      tmpRoot = class com.ibm.ws.kernel.service.location.internal.SymbolicRootResource@8e8c36d
      serverName = "server1"
      resourcePaths = class java.util.ArrayList@4549dc95
      resourceGroups = class java.util.HashMap@47a2536f
      commonRoot = class com.ibm.ws.kernel.service.location.internal.VirtualRootResource@654a4e89
      serialVersionUID = 7766352982799267432
    _futureMonitor = class com.ibm.ws.threading.internal.FutureMonitorImpl@36fdadbc
      _monitor = class java.util.concurrent.ConcurrentLinkedQueue@33337020
      _executor = class com.ibm.ws.threading.internal.ScheduledExecutorImpl@4a8e9502
      _threadRunning = class java.util.concurrent.atomic.AtomicBoolean@114551a2
      _thread = class com.ibm.ws.threading.internal.FutureMonitorImpl$1@7c5dfc6d
      serialVersionUID = 2765238413969174390
      $$$tc$$$ = class com.ibm.websphere.ras.TraceComponent@5c528f9b
    _artifactFactory = class com.ibm.ws.artifact.internal.ArtifactContainerFactoryService@611c5e80
      CATEGORY_PROP_NAME = "category"
      ENTRY_KEY = "com.ibm.wsspi.artifact.ArtifactEntry"
      helperMap = class com.ibm.wsspi.kernel.service.utils.ConcurrentServiceReferenceSetMap@7e00a1ef
      contributorMap = class com.ibm.wsspi.kernel.service.utils.ConcurrentServiceReferenceSetMap@23c53590
      helperCategoryMap = class com.ibm.wsspi.kernel.service.utils.ConcurrentServiceReferenceSetMap@6317e046
      contributorCategoryMap = class com.ibm.wsspi.kernel.service.utils.ConcurrentServiceReferenceSetMap@91509fa
      categories = class java.util.Collections$SynchronizedSet@7261deee
      baseProperties = class org.apache.felix.scr.impl.helper.ReadOnlyDictionary@78020c87
      serialVersionUID = -3101641399269402013
      $$$tc$$$ = class com.ibm.websphere.ras.TraceComponent@1df47837
    _moduleFactory = class com.ibm.ws.adaptable.module.internal.AdaptableModuleFactoryImpl@170936cf
      adapterFactoryService = class com.ibm.ws.adaptable.module.internal.AdapterFactoryServiceImpl@75c4f30f
      containerFactory = class com.ibm.ws.artifact.internal.ArtifactContainerFactoryService@611c5e80
      overlayContainerFactory = class com.ibm.ws.artifact.overlay.internal.OverlayContainerFactoryImpl@2f9bc52
      serialVersionUID = 4200251809856292987
      $$$tc$$$ = class com.ibm.websphere.ras.TraceComponent@4c0757a4
    _executorService = class com.ibm.ws.threading.internal.ExecutorServiceImpl@2ad29f39
      threadPool = class java.util.concurrent.ThreadPoolExecutor@333517d6
      threadPoolController = class com.ibm.ws.threading.internal.ThreadPoolController@660137cc
      poolName = "Default Executor"
      componentConfig = class org.apache.felix.scr.impl.helper.ReadOnlyDictionary@54155fd6
      interceptorsActive = false
      interceptors = class java.util.concurrent.CopyOnWriteArraySet@1cd1ee57
      threadFactory = null
      serialVersionUID = -5569391535960693817
      $$$tc$$$ = class com.ibm.websphere.ras.TraceComponent@78b421bb
    _scheduledExecutorService = class com.ibm.ws.threading.internal.ScheduledExecutorImpl@4a8e9502
      threadGroupName = "Scheduled Executor Thread Group"
      executor = class com.ibm.ws.threading.internal.ExecutorServiceImpl@2ad29f39
      serialVersionUID = -9110693807503469597
      $$$tc$$$ = class com.ibm.websphere.ras.TraceComponent@61b578e6
      continueExistingPeriodicTasksAfterShutdown = false
      executeExistingDelayedTasksAfterShutdown = true
      removeOnCancel = false
      sequencer = class java.util.concurrent.atomic.AtomicLong@2cc8ca10
      ctl = class java.util.concurrent.atomic.AtomicInteger@75b10c8f
      COUNT_BITS = 29
      CAPACITY = 536870911
      RUNNING = -536870912
      SHUTDOWN = 0
      STOP = 536870912
      TIDYING = 1073741824
      TERMINATED = 1610612736
      workQueue = class java.util.concurrent.ScheduledThreadPoolExecutor$DelayedWorkQueue@12d27c85
      mainLock = class java.util.concurrent.locks.ReentrantLock@2c4702b1
      workers = class java.util.HashSet@46b5c563
      termination = class java.util.concurrent.locks.AbstractQueuedSynchronizer$ConditionObject@3b1d7c4e
      largestPoolSize = 1
      completedTaskCount = 0
      threadFactory = class com.ibm.ws.threading.internal.ThreadFactoryImpl@3aaa09fc
      handler = class java.util.concurrent.ThreadPoolExecutor$AbortPolicy@2e6cd692
      keepAliveTime = 0
      allowCoreThreadTimeOut = false
      corePoolSize = 1
      maximumPoolSize = 2147483647
      defaultHandler = class java.util.concurrent.ThreadPoolExecutor$AbortPolicy@2e6cd692
      shutdownPerm = class java.lang.RuntimePermission@469a80e1
      acc = null
      ONLY_ONE = true
      $assertionsDisabled = true
    _asmHelper = class com.ibm.ws.app.manager.internal.ApplicationConfigurator$NamedApplication@620583d
      appName = "web_war_exploded"
      configPid = "com.ibm.ws.app.manager_45"
      bundleContext = class org.eclipse.osgi.internal.framework.BundleContextImpl@18f09d16
      mbeanNotifier = class javax.management.NotificationBroadcasterSupport@4380c92a
      sequence = class java.util.concurrent.atomic.AtomicLong@f76fa7f
      appConfig = class com.ibm.ws.app.manager.internal.ApplicationConfig@795552c6
      asm = class com.ibm.ws.app.manager.internal.statemachine.ApplicationStateMachineImpl@49818985
      appTypeSupport = class com.ibm.ws.app.manager.internal.ApplicationConfigurator$ApplicationTypeSupport@6812d0f4
      appRecycleContext = null
      appStateRef = class java.util.concurrent.atomic.AtomicReference@951d16
      appReg = class com.ibm.ws.app.manager.internal.lifecycle.ServiceReg@3ebecb7f
      mbeanReg = class com.ibm.ws.app.manager.internal.lifecycle.ServiceReg@6a36bd5
      dynamicMBean = class java.util.concurrent.atomic.AtomicReference@78c89e85
      serialVersionUID = -2429219244222002679
      $$$tc$$$ = class com.ibm.websphere.ras.TraceComponent@6ea9094f
    _appMonitor = class com.ibm.ws.app.manager.internal.monitor.ApplicationMonitor@6e9faf
      tc = class com.ibm.websphere.ras.TraceComponent@456dbfb4
      _config = class java.util.concurrent.atomic.AtomicReference@5649ae31
      _executorService = class java.util.concurrent.atomic.AtomicReference@43737fe7
      _appListeners = class java.util.concurrent.ConcurrentHashMap@39192caa
      serialVersionUID = -6677716415972806660
    enterStateCalled = class java.util.concurrent.atomic.AtomicBoolean@54c83cfb
      serialVersionUID = 4654671469794556979
      unsafe = class sun.misc.Unsafe@7b022c03
      valueOffset = 12
      value = 1
    serialVersionUID = -1399093980790866556
    serialVersionUID = 5501066335104962649
    $$$tc$$$ = class com.ibm.websphere.ras.TraceComponent@1ad6779
      strings[0] = "TraceComponent[com.ibm.ws.app.manager.internal.statemachine.ApplicationStateMachine,class com.ibm.ws.app.manager.internal.statemachine.ApplicationStateMachine,[applications, app.manager],com.ibm.ws.app.manager.internal.resources.AppManagerMessages,null]"
  serialVersionUID = 2630639237123415755
  $$$tc$$$ = class com.ibm.websphere.ras.TraceComponent@18a3d754
    strings[0] = "TraceComponent[com.ibm.ws.app.manager.internal.ApplicationInstallInfo,class com.ibm.ws.app.manager.internal.ApplicationInstallInfo,[applications, app.manager],com.ibm.ws.app.manager.internal.resources.AppManagerMessages,null]"

