------Start of DE processing------ = [10/28/18 12:20:51:820 CST]
Exception = com.ibm.websphere.servlet.error.ServletErrorReport
Source = com.ibm.ws.webcontainer.filter.WebAppFilterChain.doFilter
probeid = 82
Stack Dump = com.ibm.websphere.servlet.error.ServletErrorReport: java.lang.NoClassDefFoundError: com/fasterxml/jackson/dataformat/xml/XmlMapper
	at com.ibm.ws.webcontainer.servlet.ServletWrapper.service(ServletWrapper.java:1353)
	at com.ibm.ws.webcontainer.servlet.ServletWrapper.handleRequest(ServletWrapper.java:743)
	at com.ibm.ws.webcontainer.servlet.ServletWrapper.handleRequest(ServletWrapper.java:440)
	at com.ibm.ws.webcontainer.filter.WebAppFilterChain.invokeTarget(WebAppFilterChain.java:182)
	at com.ibm.ws.webcontainer.filter.WebAppFilterChain.doFilter(WebAppFilterChain.java:93)
	at com.ibm.ws.security.jaspi.JaspiServletFilter.doFilter(JaspiServletFilter.java:56)
	at com.ibm.ws.webcontainer.filter.FilterInstanceWrapper.doFilter(FilterInstanceWrapper.java:201)
	at com.ibm.ws.webcontainer.filter.WebAppFilterChain.doFilter(WebAppFilterChain.java:90)
	at com.ibm.ws.webcontainer.filter.WebAppFilterManager.doFilter(WebAppFilterManager.java:996)
	at com.ibm.ws.webcontainer.filter.WebAppFilterManager.invokeFilters(WebAppFilterManager.java:1134)
	at com.ibm.ws.webcontainer.webapp.WebApp.handleRequest(WebApp.java:4954)
	at com.ibm.ws.webcontainer.osgi.DynamicVirtualHost$2.handleRequest(DynamicVirtualHost.java:314)
	at com.ibm.ws.webcontainer.WebContainer.handleRequest(WebContainer.java:996)
	at com.ibm.ws.webcontainer.osgi.DynamicVirtualHost$2.run(DynamicVirtualHost.java:279)
	at com.ibm.ws.http.dispatcher.internal.channel.HttpDispatcherLink$TaskWrapper.run(HttpDispatcherLink.java:1011)
	at com.ibm.ws.http.dispatcher.internal.channel.HttpDispatcherLink.wrapHandlerAndExecute(HttpDispatcherLink.java:414)
	at com.ibm.ws.http.dispatcher.internal.channel.HttpDispatcherLink.ready(HttpDispatcherLink.java:373)
	at com.ibm.ws.http.channel.internal.inbound.HttpInboundLink.handleDiscrimination(HttpInboundLink.java:532)
	at com.ibm.ws.http.channel.internal.inbound.HttpInboundLink.handleNewRequest(HttpInboundLink.java:466)
	at com.ibm.ws.http.channel.internal.inbound.HttpInboundLink.processRequest(HttpInboundLink.java:331)
	at com.ibm.ws.http.channel.internal.inbound.HttpInboundLink.ready(HttpInboundLink.java:302)
	at com.ibm.ws.tcpchannel.internal.NewConnectionInitialReadCallback.sendToDiscriminators(NewConnectionInitialReadCallback.java:165)
	at com.ibm.ws.tcpchannel.internal.NewConnectionInitialReadCallback.complete(NewConnectionInitialReadCallback.java:74)
	at com.ibm.ws.tcpchannel.internal.WorkQueueManager.requestComplete(WorkQueueManager.java:501)
	at com.ibm.ws.tcpchannel.internal.WorkQueueManager.attemptIO(WorkQueueManager.java:571)
	at com.ibm.ws.tcpchannel.internal.WorkQueueManager.workerRun(WorkQueueManager.java:926)
	at com.ibm.ws.tcpchannel.internal.WorkQueueManager$Worker.run(WorkQueueManager.java:1015)
	at java.util.concurrent.ThreadPoolExecutor.runWorker(ThreadPoolExecutor.java:1149)
	at java.util.concurrent.ThreadPoolExecutor$Worker.run(ThreadPoolExecutor.java:624)
	at java.lang.Thread.run(Thread.java:748)
Caused by: java.lang.NoClassDefFoundError: com/fasterxml/jackson/dataformat/xml/XmlMapper
	at Servlet.Serializer.deserializerString(Serializer.java:20)
	at Servlet.Servlet.doPost(Servlet.java:24)
	at javax.servlet.http.HttpServlet.service(HttpServlet.java:706)
	at javax.servlet.http.HttpServlet.service(HttpServlet.java:791)
	at com.ibm.ws.webcontainer.servlet.ServletWrapper.service(ServletWrapper.java:1255)
	... 29 more
Caused by: java.lang.ClassNotFoundException: com.fasterxml.jackson.dataformat.xml.XmlMapper
	at com.ibm.ws.classloading.internal.AppClassLoader.findClassCommonLibraryClassLoaders(AppClassLoader.java:504)
	at com.ibm.ws.classloading.internal.AppClassLoader.findClass(AppClassLoader.java:276)
	at java.lang.ClassLoader.loadClass(ClassLoader.java:424)
	at com.ibm.ws.classloading.internal.AppClassLoader.findOrDelegateLoadClass(AppClassLoader.java:482)
	at com.ibm.ws.classloading.internal.AppClassLoader.loadClass(AppClassLoader.java:443)
	at java.lang.ClassLoader.loadClass(ClassLoader.java:357)
	... 34 more

Dump of callerThis
Object type = com.ibm.ws.webcontainer.filter.WebAppFilterChain
  _filters = class java.util.ArrayList@5f72c401
    serialVersionUID = 8683452581122892189
    DEFAULT_CAPACITY = 10
    EMPTY_ELEMENTDATA = class java.lang.Object[0]
    DEFAULTCAPACITY_EMPTY_ELEMENTDATA = class java.lang.Object[0]
    elementData = class java.lang.Object[5]
      Object[0] = class com.ibm.ws.webcontainer.filter.FilterInstanceWrapper@1a2664fc
      Object[1] = null
      Object[2] = null
      Object[3] = null
      Object[4] = null
    size = 1
    MAX_ARRAY_SIZE = 2147483639
    modCount = 1
    MAX_ARRAY_SIZE = 2147483639
  _currentFilterIndex = 1
  _numberOfFilters = 1
  requestProcessor = class com.ibm.ws.webcontainer.osgi.servlet.ServletWrapper@57807dba
    serialVersionUID = 1
    _mo = class com.ibm.ws.managedobject.internal.ManagedObjectImpl@bbb93a8
      object = "<sensitive Servlet.Servlet@b92a4b3>"
      serialVersionUID = 316670419635262281
      $$$tc$$$ = class com.ibm.websphere.ras.TraceComponent@4bed1514
    serialVersionUID = -4479626085298397598
    notifyInvocationListeners = false
    UNINITIALIZED_STATE = -1
    AVAILABLE_STATE = 0
    UNAVAILABLE_STATE = 1
    UNAVAILABLE_PERMANENTLY_STATE = 2
    collabHelper = class com.ibm.ws.webcontainer.osgi.collaborator.CollaboratorHelperImpl@53466bc
      webAppInvCollabs = class java.util.Collections$UnmodifiableSet@4df7cc78
      securityDomainForApp = null
      logger = class com.ibm.ws.logging.internal.WsLogger@37e84abc
      staticDefaultSecurityCollaborator = class com.ibm.ws.webcontainer.collaborator.WebAppSecurityCollaborator@512aa1d9
      logger = class com.ibm.ws.logging.internal.WsLogger@6466aace
      CLASS_NAME = "com.ibm.wsspi.webcontainer.collaborator.CollaboratorHelper"
      webApp = class com.ibm.ws.webcontainer40.osgi.webapp.WebApp40@262d9dc3
      securityCollaborator = class com.ibm.ws.webcontainer.security.WebAppSecurityCollaboratorImpl@11aeb154
      nameSpaceCollaborator = class com.ibm.ws.webcontainer.osgi.collaborator.WebAppNameSpaceCollaboratorImpl@48a8d536
      transactionCollaborator = class com.ibm.ws.transaction.services.WebAppTransactionCollaboratorImpl@27a39c9c
      connectionCollaborator = class com.ibm.ws.webcontainer.collaborator.ConnectionCollaborator@a300206
      allCollabEnum = class java.util.RegularEnumSet@150efed1
      servlet_23_or_greater = true
      DEFER_SERVLET_REQUEST_LISTENER_DESTROY_ON_ERROR = false
    nServicing = class java.util.concurrent.atomic.AtomicInteger@d7431a2
      serialVersionUID = 6214790243416807050
      unsafe = class sun.misc.Unsafe@30733579
      valueOffset = 12
      value = 0
      serialVersionUID = -8742448824652078965
    lastAccessTime = 1540750813520
    state = 0
    logger = class com.ibm.ws.logging.internal.WsLogger@7f9708c2
      tc = class com.ibm.websphere.ras.TraceComponent@7351ec4c
      ivCachedResourceBundleName = "com.ibm.ws.webcontainer.resources.Messages"
      ivCachedResourceBundle = class com.ibm.ws.webcontainer.resources.Messages@69400835
      ivComponent = null
      ivOrganization = null
      ivProduct = null
      ivMinimumLocalizationLevelIntValue = 625
      ivTC = class com.ibm.websphere.ras.TraceComponent@651a2d18
      loggerRegistrationComponent = class java.lang.ThreadLocal@41243517
      emptyHandlers = class java.util.logging.Handler[0]
      offValue = 2147483647
      SYSTEM_LOGGER_RB_NAME = "sun.util.logging.resources.logging"
      SYSTEM_BUNDLE = class java.util.logging.Logger$LoggerBundle@54ca7d4e
      NO_RESOURCE_BUNDLE = class java.util.logging.Logger$LoggerBundle@601ec7f1
      manager = class com.ibm.ws.kernel.boot.logging.WsLogManager@f2ca68
      name = "com.ibm.ws.webcontainer.servlet"
      handlers = class java.util.concurrent.CopyOnWriteArrayList@5fc4c73e
      loggerBundle = class java.util.logging.Logger$LoggerBundle@5e8f212a
      useParentHandlers = true
      filter = null
      anonymous = false
      catalog = class com.ibm.ws.webcontainer.resources.Messages@69400835
      catalogName = "com.ibm.ws.webcontainer.resources.Messages"
      catalogLocale = class java.util.Locale@69a2331b
      treeLock = class java.lang.Object@2d435f69
      parent = class com.ibm.ws.logging.internal.WsLogger@573fa0bc
      kids = null
      levelObject = class java.util.logging.Level@c5480f
      levelValue = 800
      callersClassLoaderRef = class java.lang.ref.WeakReference@3139c8b2
      isSystemLogger = false
      GLOBAL_LOGGER_NAME = "global"
      global = class java.util.logging.Logger@65984a84
      $assertionsDisabled = true
    CLASS_NAME = "com.ibm.ws.webcontainer.servlet.ServletWrapper"
    nls = class com.ibm.ejs.ras.TraceNLS@1e0efde
      resolver = class com.ibm.ws.logging.internal.TraceNLSResolver@5741cd71
      finder = null
      ivBundleName = "com.ibm.ws.webcontainer.resources.Messages"
      caller = class java.lang.Class@52c5899f
    servletConfig = class com.ibm.ws.webcontainer.servlet.ServletConfig@274768d8
      logger = class com.ibm.ws.logging.internal.WsLogger@7f9708c2
      CLASS_NAME = "com.ibm.ws.webcontainer.servlet.ServletConfig"
      nls = class com.ibm.ejs.ras.TraceNLS@26914a69
      liberty_nls = class com.ibm.ejs.ras.TraceNLS@27d772c
      enabled = true
      servletName = "Prueba"
      className = "Servlet.Servlet"
      mappings = class java.util.ArrayList@790fb559
      startUpWeight = 0
      DEFAULT_STARTUP = -1
      isCachingEnabled = true
      isStatisticsEnabled = true
      isInternal = false
      metaData = class com.ibm.ws.webcontainer.osgi.metadata.WebComponentMetaDataImpl@671cbea1
      singleThreadModelServlet = false
      isJsp = false
      webAppConfig = class com.ibm.ws.webcontainer.osgi.webapp.WebAppConfiguration@b988cdf
      servletWrapper = class com.ibm.ws.webcontainer.osgi.servlet.ServletWrapper@57807dba
      servletClass = null
      servlet = null
      addedToLoadOnStartup = true
      previousWeight = null
      multipartConfig = null
      multipartConfigBaseLocation = null
      runAsRole = null
      servletSecurityElement = null
      declareRolesAnnotation = null
      logger = class com.ibm.ws.logging.internal.WsLogger@7f9708c2
      CLASS_NAME = "com.ibm.ws.webcontainer.servlet.TargetConfig"
      initParams = null
      fileName = null
      displayName = null
      name = "Prueba"
      description = null
      smallIcon = null
      largeIcon = null
      context = class com.ibm.ws.webcontainer40.facade.ServletContextFacade40@13e4aea
      className = null
      asyncSupported = false
      _id = "ServletGeneratedId1"
      _attributes = null
      serialVersionUID = 7511545662945734886
      $$$tc$$$ = class com.ibm.websphere.ras.TraceComponent@299de49b
    context = class com.ibm.ws.webcontainer40.osgi.webapp.WebApp40@262d9dc3
    target = class Servlet.Servlet@b92a4b3
      logicfactory = class Trees.ServerDragons@7784a4c1
      METHOD_DELETE = "DELETE"
      METHOD_HEAD = "HEAD"
      METHOD_GET = "GET"
      METHOD_OPTIONS = "OPTIONS"
      METHOD_POST = "POST"
      METHOD_PUT = "PUT"
      METHOD_TRACE = "TRACE"
      HEADER_IFMODSINCE = "If-Modified-Since"
      HEADER_LASTMOD = "Last-Modified"
      LSTRING_FILE = "javax.servlet.http.LocalStrings"
      lStrings = class java.util.PropertyResourceBundle@4958c68b
      LSTRING_FILE = "javax.servlet.LocalStrings"
      lStrings = class java.util.PropertyResourceBundle@633d73d7
      config = class com.ibm.ws.webcontainer.servlet.ServletConfig@274768d8
    cacheWrappers = null
    targetLoader = class com.ibm.ws.classloading.internal.ThreadContextClassLoader@55c39669
      tc = class com.ibm.websphere.ras.TraceComponent@5bb5069a
      bundle = class java.util.concurrent.atomic.AtomicReference@4afba59b
      key = "WebModule:web_war_exploded#web_war_exploded"
      refCount = class java.util.concurrent.atomic.AtomicInteger@4e5bab4d
      appLoader = class com.ibm.ws.classloading.internal.AppClassLoader@2d6746b9
      clSvc = class com.ibm.ws.classloading.internal.ClassLoadingServiceImpl@14b8c779
      serialVersionUID = 846416563800781557
      followOnClassLoaders = class java.util.ArrayList@181dec46
      serialVersionUID = -5107316606107305512
      $$$tc$$$ = class com.ibm.websphere.ras.TraceComponent@7c4ce375
      serialVersionUID = -4868702105808481416
      $$$tc$$$ = class com.ibm.websphere.ras.TraceComponent@19c75112
      serialVersionUID = 2596921220292114344
      $$$tc$$$ = class com.ibm.websphere.ras.TraceComponent@19595f7e
      initialized = true
      pdcache = class java.util.HashMap@3cdcd323
      debug = null
      parent = class com.ibm.ws.classloading.internal.GatewayClassLoader@2cd71832
      parallelLockMap = null
      package2certs = class java.util.Hashtable@4b546722
      nocerts = class java.security.cert.Certificate[0]
      classes = class java.util.Vector@39477af6
      defaultDomain = class java.security.ProtectionDomain@1533e542
      domains = class java.util.HashSet@4f2c790c
      packages = class java.util.HashMap@27a97abc
      scl = class sun.misc.Launcher$AppClassLoader@18b4aac2
      sclSet = true
      loadedLibraryNames = class java.util.Vector@253b2475
      systemNativeLibraries = class java.util.Vector@2f28cc65
      nativeLibraries = class java.util.Vector@3603495
      nativeLibraryContext = class java.util.Stack@6f70c2df
      usr_paths = class java.lang.String[23]
      sys_paths = class java.lang.String[1]
      assertionLock = class com.ibm.ws.classloading.internal.ThreadContextClassLoader@55c39669
      defaultAssertionStatus = false
      packageAssertionStatus = null
      classAssertionStatus = null
    evtSource = class com.ibm.ws.webcontainer.webapp.WebAppEventSource@4c047c1b
      _invocationListeners = class com.ibm.ws.webcontainer.util.EventListeners@24152fcb
      _servletListeners = class com.ibm.ws.webcontainer.util.EventListeners@7caef25a
      _errorListeners = class com.ibm.ws.webcontainer.util.EventListeners@23ed39eb
      _applicationListeners = class com.ibm.ws.webcontainer.util.EventListeners@76e68f79
      _filterInvocationListeners = class com.ibm.ws.webcontainer.util.EventListeners@7b008d19
      _filterListeners = class com.ibm.ws.webcontainer.util.EventListeners@70379c01
      _filterErrorListeners = class com.ibm.ws.webcontainer.util.EventListeners@3adfd18d
    event = class com.ibm.websphere.servlet.event.ServletEvent@4a9ce45a
      serialVersionUID = 3906650803920713522
      _servletName = "Prueba"
      _servletClassName = "Servlet.Servlet"
      $$$tc$$$ = class com.ibm.websphere.ras.TraceComponent@7b80c40f
      serialVersionUID = 3546927969739289392
      _context = class com.ibm.ws.webcontainer40.facade.ServletContextFacade40@13e4aea
      _servletNames = class com.ibm.ws.webcontainer.util.EmptyEnumeration@42d6bf22
      $$$tc$$$ = class com.ibm.websphere.ras.TraceComponent@26f9d0de
      serialVersionUID = 5516075349620653480
      source = class com.ibm.ws.webcontainer.osgi.servlet.ServletWrapper@57807dba
    unavailableMessage = null
    unavailableUntil = -1
    isSTM = false
    internalServlet = false
    webAppInvocationCollaborators = null
    platformHelper = class com.ibm.ws.webcontainer.PlatformHelper@56015479
    webAppNameSpaceCollab = class com.ibm.ws.webcontainer.osgi.collaborator.WebAppNameSpaceCollaboratorImpl@48a8d536
      cmdai = class com.ibm.ws.threadContext.ComponentMetaDataAccessorImpl@6dfd35f4
    txCollab = class com.ibm.ws.transaction.services.WebAppTransactionCollaboratorImpl@27a39c9c
      tc = class com.ibm.websphere.ras.TraceComponent@58aa473f
      ltCurrentRef = class com.ibm.wsspi.kernel.service.utils.AtomicServiceReference@2a0aba7f
      tranMgrRef = class com.ibm.wsspi.kernel.service.utils.AtomicServiceReference@31125e5a
      userTranRef = class com.ibm.wsspi.kernel.service.utils.AtomicServiceReference@22756972
      uowCallbackRef = class com.ibm.wsspi.kernel.service.utils.AtomicServiceReference@4005eb35
      serialVersionUID = -8319003162899973281
    connCollab = class com.ibm.ws.webcontainer.collaborator.ConnectionCollaborator@a300206
    suppressServletExceptionLogging = false
    throwExceptionEnum = class java.util.RegularEnumSet@56ce2da5
      serialVersionUID = 3411599620347842686
      elements = 256
      elementType = class java.lang.Class@8d90d65
      universe = class com.ibm.wsspi.webcontainer.collaborator.CollaboratorInvocationEnum[9]
      ZERO_LENGTH_ENUM_ARRAY = class java.lang.Enum[0]
      MAX_ARRAY_SIZE = 2147483639
    discernUnavailableServlet = false
    reInitServletonInitUnavailableException = true
    destroyServletonServiceUnavailableException = false
    servlet23 = true
    PARAMS_HEAD_TRACE = class java.lang.Class[2]
      Class[0] = class java.lang.Class@15138613
      Class[1] = class java.lang.Class@6ec9b11e
    defaultHeadMethodInUse = false
    defaultTraceMethodInUse = false
    checkedForDefaultMethods = null
    defaultTraceRequestBehavior = false
    defaultHeadRequestBehavior = false
    useOriginalRequestState = false
    warningStatusSet = false
    LSTRING_FILE = "javax.servlet.LocalStrings"
    lStrings = class java.util.PropertyResourceBundle@633d73d7
      lookup = class java.util.HashMap@ac2a116
      INITIAL_CACHE_SIZE = 32
      NONEXISTENT_BUNDLE = class java.util.ResourceBundle$1@531a6549
      cacheList = class java.util.concurrent.ConcurrentHashMap@5721a27b
      referenceQueue = class java.lang.ref.ReferenceQueue@29b557eb
      parent = null
      locale = class java.util.Locale@34ac78bd
      name = "javax.servlet.LocalStrings"
      expired = false
      cacheKey = class java.util.ResourceBundle$CacheKey@3604e8e6
      keySet = null
      providers = null
      $assertionsDisabled = true
    config = null
  _filtersDefined = true
  logger = class com.ibm.ws.logging.internal.WsLogger@50e35d50
    tc = class com.ibm.websphere.ras.TraceComponent@7351ec4c
      strings[0] = "TraceComponent[com.ibm.ws.logging.internal.WsLogger,class com.ibm.ws.logging.internal.WsLogger,[logging],com.ibm.ws.logging.internal.resources.LoggingMessages,null]"
    ivCachedResourceBundleName = null
    ivCachedResourceBundle = null
    ivComponent = null
    ivOrganization = null
    ivProduct = null
    ivMinimumLocalizationLevelIntValue = 625
    ivTC = class com.ibm.websphere.ras.TraceComponent@2782d388
      strings[0] = "TraceComponent[com.ibm.ws.webcontainer.filter,class com.ibm.wsspi.webcontainer.logging.LoggerFactory$1,[com.ibm.ws.webcontainer.filter],null,null]"
    loggerRegistrationComponent = class java.lang.ThreadLocal@41243517
      threadLocalHashCode = -1457684129
      nextHashCode = class java.util.concurrent.atomic.AtomicInteger@20842163
      HASH_INCREMENT = 1640531527
    emptyHandlers = class java.util.logging.Handler[0]
    offValue = 2147483647
    SYSTEM_LOGGER_RB_NAME = "sun.util.logging.resources.logging"
    SYSTEM_BUNDLE = class java.util.logging.Logger$LoggerBundle@54ca7d4e
      resourceBundleName = "sun.util.logging.resources.logging"
      userBundle = null
    NO_RESOURCE_BUNDLE = class java.util.logging.Logger$LoggerBundle@601ec7f1
      resourceBundleName = null
      userBundle = null
    manager = class com.ibm.ws.kernel.boot.logging.WsLogManager@f2ca68
      CLASS_NAME = "com.ibm.ws.kernel.boot.logging.WsLogManager"
      CONFIGURE_BY_SERVER_PROPERTY_NAME = "java.util.logging.configureByServer"
      CONFIGURE_BY_LOGGING_PROPERTIES_FILE = "java.util.logging.configureByLoggingPropertiesFile"
      configureByServer = true
      configureByLoggingProperties = false
      wsLogger = class java.lang.reflect.Constructor@4f5afb71
      resetEnabled = true
      svBinaryLoggingEnable = false
      manager = class com.ibm.ws.kernel.boot.logging.WsLogManager@f2ca68
      props = class java.util.Properties@621f628a
      defaultLevel = class java.util.logging.Level@c5480f
      listenerMap = class java.util.HashMap@68aaf545
      systemContext = class java.util.logging.LogManager$SystemLoggerContext@70331a52
      userContext = class java.util.logging.LogManager$LoggerContext@56c5d26f
      rootLogger = class java.util.logging.LogManager$RootLogger@4f57e10f
      readPrimordialConfiguration = true
      initializedGlobalHandlers = true
      deathImminent = false
      initializedCalled = true
      initializationDone = true
      contextsMap = null
      loggerRefQueue = class java.lang.ref.ReferenceQueue@70e8257d
      MAX_ITERATIONS = 400
      controlPermission = class java.util.logging.LoggingPermission@186140b8
      loggingMXBean = null
      LOGGING_MXBEAN_NAME = "java.util.logging:type=Logging"
      $assertionsDisabled = true
    name = "com.ibm.ws.webcontainer.filter"
    handlers = class java.util.concurrent.CopyOnWriteArrayList@6e855402
      serialVersionUID = 8673264195747942595
      lock = class java.util.concurrent.locks.ReentrantLock@5d070fa8
      array = class java.lang.Object[0]
      UNSAFE = class sun.misc.Unsafe@30733579
      lockOffset = 12
    loggerBundle = class java.util.logging.Logger$LoggerBundle@69226491
      resourceBundleName = "com.ibm.ws.webcontainer.resources.Messages"
      userBundle = null
    useParentHandlers = true
    filter = null
    anonymous = false
    catalog = class com.ibm.ws.webcontainer.resources.Messages@7f95070b
      resources = class [Ljava.lang.Object;[332]
      lookup = class java.util.HashMap@72818d71
      INITIAL_CACHE_SIZE = 32
      NONEXISTENT_BUNDLE = class java.util.ResourceBundle$1@531a6549
      cacheList = class java.util.concurrent.ConcurrentHashMap@5721a27b
      referenceQueue = class java.lang.ref.ReferenceQueue@29b557eb
      parent = null
      locale = class java.util.Locale@34ac78bd
      name = "com.ibm.ws.webcontainer.resources.Messages"
      expired = false
      cacheKey = class java.util.ResourceBundle$CacheKey@341c634c
      keySet = null
      providers = null
      $assertionsDisabled = true
    catalogName = "com.ibm.ws.webcontainer.resources.Messages"
    catalogLocale = class java.util.Locale@69a2331b
      LOCALECACHE = class java.util.Locale$Cache@2231dc0c
      ENGLISH = class java.util.Locale@2be74a55
      FRENCH = class java.util.Locale@bcfbd28
      GERMAN = class java.util.Locale@162f16d7
      ITALIAN = class java.util.Locale@3a5269a2
      JAPANESE = class java.util.Locale@2b76395f
      KOREAN = class java.util.Locale@5d26f7e4
      CHINESE = class java.util.Locale@3351db39
      SIMPLIFIED_CHINESE = class java.util.Locale@1ae7bb88
      TRADITIONAL_CHINESE = class java.util.Locale@41d54a
      FRANCE = class java.util.Locale@6a328b71
      GERMANY = class java.util.Locale@57071d1d
      ITALY = class java.util.Locale@709bc78e
      JAPAN = class java.util.Locale@7efea752
      KOREA = class java.util.Locale@69d2ff
      CHINA = class java.util.Locale@1ae7bb88
      PRC = class java.util.Locale@1ae7bb88
      TAIWAN = class java.util.Locale@41d54a
      UK = class java.util.Locale@6f69c81a
      US = class java.util.Locale@69a2331b
      CANADA = class java.util.Locale@4160c5ce
      CANADA_FRENCH = class java.util.Locale@4aaf3e87
      ROOT = class java.util.Locale@34ac78bd
      PRIVATE_USE_EXTENSION = x
      UNICODE_LOCALE_EXTENSION = u
      serialVersionUID = 9149081749638150636
      DISPLAY_LANGUAGE = 0
      DISPLAY_COUNTRY = 1
      DISPLAY_VARIANT = 2
      DISPLAY_SCRIPT = 3
      baseLocale = class sun.util.locale.BaseLocale@41fe307
      localeExtensions = null
      hashCodeValue = 96636889
      defaultLocale = class java.util.Locale@69a2331b
      defaultDisplayLocale = null
      defaultFormatLocale = class java.util.Locale@69a2331b
      languageTag = "en-US"
      serialPersistentFields = class java.io.ObjectStreamField[6]
      isoLanguages = null
      isoCountries = null
      $assertionsDisabled = true
    treeLock = class java.lang.Object@2d435f69
    parent = class com.ibm.ws.logging.internal.WsLogger@573fa0bc
      tc = class com.ibm.websphere.ras.TraceComponent@7351ec4c
      ivCachedResourceBundleName = "com.ibm.ws.webcontainer.resources.Messages"
      ivCachedResourceBundle = class com.ibm.ws.webcontainer.resources.Messages@69400835
      ivComponent = null
      ivOrganization = null
      ivProduct = null
      ivMinimumLocalizationLevelIntValue = 625
      ivTC = class com.ibm.websphere.ras.TraceComponent@1a617146
      loggerRegistrationComponent = class java.lang.ThreadLocal@41243517
      emptyHandlers = class java.util.logging.Handler[0]
      offValue = 2147483647
      SYSTEM_LOGGER_RB_NAME = "sun.util.logging.resources.logging"
      SYSTEM_BUNDLE = class java.util.logging.Logger$LoggerBundle@54ca7d4e
      NO_RESOURCE_BUNDLE = class java.util.logging.Logger$LoggerBundle@601ec7f1
      manager = class com.ibm.ws.kernel.boot.logging.WsLogManager@f2ca68
      name = "com.ibm.ws.webcontainer"
      handlers = class java.util.concurrent.CopyOnWriteArrayList@4d85fcae
      loggerBundle = class java.util.logging.Logger$LoggerBundle@4d0d0ff5
      useParentHandlers = true
      filter = null
      anonymous = false
      catalog = class com.ibm.ws.webcontainer.resources.Messages@69400835
      catalogName = "com.ibm.ws.webcontainer.resources.Messages"
      catalogLocale = class java.util.Locale@69a2331b
      treeLock = class java.lang.Object@2d435f69
      parent = class java.util.logging.Logger@147e6960
      kids = class java.util.ArrayList@7d96ca7a
      levelObject = class java.util.logging.Level@c5480f
      levelValue = 800
      callersClassLoaderRef = class java.lang.ref.WeakReference@1f9439ea
      isSystemLogger = false
      GLOBAL_LOGGER_NAME = "global"
      global = class java.util.logging.Logger@65984a84
      $assertionsDisabled = true
    kids = null
    levelObject = class java.util.logging.Level@c5480f
      defaultBundle = "sun.util.logging.resources.logging"
      name = "INFO"
      value = 800
      resourceBundleName = "sun.util.logging.resources.logging"
      localizedLevelName = "INFO"
      cachedLocale = class java.util.Locale@69a2331b
      OFF = class java.util.logging.Level@71d0b6a1
      SEVERE = class java.util.logging.Level@a2add2f
      WARNING = class java.util.logging.Level@40b11400
      INFO = class java.util.logging.Level@c5480f
      CONFIG = class java.util.logging.Level@52d64eb4
      FINE = class java.util.logging.Level@26c79ff1
      FINER = class java.util.logging.Level@7a58fda3
      FINEST = class java.util.logging.Level@3201f7fc
      ALL = class java.util.logging.Level@5242bce6
      serialVersionUID = -8176160795706313070
    levelValue = 800
    callersClassLoaderRef = class java.lang.ref.WeakReference@788789e7
      referent = class org.eclipse.osgi.internal.loader.EquinoxClassLoader@4d8d1887
      queue = class java.lang.ref.ReferenceQueue$Null@24a51d2d
      next = null
      discovered = null
      lock = class java.lang.ref.Reference$Lock@1e1a6bc2
      pending = null
    isSystemLogger = false
    GLOBAL_LOGGER_NAME = "global"
    global = class java.util.logging.Logger@65984a84
      emptyHandlers = class java.util.logging.Handler[0]
      offValue = 2147483647
      SYSTEM_LOGGER_RB_NAME = "sun.util.logging.resources.logging"
      SYSTEM_BUNDLE = class java.util.logging.Logger$LoggerBundle@54ca7d4e
      NO_RESOURCE_BUNDLE = class java.util.logging.Logger$LoggerBundle@601ec7f1
      manager = class com.ibm.ws.kernel.boot.logging.WsLogManager@f2ca68
      name = "global"
      handlers = class java.util.concurrent.CopyOnWriteArrayList@21927952
      loggerBundle = class java.util.logging.Logger$LoggerBundle@601ec7f1
      useParentHandlers = true
      filter = null
      anonymous = false
      catalog = null
      catalogName = null
      catalogLocale = null
      treeLock = class java.lang.Object@2d435f69
      parent = class java.util.logging.LogManager$RootLogger@4f57e10f
      kids = null
      levelObject = null
      levelValue = 800
      callersClassLoaderRef = null
      isSystemLogger = true
      GLOBAL_LOGGER_NAME = "global"
      global = class java.util.logging.Logger@65984a84
      $assertionsDisabled = true
    $assertionsDisabled = true
  CLASS_NAME = "com.ibm.ws.webcontainer.filter.WebAppFilterChain"
  webapp = class com.ibm.ws.webcontainer40.osgi.webapp.WebApp40@262d9dc3
    tc = class com.ibm.websphere.ras.TraceComponent@4f33f547
      strings[0] = "TraceComponent[com.ibm.ws.webcontainer40.osgi.webapp.WebApp40,class com.ibm.ws.webcontainer40.osgi.webapp.WebApp40,[webcontainer],com.ibm.ws.webcontainer31.resources.Messages,null]"
    servlet40NLS = class com.ibm.ejs.ras.TraceNLS@4e13c606
      resolver = class com.ibm.ws.logging.internal.TraceNLSResolver@5741cd71
      finder = null
      ivBundleName = "com.ibm.ws.webcontainer40.resources.Messages"
      caller = class java.lang.Class@69176d84
    CLASS_NAME = "com.ibm.ws.webcontainer40.osgi.webapp.WebApp40"
    defaultSessionTimeout = 30
    tc = class com.ibm.websphere.ras.TraceComponent@4d7c64a1
      strings[0] = "TraceComponent[com.ibm.ws.webcontainer31.osgi.webapp.WebApp31,class com.ibm.ws.webcontainer31.osgi.webapp.WebApp31,[webcontainer],com.ibm.ws.webcontainer31.resources.Messages,null]"
    CLASS_NAME = "com.ibm.ws.webcontainer31.osgi.webapp.WebApp31"
    servlet31NLS = class com.ibm.ejs.ras.TraceNLS@14b2c74f
      resolver = class com.ibm.ws.logging.internal.TraceNLSResolver@5741cd71
      finder = null
      ivBundleName = "com.ibm.ws.webcontainer31.resources.Messages"
      caller = class java.lang.Class@1c99acc0
    validListenerClasses = class java.lang.Class[7]
      Class[0] = class java.lang.Class@63edfaf6
      Class[1] = class java.lang.Class@4f60c704
      Class[2] = class java.lang.Class@1e51bcc4
      Class[3] = class java.lang.Class@1e021781
      Class[4] = class java.lang.Class@12b474fd
      Class[5] = class java.lang.Class@5b25c948
      Class[6] = class java.lang.Class@660cdbf4
    wsocServHandler = class com.ibm.ws.wsoc.external.WsocHandlerImpl@16683e23
      tc = class com.ibm.websphere.ras.TraceComponent@6a85c4f4
      noMoreAddsCalled = true
      serialVersionUID = -2067291126638824067
    tc = class com.ibm.websphere.ras.TraceComponent@472a88a9
      strings[0] = "TraceComponent[com.ibm.ws.webcontainer.osgi.webapp.WebApp,class com.ibm.ws.webcontainer.osgi.webapp.WebApp,[webcontainer],com.ibm.ws.webcontainer.resources.LShimMessages,null]"
    CLASS_NAME = "com.ibm.ws.webcontainer.osgi.webapp.WebApp"
    metaDataService = class com.ibm.ws.container.service.metadata.internal.MetaDataServiceImpl@45cc409a
      applicationMetaDataManager = class com.ibm.ws.container.service.metadata.internal.ApplicationMetaDataManager@58182c29
      moduleMetaDataManager = class com.ibm.ws.container.service.metadata.internal.ModuleMetaDataManager@211ced23
      componentMetaDataManager = class com.ibm.ws.container.service.metadata.internal.ComponentMetaDataManager@6bd0e5b
      methodMetaDataManager = class com.ibm.ws.container.service.metadata.internal.MethodMetaDataManager@793e3a66
      appModuleNameToModuleContainer = class java.util.concurrent.ConcurrentHashMap@60de280c
      jeeNameToComponentMetaData = class java.util.concurrent.ConcurrentHashMap@26edb4c1
      deferredMetaDataFactories = class com.ibm.wsspi.kernel.service.utils.ConcurrentServiceReferenceSet@484cb991
      deferredMetaDataInitializers = class com.ibm.wsspi.kernel.service.utils.ConcurrentServiceReferenceMap@402947f4
      serialVersionUID = -2494605732980966097
      $$$tc$$$ = class com.ibm.websphere.ras.TraceComponent@23654098
    namespacePopulated = false
    referenceContext = class com.ibm.ws.injectionengine.osgi.internal.OSGiReferenceContextImpl@42c91fd5
      scopeData = class com.ibm.ws.injectionengine.osgi.internal.OSGiInjectionScopeData@3210dc50
      serialVersionUID = 521511923892134915
      $$$tc$$$ = class com.ibm.websphere.ras.TraceComponent@35ce2156
      CLASS_NAME = "com.ibm.ws.injectionengine.ReferenceContextImpl"
      tc = class com.ibm.websphere.ras.TraceComponent@7205aad5
      ivInjectionEngine = class com.ibm.ws.injectionengine.osgi.internal.OSGiInjectionEngineImpl@3d91d340
      ivProviders = class java.util.ArrayList@f7b6549
      ivComponentJavaContext = null
      ivComponentNameSpace = null
      ivJavaColonCompEnvMap = class java.util.LinkedHashMap@184203a7
      ivEjbContext10 = class java.util.Properties@5eaab2c1
      ivResourceRefConfigList = null
      isAlreadyProcessed = true
      ivProcessFailure = null
      ivInjectionTargetMap = class java.util.concurrent.ConcurrentHashMap@6d127187
      svInjTarMapCacheSize = 256
      ivDeclaredInjectionTargets = class java.util.HashMap@39170041
      ivProcessedInjectionClasses = class java.util.HashSet@31c063ff
      ivProcessedInjectionBindings = class java.util.LinkedHashSet@3a77f3bc
      ivAnyProcessDynamic = true
      ivCheckAppConfig = false
    j2eeNameFactory = class com.ibm.ws.container.service.metadata.internal.J2EENameFactoryImpl@5c563850
      serialVersionUID = 3486344295038028821
      $$$tc$$$ = class com.ibm.websphere.ras.TraceComponent@2abbf992
    moduleLoader = class com.ibm.ws.classloading.internal.AppClassLoader@2d6746b9
      tc = class com.ibm.websphere.ras.TraceComponent@12d922e3
      PARENT_FIRST_SEARCH_ORDER = class java.util.Collections$UnmodifiableRandomAccessList@18e3c19f
      CLASS_LOADING_TRACE_PREFIX = "com.ibm.ws.class.load."
      DEFAULT_PACKAGE = "default.package"
      perPackageClassLoadingTraceComponents = class java.util.concurrent.ConcurrentHashMap@1cff2b08
      config = class com.ibm.ws.classloading.internal.ClassLoaderConfigurationImpl@f135b57
      privateLibraries = null
      delegateLoaders = class com.ibm.ws.classloading.internal.util.CompositeIterable@71c9b458
      nativeLibraryFiles = class java.util.ArrayList@77a07cc7
      transformers = class java.util.ArrayList@12e2be50
      apiAccess = class com.ibm.ws.classloading.internal.GatewayClassLoader@270049dc
      generator = class com.ibm.ws.classloading.internal.ClassGeneratorManager@73e86b8
      protectionDomains = class java.util.concurrent.ConcurrentHashMap@3be98973
      parent = class com.ibm.ws.classloading.internal.GatewayClassLoader@270049dc
      serialVersionUID = 952643806680066297
      tc = class com.ibm.websphere.ras.TraceComponent@55bdf96c
      EMPTY_URL_ARRAY = class java.net.URL[0]
      smartClassPath = class com.ibm.ws.classloading.internal.ContainerClassLoader$SmartClassPathImpl@484cab18
      nativeLibraryContainers = class java.util.ArrayList@3b34ffef
      redefiner = class com.ibm.ws.classloading.internal.util.ClassRedefiner@4ce15beb
      mapCreationQueue = class java.util.concurrent.Executors$FinalizableDelegatedExecutorService@5fcd191e
      serialVersionUID = 7249739282446266343
      serialVersionUID = -7411549862368381758
      $$$tc$$$ = class com.ibm.websphere.ras.TraceComponent@2026e07e
      serialVersionUID = -4868702105808481416
      $$$tc$$$ = class com.ibm.websphere.ras.TraceComponent@19c75112
      serialVersionUID = 2596921220292114344
      $$$tc$$$ = class com.ibm.websphere.ras.TraceComponent@19595f7e
      initialized = true
      pdcache = class java.util.HashMap@6ea33fb2
      debug = null
      parent = class com.ibm.ws.classloading.internal.GatewayClassLoader@270049dc
      parallelLockMap = null
      package2certs = class java.util.Hashtable@285b1f8e
      nocerts = class java.security.cert.Certificate[0]
      classes = class java.util.Vector@1f69f672
      defaultDomain = class java.security.ProtectionDomain@4e2020c6
      domains = class java.util.HashSet@3989d81f
      packages = class java.util.HashMap@49de07cf
      scl = class sun.misc.Launcher$AppClassLoader@18b4aac2
      sclSet = true
      loadedLibraryNames = class java.util.Vector@253b2475
      systemNativeLibraries = class java.util.Vector@2f28cc65
      nativeLibraries = class java.util.Vector@1954b2e0
      nativeLibraryContext = class java.util.Stack@6f70c2df
      usr_paths = class java.lang.String[23]
      sys_paths = class java.lang.String[1]
      assertionLock = class com.ibm.ws.classloading.internal.AppClassLoader@2d6746b9
      defaultAssertionStatus = false
      packageAssertionStatus = null
      classAssertionStatus = null
    webAppConfig = class com.ibm.ws.webcontainer.osgi.webapp.WebAppConfiguration@b988cdf
      webModuleMetaData = class com.ibm.ws.webcontainer.osgi.metadata.WebModuleMetaDataImpl@38fe16be
      webComponentMetaData = class com.ibm.ws.webcontainer.osgi.metadata.WebComponentMetaDataImpl@77f9bf2d
      dVirtualHost = class com.ibm.ws.webcontainer.osgi.DynamicVirtualHost@32fea27
      orderedLibPaths = class java.util.Collections$UnmodifiableRandomAccessList@346a5eb0
      bundleHeaders = null
      cdiEnabled = false
      CLASS_NAME = "com.ibm.ws.webcontainer.webapp.WebAppConfiguration"
      logger = class com.ibm.ws.logging.internal.WsLogger@168d1512
      tc = class com.ibm.websphere.ras.TraceComponent@1bd3d04f
      nls = class com.ibm.ejs.ras.TraceNLS@76f72505
      version = 25
      contextRoot = "/web_war_exploded"
      isDefaultContextRootUsed = true
      sessionTimeout = 0
      moduleSessionTimeoutSet = false
      moduleSessionTrackingModeSet = false
      sessionCookieConfig = class com.ibm.ws.session.SessionCookieConfigImpl@2789c6e0
      hasProgrammaticCookieConfig = false
      sessionDefaultTrackingModeSet = class java.util.RegularEnumSet@1d3305eb
      sessionManagerConfig = class com.ibm.ws.session.SessionManagerConfig@1411e4db
      displayName = "web_war_exploded"
      description = null
      reloadInterval = 0
      distributable = false
      denyUncoveredHttpMethods = false
      reloadingEnabled = false
      serveServletsByClassnameEnabled = false
      defaultErrorPage = null
      additionalClassPath = null
      fileServingEnabled = null
      directoryBrowsingEnabled = false
      autoRequestEncoding = false
      autoResponseEncoding = false
      autoLoadFilters = false
      requestListeners = null
      requestAttributeListeners = null
      sessionListeners = null
      localeMap = null
      moduleName = "web_war_exploded"
      j2eeModuleName = "web_war_exploded"
      moduleId = null
      isSyncToThreadEnabled = false
      encodeDispatchedRequestURI = false
      isSystemApp = false
      ardEnabled = false
      ardDispatchType = null
      listeners = class java.util.ArrayList@5b013451
      welcomeFileList = class java.util.ArrayList@32565717
      servletMappings = class java.util.HashMap@37cf10eb
      lastIndexBeforeDeclaredFilters = 1
      filterMappings = class java.util.ArrayList@2c630df5
      servletInfo = class java.util.concurrent.ConcurrentHashMap@7e121794
      filterInfo = class java.util.HashMap@7e7c09ae
      mimeMappings = class java.util.HashMap@31fb06c2
      mimeFilters = null
      isMimeFilteringEnabled = false
      theWebGroup = null
      jspAttributes = class java.util.HashMap@5c3b9ad
      fileServingAttributes = class java.util.HashMap@6b03b036
      invokerAttributes = class java.util.HashMap@75ace581
      contextParams = class java.util.HashMap@1c0830e0
      virtualHost = "default_host"
      exceptionErrorPages = class java.util.HashMap@49eec1d
      codeErrorPages = class java.util.HashMap@72ea7eb8
      tagLibList = null
      precompileJsps = false
      webApp = class com.ibm.ws.webcontainer40.osgi.webapp.WebApp40@262d9dc3
      virtualHostList = class java.util.Collections$EmptyList@60781d89
      appStartupWeight = 0
      moduleStartupWeight = 0
      metaDataComplete = false
      classesToScan = class java.util.ArrayList@3daaae56
      uriFilterMappingInfos = class java.util.ArrayList@4e2753fa
      servletFilterMappingInfos = null
      dynamicServletRegistrationMap = null
      applicationName = "web_war_exploded"
      libBinPathList = class java.util.ArrayList@6f19fb38
      webXmlDefinedListeners = class java.util.HashSet@4f2d3707
      allRefs = class java.util.EnumMap@279de8aa
      allRefBindings = class java.util.EnumMap@5351c720
      envEntryValues = class java.util.HashMap@73312649
      resourceRefConfigList = null
      disallowAllFileServingProp = "false"
      disallowServeServletsByClassnameProp = "true"
      disableStaticMappingCache = false
      jspCachedLocations = class java.util.HashMap@5502b227
      primedSTSHeader = "NoValue"
      enablemultireadofpostdata = false
      requestEncoding = null
      responseEncoding = null
      NULLSERVLETNAME = "com.ibm.ws.webcontainer.NullServletName"
      _id = "WebAppGeneratedId1"
      _attributes = null
      serialVersionUID = 7511545662945734886
      $$$tc$$$ = class com.ibm.websphere.ras.TraceComponent@299de49b
    extensionProcessingDisabled = false
    managedObjectService = class com.ibm.ws.cdi.impl.managedobject.CDIManagedObjectService@7f56c851
      cdiServiceRef = class com.ibm.wsspi.kernel.service.utils.AtomicServiceReference@4af745e6
      defaultMOSRef = class com.ibm.wsspi.kernel.service.utils.AtomicServiceReference@71316a90
      cdiRuntime = class com.ibm.ws.cdi.liberty.CDIRuntimeImpl@142e4151
      serialVersionUID = 6431825704414919683
      $$$tc$$$ = class com.ibm.websphere.ras.TraceComponent@38fb7b2a
    GenPluginCfgMB = null
    internalServletMetaData = interface com.ibm.wsspi.webcontainer.metadata.WebComponentMetaData[2]
      WebComponentMetaData[0] = null
      WebComponentMetaData[1] = null
    loginProcessor = null
    logoutProcessor = null
    collabHelper = class com.ibm.ws.webcontainer.osgi.collaborator.CollaboratorHelperImpl@53466bc
    envObject = class com.ibm.ws.util.WSThreadLocal@646e6940
      tc = class com.ibm.ejs.ras.TraceComponent@48ec9b95
      count = 10
      index = 3
      SUSPECTED_MISUSAGE_THRESHOLD = 200
      threadLocalHashCode = 693320325
      nextHashCode = class java.util.concurrent.atomic.AtomicInteger@20842163
      HASH_INCREMENT = 1640531527
    orderedLibPaths = class java.util.Collections$UnmodifiableRandomAccessList@346a5eb0
      serialVersionUID = -2542308836966382001
      serialVersionUID = -283967356065247728
      list = class java.util.ArrayList@58196ccc
      serialVersionUID = 1820017752578914078
      c = class java.util.ArrayList@58196ccc
    perm = class com.ibm.websphere.security.WebSphereRuntimePermission@7286404e
      serialVersionUID = -3306242789188168337
      $$$tc$$$ = class com.ibm.websphere.ras.TraceComponent@4562c08
      serialVersionUID = 6279438298436773498
      wildcard = false
      path = "accessServletContext"
      exitVM = false
      serialVersionUID = -5636570222231596674
      name = "accessServletContext"
    WELCOME_FILE_LIST = "com.ibm.ws.webcontainer.config.WelcomeFileList"
    DIR_BROWSING_MAPPING = "__dirBrowsing__1540750810201"
    FILTER_PROXY_MAPPING = "/__filterProxy__1540750810201"
    logger = class com.ibm.ws.logging.internal.WsLogger@168d1512
      tc = class com.ibm.websphere.ras.TraceComponent@7351ec4c
      ivCachedResourceBundleName = null
      ivCachedResourceBundle = null
      ivComponent = null
      ivOrganization = null
      ivProduct = null
      ivMinimumLocalizationLevelIntValue = 625
      ivTC = class com.ibm.websphere.ras.TraceComponent@600438bd
      loggerRegistrationComponent = class java.lang.ThreadLocal@41243517
      emptyHandlers = class java.util.logging.Handler[0]
      offValue = 2147483647
      SYSTEM_LOGGER_RB_NAME = "sun.util.logging.resources.logging"
      SYSTEM_BUNDLE = class java.util.logging.Logger$LoggerBundle@54ca7d4e
      NO_RESOURCE_BUNDLE = class java.util.logging.Logger$LoggerBundle@601ec7f1
      manager = class com.ibm.ws.kernel.boot.logging.WsLogManager@f2ca68
      name = "com.ibm.ws.webcontainer.webapp"
      handlers = class java.util.concurrent.CopyOnWriteArrayList@78801ce8
      loggerBundle = class java.util.logging.Logger$LoggerBundle@7973ea4
      useParentHandlers = true
      filter = null
      anonymous = false
      catalog = class com.ibm.ws.webcontainer.resources.Messages@69400835
      catalogName = "com.ibm.ws.webcontainer.resources.Messages"
      catalogLocale = class java.util.Locale@69a2331b
      treeLock = class java.lang.Object@2d435f69
      parent = class com.ibm.ws.logging.internal.WsLogger@573fa0bc
      kids = null
      levelObject = class java.util.logging.Level@c5480f
      levelValue = 800
      callersClassLoaderRef = class java.lang.ref.WeakReference@4b8c7dc3
      isSystemLogger = false
      GLOBAL_LOGGER_NAME = "global"
      global = class java.util.logging.Logger@65984a84
      $assertionsDisabled = true
    CLASS_NAME = "com.ibm.ws.webcontainer.webapp.WebApp"
    loader = class com.ibm.ws.classloading.internal.ThreadContextClassLoader@55c39669
    facade = class com.ibm.ws.webcontainer40.facade.ServletContextFacade40@13e4aea
      context = class com.ibm.ws.webcontainer40.osgi.webapp.WebApp40@262d9dc3
    features = class java.util.ArrayList@67470ba3
      serialVersionUID = 8683452581122892189
      DEFAULT_CAPACITY = 10
      EMPTY_ELEMENTDATA = class java.lang.Object[0]
      DEFAULTCAPACITY_EMPTY_ELEMENTDATA = class java.lang.Object[0]
      elementData = class java.lang.Object[0]
      size = 0
      MAX_ARRAY_SIZE = 2147483639
      modCount = 0
      MAX_ARRAY_SIZE = 2147483639
    applicationName = "web_war_exploded"
    config = class com.ibm.ws.webcontainer.osgi.webapp.WebAppConfiguration@b988cdf
    securityEnabledForApp = true
    webExtensionProcessor = class com.ibm.ws.webcontainer.osgi.extension.WebExtensionProcessor@2703a335
      webApp = class com.ibm.ws.webcontainer40.osgi.webapp.WebApp40@262d9dc3
      extensionContext = class com.ibm.ws.webcontainer40.osgi.webapp.WebApp40@262d9dc3
    production = true
    isServlet23 = true
    contextPath = "/web_war_exploded"
    internalServletList = class [Ljava.lang.String;[2]
      String[][0] = class java.lang.String[2]
      String[][1] = class java.lang.String[2]
    BY_NAME_ONLY = "/_1540750810203_/"
    filterManager = class com.ibm.ws.webcontainer.osgi.filter.WebAppFilterManagerImpl@2a426f89
      _filterWrappers = class java.util.Hashtable@f894733
      chainCache = class java.util.Collections$SynchronizedMap@436fb543
      forwardChainCache = class java.util.Collections$SynchronizedMap@703405fc
      includeChainCache = class java.util.Collections$SynchronizedMap@63f69df9
      errorChainCache = class java.util.Collections$SynchronizedMap@2683fe6b
      _filtersDefined = true
      FMI_MAPPING_SINGLE_SLASH = 0
      FMI_MAPPING_PATH_MATCH = 1
      FMI_MAPPING_EXTENSION_MATCH = 2
      FMI_MAPPING_EXACT_MATCH = 3
      logger = class com.ibm.ws.logging.internal.WsLogger@50e35d50
      CLASS_NAME = "com.ibm.ws.webcontainer.filter.WebAppFilterManager"
      nls = class com.ibm.ejs.ras.TraceNLS@18788255
      webAppConfig = class com.ibm.ws.webcontainer.osgi.webapp.WebAppConfiguration@b988cdf
      webApp = class com.ibm.ws.webcontainer40.osgi.webapp.WebApp40@262d9dc3
      collabHelper = class com.ibm.ws.webcontainer.osgi.collaborator.CollaboratorHelperImpl@53466bc
      webAppNameSpaceCollab = class com.ibm.ws.webcontainer.osgi.collaborator.WebAppNameSpaceCollaboratorImpl@48a8d536
      secCollab = class com.ibm.ws.webcontainer.security.WebAppSecurityCollaboratorImpl@11aeb154
      sessionSecurityIntegrationEnabled = true
      assumeFilterSuccessOnSecurityError = false
      useOriginalRequestState = false
      _evtSource = class com.ibm.ws.webcontainer.webapp.WebAppEventSource@4c047c1b
      defaultComponentMetaData = class com.ibm.ws.webcontainer.osgi.metadata.WebComponentMetaDataImpl@77f9bf2d
      DEFER_SERVLET_REQUEST_LISTENER_DESTROY_ON_ERROR = false
    documentRoot = null
    SERVLET_API_VERSION = "Servlet 2.5"
    disableServletAuditLogging = -1
    serverInfo = "IBM WebSphere Liberty/18.0.0.3"
    sessionCtx = class com.ibm.ws.webcontainer31.session.impl.HttpSessionContext31Impl@75876371
      methodClassName = "HttpSessionContextImpl"
      _smc = class com.ibm.ws.session.SessionManagerConfig@1411e4db
      sessionStoreService = null
      _sap = class com.ibm.ws.session.SessionApplicationParameters@3d7aa1d8
      _coreHttpSessionManager = class com.ibm.ws.session.SessionManager@d707c6
      _coreHttpAppSessionManager = null
      _sam = class com.ibm.ws.webcontainer.session.impl.SessionAffinityManagerImpl@3dad5f5a
      isSIPApplication = false
      sessionAttributeListener = true
      sessionListener = true
      mHttpSessionAttributeListeners = class java.util.ArrayList@8959033
      mHttpSessionListeners = class java.util.ArrayList@60099498
      mHttpSessionIdListeners = class java.util.ArrayList@58d84668
      mHttpSessionAttributeListenersJ2eeNames = class java.util.ArrayList@f5895a6
      mHttpSessionListenersJ2eeNames = class java.util.ArrayList@2b689876
      mHttpSessionIdListenersJ2eeNames = class java.util.ArrayList@7e974d7
      mLocalHost = null
      _refCount = 1
      currentThreadSacHashtable = null
      methodClassName = "SessionContext"
      ANONYMOUS_USER = "anonymous"
      wasHttpSessionObserver = class com.ibm.ws.session.WasHttpSessionObserver@1d988944
      wasHttpSessionAttributeObserver = null
      _invalidator = class com.ibm.ws.session.SessionInvalidatorWithThreadPool@5626daf4
      _storer = class com.ibm.ws.session.EOSSessionStorer@3962536e
      wasHttpAppSessionObserver = null
      mHttpAppSessionListeners = null
      cmvcInfo = "CMVC Version 1.9 6/24/07 11:12:24"
      _loggedVersion = true
      CREATE_CORE_SESSION_MANAGER = 0
      GET_REQUESTED_SESSION_ID = 1
      GET_IHTTP_SESSION = 2
      SESSION_PRE_INVOKE = 3
      SESSION_POST_INVOKE = 4
      STOP = 5
      STOP_LISTENERS = 6
      IS_VALID = 7
      ENCODE_URL = 8
      SHOULD_ENCODE_URL = 9
      IS_PROTOCOL_SWITCH = 10
      GET_LOCAL_HOST = 11
      ADD_HTTP_SESSION_ATTRIBUTE_LISTENER = 12
      ADD_HTTP_SESSION_LISTENER = 13
      GET_SESSION_AFFINITY_CONTEXT = 14
      CHECK_SECURITY = 15
      INVALIDATE = 16
      CHECK_SESSSIONID_IS_RIGHT_LENGTH = 17
      LOCK_SESSION = 18
      UNLOCK_SESSION = 19
      ADD_HTTP_SESSION_ID_LISTENER = 20
      methodNames = class java.lang.String[21]
    eventSource = class com.ibm.ws.webcontainer.webapp.WebAppEventSource@4c047c1b
    nls = class com.ibm.ejs.ras.TraceNLS@4fa76cff
      resolver = class com.ibm.ws.logging.internal.TraceNLSResolver@5741cd71
      finder = null
      ivBundleName = "com.ibm.ws.webcontainer.resources.Messages"
      caller = class java.lang.Class@174e6428
    liberty_nls = class com.ibm.ejs.ras.TraceNLS@565c805e
      resolver = class com.ibm.ws.logging.internal.TraceNLSResolver@5741cd71
      finder = null
      ivBundleName = "com.ibm.ws.webcontainer.resources.LShimMessages"
      caller = class java.lang.Class@174e6428
    error_nls = class com.ibm.ejs.ras.TraceNLS@6f5b833b
      resolver = class com.ibm.ws.logging.internal.TraceNLSResolver@5741cd71
      finder = null
      ivBundleName = "com.ibm.ws.webcontainer.resources.ErrorPage"
      caller = class java.lang.Class@174e6428
    sessionListeners = class java.util.ArrayList@2109e94a
      serialVersionUID = 8683452581122892189
      DEFAULT_CAPACITY = 10
      EMPTY_ELEMENTDATA = class java.lang.Object[0]
      DEFAULTCAPACITY_EMPTY_ELEMENTDATA = class java.lang.Object[0]
      elementData = class java.lang.Object[10]
      size = 2
      MAX_ARRAY_SIZE = 2147483639
      modCount = 3
      MAX_ARRAY_SIZE = 2147483639
    sessionIdListeners = class java.util.ArrayList@553db900
      serialVersionUID = 8683452581122892189
      DEFAULT_CAPACITY = 10
      EMPTY_ELEMENTDATA = class java.lang.Object[0]
      DEFAULTCAPACITY_EMPTY_ELEMENTDATA = class java.lang.Object[0]
      elementData = class java.lang.Object[0]
      size = 0
      MAX_ARRAY_SIZE = 2147483639
      modCount = 0
      MAX_ARRAY_SIZE = 2147483639
    sessionAttrListeners = class java.util.ArrayList@67518d89
      serialVersionUID = 8683452581122892189
      DEFAULT_CAPACITY = 10
      EMPTY_ELEMENTDATA = class java.lang.Object[0]
      DEFAULTCAPACITY_EMPTY_ELEMENTDATA = class java.lang.Object[0]
      elementData = class java.lang.Object[10]
      size = 1
      MAX_ARRAY_SIZE = 2147483639
      modCount = 2
      MAX_ARRAY_SIZE = 2147483639
    addedSessionListeners = class java.util.ArrayList@54208803
      serialVersionUID = 8683452581122892189
      DEFAULT_CAPACITY = 10
      EMPTY_ELEMENTDATA = class java.lang.Object[0]
      DEFAULTCAPACITY_EMPTY_ELEMENTDATA = class java.lang.Object[0]
      elementData = class java.lang.Object[0]
      size = 0
      MAX_ARRAY_SIZE = 2147483639
      modCount = 0
      MAX_ARRAY_SIZE = 2147483639
    addedSessionAttrListeners = class java.util.ArrayList@3a0d6874
      serialVersionUID = 8683452581122892189
      DEFAULT_CAPACITY = 10
      EMPTY_ELEMENTDATA = class java.lang.Object[0]
      DEFAULTCAPACITY_EMPTY_ELEMENTDATA = class java.lang.Object[0]
      elementData = class java.lang.Object[0]
      size = 0
      MAX_ARRAY_SIZE = 2147483639
      modCount = 0
      MAX_ARRAY_SIZE = 2147483639
    servletContextListeners = class java.util.ArrayList@2c0338c
      serialVersionUID = 8683452581122892189
      DEFAULT_CAPACITY = 10
      EMPTY_ELEMENTDATA = class java.lang.Object[0]
      DEFAULTCAPACITY_EMPTY_ELEMENTDATA = class java.lang.Object[0]
      elementData = class java.lang.Object[10]
      size = 5
      MAX_ARRAY_SIZE = 2147483639
      modCount = 6
      MAX_ARRAY_SIZE = 2147483639
    servletContextLAttrListeners = class java.util.ArrayList@6996db98
      serialVersionUID = 8683452581122892189
      DEFAULT_CAPACITY = 10
      EMPTY_ELEMENTDATA = class java.lang.Object[0]
      DEFAULTCAPACITY_EMPTY_ELEMENTDATA = class java.lang.Object[0]
      elementData = class java.lang.Object[10]
      size = 1
      MAX_ARRAY_SIZE = 2147483639
      modCount = 2
      MAX_ARRAY_SIZE = 2147483639
    servletRequestListeners = class java.util.ArrayList@39263639
      serialVersionUID = 8683452581122892189
      DEFAULT_CAPACITY = 10
      EMPTY_ELEMENTDATA = class java.lang.Object[0]
      DEFAULTCAPACITY_EMPTY_ELEMENTDATA = class java.lang.Object[0]
      elementData = class java.lang.Object[10]
      size = 1
      MAX_ARRAY_SIZE = 2147483639
      modCount = 2
      MAX_ARRAY_SIZE = 2147483639
    servletRequestLAttrListeners = class java.util.ArrayList@68b9b7a1
      serialVersionUID = 8683452581122892189
      DEFAULT_CAPACITY = 10
      EMPTY_ELEMENTDATA = class java.lang.Object[0]
      DEFAULTCAPACITY_EMPTY_ELEMENTDATA = class java.lang.Object[0]
      elementData = class java.lang.Object[10]
      size = 1
      MAX_ARRAY_SIZE = 2147483639
      modCount = 2
      MAX_ARRAY_SIZE = 2147483639
    prependSlashToResource = false
    destroyed = false
    webAppNameSpaceCollab = class com.ibm.ws.webcontainer.osgi.collaborator.WebAppNameSpaceCollaboratorImpl@48a8d536
    txCollab = class com.ibm.ws.transaction.services.WebAppTransactionCollaboratorImpl@27a39c9c
    sessionActivationListeners = class java.util.ArrayList@6b66a569
      serialVersionUID = 8683452581122892189
      DEFAULT_CAPACITY = 10
      EMPTY_ELEMENTDATA = class java.lang.Object[0]
      DEFAULTCAPACITY_EMPTY_ELEMENTDATA = class java.lang.Object[0]
      elementData = class java.lang.Object[0]
      size = 0
      MAX_ARRAY_SIZE = 2147483639
      modCount = 1
      MAX_ARRAY_SIZE = 2147483639
    sessionBindingListeners = class java.util.ArrayList@3473f986
      serialVersionUID = 8683452581122892189
      DEFAULT_CAPACITY = 10
      EMPTY_ELEMENTDATA = class java.lang.Object[0]
      DEFAULTCAPACITY_EMPTY_ELEMENTDATA = class java.lang.Object[0]
      elementData = class java.lang.Object[0]
      size = 0
      MAX_ARRAY_SIZE = 2147483639
      modCount = 1
      MAX_ARRAY_SIZE = 2147483639
    scratchdir = null
    jspClassLoaderLimit = 0
    jspClassLoaderExclusionList = null
    jspClassLoadersMap = null
    jspClassLoaderLimitTrackIF = false
    defaultExtProc = null
    directoryBrowsingServlet = null
    cdiContexts = class java.util.concurrent.ConcurrentHashMap@3cec96cf
      serialVersionUID = 7249069246763182397
      MAXIMUM_CAPACITY = 1073741824
      DEFAULT_CAPACITY = 16
      MAX_ARRAY_SIZE = 2147483639
      DEFAULT_CONCURRENCY_LEVEL = 16
      LOAD_FACTOR = 0.75
      TREEIFY_THRESHOLD = 8
      UNTREEIFY_THRESHOLD = 6
      MIN_TREEIFY_CAPACITY = 64
      MIN_TRANSFER_STRIDE = 16
      RESIZE_STAMP_BITS = 16
      MAX_RESIZERS = 65535
      RESIZE_STAMP_SHIFT = 16
      MOVED = -1
      TREEBIN = -2
      RESERVED = -3
      HASH_BITS = 2147483647
      NCPU = 4
      serialPersistentFields = class java.io.ObjectStreamField[3]
      table = null
      nextTable = null
      baseCount = 0
      sizeCtl = 0
      transferIndex = 0
      cellsBusy = 0
      counterCells = null
      keySet = null
      values = null
      entrySet = null
      U = class sun.misc.Unsafe@30733579
      SIZECTL = 20
      TRANSFERINDEX = 32
      BASECOUNT = 24
      CELLSBUSY = 36
      CELLVALUE = 144
      ABASE = 16
      ASHIFT = 2
      keySet = null
      values = null
    moduleConfig = class com.ibm.ws.webcontainer.osgi.container.DeployedModule@19cd2a4c
      tc = class com.ibm.websphere.ras.TraceComponent@4dcf381c
      loader = class com.ibm.ws.classloading.internal.ThreadContextClassLoader@55c39669
      webApp = class com.ibm.ws.webcontainer40.osgi.webapp.WebApp40@262d9dc3
      webAppConfig = class com.ibm.ws.webcontainer.osgi.webapp.WebAppConfiguration@b988cdf
      contextRootAdded = null
      properContextRoot = "/web_war_exploded"
      mappingContextRoot = "/web_war_exploded/*"
      serialVersionUID = -2104814060051592457
      $$$tc$$$ = class com.ibm.websphere.ras.TraceComponent@1ed25c99
    extensionFactories = class java.util.ArrayList@47de89f1
      serialVersionUID = 8683452581122892189
      DEFAULT_CAPACITY = 10
      EMPTY_ELEMENTDATA = class java.lang.Object[0]
      DEFAULTCAPACITY_EMPTY_ELEMENTDATA = class java.lang.Object[0]
      elementData = class java.lang.Object[10]
      size = 4
      MAX_ARRAY_SIZE = 2147483639
      modCount = 8
      MAX_ARRAY_SIZE = 2147483639
    initialized = true
    lock = class com.ibm.ws.webcontainer.webapp.WebApp$1@6ccaf745
      this$0 = class com.ibm.ws.webcontainer40.osgi.webapp.WebApp40@262d9dc3
    afterServletContextCreated = false
    redirectContextRoot = false
    errorExceptionTypeFirst = false
    initFilterBeforeServletInit = false
    sortedServletConfigs = class java.util.ArrayList@34c85efd
      serialVersionUID = 8683452581122892189
      DEFAULT_CAPACITY = 10
      EMPTY_ELEMENTDATA = class java.lang.Object[0]
      DEFAULTCAPACITY_EMPTY_ELEMENTDATA = class java.lang.Object[0]
      elementData = class java.lang.Object[10]
      size = 1
      MAX_ARRAY_SIZE = 2147483639
      modCount = 1
      MAX_ARRAY_SIZE = 2147483639
    effectiveMajorVersion = 2
    effectiveMinorVersion = 5
    canAddServletContextListener = true
    withinContextInitOfProgAddListener = false
    lastProgAddListenerInitialized = "com.ibm.ws.cache.CacheServiceImpl"
    webInfLibClassloader = null
    metaInfCache = class com.ibm.ws.webcontainer.webapp.WebApp$2@44279d62
      this$0 = class com.ibm.ws.webcontainer40.osgi.webapp.WebApp40@262d9dc3
      serialVersionUID = 3801124242820219131
      head = null
      tail = null
      accessOrder = true
      serialVersionUID = 362498820763181265
      DEFAULT_INITIAL_CAPACITY = 16
      MAXIMUM_CAPACITY = 1073741824
      DEFAULT_LOAD_FACTOR = 0.75
      TREEIFY_THRESHOLD = 8
      UNTREEIFY_THRESHOLD = 6
      MIN_TREEIFY_CAPACITY = 64
      table = null
      entrySet = null
      size = 0
      modCount = 0
      threshold = 32
      loadFactor = 1.0
      keySet = null
      values = null
    useMetaInfCache = true
    SUN_CONFIGURE_LISTENER_CLASSNAME = "com.sun.faces.config.ConfigureListener"
    MYFACES_LIFECYCLE_LISTENER_CLASSNAME = "org.apache.myfaces.webapp.StartupServletContextListener"
    JSF_IMPL_ENABLED_PARAM = "com.ibm.ws.jsf.JSF_IMPL_ENABLED"
    JSF_IMPL_ENABLED_CUSTOM = "Custom"
    JSF_IMPL_ENABLED_NONE = "None"
    staticDocRoot = class com.ibm.ws.webcontainer.util.DocumentRootUtils@77051516
      logger = class com.ibm.ws.logging.internal.WsLogger@4a310196
      CLASS_NAME = "com.ibm.ws.webcontainer.util.DocumentRootUtils"
      useContentLength = false
      matchedFile = null
      matchedZipFile = null
      matchedEntry = null
      matchedURL = null
      edrRoot = null
      pfedrRoot = null
      ctxt = class com.ibm.ws.webcontainer40.osgi.webapp.WebApp40@262d9dc3
      baseDir = null
      edr = null
      pfedr = null
      metaInfRes = null
      searchpfEDR = false
      searchEDR = false
      searchMetaInfRes = true
      matchFromEDR = false
      matchFromMetaInfRes = false
      matchIsADirectory = false
      appConfig = class com.ibm.ws.webcontainer.osgi.webapp.WebAppConfiguration@b988cdf
      attributeType = "staticFile"
      STATIC_FILE = "staticFile"
      JSP = "jsp"
      PFEDR = "preFragmentExtendedDocumentRoot"
      EDR = "extendedDocumentRoot"
    jspDocRoot = class com.ibm.ws.webcontainer.util.DocumentRootUtils@4cceb46c
      logger = class com.ibm.ws.logging.internal.WsLogger@4a310196
      CLASS_NAME = "com.ibm.ws.webcontainer.util.DocumentRootUtils"
      useContentLength = false
      matchedFile = null
      matchedZipFile = null
      matchedEntry = null
      matchedURL = null
      edrRoot = null
      pfedrRoot = null
      ctxt = class com.ibm.ws.webcontainer40.osgi.webapp.WebApp40@262d9dc3
      baseDir = null
      edr = null
      pfedr = null
      metaInfRes = null
      searchpfEDR = false
      searchEDR = false
      searchMetaInfRes = true
      matchFromEDR = false
      matchFromMetaInfRes = false
      matchIsADirectory = false
      appConfig = class com.ibm.ws.webcontainer.osgi.webapp.WebAppConfiguration@b988cdf
      attributeType = "jsp"
      STATIC_FILE = "staticFile"
      JSP = "jsp"
      PFEDR = "preFragmentExtendedDocumentRoot"
      EDR = "extendedDocumentRoot"
    container = class com.ibm.ws.adaptable.module.internal.AdaptableContainerImpl@35e9566f
      root = class com.ibm.ws.adaptable.module.internal.AdaptableContainerImpl@35e9566f
      rootOverlay = class com.ibm.ws.artifact.overlay.internal.DirectoryBasedOverlayContainerImpl@169f60d9
      factoryHolder = class com.ibm.ws.adaptable.module.internal.AdaptableModuleFactoryImpl@28fa5089
      delegate = class com.ibm.ws.artifact.overlay.internal.DirectoryBasedOverlayContainerImpl@169f60d9
      notifier = class com.ibm.ws.adaptable.module.internal.NotifierImpl@d66c373
      serialVersionUID = -5621513278641113667
      $$$tc$$$ = class com.ibm.websphere.ras.TraceComponent@27633cb8
    metaInfResourceFinder = class com.ibm.ws.webcontainer.util.MetaInfResourceFinder@3a0724be
      jarResourceContainers = class java.util.ArrayList@51f67c9d
      container = class com.ibm.ws.adaptable.module.internal.AdaptableContainerImpl@35e9566f
    postConstructMethods = class com.ibm.ws.webcontainer.webapp.WebApp$AnnotatedMethods@42336211
      annotationClass = class java.lang.Class@18d66e36
      noOpClassNames = class java.util.HashSet@322e850c
      annotatedMethodNames = class java.util.concurrent.ConcurrentHashMap@605e9d24
      EMPTY_METHODS = class java.lang.reflect.Method[0]
    preDestroyMethods = class com.ibm.ws.webcontainer.webapp.WebApp$AnnotatedMethods@1dc172e4
      annotationClass = class java.lang.Class@1fbdfaf8
      noOpClassNames = class java.util.HashSet@18185433
      annotatedMethodNames = class java.util.concurrent.ConcurrentHashMap@5ed8a4d9
      EMPTY_METHODS = class java.lang.reflect.Method[0]
    OBJ_EMPTY = class java.lang.Object[0]
    CLASS_EMPTY = class java.lang.Class[0]
    DEFAULT_JSP_EXTENSIONS = class java.util.ArrayList@2415d8e4
      serialVersionUID = 8683452581122892189
      DEFAULT_CAPACITY = 10
      EMPTY_ELEMENTDATA = class java.lang.Object[0]
      DEFAULTCAPACITY_EMPTY_ELEMENTDATA = class java.lang.Object[0]
      elementData = class java.lang.Object[10]
      size = 4
      MAX_ARRAY_SIZE = 2147483639
      modCount = 4
      MAX_ARRAY_SIZE = 2147483639
    DEFER_SERVLET_REQUEST_LISTENER_DESTROY_ON_ERROR = false
    DO_ACCEPT_PARTIAL = true
    DO_NOT_ACCEPT_PARTIAL = false
    DO_ACCEPT_EXCLUDED = true
    DO_NOT_ACCEPT_EXCLUDED = false
    commands = class java.util.ArrayList@7e4ee711
      serialVersionUID = 8683452581122892189
      DEFAULT_CAPACITY = 10
      EMPTY_ELEMENTDATA = class java.lang.Object[0]
      DEFAULTCAPACITY_EMPTY_ELEMENTDATA = class java.lang.Object[0]
      elementData = class java.lang.Object[3]
      size = 0
      MAX_ARRAY_SIZE = 2147483639
      modCount = 0
      MAX_ARRAY_SIZE = 2147483639
    requestMapper = class com.ibm.wsspi.webcontainer.util.URIMapper@688eec6e
      matcher = class com.ibm.wsspi.webcontainer40.util.URIMatcher40@67aac63f
    parent = class com.ibm.ws.webcontainer.osgi.webapp.WebGroup@62d6db63
      tc = class com.ibm.websphere.ras.TraceComponent@75a50262
      logger = class com.ibm.ws.logging.internal.WsLogger@168d1512
      CLASS_NAME = "com.ibm.ws.webcontainer.webapp.WebGroup"
      sessUrlRewritePrefix = ";jsessionid="
      qMark = "?"
      config = class com.ibm.ws.webcontainer.osgi.webapp.WebGroupConfiguration@66f7af87
      webApp = class com.ibm.ws.webcontainer40.osgi.webapp.WebApp40@262d9dc3
      commands = class java.util.ArrayList@35b589d8
      requestMapper = null
      parent = class com.ibm.ws.webcontainer.osgi.DynamicVirtualHost@32fea27
      name = "/web_war_exploded/*"
      isAlive = true
      subElements = class java.util.HashMap@232b3f70
      attributes = null
      config = null
      serialVersionUID = -8271459000149267764
      $$$tc$$$ = class com.ibm.websphere.ras.TraceComponent@33710671
    name = "web_war_exploded"
    isAlive = true
    subElements = null
    attributes = class java.util.concurrent.ConcurrentHashMap@6d4bfc87
      serialVersionUID = 7249069246763182397
      MAXIMUM_CAPACITY = 1073741824
      DEFAULT_CAPACITY = 16
      MAX_ARRAY_SIZE = 2147483639
      DEFAULT_CONCURRENCY_LEVEL = 16
      LOAD_FACTOR = 0.75
      TREEIFY_THRESHOLD = 8
      UNTREEIFY_THRESHOLD = 6
      MIN_TREEIFY_CAPACITY = 64
      MIN_TRANSFER_STRIDE = 16
      RESIZE_STAMP_BITS = 16
      MAX_RESIZERS = 65535
      RESIZE_STAMP_SHIFT = 16
      MOVED = -1
      TREEBIN = -2
      RESERVED = -3
      HASH_BITS = 2147483647
      NCPU = 4
      serialPersistentFields = class java.io.ObjectStreamField[3]
      table = class java.util.concurrent.ConcurrentHashMap$Node[32]
      nextTable = null
      baseCount = 19
      sizeCtl = 24
      transferIndex = 0
      cellsBusy = 0
      counterCells = null
      keySet = null
      values = null
      entrySet = null
      U = class sun.misc.Unsafe@30733579
      SIZECTL = 20
      TRANSFERINDEX = 32
      BASECOUNT = 24
      CELLSBUSY = 36
      CELLVALUE = 144
      ABASE = 16
      ASHIFT = 2
      keySet = null
      values = null
    config = null
    serialVersionUID = -8271459000149267764
    $$$tc$$$ = class com.ibm.websphere.ras.TraceComponent@33710671
      strings[0] = "TraceComponent[com.ibm.ws.container.AbstractContainer,class com.ibm.ws.container.AbstractContainer,[],null,null]"

