------Start of DE processing------ = [10/28/18 20:05:48:406 CST]
Exception = java.lang.IllegalStateException
Source = com.ibm.ws.app.manager.internal.statemachine.StartAction
probeid = 145
Stack Dump = java.lang.IllegalStateException: com.ibm.wsspi.adaptable.module.UnableToAdaptException: com.ibm.ws.javaee.ddmodel.DDParser$ParseException: CWWKC2272E: An error occurred while parsing the /WEB-INF/web.xml deployment descriptor on line 5. The error message was: ParseError at [row,col]:[5,2]
Message: The value of attribute "xsi:schemaLocation" associated with an element type "web-app" must not contain the '<' character.
	at com.ibm.ws.app.manager.war.internal.WARApplicationHandlerImpl.setUpApplicationMonitoring(WARApplicationHandlerImpl.java:51)
	at com.ibm.ws.app.manager.internal.statemachine.StartAction.execute(StartAction.java:136)
	at com.ibm.ws.app.manager.internal.statemachine.ApplicationStateMachineImpl.enterState(ApplicationStateMachineImpl.java:1258)
	at com.ibm.ws.app.manager.internal.statemachine.ApplicationStateMachineImpl.run(ApplicationStateMachineImpl.java:873)
	at java.util.concurrent.ThreadPoolExecutor.runWorker(ThreadPoolExecutor.java:1149)
	at java.util.concurrent.ThreadPoolExecutor$Worker.run(ThreadPoolExecutor.java:624)
	at java.lang.Thread.run(Thread.java:748)
Caused by: com.ibm.wsspi.adaptable.module.UnableToAdaptException: com.ibm.ws.javaee.ddmodel.DDParser$ParseException: CWWKC2272E: An error occurred while parsing the /WEB-INF/web.xml deployment descriptor on line 5. The error message was: ParseError at [row,col]:[5,2]
Message: The value of attribute "xsi:schemaLocation" associated with an element type "web-app" must not contain the '<' character.
	at com.ibm.ws.javaee.ddmodel.web.WebAppEntryAdapter.adapt(WebAppEntryAdapter.java:61)
	at com.ibm.ws.javaee.ddmodel.web.WebAppEntryAdapter.adapt(WebAppEntryAdapter.java:26)
	at com.ibm.ws.adaptable.module.internal.AdapterFactoryServiceImpl.adapt(AdapterFactoryServiceImpl.java:227)
	at com.ibm.ws.adaptable.module.internal.AdaptableEntryImpl.adapt(AdaptableEntryImpl.java:121)
	at com.ibm.ws.javaee.ddmodel.web.WebAppAdapter.adapt(WebAppAdapter.java:38)
	at com.ibm.ws.javaee.ddmodel.web.WebAppAdapter.adapt(WebAppAdapter.java:24)
	at com.ibm.ws.adaptable.module.internal.AdapterFactoryServiceImpl.adapt(AdapterFactoryServiceImpl.java:196)
	at com.ibm.ws.adaptable.module.internal.AdaptableContainerImpl.adapt(AdaptableContainerImpl.java:170)
	at com.ibm.ws.app.manager.module.internal.SimpleDeployedAppInfoBase$ModuleContainerInfoBase.<init>(SimpleDeployedAppInfoBase.java:153)
	at com.ibm.ws.app.manager.module.internal.SimpleDeployedAppInfoBase$WebModuleContainerInfo.<init>(SimpleDeployedAppInfoBase.java:320)
	at com.ibm.ws.app.manager.war.internal.WARDeployedAppInfo.<init>(WARDeployedAppInfo.java:64)
	at com.ibm.ws.app.manager.war.internal.WARDeployedAppInfoFactoryImpl.createDeployedAppInfo(WARDeployedAppInfoFactoryImpl.java:118)
	at com.ibm.ws.app.manager.war.internal.WARDeployedAppInfoFactoryImpl.createDeployedAppInfo(WARDeployedAppInfoFactoryImpl.java:33)
	at com.ibm.ws.app.manager.war.internal.WARApplicationHandlerImpl.setUpApplicationMonitoring(WARApplicationHandlerImpl.java:49)
	... 6 more
Caused by: com.ibm.ws.javaee.ddmodel.DDParser$ParseException: CWWKC2272E: An error occurred while parsing the /WEB-INF/web.xml deployment descriptor on line 5. The error message was: ParseError at [row,col]:[5,2]
Message: The value of attribute "xsi:schemaLocation" associated with an element type "web-app" must not contain the '<' character.
	at com.ibm.ws.javaee.ddmodel.DDParser.parseToRootElement(DDParser.java:418)
	at com.ibm.ws.javaee.ddmodel.DDParser.parseRootElement(DDParser.java:572)
	at com.ibm.ws.javaee.ddmodel.web.WebAppDDParser.parse(WebAppDDParser.java:32)
	at com.ibm.ws.javaee.ddmodel.web.WebAppEntryAdapter.adapt(WebAppEntryAdapter.java:59)
	... 19 more
Caused by: javax.xml.stream.XMLStreamException: ParseError at [row,col]:[5,2]
Message: The value of attribute "xsi:schemaLocation" associated with an element type "web-app" must not contain the '<' character.
	at com.sun.org.apache.xerces.internal.impl.XMLStreamReaderImpl.next(XMLStreamReaderImpl.java:604)
	at com.ibm.ws.javaee.ddmodel.DDParser.parseToRootElement(DDParser.java:415)
	... 22 more

Dump of callerThis
Object type = com.ibm.ws.app.manager.internal.statemachine.StartAction
  _tc = class com.ibm.websphere.ras.TraceComponent@17f5c2fb
    strings[0] = "TraceComponent[com.ibm.ws.app.manager.internal.statemachine.StartAction,class com.ibm.ws.app.manager.internal.statemachine.StartAction,[applications, app.manager],com.ibm.ws.app.manager.internal.resources.AppManagerMessages,null]"
  _config = class com.ibm.ws.app.manager.internal.ApplicationConfig@1476e098
    tc = class com.ibm.websphere.ras.TraceComponent@7cbd7b73
      strings[0] = "TraceComponent[com.ibm.ws.app.manager.internal.ApplicationConfig,class com.ibm.ws.app.manager.internal.ApplicationConfig,[applications, app.manager],com.ibm.ws.app.manager.internal.resources.AppManagerMessages,null]"
    _configPid = "com.ibm.ws.app.manager_4"
    _config = class com.ibm.ws.config.admin.ConfigurationDictionary@31213fe1
      serialVersionUID = 7966152868712543805
      simpleTypes = class java.util.Arrays$ArrayList@5140cef8
      primitiveArrayTypes = class java.util.Arrays$ArrayList@34ec96ed
      simpleArrayTypes = class java.util.Arrays$ArrayList@1b55f1ba
      extendedTypes = class java.util.Arrays$ArrayList@afa63fd
      CASE_INSENSITIVE = class com.ibm.ws.config.admin.ConfigurationDictionary$CaseInsensitive@5d1a5b54
      properties = class java.util.Collections$SynchronizedMap@d91e5e4
    _applicationManager = class com.ibm.ws.app.manager.ApplicationManager@421f2296
      expandApps = true
      useJandex = false
      startTimeout = 30
      stopTimeout = 30
      serialVersionUID = -5714171545272003139
      $$$tc$$$ = class com.ibm.websphere.ras.TraceComponent@258c1947
    _location = "C:/Users/maria/OneDrive/Escritorio/Computadores/2 semestre/Datos 1/Proyecto2/Game of Thrones/out/artifacts/web_war_exploded"
    _type = "war"
    _name = "web_war_exploded"
    _notificationBroadcasterSupport = class javax.management.NotificationBroadcasterSupport@40132e98
      listenerList = class java.util.concurrent.CopyOnWriteArrayList@6f0e5333
      executor = class com.ibm.ws.threading.internal.ExecutorServiceImpl@3ab8c5f4
      notifInfo = class javax.management.MBeanNotificationInfo[2]
      defaultExecutor = class javax.management.NotificationBroadcasterSupport$1@3c705eed
      NO_NOTIFICATION_INFO = class javax.management.MBeanNotificationInfo[0]
      logger = class com.sun.jmx.remote.util.ClassLogger@57fee8a3
    ONE_TIME_JANDEX_MSGS_DISPLAYED = true
  _aii = class com.ibm.ws.app.manager.internal.ApplicationInstallInfo@472b6c96
    _config = class com.ibm.ws.app.manager.internal.ApplicationConfig@1476e098
    _handlerInfo = class java.util.concurrent.atomic.AtomicReference@5ba1d6d9
      serialVersionUID = -1848883965231344442
      unsafe = class sun.misc.Unsafe@a6af45d
      valueOffset = 12
      value = null
    _container = class java.util.concurrent.atomic.AtomicReference@47f24ee7
      serialVersionUID = -1848883965231344442
      unsafe = class sun.misc.Unsafe@a6af45d
      valueOffset = 12
      value = class com.ibm.ws.adaptable.module.internal.AdaptableContainerImpl@6c046370
    _resolvedLocation = class java.util.concurrent.atomic.AtomicReference@3bb4d38c
      serialVersionUID = -1848883965231344442
      unsafe = class sun.misc.Unsafe@a6af45d
      valueOffset = 12
      value = class com.ibm.ws.kernel.service.location.internal.LocalFileResource@187776bc
    _handler = class com.ibm.ws.app.manager.war.internal.WARApplicationHandlerImpl@62640c63
      futureMonitor = class com.ibm.ws.threading.internal.FutureMonitorImpl@5072035a
      deployedAppFactory = class com.ibm.ws.app.manager.war.internal.WARDeployedAppInfoFactoryImpl@3cba58c8
      serialVersionUID = 4622845147410944782
      $$$tc$$$ = class com.ibm.websphere.ras.TraceComponent@6d1f16f5
    _ami = class java.util.concurrent.atomic.AtomicReference@18658642
      serialVersionUID = -1848883965231344442
      unsafe = class sun.misc.Unsafe@a6af45d
      valueOffset = 12
      value = null
    _updateHandler = class com.ibm.ws.app.manager.internal.statemachine.ApplicationStateMachineImpl@4d279c89
      _tc = class com.ibm.websphere.ras.TraceComponent@6d383b42
      EMPTY_FUTURE_ARRAY = interface java.util.concurrent.Future[0]
      asmSequenceNumber = class java.util.concurrent.atomic.AtomicLong@71565ed5
      _qscaCounter = class java.util.concurrent.atomic.AtomicInteger@49b0a929
      _failedThrowable = null
      _interruptibleLock = class com.ibm.ws.app.manager.internal.statemachine.ApplicationStateMachineImpl$2@108e3969
      _interruptible = false
      _performingQueuedActions = true
      _queuedActions = class java.util.concurrent.ConcurrentLinkedQueue@6019ae2a
      _callbackState = class java.util.concurrent.atomic.AtomicReference@23faf40a
      blockAppStartingFutures = class java.util.Collections$SetFromMap@6f4fe8bd
      waitingForAppHandlerFuture = class java.util.concurrent.atomic.AtomicReference@eebd14c
      waitingForExplicitStartFuture = class java.util.concurrent.atomic.AtomicReference@232e5645
      completionListener = class java.util.concurrent.atomic.AtomicReference@5780ac8e
      _notifyAppStopped = class java.util.concurrent.ConcurrentLinkedQueue@479abcc3
      _notifyAppStarting = class java.util.concurrent.ConcurrentLinkedQueue@172b74cd
      _notifyAppInstallCalled = class java.util.concurrent.ConcurrentLinkedQueue@46e69413
      _notifyAppStarted = class java.util.concurrent.ConcurrentLinkedQueue@14d0a49d
      _notifyAppRemoved = class java.util.concurrent.ConcurrentLinkedQueue@6be6e60
      _stateLock = class com.ibm.ws.app.manager.internal.statemachine.ApplicationStateMachineImpl$3@4a7fef66
      _internalState = class java.util.concurrent.atomic.AtomicReference@384bbc36
      _currentAction = class java.util.concurrent.atomic.AtomicReference@29ae13ee
      _rfa = class java.util.concurrent.atomic.AtomicReference@5c16a5d5
      _appInstallInfo = class java.util.concurrent.atomic.AtomicReference@692765ee
      _update = class java.util.concurrent.atomic.AtomicBoolean@c68def0
      _appConfig = class java.util.concurrent.atomic.AtomicReference@55808df0
      _nextAppConfig = class java.util.concurrent.atomic.AtomicReference@3cd1a298
      _appContainer = class java.util.concurrent.atomic.AtomicReference@6e0ba8f9
      _resolvedLocation = class java.util.concurrent.atomic.AtomicReference@24de6496
      _handler = class java.util.concurrent.atomic.AtomicReference@75e082f0
      _asmSeqNo = 0
      _ctx = class org.eclipse.osgi.internal.framework.BundleContextImpl@6a40196c
      _locAdmin = class com.ibm.ws.kernel.service.location.internal.WsLocationAdminImpl@3dfd50e
      _futureMonitor = class com.ibm.ws.threading.internal.FutureMonitorImpl@5072035a
      _artifactFactory = class com.ibm.ws.artifact.internal.ArtifactContainerFactoryService@b664d41
      _moduleFactory = class com.ibm.ws.adaptable.module.internal.AdaptableModuleFactoryImpl@6706f8e5
      _executorService = class com.ibm.ws.threading.internal.ExecutorServiceImpl@3ab8c5f4
      _scheduledExecutorService = class com.ibm.ws.threading.internal.ScheduledExecutorImpl@6310bba8
      _asmHelper = class com.ibm.ws.app.manager.internal.ApplicationConfigurator$NamedApplication@69e1c84e
      _appMonitor = class com.ibm.ws.app.manager.internal.monitor.ApplicationMonitor@44143bb6
      enterStateCalled = class java.util.concurrent.atomic.AtomicBoolean@776b0fad
      serialVersionUID = -1399093980790866556
      serialVersionUID = 5501066335104962649
      $$$tc$$$ = class com.ibm.websphere.ras.TraceComponent@6fdf45af
    serialVersionUID = 2630639237123415755
    $$$tc$$$ = class com.ibm.websphere.ras.TraceComponent@332699a9
      strings[0] = "TraceComponent[com.ibm.ws.app.manager.internal.ApplicationInstallInfo,class com.ibm.ws.app.manager.internal.ApplicationInstallInfo,[applications, app.manager],com.ibm.ws.app.manager.internal.resources.AppManagerMessages,null]"
  _callback = class java.util.concurrent.atomic.AtomicReference@7631b536
    serialVersionUID = -1848883965231344442
    unsafe = class sun.misc.Unsafe@a6af45d
    valueOffset = 12
    value = class com.ibm.ws.app.manager.internal.statemachine.ApplicationStateMachineImpl$StartActionCallback@2d1408f3
      immediateCallbackResult = class java.util.concurrent.atomic.AtomicReference@71d0844d
      this$0 = class com.ibm.ws.app.manager.internal.statemachine.ApplicationStateMachineImpl@4d279c89
      serialVersionUID = 6735534421474643855
      $$$tc$$$ = class com.ibm.websphere.ras.TraceComponent@7253a7c0
  _monitor = class com.ibm.ws.threading.internal.FutureMonitorImpl@5072035a
    _monitor = class java.util.concurrent.ConcurrentLinkedQueue@6c5d915e
      serialVersionUID = 196745693267521676
      head = class java.util.concurrent.ConcurrentLinkedQueue$Node@6725c4c6
      tail = class java.util.concurrent.ConcurrentLinkedQueue$Node@6725c4c6
      UNSAFE = class sun.misc.Unsafe@a6af45d
      headOffset = 12
      tailOffset = 16
      MAX_ARRAY_SIZE = 2147483639
    _executor = class com.ibm.ws.threading.internal.ScheduledExecutorImpl@6310bba8
      threadGroupName = "Scheduled Executor Thread Group"
      executor = class com.ibm.ws.threading.internal.ExecutorServiceImpl@3ab8c5f4
      serialVersionUID = -9110693807503469597
      $$$tc$$$ = class com.ibm.websphere.ras.TraceComponent@38fe768e
      continueExistingPeriodicTasksAfterShutdown = false
      executeExistingDelayedTasksAfterShutdown = true
      removeOnCancel = false
      sequencer = class java.util.concurrent.atomic.AtomicLong@29ebaae6
      ctl = class java.util.concurrent.atomic.AtomicInteger@7774fb51
      COUNT_BITS = 29
      CAPACITY = 536870911
      RUNNING = -536870912
      SHUTDOWN = 0
      STOP = 536870912
      TIDYING = 1073741824
      TERMINATED = 1610612736
      workQueue = class java.util.concurrent.ScheduledThreadPoolExecutor$DelayedWorkQueue@253b0816
      mainLock = class java.util.concurrent.locks.ReentrantLock@59d0fe20
      workers = class java.util.HashSet@2d18d366
      termination = class java.util.concurrent.locks.AbstractQueuedSynchronizer$ConditionObject@7d660be7
      largestPoolSize = 1
      completedTaskCount = 0
      threadFactory = class com.ibm.ws.threading.internal.ThreadFactoryImpl@e0d7e5
      handler = class java.util.concurrent.ThreadPoolExecutor$AbortPolicy@5e1f0827
      keepAliveTime = 0
      allowCoreThreadTimeOut = false
      corePoolSize = 1
      maximumPoolSize = 2147483647
      defaultHandler = class java.util.concurrent.ThreadPoolExecutor$AbortPolicy@5e1f0827
      shutdownPerm = class java.lang.RuntimePermission@35777361
      acc = null
      ONLY_ONE = true
      $assertionsDisabled = true
    _threadRunning = class java.util.concurrent.atomic.AtomicBoolean@1a78bfe3
      serialVersionUID = 4654671469794556979
      unsafe = class sun.misc.Unsafe@a6af45d
      valueOffset = 12
      value = 0
    _thread = class com.ibm.ws.threading.internal.FutureMonitorImpl$1@67f26e07
      this$0 = class com.ibm.ws.threading.internal.FutureMonitorImpl@5072035a
      serialVersionUID = 2422512430832938099
      $$$tc$$$ = class com.ibm.websphere.ras.TraceComponent@f4a808a
    serialVersionUID = 2765238413969174390
    $$$tc$$$ = class com.ibm.websphere.ras.TraceComponent@403bdc18
      strings[0] = "TraceComponent[com.ibm.ws.threading.internal.FutureMonitorImpl,class com.ibm.ws.threading.internal.FutureMonitorImpl,[Threading],com.ibm.ws.threading.internal.resources.ThreadingMessages,null]"
  _startTime = class java.util.concurrent.atomic.AtomicLong@6bedb347
    serialVersionUID = 1927816293512124184
    unsafe = class sun.misc.Unsafe@a6af45d
    valueOffset = 16
    VM_SUPPORTS_LONG_CAS = true
    value = 1540778747949
    serialVersionUID = -8742448824652078965
  _appMonitor = class com.ibm.ws.app.manager.internal.monitor.ApplicationMonitor@44143bb6
    tc = class com.ibm.websphere.ras.TraceComponent@190366f6
      strings[0] = "TraceComponent[com.ibm.ws.app.manager.internal.monitor.ApplicationMonitor,class com.ibm.ws.app.manager.internal.monitor.ApplicationMonitor,[applications, app.manager],com.ibm.ws.app.manager.internal.resources.AppManagerMessages,null]"
    _config = class java.util.concurrent.atomic.AtomicReference@59eff7af
      serialVersionUID = -1848883965231344442
      unsafe = class sun.misc.Unsafe@a6af45d
      valueOffset = 12
      value = class com.ibm.ws.app.manager.internal.monitor.ApplicationMonitorConfig@785c338b
    _executorService = class java.util.concurrent.atomic.AtomicReference@342b9d77
      serialVersionUID = -1848883965231344442
      unsafe = class sun.misc.Unsafe@a6af45d
      valueOffset = 12
      value = class com.ibm.ws.threading.internal.ScheduledExecutorImpl@6310bba8
    _appListeners = class java.util.concurrent.ConcurrentHashMap@235cc93b
      serialVersionUID = 7249069246763182397
      MAXIMUM_CAPACITY = 1073741824
      DEFAULT_CAPACITY = 16
      MAX_ARRAY_SIZE = 2147483639
      DEFAULT_CONCURRENCY_LEVEL = 16
      LOAD_FACTOR = 0.75
      TREEIFY_THRESHOLD = 8
      UNTREEIFY_THRESHOLD = 6
      MIN_TREEIFY_CAPACITY = 64
      MIN_TRANSFER_STRIDE = 16
      RESIZE_STAMP_BITS = 16
      MAX_RESIZERS = 65535
      RESIZE_STAMP_SHIFT = 16
      MOVED = -1
      TREEBIN = -2
      RESERVED = -3
      HASH_BITS = 2147483647
      NCPU = 4
      serialPersistentFields = class java.io.ObjectStreamField[3]
      table = null
      nextTable = null
      baseCount = 0
      sizeCtl = 0
      transferIndex = 0
      cellsBusy = 0
      counterCells = null
      keySet = null
      values = class java.util.concurrent.ConcurrentHashMap$ValuesView@d979baf
      entrySet = null
      U = class sun.misc.Unsafe@a6af45d
      SIZECTL = 20
      TRANSFERINDEX = 32
      BASECOUNT = 24
      CELLSBUSY = 36
      CELLVALUE = 144
      ABASE = 16
      ASHIFT = 2
      keySet = null
      values = null
    serialVersionUID = -6677716415972806660
  _update = false
  _slowMessageAction = class java.util.concurrent.atomic.AtomicReference@226865ce
    serialVersionUID = -1848883965231344442
    unsafe = class sun.misc.Unsafe@a6af45d
      theUnsafe = class sun.misc.Unsafe@a6af45d
      INVALID_FIELD_OFFSET = -1
      ARRAY_BOOLEAN_BASE_OFFSET = 16
      ARRAY_BYTE_BASE_OFFSET = 16
      ARRAY_SHORT_BASE_OFFSET = 16
      ARRAY_CHAR_BASE_OFFSET = 16
      ARRAY_INT_BASE_OFFSET = 16
      ARRAY_LONG_BASE_OFFSET = 16
      ARRAY_FLOAT_BASE_OFFSET = 16
      ARRAY_DOUBLE_BASE_OFFSET = 16
      ARRAY_OBJECT_BASE_OFFSET = 16
      ARRAY_BOOLEAN_INDEX_SCALE = 1
      ARRAY_BYTE_INDEX_SCALE = 1
      ARRAY_SHORT_INDEX_SCALE = 2
      ARRAY_CHAR_INDEX_SCALE = 2
      ARRAY_INT_INDEX_SCALE = 4
      ARRAY_LONG_INDEX_SCALE = 8
      ARRAY_FLOAT_INDEX_SCALE = 4
      ARRAY_DOUBLE_INDEX_SCALE = 8
      ARRAY_OBJECT_INDEX_SCALE = 4
      ADDRESS_SIZE = 8
    valueOffset = 12
    value = class com.ibm.ws.threading.internal.SchedulingHelper@7197fc22
      m_callable = class java.util.concurrent.Executors$RunnableAdapter@3236d427
      m_isDone = false
      m_cancelResult = false
      m_schedFuture = class java.util.concurrent.ScheduledThreadPoolExecutor$ScheduledFutureTask@3ba0b27b
      m_coordinationLatch = class java.util.concurrent.CountDownLatch@4e27bbae
      m_executor = class com.ibm.ws.threading.internal.ExecutorServiceImpl@3ab8c5f4
      m_defaultFuture = null
      m_pendingException = null
      m_scheduledExecutorQueue = class java.util.concurrent.ScheduledThreadPoolExecutor$DelayedWorkQueue@253b0816
      serialVersionUID = 2955063284661034074
      $$$tc$$$ = class com.ibm.websphere.ras.TraceComponent@c021916
  _listener = class com.ibm.ws.app.manager.internal.statemachine.StartAction$1@b24a590
    this$0 = class com.ibm.ws.app.manager.internal.statemachine.StartAction@39fd1dcd
    serialVersionUID = 276196939532533882
    $$$tc$$$ = class com.ibm.websphere.ras.TraceComponent@53a877f6
      strings[0] = "TraceComponent[com.ibm.ws.app.manager.internal.statemachine.StartAction$1,class com.ibm.ws.app.manager.internal.statemachine.StartAction$1,[applications, app.manager],com.ibm.ws.app.manager.internal.resources.AppManagerMessages,null]"
  serialVersionUID = 673965255474898916

Dump of objectArray[0]
Object type = com.ibm.ws.threading.internal.ScheduledExecutorImpl
  threadGroupName = "Scheduled Executor Thread Group"
  executor = class com.ibm.ws.threading.internal.ExecutorServiceImpl@3ab8c5f4
    threadPool = class java.util.concurrent.ThreadPoolExecutor@25e9dcd3
      ctl = class java.util.concurrent.atomic.AtomicInteger@704729c7
      COUNT_BITS = 29
      CAPACITY = 536870911
      RUNNING = -536870912
      SHUTDOWN = 0
      STOP = 536870912
      TIDYING = 1073741824
      TERMINATED = 1610612736
      workQueue = class com.ibm.ws.threading.internal.BoundedBuffer@76b6db03
      mainLock = class java.util.concurrent.locks.ReentrantLock@1711960e
      workers = class java.util.HashSet@39b7b959
      termination = class java.util.concurrent.locks.AbstractQueuedSynchronizer$ConditionObject@70f7b6b9
      largestPoolSize = 24
      completedTaskCount = 0
      threadFactory = class com.ibm.ws.threading.internal.ThreadFactoryImpl@30d90567
      handler = class com.ibm.ws.threading.internal.ExecutorServiceImpl$ExpandPolicy@2be35494
      keepAliveTime = 60000000000
      allowCoreThreadTimeOut = false
      corePoolSize = 24
      maximumPoolSize = 24
      defaultHandler = class java.util.concurrent.ThreadPoolExecutor$AbortPolicy@5e1f0827
      shutdownPerm = class java.lang.RuntimePermission@35777361
      acc = null
      ONLY_ONE = true
      $assertionsDisabled = true
    threadPoolController = class com.ibm.ws.threading.internal.ThreadPoolController@3494da91
      tc = class com.ibm.websphere.ras.TraceComponent@3c0e711b
      interval = 1500
      hangInterval = 250
      hangResolutionCountdown = 0
      hangResolutionCycles = 3
      hangBufferPoolSize = 0
      controllerCyclesWithoutHang = 0
      noHangCyclesThreshold = 8
      compareRange = 4
      NUMBER_CPUS = 4
      controllerCycle = 12
      distributionReset = false
      poolIncrement = 4
      poolDecrement = 4
      poolChangeBasis = 4
      poolIncrementBoundLow = 64
      poolIncrementBoundMedium = 256
      poolIncrementMax = 16
      poolIncrementMin = 1
      POOL_INCREMENT_MIN_DEFAULT = 1
      POOL_INCREMENT_MAX_DEFAULT = 16
      minimumDesiredPoolSizeAdjustments = 10
      targetPoolSize = 24
      consecutiveTargetPoolSizeWrong = 0
      MAX_CONSECUTIVE_TARGET_POOLSIZE_WRONG = 3
      highCpu = 90
      dataAgePruneLevel = 5.0
      compareSpanPruneMultiplier = 2
      tputRatioPruneLevel = 5.0
      poolTputRatioHigh = 5.0
      poolTputRatioLow = 3.0
      compareSpanRatioMultiplier = 2
      growScoreFilterLevel = 0.5
      shrinkScoreFilterLevel = 0.5
      resetDistroStdDevEwmaRatio = 0.1
      resetDistroNewTputEwmaRatio = 0.5
      resetDistroConsecutiveOutliers = 5.0
      processCpuUtil = 56.770833333333336
      systemCpuUtil = 98.43814993787252
      cpuUtil = 98.43814993787252
      MAX_INTERVALS_WITHOUT_CHANGE = 5
      EMPTY_QUEUE_SHRINK_MAGIC_PER_INTERVAL = 0.04
      IDLE_INTERVALS_BEFORE_PAUSE = 3
      MAX_OUTLIER_AFTER_CHANGE_BEFORE_RESET = 10
      MAX_THREADS_TO_BREAK_HANG = 1000
      executorService = class com.ibm.ws.threading.internal.ExecutorServiceImpl@3ab8c5f4
      lastAction = class com.ibm.ws.threading.internal.ThreadPoolController$LastAction@3881c07f
      timer = class java.util.Timer@6c667b13
      activeTask = class com.ibm.ws.threading.internal.IntervalTask@35413455
      paused = false
      lastTimerPop = 1540778747441
      previousCompleted = 94
      previousThroughput = 3.3333333333333335
      consecutiveQueueEmptyCount = 11
      consecutiveNoAdjustment = 4
      consecutiveOutlierAfterAdjustment = 0
      consecutiveIdleCount = 0
      maxThreads = 2147483647
      coreThreads = 8
      threadRange = 2147483639
      threadPool = class java.util.concurrent.ThreadPoolExecutor@25e9dcd3
      threadStats = class java.util.TreeMap@78dc3902
      poolSizeWhenHangDetected = -1
      hangIntervalCounter = 0
      hangMaxThreadsMessageEmitted = false
      serialVersionUID = 1232639342914721961
    poolName = "Default Executor"
    componentConfig = class org.apache.felix.scr.impl.helper.ReadOnlyDictionary@6fa70d58
      m_delegate = class java.util.Hashtable@74750556
      m_serviceReference = null
    interceptorsActive = false
    interceptors = class java.util.concurrent.CopyOnWriteArraySet@55f99374
      serialVersionUID = 5457747651344034263
      al = class java.util.concurrent.CopyOnWriteArrayList@5f8e2dfd
      MAX_ARRAY_SIZE = 2147483639
    threadFactory = null
    serialVersionUID = -5569391535960693817
    $$$tc$$$ = class com.ibm.websphere.ras.TraceComponent@63813666
      strings[0] = "TraceComponent[com.ibm.ws.threading.internal.ExecutorServiceImpl,class com.ibm.ws.threading.internal.ExecutorServiceImpl,[Threading],com.ibm.ws.threading.internal.resources.ThreadingMessages,null]"
  serialVersionUID = -9110693807503469597
  $$$tc$$$ = class com.ibm.websphere.ras.TraceComponent@38fe768e
    strings[0] = "TraceComponent[com.ibm.ws.threading.internal.ScheduledExecutorImpl,class com.ibm.ws.threading.internal.ScheduledExecutorImpl,[Threading],com.ibm.ws.threading.internal.resources.ThreadingMessages,null]"
  continueExistingPeriodicTasksAfterShutdown = false
  executeExistingDelayedTasksAfterShutdown = true
  removeOnCancel = false
  sequencer = class java.util.concurrent.atomic.AtomicLong@29ebaae6
    serialVersionUID = 1927816293512124184
    unsafe = class sun.misc.Unsafe@a6af45d
    valueOffset = 16
    VM_SUPPORTS_LONG_CAS = true
    value = 117
    serialVersionUID = -8742448824652078965
  ctl = class java.util.concurrent.atomic.AtomicInteger@7774fb51
    serialVersionUID = 6214790243416807050
    unsafe = class sun.misc.Unsafe@a6af45d
      theUnsafe = class sun.misc.Unsafe@a6af45d
      INVALID_FIELD_OFFSET = -1
      ARRAY_BOOLEAN_BASE_OFFSET = 16
      ARRAY_BYTE_BASE_OFFSET = 16
      ARRAY_SHORT_BASE_OFFSET = 16
      ARRAY_CHAR_BASE_OFFSET = 16
      ARRAY_INT_BASE_OFFSET = 16
      ARRAY_LONG_BASE_OFFSET = 16
      ARRAY_FLOAT_BASE_OFFSET = 16
      ARRAY_DOUBLE_BASE_OFFSET = 16
      ARRAY_OBJECT_BASE_OFFSET = 16
      ARRAY_BOOLEAN_INDEX_SCALE = 1
      ARRAY_BYTE_INDEX_SCALE = 1
      ARRAY_SHORT_INDEX_SCALE = 2
      ARRAY_CHAR_INDEX_SCALE = 2
      ARRAY_INT_INDEX_SCALE = 4
      ARRAY_LONG_INDEX_SCALE = 8
      ARRAY_FLOAT_INDEX_SCALE = 4
      ARRAY_DOUBLE_INDEX_SCALE = 8
      ARRAY_OBJECT_INDEX_SCALE = 4
      ADDRESS_SIZE = 8
    valueOffset = 12
    value = -536870911
    serialVersionUID = -8742448824652078965
  COUNT_BITS = 29
  CAPACITY = 536870911
  RUNNING = -536870912
  SHUTDOWN = 0
  STOP = 536870912
  TIDYING = 1073741824
  TERMINATED = 1610612736
  workQueue = class java.util.concurrent.ScheduledThreadPoolExecutor$DelayedWorkQueue@253b0816
    INITIAL_CAPACITY = 16
    queue = interface java.util.concurrent.RunnableScheduledFuture[16]
      RunnableScheduledFuture[0] = class com.ibm.ws.threading.internal.SchedulingHelper@42a6fe7e
      RunnableScheduledFuture[1] = class com.ibm.ws.threading.internal.SchedulingHelper@45cfaf02
      RunnableScheduledFuture[2] = class com.ibm.ws.threading.internal.SchedulingHelper@a11621c
      RunnableScheduledFuture[3] = class com.ibm.ws.threading.internal.SchedulingHelper@3bfb3dc5
      RunnableScheduledFuture[4] = class com.ibm.ws.threading.internal.SchedulingHelper@7197fc22
      RunnableScheduledFuture[5] = class com.ibm.ws.threading.internal.SchedulingHelper@4edb71ca
      RunnableScheduledFuture[6] = class com.ibm.ws.threading.internal.SchedulingHelper@765460ac
      RunnableScheduledFuture[7] = class com.ibm.ws.threading.internal.SchedulingHelper@7754fdf8
      RunnableScheduledFuture[8] = class com.ibm.ws.threading.internal.SchedulingHelper@1523e3c2
      RunnableScheduledFuture[9] = class com.ibm.ws.threading.internal.SchedulingHelper@63858d
      RunnableScheduledFuture[10] = class com.ibm.ws.threading.internal.SchedulingHelper@5567c42d
      RunnableScheduledFuture[11] = class com.ibm.ws.threading.internal.SchedulingHelper@58c5844
      RunnableScheduledFuture[12] = null
      RunnableScheduledFuture[13] = null
      RunnableScheduledFuture[14] = null
      RunnableScheduledFuture[15] = null
    lock = class java.util.concurrent.locks.ReentrantLock@24dd4ed5
      serialVersionUID = 7373984872572414699
      sync = class java.util.concurrent.locks.ReentrantLock$NonfairSync@13e82543
    size = 12
    leader = class java.lang.Thread@5c6ec53e
      name = "Scheduled Executor-thread-1"
      priority = 5
      threadQ = null
      eetop = 435357696
      single_step = false
      daemon = true
      stillborn = false
      target = class java.util.concurrent.ThreadPoolExecutor$Worker@4d96ea59
      group = class java.lang.ThreadGroup@58a2b1dd
      contextClassLoader = class org.eclipse.osgi.internal.framework.ContextFinder@1345c595
      inheritedAccessControlContext = class java.security.AccessControlContext@39d8907
      threadInitNumber = 19
      threadLocals = class java.lang.ThreadLocal$ThreadLocalMap@3b2b03c2
      inheritableThreadLocals = null
      stackSize = 0
      nativeParkEventPointer = 436750816
      tid = 23
      threadSeqNumber = 64
      threadStatus = 673
      parkBlocker = class java.util.concurrent.locks.AbstractQueuedSynchronizer$ConditionObject@79d0d05e
      blocker = null
      blockerLock = class java.lang.Object@24518ceb
      MIN_PRIORITY = 1
      NORM_PRIORITY = 5
      MAX_PRIORITY = 10
      EMPTY_STACK_TRACE = class java.lang.StackTraceElement[0]
      SUBCLASS_IMPLEMENTATION_PERMISSION = class java.lang.RuntimePermission@521aa185
      uncaughtExceptionHandler = null
      defaultUncaughtExceptionHandler = null
      threadLocalRandomSeed = 0
      threadLocalRandomProbe = 0
      threadLocalRandomSecondarySeed = 0
    available = class java.util.concurrent.locks.AbstractQueuedSynchronizer$ConditionObject@79d0d05e
      serialVersionUID = 1173984872572414699
      firstWaiter = class java.util.concurrent.locks.AbstractQueuedSynchronizer$Node@7845ddbf
      lastWaiter = class java.util.concurrent.locks.AbstractQueuedSynchronizer$Node@7845ddbf
      REINTERRUPT = 1
      THROW_IE = -1
      this$0 = class java.util.concurrent.locks.ReentrantLock$NonfairSync@13e82543
    MAX_ARRAY_SIZE = 2147483639
  mainLock = class java.util.concurrent.locks.ReentrantLock@59d0fe20
    serialVersionUID = 7373984872572414699
    sync = class java.util.concurrent.locks.ReentrantLock$NonfairSync@165ca58e
      serialVersionUID = 7316153563782823691
      serialVersionUID = -5179523762034025860
      serialVersionUID = 7373984972572414691
      head = null
      tail = null
      state = 0
      spinForTimeoutThreshold = 1000
      unsafe = class sun.misc.Unsafe@a6af45d
      stateOffset = 16
      headOffset = 20
      tailOffset = 24
      waitStatusOffset = 12
      nextOffset = 20
      serialVersionUID = 3737899427754241961
      exclusiveOwnerThread = null
  workers = class java.util.HashSet@2d18d366
    serialVersionUID = -5024744406713321676
    map = class java.util.HashMap@5a120b73
      serialVersionUID = 362498820763181265
      DEFAULT_INITIAL_CAPACITY = 16
      MAXIMUM_CAPACITY = 1073741824
      DEFAULT_LOAD_FACTOR = 0.75
      TREEIFY_THRESHOLD = 8
      UNTREEIFY_THRESHOLD = 6
      MIN_TREEIFY_CAPACITY = 64
      table = class java.util.HashMap$Node[16]
      entrySet = null
      size = 1
      modCount = 1
      threshold = 12
      loadFactor = 0.75
      keySet = null
      values = null
    PRESENT = class java.lang.Object@63375369
    MAX_ARRAY_SIZE = 2147483639
  termination = class java.util.concurrent.locks.AbstractQueuedSynchronizer$ConditionObject@7d660be7
    serialVersionUID = 1173984872572414699
    firstWaiter = null
    lastWaiter = null
    REINTERRUPT = 1
    THROW_IE = -1
    this$0 = class java.util.concurrent.locks.ReentrantLock$NonfairSync@165ca58e
  largestPoolSize = 1
  completedTaskCount = 0
  threadFactory = class com.ibm.ws.threading.internal.ThreadFactoryImpl@e0d7e5
    tc = class com.ibm.websphere.ras.TraceComponent@72972a51
      strings[0] = "TraceComponent[com.ibm.ws.threading.internal.ThreadFactoryImpl,class com.ibm.ws.threading.internal.ThreadFactoryImpl,[Threading],com.ibm.ws.threading.internal.resources.ThreadingMessages,null]"
    TRACE_ENABLED_AT_STARTUP = false
    createdThreadCount = class java.util.concurrent.atomic.AtomicInteger@7edac011
      serialVersionUID = 6214790243416807050
      unsafe = class sun.misc.Unsafe@a6af45d
      valueOffset = 12
      value = 1
      serialVersionUID = -8742448824652078965
    executorName = "Scheduled Executor"
    threadGroup = class java.lang.ThreadGroup@58a2b1dd
      parent = class java.lang.ThreadGroup@71799625
      name = "Scheduled Executor Thread Group"
      maxPriority = 10
      destroyed = false
      daemon = false
      vmAllowSuspension = false
      nUnstartedThreads = 0
      nthreads = 1
      threads = class java.lang.Thread[4]
      ngroups = 0
      groups = null
    contextClassLoader = class org.eclipse.osgi.internal.framework.ContextFinder@1345c595
      cycleDetector = class java.lang.ThreadLocal@1fece48b
      finderClassLoader = class com.ibm.ws.kernel.internal.classloader.BootstrapChildFirstJarClassloader@6e2c634b
      contextFinder = class org.eclipse.osgi.internal.framework.ContextFinder$Finder@4c325c14
      THIS = class java.lang.Class@3899782c
      parentContextClassLoader = class sun.misc.Launcher$AppClassLoader@18b4aac2
      parent = class sun.misc.Launcher$AppClassLoader@18b4aac2
      parallelLockMap = null
      package2certs = class java.util.Hashtable@1e22aaec
      nocerts = class java.security.cert.Certificate[0]
      classes = class java.util.Vector@48dc34b2
      defaultDomain = class java.security.ProtectionDomain@30ec599e
      domains = class java.util.HashSet@6ee0716b
      packages = class java.util.HashMap@651ed391
      scl = class sun.misc.Launcher$AppClassLoader@18b4aac2
      sclSet = true
      loadedLibraryNames = class java.util.Vector@4c4e0224
      systemNativeLibraries = class java.util.Vector@1e3c829a
      nativeLibraries = class java.util.Vector@73bac31f
      nativeLibraryContext = class java.util.Stack@60ab04a2
      usr_paths = class java.lang.String[23]
      sys_paths = class java.lang.String[1]
      assertionLock = class org.eclipse.osgi.internal.framework.ContextFinder@1345c595
      defaultAssertionStatus = false
      packageAssertionStatus = null
      classAssertionStatus = null
    serialVersionUID = -3600085245630848128
  handler = class java.util.concurrent.ThreadPoolExecutor$AbortPolicy@5e1f0827
  keepAliveTime = 0
  allowCoreThreadTimeOut = false
  corePoolSize = 1
  maximumPoolSize = 2147483647
  defaultHandler = class java.util.concurrent.ThreadPoolExecutor$AbortPolicy@5e1f0827
  shutdownPerm = class java.lang.RuntimePermission@35777361
    serialVersionUID = 7399184964622342223
    serialVersionUID = 6279438298436773498
    wildcard = false
    path = "modifyThread"
    exitVM = false
    serialVersionUID = -5636570222231596674
    name = "modifyThread"
  acc = null
  ONLY_ONE = true
  $assertionsDisabled = true

